[map] task=81 line=82 uid=PL18836 folder=Gene_Circuits_222026/PL18836_pMP_286_1 ref=pMP_286.fa
Running the plasmid-seq pipeline with the following arguments: 
fastQ_f: PL18836_pMP_286_1_S75_L001_R1_001.fastq.gz
fastQ_r: PL18836_pMP_286_1_S75_L001_R2_001.fastq.gz
fastaRef: pMP_286.fa
skipSpadesDenovoAssembly: 1
cleanSPADES: 0
qval: 30
minLengthSPADES: 300
uniqueID: PL18836
runUnicycler: 1
skipping: 
assembleUnmappedReads: FALSE

42933 reads; of these:
  42933 (100.00%) were paired; of these:
    7590 (17.68%) aligned concordantly 0 times
    35260 (82.13%) aligned concordantly exactly 1 time
    83 (0.19%) aligned concordantly >1 times
    ----
    7590 pairs aligned concordantly 0 times; of these:
      5607 (73.87%) aligned discordantly 1 time
    ----
    1983 pairs aligned 0 times concordantly or discordantly; of these:
      3966 mates make up the pairs; of these:
        3198 (80.64%) aligned 0 times
        767 (19.34%) aligned exactly 1 time
        1 (0.03%) aligned >1 times
96.28% overall alignment rate
