[map] task=44 line=45 uid=PL18890 folder=BLADE_FL_222026/PL18890_pFL_192_2 ref=pFL_192.fa
Running the plasmid-seq pipeline with the following arguments: 
fastQ_f: PL18890_pFL_192_2_S129_L001_R1_001.fastq.gz
fastQ_r: PL18890_pFL_192_2_S129_L001_R2_001.fastq.gz
fastaRef: pFL_192.fa
skipSpadesDenovoAssembly: 1
cleanSPADES: 0
qval: 30
minLengthSPADES: 300
uniqueID: PL18890
runUnicycler: 1
skipping: 
assembleUnmappedReads: FALSE

21916 reads; of these:
  21916 (100.00%) were paired; of these:
    3740 (17.07%) aligned concordantly 0 times
    18176 (82.93%) aligned concordantly exactly 1 time
    0 (0.00%) aligned concordantly >1 times
    ----
    3740 pairs aligned concordantly 0 times; of these:
      2641 (70.61%) aligned discordantly 1 time
    ----
    1099 pairs aligned 0 times concordantly or discordantly; of these:
      2198 mates make up the pairs; of these:
        1703 (77.48%) aligned 0 times
        495 (22.52%) aligned exactly 1 time
        0 (0.00%) aligned >1 times
96.11% overall alignment rate
