Read1 before filtering:
total reads: 69253
total bases: 21537683
Q20 bases: 21226290(98.5542%)
Q30 bases: 20734225(96.2695%)

Read2 before filtering:
total reads: 69253
total bases: 21537683
Q20 bases: 21438375(99.5389%)
Q30 bases: 21145216(98.1778%)

Read1 after filtering:
total reads: 68052
total bases: 17396800
Q20 bases: 17383873(99.9257%)
Q30 bases: 17269217(99.2666%)

Read2 after filtering:
total reads: 68052
total bases: 17397820
Q20 bases: 17381163(99.9043%)
Q30 bases: 17259577(99.2054%)

Filtering result:
reads passed filter: 136104
reads failed due to low quality: 2294
reads failed due to too many N: 0
reads failed due to too short: 100
reads failed due to low complexity: 8
reads with adapter trimmed: 76400
bases trimmed due to adapters: 7611469
reads with polyX in 3' end: 336
bases trimmed in polyX tail: 25681

Duplication rate: 6.37285%

Insert size peak (evaluated by paired-end reads): 312

JSON report: PL18933_pCDS_MELT_FlpO_B_fastp_report.json
HTML report: PL18933_pCDS_MELT_FlpO_B_fastp_report.html

fastp -w 4 -q 30 -i PL18933_pCDS_MELT_FlpO_B_S172_L001_R1_001.fastq.gz -I PL18933_pCDS_MELT_FlpO_B_S172_L001_R2_001.fastq.gz -o PL18933_pCDS_MELT_FlpO_B_R1_trimmed.fastq -O PL18933_pCDS_MELT_FlpO_B_R2_trimmed.fastq -h PL18933_pCDS_MELT_FlpO_B_fastp_report.html -j PL18933_pCDS_MELT_FlpO_B_fastp_report.json -R PL18933_pCDS_MELT_FlpO_B_fastp_report --adapter_sequence CTGTCTCTTATACAC --adapter_sequence_r2 TGTATAAGAGACAG -x -y 
fastp v0.22.0, time used: 0 seconds
