Read1 before filtering:
total reads: 39242
total bases: 12204262
Q20 bases: 12070020(98.9%)
Q30 bases: 11800670(96.693%)

Read2 before filtering:
total reads: 39242
total bases: 12204262
Q20 bases: 12083676(99.0119%)
Q30 bases: 11793941(96.6379%)

Read1 after filtering:
total reads: 37904
total bases: 10872339
Q20 bases: 10857740(99.8657%)
Q30 bases: 10775672(99.1109%)

Read2 after filtering:
total reads: 37904
total bases: 10875001
Q20 bases: 10849090(99.7617%)
Q30 bases: 10725696(98.6271%)

Filtering result:
reads passed filter: 75808
reads failed due to low quality: 2550
reads failed due to too many N: 0
reads failed due to too short: 118
reads failed due to low complexity: 8
reads with adapter trimmed: 23373
bases trimmed due to adapters: 1852636
reads with polyX in 3' end: 423
bases trimmed in polyX tail: 32592

Duplication rate: 5.00767%

Insert size peak (evaluated by paired-end reads): 348

JSON report: PL18900_pFL_195_v2_1_fastp_report.json
HTML report: PL18900_pFL_195_v2_1_fastp_report.html

fastp -w 4 -q 30 -i PL18900_pFL_195_v2_1_S139_L001_R1_001.fastq.gz -I PL18900_pFL_195_v2_1_S139_L001_R2_001.fastq.gz -o PL18900_pFL_195_v2_1_R1_trimmed.fastq -O PL18900_pFL_195_v2_1_R2_trimmed.fastq -h PL18900_pFL_195_v2_1_fastp_report.html -j PL18900_pFL_195_v2_1_fastp_report.json -R PL18900_pFL_195_v2_1_fastp_report --adapter_sequence CTGTCTCTTATACAC --adapter_sequence_r2 TGTATAAGAGACAG -x -y 
fastp v0.22.0, time used: 0 seconds
