Read1 before filtering:
total reads: 182
total bases: 56602
Q20 bases: 55789(98.5637%)
Q30 bases: 54023(95.4436%)

Read2 before filtering:
total reads: 182
total bases: 56602
Q20 bases: 56234(99.3498%)
Q30 bases: 55351(97.7898%)

Read1 after filtering:
total reads: 177
total bases: 38749
Q20 bases: 38717(99.9174%)
Q30 bases: 38532(99.44%)

Read2 after filtering:
total reads: 177
total bases: 38825
Q20 bases: 38734(99.7656%)
Q30 bases: 38426(98.9723%)

Filtering result:
reads passed filter: 354
reads failed due to low quality: 10
reads failed due to too many N: 0
reads failed due to too short: 0
reads failed due to low complexity: 0
reads with adapter trimmed: 233
bases trimmed due to adapters: 33375
reads with polyX in 3' end: 1
bases trimmed in polyX tail: 215

Duplication rate: 2.1978%

Insert size peak (evaluated by paired-end reads): 71

JSON report: PL18807_EHMT1_20_fastp_report.json
HTML report: PL18807_EHMT1_20_fastp_report.html

fastp -w 4 -q 30 -i PL18807_EHMT1_20_S46_L001_R1_001.fastq.gz -I PL18807_EHMT1_20_S46_L001_R2_001.fastq.gz -o PL18807_EHMT1_20_R1_trimmed.fastq -O PL18807_EHMT1_20_R2_trimmed.fastq -h PL18807_EHMT1_20_fastp_report.html -j PL18807_EHMT1_20_fastp_report.json -R PL18807_EHMT1_20_fastp_report --adapter_sequence CTGTCTCTTATACAC --adapter_sequence_r2 TGTATAAGAGACAG -x -y 
fastp v0.22.0, time used: 1 seconds
