[map] task=24 line=25 uid=PL18870 folder=BLADE_FL_222026/PL18870_pFL_182_2 ref=pFL_182.fa
Running the plasmid-seq pipeline with the following arguments: 
fastQ_f: PL18870_pFL_182_2_S109_L001_R1_001.fastq.gz
fastQ_r: PL18870_pFL_182_2_S109_L001_R2_001.fastq.gz
fastaRef: pFL_182.fa
skipSpadesDenovoAssembly: 1
cleanSPADES: 0
qval: 30
minLengthSPADES: 300
uniqueID: PL18870
runUnicycler: 1
skipping: 
assembleUnmappedReads: FALSE

73704 reads; of these:
  73704 (100.00%) were paired; of these:
    17243 (23.39%) aligned concordantly 0 times
    56461 (76.61%) aligned concordantly exactly 1 time
    0 (0.00%) aligned concordantly >1 times
    ----
    17243 pairs aligned concordantly 0 times; of these:
      11801 (68.44%) aligned discordantly 1 time
    ----
    5442 pairs aligned 0 times concordantly or discordantly; of these:
      10884 mates make up the pairs; of these:
        8080 (74.24%) aligned 0 times
        2804 (25.76%) aligned exactly 1 time
        0 (0.00%) aligned >1 times
94.52% overall alignment rate
