Read1 before filtering:
total reads: 5898
total bases: 1834278
Q20 bases: 1822632(99.3651%)
Q30 bases: 1783661(97.2405%)

Read2 before filtering:
total reads: 5898
total bases: 1834278
Q20 bases: 1823494(99.4121%)
Q30 bases: 1792906(97.7445%)

Read1 after filtering:
total reads: 5716
total bases: 1556217
Q20 bases: 1554473(99.8879%)
Q30 bases: 1541824(99.0751%)

Read2 after filtering:
total reads: 5716
total bases: 1556208
Q20 bases: 1553711(99.8395%)
Q30 bases: 1539325(98.9151%)

Filtering result:
reads passed filter: 11432
reads failed due to low quality: 252
reads failed due to too many N: 0
reads failed due to too short: 112
reads failed due to low complexity: 0
reads with adapter trimmed: 5008
bases trimmed due to adapters: 453328
reads with polyX in 3' end: 68
bases trimmed in polyX tail: 15682

Duplication rate: 6.77534%

Insert size peak (evaluated by paired-end reads): 307

JSON report: PL18765_pLD048_14_fastp_report.json
HTML report: PL18765_pLD048_14_fastp_report.html

fastp -w 4 -q 30 -i PL18765_pLD048_14_S4_L001_R1_001.fastq.gz -I PL18765_pLD048_14_S4_L001_R2_001.fastq.gz -o PL18765_pLD048_14_R1_trimmed.fastq -O PL18765_pLD048_14_R2_trimmed.fastq -h PL18765_pLD048_14_fastp_report.html -j PL18765_pLD048_14_fastp_report.json -R PL18765_pLD048_14_fastp_report --adapter_sequence CTGTCTCTTATACAC --adapter_sequence_r2 TGTATAAGAGACAG -x -y 
fastp v0.22.0, time used: 0 seconds
