[map] task=162 line=163 uid=PL18825 folder=NDD_CRISPR_222026/PL18825_EHMT1_38 ref=EHMT1.fa
Running the plasmid-seq pipeline with the following arguments: 
fastQ_f: PL18825_EHMT1_38_S64_L001_R1_001.fastq.gz
fastQ_r: PL18825_EHMT1_38_S64_L001_R2_001.fastq.gz
fastaRef: EHMT1.fa
skipSpadesDenovoAssembly: 1
cleanSPADES: 0
qval: 30
minLengthSPADES: 300
uniqueID: PL18825
runUnicycler: 1
skipping: 
assembleUnmappedReads: FALSE

300 reads; of these:
  300 (100.00%) were paired; of these:
    276 (92.00%) aligned concordantly 0 times
    23 (7.67%) aligned concordantly exactly 1 time
    1 (0.33%) aligned concordantly >1 times
    ----
    276 pairs aligned concordantly 0 times; of these:
      4 (1.45%) aligned discordantly 1 time
    ----
    272 pairs aligned 0 times concordantly or discordantly; of these:
      544 mates make up the pairs; of these:
        544 (100.00%) aligned 0 times
        0 (0.00%) aligned exactly 1 time
        0 (0.00%) aligned >1 times
9.33% overall alignment rate
