Read1 before filtering:
total reads: 252
total bases: 78372
Q20 bases: 74629(95.2241%)
Q30 bases: 69270(88.3862%)

Read2 before filtering:
total reads: 252
total bases: 78372
Q20 bases: 75251(96.0177%)
Q30 bases: 70367(89.7859%)

Read1 after filtering:
total reads: 227
total bases: 39347
Q20 bases: 39250(99.7535%)
Q30 bases: 38730(98.4319%)

Read2 after filtering:
total reads: 227
total bases: 39347
Q20 bases: 39097(99.3646%)
Q30 bases: 38332(97.4204%)

Filtering result:
reads passed filter: 454
reads failed due to low quality: 44
reads failed due to too many N: 0
reads failed due to too short: 6
reads failed due to low complexity: 0
reads with adapter trimmed: 390
bases trimmed due to adapters: 67412
reads with polyX in 3' end: 7
bases trimmed in polyX tail: 1213

Duplication rate: 1.19048%

Insert size peak (evaluated by paired-end reads): 45

JSON report: PL18828_EHMT1_41_fastp_report.json
HTML report: PL18828_EHMT1_41_fastp_report.html

fastp -w 4 -q 30 -i PL18828_EHMT1_41_S67_L001_R1_001.fastq.gz -I PL18828_EHMT1_41_S67_L001_R2_001.fastq.gz -o PL18828_EHMT1_41_R1_trimmed.fastq -O PL18828_EHMT1_41_R2_trimmed.fastq -h PL18828_EHMT1_41_fastp_report.html -j PL18828_EHMT1_41_fastp_report.json -R PL18828_EHMT1_41_fastp_report --adapter_sequence CTGTCTCTTATACAC --adapter_sequence_r2 TGTATAAGAGACAG -x -y 
fastp v0.22.0, time used: 0 seconds
