Read1 before filtering:
total reads: 24908
total bases: 7746388
Q20 bases: 7675896(99.09%)
Q30 bases: 7523761(97.1261%)

Read2 before filtering:
total reads: 24908
total bases: 7746388
Q20 bases: 7705530(99.4726%)
Q30 bases: 7585425(97.9221%)

Read1 after filtering:
total reads: 24415
total bases: 6878555
Q20 bases: 6870872(99.8883%)
Q30 bases: 6814978(99.0757%)

Read2 after filtering:
total reads: 24415
total bases: 6878891
Q20 bases: 6869712(99.8666%)
Q30 bases: 6812583(99.0361%)

Filtering result:
reads passed filter: 48830
reads failed due to low quality: 954
reads failed due to too many N: 0
reads failed due to too short: 26
reads failed due to low complexity: 6
reads with adapter trimmed: 17814
bases trimmed due to adapters: 1445454
reads with polyX in 3' end: 144
bases trimmed in polyX tail: 7427

Duplication rate: 5.63335%

Insert size peak (evaluated by paired-end reads): 315

JSON report: PL18781_pLD058_06_fastp_report.json
HTML report: PL18781_pLD058_06_fastp_report.html

fastp -w 4 -q 30 -i PL18781_pLD058_06_S20_L001_R1_001.fastq.gz -I PL18781_pLD058_06_S20_L001_R2_001.fastq.gz -o PL18781_pLD058_06_R1_trimmed.fastq -O PL18781_pLD058_06_R2_trimmed.fastq -h PL18781_pLD058_06_fastp_report.html -j PL18781_pLD058_06_fastp_report.json -R PL18781_pLD058_06_fastp_report --adapter_sequence CTGTCTCTTATACAC --adapter_sequence_r2 TGTATAAGAGACAG -x -y 
fastp v0.22.0, time used: 0 seconds
