Read1 before filtering:
total reads: 30732
total bases: 9557652
Q20 bases: 9479166(99.1788%)
Q30 bases: 9307617(97.3839%)

Read2 before filtering:
total reads: 30732
total bases: 9557652
Q20 bases: 9517885(99.5839%)
Q30 bases: 9395683(98.3053%)

Read1 after filtering:
total reads: 30210
total bases: 8378043
Q20 bases: 8371395(99.9206%)
Q30 bases: 8319057(99.2959%)

Read2 after filtering:
total reads: 30210
total bases: 8378174
Q20 bases: 8370441(99.9077%)
Q30 bases: 8315880(99.2565%)

Filtering result:
reads passed filter: 60420
reads failed due to low quality: 986
reads failed due to too many N: 0
reads failed due to too short: 50
reads failed due to low complexity: 8
reads with adapter trimmed: 25440
bases trimmed due to adapters: 2053437
reads with polyX in 3' end: 100
bases trimmed in polyX tail: 9396

Duplication rate: 6.79675%

Insert size peak (evaluated by paired-end reads): 315

JSON report: PL18952_pMP_285_1_fastp_report.json
HTML report: PL18952_pMP_285_1_fastp_report.html

fastp -w 4 -q 30 -i PL18952_pMP_285_1_S191_L001_R1_001.fastq.gz -I PL18952_pMP_285_1_S191_L001_R2_001.fastq.gz -o PL18952_pMP_285_1_R1_trimmed.fastq -O PL18952_pMP_285_1_R2_trimmed.fastq -h PL18952_pMP_285_1_fastp_report.html -j PL18952_pMP_285_1_fastp_report.json -R PL18952_pMP_285_1_fastp_report --adapter_sequence CTGTCTCTTATACAC --adapter_sequence_r2 TGTATAAGAGACAG -x -y 
fastp v0.22.0, time used: 0 seconds
