[map] task=175 line=176 uid=PL18765 folder=Neuronal_Maturation_222026/PL18765_pLD048_14 ref=pLD048_LVX_U6_BC_pMAP2_RORA_WPRE_pEFS_TagBFP2.fa
Running the plasmid-seq pipeline with the following arguments: 
fastQ_f: PL18765_pLD048_14_S4_L001_R1_001.fastq.gz
fastQ_r: PL18765_pLD048_14_S4_L001_R2_001.fastq.gz
fastaRef: pLD048_LVX_U6_BC_pMAP2_RORA_WPRE_pEFS_TagBFP2.fa
skipSpadesDenovoAssembly: 1
cleanSPADES: 0
qval: 30
minLengthSPADES: 300
uniqueID: PL18765
runUnicycler: 1
skipping: 
assembleUnmappedReads: FALSE

5716 reads; of these:
  5716 (100.00%) were paired; of these:
    5692 (99.58%) aligned concordantly 0 times
    20 (0.35%) aligned concordantly exactly 1 time
    4 (0.07%) aligned concordantly >1 times
    ----
    5692 pairs aligned concordantly 0 times; of these:
      1 (0.02%) aligned discordantly 1 time
    ----
    5691 pairs aligned 0 times concordantly or discordantly; of these:
      11382 mates make up the pairs; of these:
        11379 (99.97%) aligned 0 times
        3 (0.03%) aligned exactly 1 time
        0 (0.00%) aligned >1 times
0.46% overall alignment rate
