Read1 before filtering:
total reads: 4424
total bases: 1375864
Q20 bases: 1352543(98.305%)
Q30 bases: 1317070(95.7268%)

Read2 before filtering:
total reads: 4424
total bases: 1375864
Q20 bases: 1366171(99.2955%)
Q30 bases: 1340948(97.4622%)

Read1 after filtering:
total reads: 4322
total bases: 1121986
Q20 bases: 1120831(99.8971%)
Q30 bases: 1112030(99.1126%)

Read2 after filtering:
total reads: 4322
total bases: 1122112
Q20 bases: 1120084(99.8193%)
Q30 bases: 1109461(98.8726%)

Filtering result:
reads passed filter: 8644
reads failed due to low quality: 196
reads failed due to too many N: 0
reads failed due to too short: 8
reads failed due to low complexity: 0
reads with adapter trimmed: 4606
bases trimmed due to adapters: 452696
reads with polyX in 3' end: 38
bases trimmed in polyX tail: 2002

Duplication rate: 4.49285%

Insert size peak (evaluated by paired-end reads): 193

JSON report: PL18799_EHMT1_12_fastp_report.json
HTML report: PL18799_EHMT1_12_fastp_report.html

fastp -w 4 -q 30 -i PL18799_EHMT1_12_S38_L001_R1_001.fastq.gz -I PL18799_EHMT1_12_S38_L001_R2_001.fastq.gz -o PL18799_EHMT1_12_R1_trimmed.fastq -O PL18799_EHMT1_12_R2_trimmed.fastq -h PL18799_EHMT1_12_fastp_report.html -j PL18799_EHMT1_12_fastp_report.json -R PL18799_EHMT1_12_fastp_report --adapter_sequence CTGTCTCTTATACAC --adapter_sequence_r2 TGTATAAGAGACAG -x -y 
fastp v0.22.0, time used: 0 seconds
