[map] task=114 line=115 uid=PL18951 folder=Gene_Circuits_222026/PL18951_pMP_284_2 ref=pMP_284.fa
Running the plasmid-seq pipeline with the following arguments: 
fastQ_f: PL18951_pMP_284_2_S190_L001_R1_001.fastq.gz
fastQ_r: PL18951_pMP_284_2_S190_L001_R2_001.fastq.gz
fastaRef: pMP_284.fa
skipSpadesDenovoAssembly: 1
cleanSPADES: 0
qval: 30
minLengthSPADES: 300
uniqueID: PL18951
runUnicycler: 1
skipping: 
assembleUnmappedReads: FALSE

53685 reads; of these:
  53685 (100.00%) were paired; of these:
    12167 (22.66%) aligned concordantly 0 times
    41468 (77.24%) aligned concordantly exactly 1 time
    50 (0.09%) aligned concordantly >1 times
    ----
    12167 pairs aligned concordantly 0 times; of these:
      9876 (81.17%) aligned discordantly 1 time
    ----
    2291 pairs aligned 0 times concordantly or discordantly; of these:
      4582 mates make up the pairs; of these:
        3505 (76.49%) aligned 0 times
        1077 (23.51%) aligned exactly 1 time
        0 (0.00%) aligned >1 times
96.74% overall alignment rate
