Read1 before filtering:
total reads: 26855
total bases: 8351905
Q20 bases: 8287026(99.2232%)
Q30 bases: 8109689(97.0999%)

Read2 before filtering:
total reads: 26855
total bases: 8351905
Q20 bases: 8290176(99.2609%)
Q30 bases: 8126623(97.3026%)

Read1 after filtering:
total reads: 26096
total bases: 7401839
Q20 bases: 7393107(99.882%)
Q30 bases: 7334903(99.0957%)

Read2 after filtering:
total reads: 26096
total bases: 7402470
Q20 bases: 7390727(99.8414%)
Q30 bases: 7321960(98.9124%)

Filtering result:
reads passed filter: 52192
reads failed due to low quality: 1438
reads failed due to too many N: 0
reads failed due to too short: 76
reads failed due to low complexity: 4
reads with adapter trimmed: 18384
bases trimmed due to adapters: 1452847
reads with polyX in 3' end: 164
bases trimmed in polyX tail: 15815

Duplication rate: 6.44474%

Insert size peak (evaluated by paired-end reads): 367

JSON report: PL18891_pFL_193_v2_1_fastp_report.json
HTML report: PL18891_pFL_193_v2_1_fastp_report.html

fastp -w 4 -q 30 -i PL18891_pFL_193_v2_1_S130_L001_R1_001.fastq.gz -I PL18891_pFL_193_v2_1_S130_L001_R2_001.fastq.gz -o PL18891_pFL_193_v2_1_R1_trimmed.fastq -O PL18891_pFL_193_v2_1_R2_trimmed.fastq -h PL18891_pFL_193_v2_1_fastp_report.html -j PL18891_pFL_193_v2_1_fastp_report.json -R PL18891_pFL_193_v2_1_fastp_report --adapter_sequence CTGTCTCTTATACAC --adapter_sequence_r2 TGTATAAGAGACAG -x -y 
fastp v0.22.0, time used: 1 seconds
