[map] task=99 line=100 uid=PL18936 folder=Gene_Circuits_222026/PL18936_pMP_276_8 ref=pMP_276.fa
Running the plasmid-seq pipeline with the following arguments: 
fastQ_f: PL18936_pMP_276_8_S175_L001_R1_001.fastq.gz
fastQ_r: PL18936_pMP_276_8_S175_L001_R2_001.fastq.gz
fastaRef: pMP_276.fa
skipSpadesDenovoAssembly: 1
cleanSPADES: 0
qval: 30
minLengthSPADES: 300
uniqueID: PL18936
runUnicycler: 1
skipping: 
assembleUnmappedReads: FALSE

48295 reads; of these:
  48295 (100.00%) were paired; of these:
    7373 (15.27%) aligned concordantly 0 times
    32205 (66.68%) aligned concordantly exactly 1 time
    8717 (18.05%) aligned concordantly >1 times
    ----
    7373 pairs aligned concordantly 0 times; of these:
      4814 (65.29%) aligned discordantly 1 time
    ----
    2559 pairs aligned 0 times concordantly or discordantly; of these:
      5118 mates make up the pairs; of these:
        1488 (29.07%) aligned 0 times
        1391 (27.18%) aligned exactly 1 time
        2239 (43.75%) aligned >1 times
98.46% overall alignment rate
