[map] task=97 line=98 uid=PL18854 folder=Gene_Circuits_222026/PL18854_pCMK1288_3 ref=pCMK1288.fa
Running the plasmid-seq pipeline with the following arguments: 
fastQ_f: PL18854_pCMK1288_3_S93_L001_R1_001.fastq.gz
fastQ_r: PL18854_pCMK1288_3_S93_L001_R2_001.fastq.gz
fastaRef: pCMK1288.fa
skipSpadesDenovoAssembly: 1
cleanSPADES: 0
qval: 30
minLengthSPADES: 300
uniqueID: PL18854
runUnicycler: 1
skipping: 
assembleUnmappedReads: FALSE

3158 reads; of these:
  3158 (100.00%) were paired; of these:
    735 (23.27%) aligned concordantly 0 times
    2423 (76.73%) aligned concordantly exactly 1 time
    0 (0.00%) aligned concordantly >1 times
    ----
    735 pairs aligned concordantly 0 times; of these:
      93 (12.65%) aligned discordantly 1 time
    ----
    642 pairs aligned 0 times concordantly or discordantly; of these:
      1284 mates make up the pairs; of these:
        1260 (98.13%) aligned 0 times
        24 (1.87%) aligned exactly 1 time
        0 (0.00%) aligned >1 times
80.05% overall alignment rate
