[map] task=27 line=28 uid=PL18873 folder=BLADE_FL_222026/PL18873_pFL_185_1 ref=pFL_185.fa
Running the plasmid-seq pipeline with the following arguments: 
fastQ_f: PL18873_pFL_185_1_S112_L001_R1_001.fastq.gz
fastQ_r: PL18873_pFL_185_1_S112_L001_R2_001.fastq.gz
fastaRef: pFL_185.fa
skipSpadesDenovoAssembly: 1
cleanSPADES: 0
qval: 30
minLengthSPADES: 300
uniqueID: PL18873
runUnicycler: 1
skipping: 
assembleUnmappedReads: FALSE

74060 reads; of these:
  74060 (100.00%) were paired; of these:
    14988 (20.24%) aligned concordantly 0 times
    47165 (63.68%) aligned concordantly exactly 1 time
    11907 (16.08%) aligned concordantly >1 times
    ----
    14988 pairs aligned concordantly 0 times; of these:
      8285 (55.28%) aligned discordantly 1 time
    ----
    6703 pairs aligned 0 times concordantly or discordantly; of these:
      13406 mates make up the pairs; of these:
        5577 (41.60%) aligned 0 times
        4317 (32.20%) aligned exactly 1 time
        3512 (26.20%) aligned >1 times
96.23% overall alignment rate
