[map] task=35 line=36 uid=PL18881 folder=BLADE_FL_222026/PL18881_pFL_189_v3_1 ref=pFL_189.fa
Running the plasmid-seq pipeline with the following arguments: 
fastQ_f: PL18881_pFL_189_v3_1_S120_L001_R1_001.fastq.gz
fastQ_r: PL18881_pFL_189_v3_1_S120_L001_R2_001.fastq.gz
fastaRef: pFL_189.fa
skipSpadesDenovoAssembly: 1
cleanSPADES: 0
qval: 30
minLengthSPADES: 300
uniqueID: PL18881
runUnicycler: 1
skipping: 
assembleUnmappedReads: FALSE

36086 reads; of these:
  36086 (100.00%) were paired; of these:
    9097 (25.21%) aligned concordantly 0 times
    26869 (74.46%) aligned concordantly exactly 1 time
    120 (0.33%) aligned concordantly >1 times
    ----
    9097 pairs aligned concordantly 0 times; of these:
      3604 (39.62%) aligned discordantly 1 time
    ----
    5493 pairs aligned 0 times concordantly or discordantly; of these:
      10986 mates make up the pairs; of these:
        8456 (76.97%) aligned 0 times
        2530 (23.03%) aligned exactly 1 time
        0 (0.00%) aligned >1 times
88.28% overall alignment rate
