Read1 before filtering:
total reads: 303
total bases: 94233
Q20 bases: 89732(95.2235%)
Q30 bases: 83623(88.7407%)

Read2 before filtering:
total reads: 303
total bases: 94233
Q20 bases: 91507(97.1072%)
Q30 bases: 86828(92.1418%)

Read1 after filtering:
total reads: 284
total bases: 50342
Q20 bases: 50254(99.8252%)
Q30 bases: 49837(98.9969%)

Read2 after filtering:
total reads: 284
total bases: 50418
Q20 bases: 50088(99.3455%)
Q30 bases: 48764(96.7194%)

Filtering result:
reads passed filter: 568
reads failed due to low quality: 36
reads failed due to too many N: 0
reads failed due to too short: 2
reads failed due to low complexity: 0
reads with adapter trimmed: 482
bases trimmed due to adapters: 78825
reads with polyX in 3' end: 7
bases trimmed in polyX tail: 1096

Duplication rate: 0.990099%

Insert size peak (evaluated by paired-end reads): 117

JSON report: PL18820_EHMT1_33_fastp_report.json
HTML report: PL18820_EHMT1_33_fastp_report.html

fastp -w 4 -q 30 -i PL18820_EHMT1_33_S59_L001_R1_001.fastq.gz -I PL18820_EHMT1_33_S59_L001_R2_001.fastq.gz -o PL18820_EHMT1_33_R1_trimmed.fastq -O PL18820_EHMT1_33_R2_trimmed.fastq -h PL18820_EHMT1_33_fastp_report.html -j PL18820_EHMT1_33_fastp_report.json -R PL18820_EHMT1_33_fastp_report --adapter_sequence CTGTCTCTTATACAC --adapter_sequence_r2 TGTATAAGAGACAG -x -y 
fastp v0.22.0, time used: 0 seconds
