Read1 before filtering:
total reads: 33284
total bases: 10351324
Q20 bases: 10226043(98.7897%)
Q30 bases: 10002953(96.6345%)

Read2 before filtering:
total reads: 33284
total bases: 10351324
Q20 bases: 10303302(99.5361%)
Q30 bases: 10155282(98.1061%)

Read1 after filtering:
total reads: 32643
total bases: 8779916
Q20 bases: 8771918(99.9089%)
Q30 bases: 8707709(99.1776%)

Read2 after filtering:
total reads: 32643
total bases: 8781374
Q20 bases: 8772747(99.9018%)
Q30 bases: 8709969(99.1869%)

Filtering result:
reads passed filter: 65286
reads failed due to low quality: 1204
reads failed due to too many N: 0
reads failed due to too short: 74
reads failed due to low complexity: 4
reads with adapter trimmed: 31847
bases trimmed due to adapters: 2772110
reads with polyX in 3' end: 167
bases trimmed in polyX tail: 14235

Duplication rate: 8.70692%

Insert size peak (evaluated by paired-end reads): 359

JSON report: PL18855_pCDS_CreF1_L14aa_CCP3_fastp_report.json
HTML report: PL18855_pCDS_CreF1_L14aa_CCP3_fastp_report.html

fastp -w 4 -q 30 -i PL18855_pCDS_CreF1_L14aa_CCP3_S94_L001_R1_001.fastq.gz -I PL18855_pCDS_CreF1_L14aa_CCP3_S94_L001_R2_001.fastq.gz -o PL18855_pCDS_CreF1_L14aa_CCP3_R1_trimmed.fastq -O PL18855_pCDS_CreF1_L14aa_CCP3_R2_trimmed.fastq -h PL18855_pCDS_CreF1_L14aa_CCP3_fastp_report.html -j PL18855_pCDS_CreF1_L14aa_CCP3_fastp_report.json -R PL18855_pCDS_CreF1_L14aa_CCP3_fastp_report --adapter_sequence CTGTCTCTTATACAC --adapter_sequence_r2 TGTATAAGAGACAG -x -y 
fastp v0.22.0, time used: 1 seconds
