[map] task=21 line=22 uid=PL18867 folder=BLADE_FL_222026/PL18867_pFL_181_1 ref=pFL_181.fa
Running the plasmid-seq pipeline with the following arguments: 
fastQ_f: PL18867_pFL_181_1_S106_L001_R1_001.fastq.gz
fastQ_r: PL18867_pFL_181_1_S106_L001_R2_001.fastq.gz
fastaRef: pFL_181.fa
skipSpadesDenovoAssembly: 1
cleanSPADES: 0
qval: 30
minLengthSPADES: 300
uniqueID: PL18867
runUnicycler: 1
skipping: 
assembleUnmappedReads: FALSE

15658 reads; of these:
  15658 (100.00%) were paired; of these:
    2838 (18.12%) aligned concordantly 0 times
    12820 (81.88%) aligned concordantly exactly 1 time
    0 (0.00%) aligned concordantly >1 times
    ----
    2838 pairs aligned concordantly 0 times; of these:
      2023 (71.28%) aligned discordantly 1 time
    ----
    815 pairs aligned 0 times concordantly or discordantly; of these:
      1630 mates make up the pairs; of these:
        1229 (75.40%) aligned 0 times
        401 (24.60%) aligned exactly 1 time
        0 (0.00%) aligned >1 times
96.08% overall alignment rate
