Read1 before filtering:
total reads: 380
total bases: 118180
Q20 bases: 114602(96.9724%)
Q30 bases: 109606(92.745%)

Read2 before filtering:
total reads: 380
total bases: 118180
Q20 bases: 116737(98.779%)
Q30 bases: 114092(96.5409%)

Read1 after filtering:
total reads: 369
total bases: 81089
Q20 bases: 80911(99.7805%)
Q30 bases: 79890(98.5214%)

Read2 after filtering:
total reads: 369
total bases: 81344
Q20 bases: 81120(99.7246%)
Q30 bases: 80316(98.7362%)

Filtering result:
reads passed filter: 738
reads failed due to low quality: 22
reads failed due to too many N: 0
reads failed due to too short: 0
reads failed due to low complexity: 0
reads with adapter trimmed: 477
bases trimmed due to adapters: 67965
reads with polyX in 3' end: 9
bases trimmed in polyX tail: 896

Duplication rate: 1.05263%

Insert size peak (evaluated by paired-end reads): 102

JSON report: PL18792_EHMT1_05_fastp_report.json
HTML report: PL18792_EHMT1_05_fastp_report.html

fastp -w 4 -q 30 -i PL18792_EHMT1_05_S31_L001_R1_001.fastq.gz -I PL18792_EHMT1_05_S31_L001_R2_001.fastq.gz -o PL18792_EHMT1_05_R1_trimmed.fastq -O PL18792_EHMT1_05_R2_trimmed.fastq -h PL18792_EHMT1_05_fastp_report.html -j PL18792_EHMT1_05_fastp_report.json -R PL18792_EHMT1_05_fastp_report --adapter_sequence CTGTCTCTTATACAC --adapter_sequence_r2 TGTATAAGAGACAG -x -y 
fastp v0.22.0, time used: 0 seconds
