[map] task=188 line=189 uid=PL18778 folder=Neuronal_Maturation_222026/PL18778_pLD058_03 ref=pLD058_LVX_U6_BC_BORG_pMAP2_RORA_WPRE_pEFS_TagBFP2.fa
Running the plasmid-seq pipeline with the following arguments: 
fastQ_f: PL18778_pLD058_03_S17_L001_R1_001.fastq.gz
fastQ_r: PL18778_pLD058_03_S17_L001_R2_001.fastq.gz
fastaRef: pLD058_LVX_U6_BC_BORG_pMAP2_RORA_WPRE_pEFS_TagBFP2.fa
skipSpadesDenovoAssembly: 1
cleanSPADES: 0
qval: 30
minLengthSPADES: 300
uniqueID: PL18778
runUnicycler: 1
skipping: 
assembleUnmappedReads: FALSE

35097 reads; of these:
  35097 (100.00%) were paired; of these:
    7836 (22.33%) aligned concordantly 0 times
    25164 (71.70%) aligned concordantly exactly 1 time
    2097 (5.97%) aligned concordantly >1 times
    ----
    7836 pairs aligned concordantly 0 times; of these:
      6141 (78.37%) aligned discordantly 1 time
    ----
    1695 pairs aligned 0 times concordantly or discordantly; of these:
      3390 mates make up the pairs; of these:
        1962 (57.88%) aligned 0 times
        670 (19.76%) aligned exactly 1 time
        758 (22.36%) aligned >1 times
97.20% overall alignment rate
