Read1 before filtering:
total reads: 26429
total bases: 8219419
Q20 bases: 8114144(98.7192%)
Q30 bases: 7927664(96.4504%)

Read2 before filtering:
total reads: 26429
total bases: 8219419
Q20 bases: 8184124(99.5706%)
Q30 bases: 8072137(98.2081%)

Read1 after filtering:
total reads: 25929
total bases: 7179264
Q20 bases: 7172062(99.8997%)
Q30 bases: 7114972(99.1045%)

Read2 after filtering:
total reads: 25929
total bases: 7179950
Q20 bases: 7173325(99.9077%)
Q30 bases: 7125276(99.2385%)

Filtering result:
reads passed filter: 51858
reads failed due to low quality: 952
reads failed due to too many N: 0
reads failed due to too short: 48
reads failed due to low complexity: 0
reads with adapter trimmed: 20884
bases trimmed due to adapters: 1789650
reads with polyX in 3' end: 110
bases trimmed in polyX tail: 10878

Duplication rate: 5.90109%

Insert size peak (evaluated by paired-end reads): 359

JSON report: PL18913_pFL_213_1_fastp_report.json
HTML report: PL18913_pFL_213_1_fastp_report.html

fastp -w 4 -q 30 -i PL18913_pFL_213_1_S152_L001_R1_001.fastq.gz -I PL18913_pFL_213_1_S152_L001_R2_001.fastq.gz -o PL18913_pFL_213_1_R1_trimmed.fastq -O PL18913_pFL_213_1_R2_trimmed.fastq -h PL18913_pFL_213_1_fastp_report.html -j PL18913_pFL_213_1_fastp_report.json -R PL18913_pFL_213_1_fastp_report --adapter_sequence CTGTCTCTTATACAC --adapter_sequence_r2 TGTATAAGAGACAG -x -y 
fastp v0.22.0, time used: 0 seconds
