[map] task=191 line=192 uid=PL18781 folder=Neuronal_Maturation_222026/PL18781_pLD058_06 ref=pLD058_LVX_U6_BC_BORG_pMAP2_RORA_WPRE_pEFS_TagBFP2.fa
Running the plasmid-seq pipeline with the following arguments: 
fastQ_f: PL18781_pLD058_06_S20_L001_R1_001.fastq.gz
fastQ_r: PL18781_pLD058_06_S20_L001_R2_001.fastq.gz
fastaRef: pLD058_LVX_U6_BC_BORG_pMAP2_RORA_WPRE_pEFS_TagBFP2.fa
skipSpadesDenovoAssembly: 1
cleanSPADES: 0
qval: 30
minLengthSPADES: 300
uniqueID: PL18781
runUnicycler: 1
skipping: 
assembleUnmappedReads: FALSE

24415 reads; of these:
  24415 (100.00%) were paired; of these:
    5339 (21.87%) aligned concordantly 0 times
    17631 (72.21%) aligned concordantly exactly 1 time
    1445 (5.92%) aligned concordantly >1 times
    ----
    5339 pairs aligned concordantly 0 times; of these:
      4195 (78.57%) aligned discordantly 1 time
    ----
    1144 pairs aligned 0 times concordantly or discordantly; of these:
      2288 mates make up the pairs; of these:
        1307 (57.12%) aligned 0 times
        443 (19.36%) aligned exactly 1 time
        538 (23.51%) aligned >1 times
97.32% overall alignment rate
