[map] task=170 line=171 uid=PL18833 folder=NDD_CRISPR_222026/PL18833_SETD1B_01 ref=SETD1B.fa
Running the plasmid-seq pipeline with the following arguments: 
fastQ_f: PL18833_SETD1B_01_S72_L001_R1_001.fastq.gz
fastQ_r: PL18833_SETD1B_01_S72_L001_R2_001.fastq.gz
fastaRef: SETD1B.fa
skipSpadesDenovoAssembly: 1
cleanSPADES: 0
qval: 30
minLengthSPADES: 300
uniqueID: PL18833
runUnicycler: 1
skipping: 
assembleUnmappedReads: FALSE

194 reads; of these:
  194 (100.00%) were paired; of these:
    180 (92.78%) aligned concordantly 0 times
    14 (7.22%) aligned concordantly exactly 1 time
    0 (0.00%) aligned concordantly >1 times
    ----
    180 pairs aligned concordantly 0 times; of these:
      0 (0.00%) aligned discordantly 1 time
    ----
    180 pairs aligned 0 times concordantly or discordantly; of these:
      360 mates make up the pairs; of these:
        360 (100.00%) aligned 0 times
        0 (0.00%) aligned exactly 1 time
        0 (0.00%) aligned >1 times
7.22% overall alignment rate
