[map] task=157 line=158 uid=PL18820 folder=NDD_CRISPR_222026/PL18820_EHMT1_33 ref=EHMT1.fa
Running the plasmid-seq pipeline with the following arguments: 
fastQ_f: PL18820_EHMT1_33_S59_L001_R1_001.fastq.gz
fastQ_r: PL18820_EHMT1_33_S59_L001_R2_001.fastq.gz
fastaRef: EHMT1.fa
skipSpadesDenovoAssembly: 1
cleanSPADES: 0
qval: 30
minLengthSPADES: 300
uniqueID: PL18820
runUnicycler: 1
skipping: 
assembleUnmappedReads: FALSE

284 reads; of these:
  284 (100.00%) were paired; of these:
    168 (59.15%) aligned concordantly 0 times
    116 (40.85%) aligned concordantly exactly 1 time
    0 (0.00%) aligned concordantly >1 times
    ----
    168 pairs aligned concordantly 0 times; of these:
      2 (1.19%) aligned discordantly 1 time
    ----
    166 pairs aligned 0 times concordantly or discordantly; of these:
      332 mates make up the pairs; of these:
        332 (100.00%) aligned 0 times
        0 (0.00%) aligned exactly 1 time
        0 (0.00%) aligned >1 times
41.55% overall alignment rate
