[map] task=112 line=113 uid=PL18949 folder=Gene_Circuits_222026/PL18949_pMP_283_2 ref=pMP_283.fa
Running the plasmid-seq pipeline with the following arguments: 
fastQ_f: PL18949_pMP_283_2_S188_L001_R1_001.fastq.gz
fastQ_r: PL18949_pMP_283_2_S188_L001_R2_001.fastq.gz
fastaRef: pMP_283.fa
skipSpadesDenovoAssembly: 1
cleanSPADES: 0
qval: 30
minLengthSPADES: 300
uniqueID: PL18949
runUnicycler: 1
skipping: 
assembleUnmappedReads: FALSE

60924 reads; of these:
  60924 (100.00%) were paired; of these:
    14076 (23.10%) aligned concordantly 0 times
    46751 (76.74%) aligned concordantly exactly 1 time
    97 (0.16%) aligned concordantly >1 times
    ----
    14076 pairs aligned concordantly 0 times; of these:
      11514 (81.80%) aligned discordantly 1 time
    ----
    2562 pairs aligned 0 times concordantly or discordantly; of these:
      5124 mates make up the pairs; of these:
        3937 (76.83%) aligned 0 times
        1187 (23.17%) aligned exactly 1 time
        0 (0.00%) aligned >1 times
96.77% overall alignment rate
