[map] task=171 line=172 uid=PL18834 folder=NDD_CRISPR_222026/PL18834_SETD1B_39 ref=SETD1B.fa
Running the plasmid-seq pipeline with the following arguments: 
fastQ_f: PL18834_SETD1B_39_S73_L001_R1_001.fastq.gz
fastQ_r: PL18834_SETD1B_39_S73_L001_R2_001.fastq.gz
fastaRef: SETD1B.fa
skipSpadesDenovoAssembly: 1
cleanSPADES: 0
qval: 30
minLengthSPADES: 300
uniqueID: PL18834
runUnicycler: 1
skipping: 
assembleUnmappedReads: FALSE

210 reads; of these:
  210 (100.00%) were paired; of these:
    210 (100.00%) aligned concordantly 0 times
    0 (0.00%) aligned concordantly exactly 1 time
    0 (0.00%) aligned concordantly >1 times
    ----
    210 pairs aligned concordantly 0 times; of these:
      0 (0.00%) aligned discordantly 1 time
    ----
    210 pairs aligned 0 times concordantly or discordantly; of these:
      420 mates make up the pairs; of these:
        420 (100.00%) aligned 0 times
        0 (0.00%) aligned exactly 1 time
        0 (0.00%) aligned >1 times
0.00% overall alignment rate
