[map] task=16 line=17 uid=PL18862 folder=BLADE_FL_222026/PL18862_pFL_178_2 ref=pFL_178.fa
Running the plasmid-seq pipeline with the following arguments: 
fastQ_f: PL18862_pFL_178_2_S101_L001_R1_001.fastq.gz
fastQ_r: PL18862_pFL_178_2_S101_L001_R2_001.fastq.gz
fastaRef: pFL_178.fa
skipSpadesDenovoAssembly: 1
cleanSPADES: 0
qval: 30
minLengthSPADES: 300
uniqueID: PL18862
runUnicycler: 1
skipping: 
assembleUnmappedReads: FALSE

4436 reads; of these:
  4436 (100.00%) were paired; of these:
    517 (11.65%) aligned concordantly 0 times
    3919 (88.35%) aligned concordantly exactly 1 time
    0 (0.00%) aligned concordantly >1 times
    ----
    517 pairs aligned concordantly 0 times; of these:
      268 (51.84%) aligned discordantly 1 time
    ----
    249 pairs aligned 0 times concordantly or discordantly; of these:
      498 mates make up the pairs; of these:
        432 (86.75%) aligned 0 times
        66 (13.25%) aligned exactly 1 time
        0 (0.00%) aligned >1 times
95.13% overall alignment rate
