[map] task=15 line=16 uid=PL18861 folder=BLADE_FL_222026/PL18861_pFL_178_1 ref=pFL_178.fa
Running the plasmid-seq pipeline with the following arguments: 
fastQ_f: PL18861_pFL_178_1_S100_L001_R1_001.fastq.gz
fastQ_r: PL18861_pFL_178_1_S100_L001_R2_001.fastq.gz
fastaRef: pFL_178.fa
skipSpadesDenovoAssembly: 1
cleanSPADES: 0
qval: 30
minLengthSPADES: 300
uniqueID: PL18861
runUnicycler: 1
skipping: 
assembleUnmappedReads: FALSE

13831 reads; of these:
  13831 (100.00%) were paired; of these:
    2340 (16.92%) aligned concordantly 0 times
    11491 (83.08%) aligned concordantly exactly 1 time
    0 (0.00%) aligned concordantly >1 times
    ----
    2340 pairs aligned concordantly 0 times; of these:
      1526 (65.21%) aligned discordantly 1 time
    ----
    814 pairs aligned 0 times concordantly or discordantly; of these:
      1628 mates make up the pairs; of these:
        1295 (79.55%) aligned 0 times
        333 (20.45%) aligned exactly 1 time
        0 (0.00%) aligned >1 times
95.32% overall alignment rate
