[map] task=11 line=12 uid=PL18855 folder=BLADE_AB_222026/PL18855_pCDS_CreF1_L14aa_CCP3 ref=pCDS_CreF1_L14aa_CCP3.fa
Running the plasmid-seq pipeline with the following arguments: 
fastQ_f: PL18855_pCDS_CreF1_L14aa_CCP3_S94_L001_R1_001.fastq.gz
fastQ_r: PL18855_pCDS_CreF1_L14aa_CCP3_S94_L001_R2_001.fastq.gz
fastaRef: pCDS_CreF1_L14aa_CCP3.fa
skipSpadesDenovoAssembly: 1
cleanSPADES: 0
qval: 30
minLengthSPADES: 300
uniqueID: PL18855
runUnicycler: 1
skipping: 
assembleUnmappedReads: FALSE

32643 reads; of these:
  32643 (100.00%) were paired; of these:
    5385 (16.50%) aligned concordantly 0 times
    27258 (83.50%) aligned concordantly exactly 1 time
    0 (0.00%) aligned concordantly >1 times
    ----
    5385 pairs aligned concordantly 0 times; of these:
      2857 (53.05%) aligned discordantly 1 time
    ----
    2528 pairs aligned 0 times concordantly or discordantly; of these:
      5056 mates make up the pairs; of these:
        3950 (78.12%) aligned 0 times
        1106 (21.88%) aligned exactly 1 time
        0 (0.00%) aligned >1 times
93.95% overall alignment rate
