[map] task=78 line=79 uid=PL18924 folder=BLADE_FL_222026/PL18924_pFL_257_1 ref=pFL_257.fa
Running the plasmid-seq pipeline with the following arguments: 
fastQ_f: PL18924_pFL_257_1_S163_L001_R1_001.fastq.gz
fastQ_r: PL18924_pFL_257_1_S163_L001_R2_001.fastq.gz
fastaRef: pFL_257.fa
skipSpadesDenovoAssembly: 1
cleanSPADES: 0
qval: 30
minLengthSPADES: 300
uniqueID: PL18924
runUnicycler: 1
skipping: 
assembleUnmappedReads: FALSE

36132 reads; of these:
  36132 (100.00%) were paired; of these:
    8692 (24.06%) aligned concordantly 0 times
    27440 (75.94%) aligned concordantly exactly 1 time
    0 (0.00%) aligned concordantly >1 times
    ----
    8692 pairs aligned concordantly 0 times; of these:
      7312 (84.12%) aligned discordantly 1 time
    ----
    1380 pairs aligned 0 times concordantly or discordantly; of these:
      2760 mates make up the pairs; of these:
        1811 (65.62%) aligned 0 times
        949 (34.38%) aligned exactly 1 time
        0 (0.00%) aligned >1 times
97.49% overall alignment rate
