Read1 before filtering:
total reads: 38
total bases: 11818
Q20 bases: 11721(99.1792%)
Q30 bases: 11501(97.3177%)

Read2 before filtering:
total reads: 38
total bases: 11818
Q20 bases: 11602(98.1723%)
Q30 bases: 11114(94.043%)

Read1 after filtering:
total reads: 36
total bases: 10286
Q20 bases: 10270(99.8444%)
Q30 bases: 10169(98.8625%)

Read2 after filtering:
total reads: 36
total bases: 10286
Q20 bases: 10250(99.65%)
Q30 bases: 10067(97.8709%)

Filtering result:
reads passed filter: 72
reads failed due to low quality: 4
reads failed due to too many N: 0
reads failed due to too short: 0
reads failed due to low complexity: 0
reads with adapter trimmed: 30
bases trimmed due to adapters: 1820
reads with polyX in 3' end: 0
bases trimmed in polyX tail: 0

Duplication rate: 0%

Insert size peak (evaluated by paired-end reads): 0

JSON report: PL18953_plasmid_seq_ctrl_fastp_report.json
HTML report: PL18953_plasmid_seq_ctrl_fastp_report.html

fastp -w 4 -q 30 -i PL18953_plasmid_seq_ctrl_S192_L001_R1_001.fastq.gz -I PL18953_plasmid_seq_ctrl_S192_L001_R2_001.fastq.gz -o PL18953_plasmid_seq_ctrl_R1_trimmed.fastq -O PL18953_plasmid_seq_ctrl_R2_trimmed.fastq -h PL18953_plasmid_seq_ctrl_fastp_report.html -j PL18953_plasmid_seq_ctrl_fastp_report.json -R PL18953_plasmid_seq_ctrl_fastp_report --adapter_sequence CTGTCTCTTATACAC --adapter_sequence_r2 TGTATAAGAGACAG -x -y 
fastp v0.22.0, time used: 1 seconds
mv: cannot stat 'PL18953_plasmid_seq_ctrl_unicycler_assembly/assembly.fasta': No such file or directory
mv: cannot stat 'PL18953_plasmid_seq_ctrl_unicycler_assembly/assembly.gfa': No such file or directory
