[map] task=30 line=31 uid=PL18876 folder=BLADE_FL_222026/PL18876_pFL_186_4 ref=pFL_186.fa
Running the plasmid-seq pipeline with the following arguments: 
fastQ_f: PL18876_pFL_186_4_S115_L001_R1_001.fastq.gz
fastQ_r: PL18876_pFL_186_4_S115_L001_R2_001.fastq.gz
fastaRef: pFL_186.fa
skipSpadesDenovoAssembly: 1
cleanSPADES: 0
qval: 30
minLengthSPADES: 300
uniqueID: PL18876
runUnicycler: 1
skipping: 
assembleUnmappedReads: FALSE

16733 reads; of these:
  16733 (100.00%) were paired; of these:
    3642 (21.77%) aligned concordantly 0 times
    13091 (78.23%) aligned concordantly exactly 1 time
    0 (0.00%) aligned concordantly >1 times
    ----
    3642 pairs aligned concordantly 0 times; of these:
      1931 (53.02%) aligned discordantly 1 time
    ----
    1711 pairs aligned 0 times concordantly or discordantly; of these:
      3422 mates make up the pairs; of these:
        2723 (79.57%) aligned 0 times
        699 (20.43%) aligned exactly 1 time
        0 (0.00%) aligned >1 times
91.86% overall alignment rate
