[map] task=150 line=151 uid=PL18813 folder=NDD_CRISPR_222026/PL18813_EHMT1_26 ref=EHMT1.fa
Running the plasmid-seq pipeline with the following arguments: 
fastQ_f: PL18813_EHMT1_26_S52_L001_R1_001.fastq.gz
fastQ_r: PL18813_EHMT1_26_S52_L001_R2_001.fastq.gz
fastaRef: EHMT1.fa
skipSpadesDenovoAssembly: 1
cleanSPADES: 0
qval: 30
minLengthSPADES: 300
uniqueID: PL18813
runUnicycler: 1
skipping: 
assembleUnmappedReads: FALSE

528 reads; of these:
  528 (100.00%) were paired; of these:
    392 (74.24%) aligned concordantly 0 times
    136 (25.76%) aligned concordantly exactly 1 time
    0 (0.00%) aligned concordantly >1 times
    ----
    392 pairs aligned concordantly 0 times; of these:
      8 (2.04%) aligned discordantly 1 time
    ----
    384 pairs aligned 0 times concordantly or discordantly; of these:
      768 mates make up the pairs; of these:
        767 (99.87%) aligned 0 times
        1 (0.13%) aligned exactly 1 time
        0 (0.00%) aligned >1 times
27.37% overall alignment rate
