Read1 before filtering:
total reads: 34453
total bases: 10714883
Q20 bases: 10648494(99.3804%)
Q30 bases: 10420447(97.2521%)

Read2 before filtering:
total reads: 34453
total bases: 10714883
Q20 bases: 10660128(99.489%)
Q30 bases: 10492857(97.9279%)

Read1 after filtering:
total reads: 33721
total bases: 9142174
Q20 bases: 9131992(99.8886%)
Q30 bases: 9055951(99.0569%)

Read2 after filtering:
total reads: 33721
total bases: 9143263
Q20 bases: 9132449(99.8817%)
Q30 bases: 9059802(99.0872%)

Filtering result:
reads passed filter: 67442
reads failed due to low quality: 1388
reads failed due to too many N: 0
reads failed due to too short: 60
reads failed due to low complexity: 16
reads with adapter trimmed: 31220
bases trimmed due to adapters: 2718754
reads with polyX in 3' end: 315
bases trimmed in polyX tail: 17019

Duplication rate: 11.6452%

Insert size peak (evaluated by paired-end reads): 308

JSON report: PL18875_pFL_186_1_fastp_report.json
HTML report: PL18875_pFL_186_1_fastp_report.html

fastp -w 4 -q 30 -i PL18875_pFL_186_1_S114_L001_R1_001.fastq.gz -I PL18875_pFL_186_1_S114_L001_R2_001.fastq.gz -o PL18875_pFL_186_1_R1_trimmed.fastq -O PL18875_pFL_186_1_R2_trimmed.fastq -h PL18875_pFL_186_1_fastp_report.html -j PL18875_pFL_186_1_fastp_report.json -R PL18875_pFL_186_1_fastp_report --adapter_sequence CTGTCTCTTATACAC --adapter_sequence_r2 TGTATAAGAGACAG -x -y 
fastp v0.22.0, time used: 0 seconds
