[map] task=144 line=145 uid=PL18807 folder=NDD_CRISPR_222026/PL18807_EHMT1_20 ref=EHMT1.fa
Running the plasmid-seq pipeline with the following arguments: 
fastQ_f: PL18807_EHMT1_20_S46_L001_R1_001.fastq.gz
fastQ_r: PL18807_EHMT1_20_S46_L001_R2_001.fastq.gz
fastaRef: EHMT1.fa
skipSpadesDenovoAssembly: 1
cleanSPADES: 0
qval: 30
minLengthSPADES: 300
uniqueID: PL18807
runUnicycler: 1
skipping: 
assembleUnmappedReads: FALSE

177 reads; of these:
  177 (100.00%) were paired; of these:
    76 (42.94%) aligned concordantly 0 times
    101 (57.06%) aligned concordantly exactly 1 time
    0 (0.00%) aligned concordantly >1 times
    ----
    76 pairs aligned concordantly 0 times; of these:
      5 (6.58%) aligned discordantly 1 time
    ----
    71 pairs aligned 0 times concordantly or discordantly; of these:
      142 mates make up the pairs; of these:
        141 (99.30%) aligned 0 times
        1 (0.70%) aligned exactly 1 time
        0 (0.00%) aligned >1 times
60.17% overall alignment rate
