Read1 before filtering:
total reads: 2897
total bases: 900967
Q20 bases: 874744(97.0895%)
Q30 bases: 835440(92.727%)

Read2 before filtering:
total reads: 2897
total bases: 900967
Q20 bases: 896778(99.5351%)
Q30 bases: 883195(98.0275%)

Read1 after filtering:
total reads: 2838
total bases: 656962
Q20 bases: 656383(99.9119%)
Q30 bases: 651269(99.1334%)

Read2 after filtering:
total reads: 2838
total bases: 656931
Q20 bases: 656274(99.9%)
Q30 bases: 651043(99.1037%)

Filtering result:
reads passed filter: 5676
reads failed due to low quality: 112
reads failed due to too many N: 0
reads failed due to too short: 4
reads failed due to low complexity: 2
reads with adapter trimmed: 4055
bases trimmed due to adapters: 458942
reads with polyX in 3' end: 12
bases trimmed in polyX tail: 941

Duplication rate: 2.80083%

Insert size peak (evaluated by paired-end reads): 108

JSON report: PL18851_pCMK1288_3_fastp_report.json
HTML report: PL18851_pCMK1288_3_fastp_report.html

fastp -w 4 -q 30 -i PL18851_pCMK1288_3_S90_L001_R1_001.fastq.gz -I PL18851_pCMK1288_3_S90_L001_R2_001.fastq.gz -o PL18851_pCMK1288_3_R1_trimmed.fastq -O PL18851_pCMK1288_3_R2_trimmed.fastq -h PL18851_pCMK1288_3_fastp_report.html -j PL18851_pCMK1288_3_fastp_report.json -R PL18851_pCMK1288_3_fastp_report --adapter_sequence CTGTCTCTTATACAC --adapter_sequence_r2 TGTATAAGAGACAG -x -y 
fastp v0.22.0, time used: 0 seconds
