Read1 before filtering:
total reads: 216
total bases: 67176
Q20 bases: 66182(98.5203%)
Q30 bases: 64396(95.8616%)

Read2 before filtering:
total reads: 216
total bases: 67176
Q20 bases: 66912(99.607%)
Q30 bases: 65840(98.0112%)

Read1 after filtering:
total reads: 210
total bases: 56340
Q20 bases: 56306(99.9397%)
Q30 bases: 55936(99.2829%)

Read2 after filtering:
total reads: 210
total bases: 56416
Q20 bases: 56374(99.9256%)
Q30 bases: 55976(99.2201%)

Filtering result:
reads passed filter: 420
reads failed due to low quality: 10
reads failed due to too many N: 0
reads failed due to too short: 2
reads failed due to low complexity: 0
reads with adapter trimmed: 191
bases trimmed due to adapters: 17998
reads with polyX in 3' end: 2
bases trimmed in polyX tail: 517

Duplication rate: 0%

Insert size peak (evaluated by paired-end reads): 244

JSON report: PL18834_SETD1B_39_fastp_report.json
HTML report: PL18834_SETD1B_39_fastp_report.html

fastp -w 4 -q 30 -i PL18834_SETD1B_39_S73_L001_R1_001.fastq.gz -I PL18834_SETD1B_39_S73_L001_R2_001.fastq.gz -o PL18834_SETD1B_39_R1_trimmed.fastq -O PL18834_SETD1B_39_R2_trimmed.fastq -h PL18834_SETD1B_39_fastp_report.html -j PL18834_SETD1B_39_fastp_report.json -R PL18834_SETD1B_39_fastp_report --adapter_sequence CTGTCTCTTATACAC --adapter_sequence_r2 TGTATAAGAGACAG -x -y 
fastp v0.22.0, time used: 0 seconds
