[map] task=193 line=194 uid=PL18783 folder=Neuronal_Maturation_222026/PL18783_pLD058_08 ref=pLD058_LVX_U6_BC_BORG_pMAP2_RORA_WPRE_pEFS_TagBFP2.fa
Running the plasmid-seq pipeline with the following arguments: 
fastQ_f: PL18783_pLD058_08_S22_L001_R1_001.fastq.gz
fastQ_r: PL18783_pLD058_08_S22_L001_R2_001.fastq.gz
fastaRef: pLD058_LVX_U6_BC_BORG_pMAP2_RORA_WPRE_pEFS_TagBFP2.fa
skipSpadesDenovoAssembly: 1
cleanSPADES: 0
qval: 30
minLengthSPADES: 300
uniqueID: PL18783
runUnicycler: 1
skipping: 
assembleUnmappedReads: FALSE

35214 reads; of these:
  35214 (100.00%) were paired; of these:
    6581 (18.69%) aligned concordantly 0 times
    26483 (75.21%) aligned concordantly exactly 1 time
    2150 (6.11%) aligned concordantly >1 times
    ----
    6581 pairs aligned concordantly 0 times; of these:
      5222 (79.35%) aligned discordantly 1 time
    ----
    1359 pairs aligned 0 times concordantly or discordantly; of these:
      2718 mates make up the pairs; of these:
        1539 (56.62%) aligned 0 times
        556 (20.46%) aligned exactly 1 time
        623 (22.92%) aligned >1 times
97.81% overall alignment rate
