Read1 before filtering:
total reads: 3025
total bases: 940775
Q20 bases: 919465(97.7348%)
Q30 bases: 886317(94.2114%)

Read2 before filtering:
total reads: 3025
total bases: 940775
Q20 bases: 935094(99.3961%)
Q30 bases: 919442(97.7324%)

Read1 after filtering:
total reads: 2951
total bases: 729480
Q20 bases: 728707(99.894%)
Q30 bases: 722643(99.0628%)

Read2 after filtering:
total reads: 2951
total bases: 729502
Q20 bases: 728546(99.869%)
Q30 bases: 721999(98.9715%)

Filtering result:
reads passed filter: 5902
reads failed due to low quality: 118
reads failed due to too many N: 0
reads failed due to too short: 30
reads failed due to low complexity: 0
reads with adapter trimmed: 3576
bases trimmed due to adapters: 381513
reads with polyX in 3' end: 27
bases trimmed in polyX tail: 5468

Duplication rate: 3.71476%

Insert size peak (evaluated by paired-end reads): 195

JSON report: PL18872_pFL_184_2_fastp_report.json
HTML report: PL18872_pFL_184_2_fastp_report.html

fastp -w 4 -q 30 -i PL18872_pFL_184_2_S111_L001_R1_001.fastq.gz -I PL18872_pFL_184_2_S111_L001_R2_001.fastq.gz -o PL18872_pFL_184_2_R1_trimmed.fastq -O PL18872_pFL_184_2_R2_trimmed.fastq -h PL18872_pFL_184_2_fastp_report.html -j PL18872_pFL_184_2_fastp_report.json -R PL18872_pFL_184_2_fastp_report --adapter_sequence CTGTCTCTTATACAC --adapter_sequence_r2 TGTATAAGAGACAG -x -y 
fastp v0.22.0, time used: 0 seconds
