[map] task=50 line=51 uid=PL18896 folder=BLADE_FL_222026/PL18896_pICH49300 ref=pICH49300.fa
Running the plasmid-seq pipeline with the following arguments: 
fastQ_f: PL18896_pICH49300_S135_L001_R1_001.fastq.gz
fastQ_r: PL18896_pICH49300_S135_L001_R2_001.fastq.gz
fastaRef: pICH49300.fa
skipSpadesDenovoAssembly: 1
cleanSPADES: 0
qval: 30
minLengthSPADES: 300
uniqueID: PL18896
runUnicycler: 1
skipping: 
assembleUnmappedReads: FALSE

1234 reads; of these:
  1234 (100.00%) were paired; of these:
    167 (13.53%) aligned concordantly 0 times
    1067 (86.47%) aligned concordantly exactly 1 time
    0 (0.00%) aligned concordantly >1 times
    ----
    167 pairs aligned concordantly 0 times; of these:
      59 (35.33%) aligned discordantly 1 time
    ----
    108 pairs aligned 0 times concordantly or discordantly; of these:
      216 mates make up the pairs; of these:
        206 (95.37%) aligned 0 times
        10 (4.63%) aligned exactly 1 time
        0 (0.00%) aligned >1 times
91.65% overall alignment rate
