[map] task=46 line=47 uid=PL18892 folder=BLADE_FL_222026/PL18892_pFL_193_v2_2 ref=pFL_193.fa
Running the plasmid-seq pipeline with the following arguments: 
fastQ_f: PL18892_pFL_193_v2_2_S131_L001_R1_001.fastq.gz
fastQ_r: PL18892_pFL_193_v2_2_S131_L001_R2_001.fastq.gz
fastaRef: pFL_193.fa
skipSpadesDenovoAssembly: 1
cleanSPADES: 0
qval: 30
minLengthSPADES: 300
uniqueID: PL18892
runUnicycler: 1
skipping: 
assembleUnmappedReads: FALSE

35066 reads; of these:
  35066 (100.00%) were paired; of these:
    8206 (23.40%) aligned concordantly 0 times
    26860 (76.60%) aligned concordantly exactly 1 time
    0 (0.00%) aligned concordantly >1 times
    ----
    8206 pairs aligned concordantly 0 times; of these:
      6761 (82.39%) aligned discordantly 1 time
    ----
    1445 pairs aligned 0 times concordantly or discordantly; of these:
      2890 mates make up the pairs; of these:
        2025 (70.07%) aligned 0 times
        865 (29.93%) aligned exactly 1 time
        0 (0.00%) aligned >1 times
97.11% overall alignment rate
