[map] task=132 line=133 uid=PL18795 folder=NDD_CRISPR_222026/PL18795_EHMT1_08 ref=EHMT1.fa
Running the plasmid-seq pipeline with the following arguments: 
fastQ_f: PL18795_EHMT1_08_S34_L001_R1_001.fastq.gz
fastQ_r: PL18795_EHMT1_08_S34_L001_R2_001.fastq.gz
fastaRef: EHMT1.fa
skipSpadesDenovoAssembly: 1
cleanSPADES: 0
qval: 30
minLengthSPADES: 300
uniqueID: PL18795
runUnicycler: 1
skipping: 
assembleUnmappedReads: FALSE

166 reads; of these:
  166 (100.00%) were paired; of these:
    94 (56.63%) aligned concordantly 0 times
    71 (42.77%) aligned concordantly exactly 1 time
    1 (0.60%) aligned concordantly >1 times
    ----
    94 pairs aligned concordantly 0 times; of these:
      3 (3.19%) aligned discordantly 1 time
    ----
    91 pairs aligned 0 times concordantly or discordantly; of these:
      182 mates make up the pairs; of these:
        182 (100.00%) aligned 0 times
        0 (0.00%) aligned exactly 1 time
        0 (0.00%) aligned >1 times
45.18% overall alignment rate
