Read1 before filtering:
total reads: 182
total bases: 56602
Q20 bases: 55002(97.1732%)
Q30 bases: 52549(92.8395%)

Read2 before filtering:
total reads: 182
total bases: 56602
Q20 bases: 56488(99.7986%)
Q30 bases: 56027(98.9841%)

Read1 after filtering:
total reads: 181
total bases: 41112
Q20 bases: 41058(99.8687%)
Q30 bases: 40663(98.9079%)

Read2 after filtering:
total reads: 181
total bases: 41112
Q20 bases: 41068(99.893%)
Q30 bases: 40783(99.1997%)

Filtering result:
reads passed filter: 362
reads failed due to low quality: 2
reads failed due to too many N: 0
reads failed due to too short: 0
reads failed due to low complexity: 0
reads with adapter trimmed: 236
bases trimmed due to adapters: 30358
reads with polyX in 3' end: 0
bases trimmed in polyX tail: 0

Duplication rate: 1.0989%

Insert size peak (evaluated by paired-end reads): 64

JSON report: PL18827_EHMT1_40_fastp_report.json
HTML report: PL18827_EHMT1_40_fastp_report.html

fastp -w 4 -q 30 -i PL18827_EHMT1_40_S66_L001_R1_001.fastq.gz -I PL18827_EHMT1_40_S66_L001_R2_001.fastq.gz -o PL18827_EHMT1_40_R1_trimmed.fastq -O PL18827_EHMT1_40_R2_trimmed.fastq -h PL18827_EHMT1_40_fastp_report.html -j PL18827_EHMT1_40_fastp_report.json -R PL18827_EHMT1_40_fastp_report --adapter_sequence CTGTCTCTTATACAC --adapter_sequence_r2 TGTATAAGAGACAG -x -y 
fastp v0.22.0, time used: 0 seconds
