[map] task=33 line=34 uid=PL18879 folder=BLADE_FL_222026/PL18879_pFL_188_v2_1 ref=pFL_188.fa
Running the plasmid-seq pipeline with the following arguments: 
fastQ_f: PL18879_pFL_188_v2_1_S118_L001_R1_001.fastq.gz
fastQ_r: PL18879_pFL_188_v2_1_S118_L001_R2_001.fastq.gz
fastaRef: pFL_188.fa
skipSpadesDenovoAssembly: 1
cleanSPADES: 0
qval: 30
minLengthSPADES: 300
uniqueID: PL18879
runUnicycler: 1
skipping: 
assembleUnmappedReads: FALSE

35639 reads; of these:
  35639 (100.00%) were paired; of these:
    9980 (28.00%) aligned concordantly 0 times
    25508 (71.57%) aligned concordantly exactly 1 time
    151 (0.42%) aligned concordantly >1 times
    ----
    9980 pairs aligned concordantly 0 times; of these:
      4060 (40.68%) aligned discordantly 1 time
    ----
    5920 pairs aligned 0 times concordantly or discordantly; of these:
      11840 mates make up the pairs; of these:
        9481 (80.08%) aligned 0 times
        2358 (19.92%) aligned exactly 1 time
        1 (0.01%) aligned >1 times
86.70% overall alignment rate
