Read1 before filtering:
total reads: 11559
total bases: 3594849
Q20 bases: 3534252(98.3143%)
Q30 bases: 3434419(95.5372%)

Read2 before filtering:
total reads: 11559
total bases: 3594849
Q20 bases: 3574089(99.4225%)
Q30 bases: 3518376(97.8727%)

Read1 after filtering:
total reads: 11308
total bases: 3073295
Q20 bases: 3070033(99.8939%)
Q30 bases: 3049829(99.2365%)

Read2 after filtering:
total reads: 11308
total bases: 3073364
Q20 bases: 3069400(99.871%)
Q30 bases: 3045483(99.0928%)

Filtering result:
reads passed filter: 22616
reads failed due to low quality: 472
reads failed due to too many N: 0
reads failed due to too short: 26
reads failed due to low complexity: 4
reads with adapter trimmed: 10299
bases trimmed due to adapters: 893556
reads with polyX in 3' end: 67
bases trimmed in polyX tail: 5464

Duplication rate: 5.01605%

Insert size peak (evaluated by paired-end reads): 374

JSON report: PL18917_pFL_249_1_fastp_report.json
HTML report: PL18917_pFL_249_1_fastp_report.html

fastp -w 4 -q 30 -i PL18917_pFL_249_1_S156_L001_R1_001.fastq.gz -I PL18917_pFL_249_1_S156_L001_R2_001.fastq.gz -o PL18917_pFL_249_1_R1_trimmed.fastq -O PL18917_pFL_249_1_R2_trimmed.fastq -h PL18917_pFL_249_1_fastp_report.html -j PL18917_pFL_249_1_fastp_report.json -R PL18917_pFL_249_1_fastp_report --adapter_sequence CTGTCTCTTATACAC --adapter_sequence_r2 TGTATAAGAGACAG -x -y 
fastp v0.22.0, time used: 1 seconds
