[map] task=49 line=50 uid=PL18895 folder=BLADE_FL_222026/PL18895_pFL_194_2 ref=pFL_194.fa
Running the plasmid-seq pipeline with the following arguments: 
fastQ_f: PL18895_pFL_194_2_S134_L001_R1_001.fastq.gz
fastQ_r: PL18895_pFL_194_2_S134_L001_R2_001.fastq.gz
fastaRef: pFL_194.fa
skipSpadesDenovoAssembly: 1
cleanSPADES: 0
qval: 30
minLengthSPADES: 300
uniqueID: PL18895
runUnicycler: 1
skipping: 
assembleUnmappedReads: FALSE

42427 reads; of these:
  42427 (100.00%) were paired; of these:
    8800 (20.74%) aligned concordantly 0 times
    33618 (79.24%) aligned concordantly exactly 1 time
    9 (0.02%) aligned concordantly >1 times
    ----
    8800 pairs aligned concordantly 0 times; of these:
      7285 (82.78%) aligned discordantly 1 time
    ----
    1515 pairs aligned 0 times concordantly or discordantly; of these:
      3030 mates make up the pairs; of these:
        2089 (68.94%) aligned 0 times
        940 (31.02%) aligned exactly 1 time
        1 (0.03%) aligned >1 times
97.54% overall alignment rate
