[map] task=155 line=156 uid=PL18818 folder=NDD_CRISPR_222026/PL18818_EHMT1_31 ref=EHMT1.fa
Running the plasmid-seq pipeline with the following arguments: 
fastQ_f: PL18818_EHMT1_31_S57_L001_R1_001.fastq.gz
fastQ_r: PL18818_EHMT1_31_S57_L001_R2_001.fastq.gz
fastaRef: EHMT1.fa
skipSpadesDenovoAssembly: 1
cleanSPADES: 0
qval: 30
minLengthSPADES: 300
uniqueID: PL18818
runUnicycler: 1
skipping: 
assembleUnmappedReads: FALSE

36 reads; of these:
  36 (100.00%) were paired; of these:
    22 (61.11%) aligned concordantly 0 times
    13 (36.11%) aligned concordantly exactly 1 time
    1 (2.78%) aligned concordantly >1 times
    ----
    22 pairs aligned concordantly 0 times; of these:
      1 (4.55%) aligned discordantly 1 time
    ----
    21 pairs aligned 0 times concordantly or discordantly; of these:
      42 mates make up the pairs; of these:
        42 (100.00%) aligned 0 times
        0 (0.00%) aligned exactly 1 time
        0 (0.00%) aligned >1 times
41.67% overall alignment rate
