Read1 before filtering:
total reads: 62451
total bases: 19422261
Q20 bases: 19188529(98.7966%)
Q30 bases: 18744696(96.5114%)

Read2 before filtering:
total reads: 62451
total bases: 19422261
Q20 bases: 19302160(99.3816%)
Q30 bases: 18956622(97.6025%)

Read1 after filtering:
total reads: 60901
total bases: 17169018
Q20 bases: 17153343(99.9087%)
Q30 bases: 17028081(99.1791%)

Read2 after filtering:
total reads: 60901
total bases: 17169243
Q20 bases: 17149177(99.8831%)
Q30 bases: 17008470(99.0636%)

Filtering result:
reads passed filter: 121802
reads failed due to low quality: 2978
reads failed due to too many N: 0
reads failed due to too short: 112
reads failed due to low complexity: 10
reads with adapter trimmed: 46789
bases trimmed due to adapters: 3599624
reads with polyX in 3' end: 205
bases trimmed in polyX tail: 19771

Duplication rate: 7.0488%

Insert size peak (evaluated by paired-end reads): 303

JSON report: PL18947_pMP_282_2_fastp_report.json
HTML report: PL18947_pMP_282_2_fastp_report.html

fastp -w 4 -q 30 -i PL18947_pMP_282_2_S186_L001_R1_001.fastq.gz -I PL18947_pMP_282_2_S186_L001_R2_001.fastq.gz -o PL18947_pMP_282_2_R1_trimmed.fastq -O PL18947_pMP_282_2_R2_trimmed.fastq -h PL18947_pMP_282_2_fastp_report.html -j PL18947_pMP_282_2_fastp_report.json -R PL18947_pMP_282_2_fastp_report --adapter_sequence CTGTCTCTTATACAC --adapter_sequence_r2 TGTATAAGAGACAG -x -y 
fastp v0.22.0, time used: 0 seconds
