[map] task=48 line=49 uid=PL18894 folder=BLADE_FL_222026/PL18894_B2_v2_2 ref=p5U_AtUbq10_5Uin_lox72_postrec.fa
Running the plasmid-seq pipeline with the following arguments: 
fastQ_f: PL18894_B2_v2_2_S133_L001_R1_001.fastq.gz
fastQ_r: PL18894_B2_v2_2_S133_L001_R2_001.fastq.gz
fastaRef: p5U_AtUbq10_5Uin_lox72_postrec.fa
skipSpadesDenovoAssembly: 1
cleanSPADES: 0
qval: 30
minLengthSPADES: 300
uniqueID: PL18894
runUnicycler: 1
skipping: 
assembleUnmappedReads: FALSE

27516 reads; of these:
  27516 (100.00%) were paired; of these:
    4984 (18.11%) aligned concordantly 0 times
    22532 (81.89%) aligned concordantly exactly 1 time
    0 (0.00%) aligned concordantly >1 times
    ----
    4984 pairs aligned concordantly 0 times; of these:
      2039 (40.91%) aligned discordantly 1 time
    ----
    2945 pairs aligned 0 times concordantly or discordantly; of these:
      5890 mates make up the pairs; of these:
        4728 (80.27%) aligned 0 times
        1162 (19.73%) aligned exactly 1 time
        0 (0.00%) aligned >1 times
91.41% overall alignment rate
