[map] task=74 line=75 uid=PL18920 folder=BLADE_FL_222026/PL18920_pFL_250_2 ref=pFL_250.fa
Running the plasmid-seq pipeline with the following arguments: 
fastQ_f: PL18920_pFL_250_2_S159_L001_R1_001.fastq.gz
fastQ_r: PL18920_pFL_250_2_S159_L001_R2_001.fastq.gz
fastaRef: pFL_250.fa
skipSpadesDenovoAssembly: 1
cleanSPADES: 0
qval: 30
minLengthSPADES: 300
uniqueID: PL18920
runUnicycler: 1
skipping: 
assembleUnmappedReads: FALSE

71809 reads; of these:
  71809 (100.00%) were paired; of these:
    16884 (23.51%) aligned concordantly 0 times
    54925 (76.49%) aligned concordantly exactly 1 time
    0 (0.00%) aligned concordantly >1 times
    ----
    16884 pairs aligned concordantly 0 times; of these:
      14098 (83.50%) aligned discordantly 1 time
    ----
    2786 pairs aligned 0 times concordantly or discordantly; of these:
      5572 mates make up the pairs; of these:
        3842 (68.95%) aligned 0 times
        1730 (31.05%) aligned exactly 1 time
        0 (0.00%) aligned >1 times
97.32% overall alignment rate
