[map] task=37 line=38 uid=PL18883 folder=BLADE_FL_222026/PL18883_pAB_136_v2_2 ref=pAB_136.fa
Running the plasmid-seq pipeline with the following arguments: 
fastQ_f: PL18883_pAB_136_v2_2_S122_L001_R1_001.fastq.gz
fastQ_r: PL18883_pAB_136_v2_2_S122_L001_R2_001.fastq.gz
fastaRef: pAB_136.fa
skipSpadesDenovoAssembly: 1
cleanSPADES: 0
qval: 30
minLengthSPADES: 300
uniqueID: PL18883
runUnicycler: 1
skipping: 
assembleUnmappedReads: FALSE

81083 reads; of these:
  81083 (100.00%) were paired; of these:
    18291 (22.56%) aligned concordantly 0 times
    62792 (77.44%) aligned concordantly exactly 1 time
    0 (0.00%) aligned concordantly >1 times
    ----
    18291 pairs aligned concordantly 0 times; of these:
      16143 (88.26%) aligned discordantly 1 time
    ----
    2148 pairs aligned 0 times concordantly or discordantly; of these:
      4296 mates make up the pairs; of these:
        3052 (71.04%) aligned 0 times
        1244 (28.96%) aligned exactly 1 time
        0 (0.00%) aligned >1 times
98.12% overall alignment rate
