[map] task=151 line=152 uid=PL18814 folder=NDD_CRISPR_222026/PL18814_EHMT1_27 ref=EHMT1.fa
Running the plasmid-seq pipeline with the following arguments: 
fastQ_f: PL18814_EHMT1_27_S53_L001_R1_001.fastq.gz
fastQ_r: PL18814_EHMT1_27_S53_L001_R2_001.fastq.gz
fastaRef: EHMT1.fa
skipSpadesDenovoAssembly: 1
cleanSPADES: 0
qval: 30
minLengthSPADES: 300
uniqueID: PL18814
runUnicycler: 1
skipping: 
assembleUnmappedReads: FALSE

91 reads; of these:
  91 (100.00%) were paired; of these:
    35 (38.46%) aligned concordantly 0 times
    55 (60.44%) aligned concordantly exactly 1 time
    1 (1.10%) aligned concordantly >1 times
    ----
    35 pairs aligned concordantly 0 times; of these:
      6 (17.14%) aligned discordantly 1 time
    ----
    29 pairs aligned 0 times concordantly or discordantly; of these:
      58 mates make up the pairs; of these:
        58 (100.00%) aligned 0 times
        0 (0.00%) aligned exactly 1 time
        0 (0.00%) aligned >1 times
68.13% overall alignment rate
