Read1 before filtering:
total reads: 36871
total bases: 11466881
Q20 bases: 11302800(98.5691%)
Q30 bases: 11015894(96.067%)

Read2 before filtering:
total reads: 36871
total bases: 11466881
Q20 bases: 11399099(99.4089%)
Q30 bases: 11194452(97.6242%)

Read1 after filtering:
total reads: 35990
total bases: 9969161
Q20 bases: 9958495(99.893%)
Q30 bases: 9880769(99.1133%)

Read2 after filtering:
total reads: 35990
total bases: 9969259
Q20 bases: 9955224(99.8592%)
Q30 bases: 9866322(98.9675%)

Filtering result:
reads passed filter: 71980
reads failed due to low quality: 1710
reads failed due to too many N: 0
reads failed due to too short: 52
reads failed due to low complexity: 0
reads with adapter trimmed: 29857
bases trimmed due to adapters: 2486363
reads with polyX in 3' end: 245
bases trimmed in polyX tail: 13123

Duplication rate: 5.28694%

Insert size peak (evaluated by paired-end reads): 274

JSON report: PL18762_pLD048_09_fastp_report.json
HTML report: PL18762_pLD048_09_fastp_report.html

fastp -w 4 -q 30 -i PL18762_pLD048_09_S1_L001_R1_001.fastq.gz -I PL18762_pLD048_09_S1_L001_R2_001.fastq.gz -o PL18762_pLD048_09_R1_trimmed.fastq -O PL18762_pLD048_09_R2_trimmed.fastq -h PL18762_pLD048_09_fastp_report.html -j PL18762_pLD048_09_fastp_report.json -R PL18762_pLD048_09_fastp_report --adapter_sequence CTGTCTCTTATACAC --adapter_sequence_r2 TGTATAAGAGACAG -x -y 
fastp v0.22.0, time used: 0 seconds
