[map] task=63 line=64 uid=PL18909 folder=BLADE_FL_222026/PL18909_pFL_210_1 ref=pFL_210.fa
Running the plasmid-seq pipeline with the following arguments: 
fastQ_f: PL18909_pFL_210_1_S148_L001_R1_001.fastq.gz
fastQ_r: PL18909_pFL_210_1_S148_L001_R2_001.fastq.gz
fastaRef: pFL_210.fa
skipSpadesDenovoAssembly: 1
cleanSPADES: 0
qval: 30
minLengthSPADES: 300
uniqueID: PL18909
runUnicycler: 1
skipping: 
assembleUnmappedReads: FALSE

38436 reads; of these:
  38436 (100.00%) were paired; of these:
    11952 (31.10%) aligned concordantly 0 times
    26484 (68.90%) aligned concordantly exactly 1 time
    0 (0.00%) aligned concordantly >1 times
    ----
    11952 pairs aligned concordantly 0 times; of these:
      4391 (36.74%) aligned discordantly 1 time
    ----
    7561 pairs aligned 0 times concordantly or discordantly; of these:
      15122 mates make up the pairs; of these:
        14203 (93.92%) aligned 0 times
        919 (6.08%) aligned exactly 1 time
        0 (0.00%) aligned >1 times
81.52% overall alignment rate
