[map] task=95 line=96 uid=PL18852 folder=Gene_Circuits_222026/PL18852_pCMK1288_1 ref=pCMK1288.fa
Running the plasmid-seq pipeline with the following arguments: 
fastQ_f: PL18852_pCMK1288_1_S91_L001_R1_001.fastq.gz
fastQ_r: PL18852_pCMK1288_1_S91_L001_R2_001.fastq.gz
fastaRef: pCMK1288.fa
skipSpadesDenovoAssembly: 1
cleanSPADES: 0
qval: 30
minLengthSPADES: 300
uniqueID: PL18852
runUnicycler: 1
skipping: 
assembleUnmappedReads: FALSE

223 reads; of these:
  223 (100.00%) were paired; of these:
    157 (70.40%) aligned concordantly 0 times
    66 (29.60%) aligned concordantly exactly 1 time
    0 (0.00%) aligned concordantly >1 times
    ----
    157 pairs aligned concordantly 0 times; of these:
      6 (3.82%) aligned discordantly 1 time
    ----
    151 pairs aligned 0 times concordantly or discordantly; of these:
      302 mates make up the pairs; of these:
        301 (99.67%) aligned 0 times
        1 (0.33%) aligned exactly 1 time
        0 (0.00%) aligned >1 times
32.51% overall alignment rate
