[map] task=47 line=48 uid=PL18893 folder=BLADE_FL_222026/PL18893_B2_v2_1 ref=p5U_AtUbq10_5Uin_lox72_postrec.fa
Running the plasmid-seq pipeline with the following arguments: 
fastQ_f: PL18893_B2_v2_1_S132_L001_R1_001.fastq.gz
fastQ_r: PL18893_B2_v2_1_S132_L001_R2_001.fastq.gz
fastaRef: p5U_AtUbq10_5Uin_lox72_postrec.fa
skipSpadesDenovoAssembly: 1
cleanSPADES: 0
qval: 30
minLengthSPADES: 300
uniqueID: PL18893
runUnicycler: 1
skipping: 
assembleUnmappedReads: FALSE

19405 reads; of these:
  19405 (100.00%) were paired; of these:
    3837 (19.77%) aligned concordantly 0 times
    15568 (80.23%) aligned concordantly exactly 1 time
    0 (0.00%) aligned concordantly >1 times
    ----
    3837 pairs aligned concordantly 0 times; of these:
      1640 (42.74%) aligned discordantly 1 time
    ----
    2197 pairs aligned 0 times concordantly or discordantly; of these:
      4394 mates make up the pairs; of these:
        3516 (80.02%) aligned 0 times
        878 (19.98%) aligned exactly 1 time
        0 (0.00%) aligned >1 times
90.94% overall alignment rate
