Read1 before filtering:
total reads: 168
total bases: 52248
Q20 bases: 51369(98.3176%)
Q30 bases: 49251(94.2639%)

Read2 before filtering:
total reads: 168
total bases: 52248
Q20 bases: 51408(98.3923%)
Q30 bases: 50018(95.7319%)

Read1 after filtering:
total reads: 161
total bases: 29925
Q20 bases: 29854(99.7627%)
Q30 bases: 29469(98.4762%)

Read2 after filtering:
total reads: 161
total bases: 29925
Q20 bases: 29768(99.4754%)
Q30 bases: 29369(98.142%)

Filtering result:
reads passed filter: 322
reads failed due to low quality: 10
reads failed due to too many N: 0
reads failed due to too short: 4
reads failed due to low complexity: 0
reads with adapter trimmed: 258
bases trimmed due to adapters: 41612
reads with polyX in 3' end: 4
bases trimmed in polyX tail: 1022

Duplication rate: 6.54762%

Insert size peak (evaluated by paired-end reads): 147

JSON report: PL18791_EHMT1_04_fastp_report.json
HTML report: PL18791_EHMT1_04_fastp_report.html

fastp -w 4 -q 30 -i PL18791_EHMT1_04_S30_L001_R1_001.fastq.gz -I PL18791_EHMT1_04_S30_L001_R2_001.fastq.gz -o PL18791_EHMT1_04_R1_trimmed.fastq -O PL18791_EHMT1_04_R2_trimmed.fastq -h PL18791_EHMT1_04_fastp_report.html -j PL18791_EHMT1_04_fastp_report.json -R PL18791_EHMT1_04_fastp_report --adapter_sequence CTGTCTCTTATACAC --adapter_sequence_r2 TGTATAAGAGACAG -x -y 
fastp v0.22.0, time used: 0 seconds
