Read1 before filtering:
total reads: 62674
total bases: 19491614
Q20 bases: 19261761(98.8208%)
Q30 bases: 18817630(96.5422%)

Read2 before filtering:
total reads: 62674
total bases: 19491614
Q20 bases: 19383958(99.4477%)
Q30 bases: 19053875(97.7542%)

Read1 after filtering:
total reads: 61213
total bases: 17379593
Q20 bases: 17363609(99.908%)
Q30 bases: 17237866(99.1845%)

Read2 after filtering:
total reads: 61213
total bases: 17379950
Q20 bases: 17361288(99.8926%)
Q30 bases: 17225661(99.1123%)

Filtering result:
reads passed filter: 122426
reads failed due to low quality: 2802
reads failed due to too many N: 0
reads failed due to too short: 114
reads failed due to low complexity: 6
reads with adapter trimmed: 44532
bases trimmed due to adapters: 3366557
reads with polyX in 3' end: 202
bases trimmed in polyX tail: 20704

Duplication rate: 7.40415%

Insert size peak (evaluated by paired-end reads): 300

JSON report: PL18942_pMP_280_1_fastp_report.json
HTML report: PL18942_pMP_280_1_fastp_report.html

fastp -w 4 -q 30 -i PL18942_pMP_280_1_S181_L001_R1_001.fastq.gz -I PL18942_pMP_280_1_S181_L001_R2_001.fastq.gz -o PL18942_pMP_280_1_R1_trimmed.fastq -O PL18942_pMP_280_1_R2_trimmed.fastq -h PL18942_pMP_280_1_fastp_report.html -j PL18942_pMP_280_1_fastp_report.json -R PL18942_pMP_280_1_fastp_report --adapter_sequence CTGTCTCTTATACAC --adapter_sequence_r2 TGTATAAGAGACAG -x -y 
fastp v0.22.0, time used: 1 seconds
