[map] task=145 line=146 uid=PL18808 folder=NDD_CRISPR_222026/PL18808_EHMT1_21 ref=EHMT1.fa
Running the plasmid-seq pipeline with the following arguments: 
fastQ_f: PL18808_EHMT1_21_S47_L001_R1_001.fastq.gz
fastQ_r: PL18808_EHMT1_21_S47_L001_R2_001.fastq.gz
fastaRef: EHMT1.fa
skipSpadesDenovoAssembly: 1
cleanSPADES: 0
qval: 30
minLengthSPADES: 300
uniqueID: PL18808
runUnicycler: 1
skipping: 
assembleUnmappedReads: FALSE

175 reads; of these:
  175 (100.00%) were paired; of these:
    108 (61.71%) aligned concordantly 0 times
    67 (38.29%) aligned concordantly exactly 1 time
    0 (0.00%) aligned concordantly >1 times
    ----
    108 pairs aligned concordantly 0 times; of these:
      6 (5.56%) aligned discordantly 1 time
    ----
    102 pairs aligned 0 times concordantly or discordantly; of these:
      204 mates make up the pairs; of these:
        204 (100.00%) aligned 0 times
        0 (0.00%) aligned exactly 1 time
        0 (0.00%) aligned >1 times
41.71% overall alignment rate
