[map] task=6 line=7 uid=PL18959 folder=600cycle_longInsert_PlasmidSeq_222026/PL18959_pRS2_E_010 ref=pRS2-E_010_R2.fa
Running the plasmid-seq pipeline with the following arguments: 
fastQ_f: PL18959_pRS2_E_010_S198_L001_R1_001.fastq.gz
fastQ_r: PL18959_pRS2_E_010_S198_L001_R2_001.fastq.gz
fastaRef: pRS2-E_010_R2.fa
skipSpadesDenovoAssembly: 1
cleanSPADES: 0
qval: 30
minLengthSPADES: 300
uniqueID: PL18959
runUnicycler: 1
skipping: 
assembleUnmappedReads: FALSE

96486 reads; of these:
  96486 (100.00%) were paired; of these:
    49090 (50.88%) aligned concordantly 0 times
    32368 (33.55%) aligned concordantly exactly 1 time
    15028 (15.58%) aligned concordantly >1 times
    ----
    49090 pairs aligned concordantly 0 times; of these:
      28702 (58.47%) aligned discordantly 1 time
    ----
    20388 pairs aligned 0 times concordantly or discordantly; of these:
      40776 mates make up the pairs; of these:
        4973 (12.20%) aligned 0 times
        6116 (15.00%) aligned exactly 1 time
        29687 (72.81%) aligned >1 times
97.42% overall alignment rate
