Read1 before filtering:
total reads: 10562
total bases: 3284782
Q20 bases: 3221573(98.0757%)
Q30 bases: 3110828(94.7042%)

Read2 before filtering:
total reads: 10562
total bases: 3284782
Q20 bases: 3261301(99.2852%)
Q30 bases: 3193876(97.2325%)

Read1 after filtering:
total reads: 10270
total bases: 2711489
Q20 bases: 2709168(99.9144%)
Q30 bases: 2688724(99.1604%)

Read2 after filtering:
total reads: 10270
total bases: 2711534
Q20 bases: 2707373(99.8465%)
Q30 bases: 2681119(98.8783%)

Filtering result:
reads passed filter: 20540
reads failed due to low quality: 566
reads failed due to too many N: 0
reads failed due to too short: 18
reads failed due to low complexity: 0
reads with adapter trimmed: 10554
bases trimmed due to adapters: 987534
reads with polyX in 3' end: 48
bases trimmed in polyX tail: 4498

Duplication rate: 5.1002%

Insert size peak (evaluated by paired-end reads): 319

JSON report: PL18868_pFL_181_2_fastp_report.json
HTML report: PL18868_pFL_181_2_fastp_report.html

fastp -w 4 -q 30 -i PL18868_pFL_181_2_S107_L001_R1_001.fastq.gz -I PL18868_pFL_181_2_S107_L001_R2_001.fastq.gz -o PL18868_pFL_181_2_R1_trimmed.fastq -O PL18868_pFL_181_2_R2_trimmed.fastq -h PL18868_pFL_181_2_fastp_report.html -j PL18868_pFL_181_2_fastp_report.json -R PL18868_pFL_181_2_fastp_report --adapter_sequence CTGTCTCTTATACAC --adapter_sequence_r2 TGTATAAGAGACAG -x -y 
fastp v0.22.0, time used: 0 seconds
