[map] task=40 line=41 uid=PL18886 folder=BLADE_FL_222026/PL18886_pFL_191V1_1 ref=pFL_191V1.fa
Running the plasmid-seq pipeline with the following arguments: 
fastQ_f: PL18886_pFL_191V1_1_S125_L001_R1_001.fastq.gz
fastQ_r: PL18886_pFL_191V1_1_S125_L001_R2_001.fastq.gz
fastaRef: pFL_191V1.fa
skipSpadesDenovoAssembly: 1
cleanSPADES: 0
qval: 30
minLengthSPADES: 300
uniqueID: PL18886
runUnicycler: 1
skipping: 
assembleUnmappedReads: FALSE

34083 reads; of these:
  34083 (100.00%) were paired; of these:
    6087 (17.86%) aligned concordantly 0 times
    27996 (82.14%) aligned concordantly exactly 1 time
    0 (0.00%) aligned concordantly >1 times
    ----
    6087 pairs aligned concordantly 0 times; of these:
      3843 (63.13%) aligned discordantly 1 time
    ----
    2244 pairs aligned 0 times concordantly or discordantly; of these:
      4488 mates make up the pairs; of these:
        3518 (78.39%) aligned 0 times
        970 (21.61%) aligned exactly 1 time
        0 (0.00%) aligned >1 times
94.84% overall alignment rate
