[map] task=17 line=18 uid=PL18863 folder=BLADE_FL_222026/PL18863_pFL_179_1 ref=pFL_179.fa
Running the plasmid-seq pipeline with the following arguments: 
fastQ_f: PL18863_pFL_179_1_S102_L001_R1_001.fastq.gz
fastQ_r: PL18863_pFL_179_1_S102_L001_R2_001.fastq.gz
fastaRef: pFL_179.fa
skipSpadesDenovoAssembly: 1
cleanSPADES: 0
qval: 30
minLengthSPADES: 300
uniqueID: PL18863
runUnicycler: 1
skipping: 
assembleUnmappedReads: FALSE

2957 reads; of these:
  2957 (100.00%) were paired; of these:
    365 (12.34%) aligned concordantly 0 times
    2592 (87.66%) aligned concordantly exactly 1 time
    0 (0.00%) aligned concordantly >1 times
    ----
    365 pairs aligned concordantly 0 times; of these:
      197 (53.97%) aligned discordantly 1 time
    ----
    168 pairs aligned 0 times concordantly or discordantly; of these:
      336 mates make up the pairs; of these:
        284 (84.52%) aligned 0 times
        52 (15.48%) aligned exactly 1 time
        0 (0.00%) aligned >1 times
95.20% overall alignment rate
