Read1 before filtering:
total reads: 36154
total bases: 11243894
Q20 bases: 11087661(98.6105%)
Q30 bases: 10793575(95.995%)

Read2 before filtering:
total reads: 36154
total bases: 11243894
Q20 bases: 11158005(99.2361%)
Q30 bases: 10924606(97.1603%)

Read1 after filtering:
total reads: 35097
total bases: 9856929
Q20 bases: 9846523(99.8944%)
Q30 bases: 9775781(99.1767%)

Read2 after filtering:
total reads: 35097
total bases: 9857963
Q20 bases: 9841927(99.8373%)
Q30 bases: 9746955(98.8739%)

Filtering result:
reads passed filter: 70194
reads failed due to low quality: 2044
reads failed due to too many N: 0
reads failed due to too short: 66
reads failed due to low complexity: 4
reads with adapter trimmed: 26041
bases trimmed due to adapters: 2153156
reads with polyX in 3' end: 245
bases trimmed in polyX tail: 14579

Duplication rate: 5.15584%

Insert size peak (evaluated by paired-end reads): 284

JSON report: PL18778_pLD058_03_fastp_report.json
HTML report: PL18778_pLD058_03_fastp_report.html

fastp -w 4 -q 30 -i PL18778_pLD058_03_S17_L001_R1_001.fastq.gz -I PL18778_pLD058_03_S17_L001_R2_001.fastq.gz -o PL18778_pLD058_03_R1_trimmed.fastq -O PL18778_pLD058_03_R2_trimmed.fastq -h PL18778_pLD058_03_fastp_report.html -j PL18778_pLD058_03_fastp_report.json -R PL18778_pLD058_03_fastp_report --adapter_sequence CTGTCTCTTATACAC --adapter_sequence_r2 TGTATAAGAGACAG -x -y 
fastp v0.22.0, time used: 1 seconds
