Read1 before filtering:
total reads: 32036
total bases: 9963196
Q20 bases: 9900591(99.3716%)
Q30 bases: 9703992(97.3984%)

Read2 before filtering:
total reads: 32036
total bases: 9963196
Q20 bases: 9899616(99.3619%)
Q30 bases: 9730208(97.6615%)

Read1 after filtering:
total reads: 31266
total bases: 8771595
Q20 bases: 8762798(99.8997%)
Q30 bases: 8700146(99.1855%)

Read2 after filtering:
total reads: 31266
total bases: 8771214
Q20 bases: 8759225(99.8633%)
Q30 bases: 8687780(99.0488%)

Filtering result:
reads passed filter: 62532
reads failed due to low quality: 1448
reads failed due to too many N: 0
reads failed due to too short: 92
reads failed due to low complexity: 0
reads with adapter trimmed: 23720
bases trimmed due to adapters: 1927847
reads with polyX in 3' end: 236
bases trimmed in polyX tail: 17571

Duplication rate: 7.1623%

Insert size peak (evaluated by paired-end reads): 366

JSON report: PL18780_pLD058_05_fastp_report.json
HTML report: PL18780_pLD058_05_fastp_report.html

fastp -w 4 -q 30 -i PL18780_pLD058_05_S19_L001_R1_001.fastq.gz -I PL18780_pLD058_05_S19_L001_R2_001.fastq.gz -o PL18780_pLD058_05_R1_trimmed.fastq -O PL18780_pLD058_05_R2_trimmed.fastq -h PL18780_pLD058_05_fastp_report.html -j PL18780_pLD058_05_fastp_report.json -R PL18780_pLD058_05_fastp_report --adapter_sequence CTGTCTCTTATACAC --adapter_sequence_r2 TGTATAAGAGACAG -x -y 
fastp v0.22.0, time used: 0 seconds
