[map] task=195 line=196 uid=PL18785 folder=Neuronal_Maturation_222026/PL18785_pLD058_10 ref=pLD058_LVX_U6_BC_BORG_pMAP2_RORA_WPRE_pEFS_TagBFP2.fa
Running the plasmid-seq pipeline with the following arguments: 
fastQ_f: PL18785_pLD058_10_S24_L001_R1_001.fastq.gz
fastQ_r: PL18785_pLD058_10_S24_L001_R2_001.fastq.gz
fastaRef: pLD058_LVX_U6_BC_BORG_pMAP2_RORA_WPRE_pEFS_TagBFP2.fa
skipSpadesDenovoAssembly: 1
cleanSPADES: 0
qval: 30
minLengthSPADES: 300
uniqueID: PL18785
runUnicycler: 1
skipping: 
assembleUnmappedReads: FALSE

33883 reads; of these:
  33883 (100.00%) were paired; of these:
    3238 (9.56%) aligned concordantly 0 times
    28077 (82.86%) aligned concordantly exactly 1 time
    2568 (7.58%) aligned concordantly >1 times
    ----
    3238 pairs aligned concordantly 0 times; of these:
      1948 (60.16%) aligned discordantly 1 time
    ----
    1290 pairs aligned 0 times concordantly or discordantly; of these:
      2580 mates make up the pairs; of these:
        2037 (78.95%) aligned 0 times
        267 (10.35%) aligned exactly 1 time
        276 (10.70%) aligned >1 times
96.99% overall alignment rate
