[map] task=164 line=165 uid=PL18827 folder=NDD_CRISPR_222026/PL18827_EHMT1_40 ref=EHMT1.fa
Running the plasmid-seq pipeline with the following arguments: 
fastQ_f: PL18827_EHMT1_40_S66_L001_R1_001.fastq.gz
fastQ_r: PL18827_EHMT1_40_S66_L001_R2_001.fastq.gz
fastaRef: EHMT1.fa
skipSpadesDenovoAssembly: 1
cleanSPADES: 0
qval: 30
minLengthSPADES: 300
uniqueID: PL18827
runUnicycler: 1
skipping: 
assembleUnmappedReads: FALSE

181 reads; of these:
  181 (100.00%) were paired; of these:
    80 (44.20%) aligned concordantly 0 times
    101 (55.80%) aligned concordantly exactly 1 time
    0 (0.00%) aligned concordantly >1 times
    ----
    80 pairs aligned concordantly 0 times; of these:
      6 (7.50%) aligned discordantly 1 time
    ----
    74 pairs aligned 0 times concordantly or discordantly; of these:
      148 mates make up the pairs; of these:
        148 (100.00%) aligned 0 times
        0 (0.00%) aligned exactly 1 time
        0 (0.00%) aligned >1 times
59.12% overall alignment rate
