Read1 before filtering:
total reads: 36971
total bases: 11497981
Q20 bases: 11387563(99.0397%)
Q30 bases: 11160878(97.0682%)

Read2 before filtering:
total reads: 36971
total bases: 11497981
Q20 bases: 11429734(99.4064%)
Q30 bases: 11230238(97.6714%)

Read1 after filtering:
total reads: 36132
total bases: 10339139
Q20 bases: 10328862(99.9006%)
Q30 bases: 10250148(99.1393%)

Read2 after filtering:
total reads: 36132
total bases: 10339507
Q20 bases: 10325836(99.8678%)
Q30 bases: 10234712(98.9865%)

Filtering result:
reads passed filter: 72264
reads failed due to low quality: 1600
reads failed due to too many N: 0
reads failed due to too short: 76
reads failed due to low complexity: 2
reads with adapter trimmed: 23438
bases trimmed due to adapters: 1818256
reads with polyX in 3' end: 132
bases trimmed in polyX tail: 13900

Duplication rate: 6.81103%

Insert size peak (evaluated by paired-end reads): 367

JSON report: PL18924_pFL_257_1_fastp_report.json
HTML report: PL18924_pFL_257_1_fastp_report.html

fastp -w 4 -q 30 -i PL18924_pFL_257_1_S163_L001_R1_001.fastq.gz -I PL18924_pFL_257_1_S163_L001_R2_001.fastq.gz -o PL18924_pFL_257_1_R1_trimmed.fastq -O PL18924_pFL_257_1_R2_trimmed.fastq -h PL18924_pFL_257_1_fastp_report.html -j PL18924_pFL_257_1_fastp_report.json -R PL18924_pFL_257_1_fastp_report --adapter_sequence CTGTCTCTTATACAC --adapter_sequence_r2 TGTATAAGAGACAG -x -y 
fastp v0.22.0, time used: 0 seconds
