[map] task=1 line=2 uid=PL18954 folder=600cycle_longInsert_PlasmidSeq_222026/PL18954_pBluescript ref=pBluescript_II_SK.fa
Running the plasmid-seq pipeline with the following arguments: 
fastQ_f: PL18954_pBluescript_S193_L001_R1_001.fastq.gz
fastQ_r: PL18954_pBluescript_S193_L001_R2_001.fastq.gz
fastaRef: pBluescript_II_SK.fa
skipSpadesDenovoAssembly: 1
cleanSPADES: 0
qval: 30
minLengthSPADES: 300
uniqueID: PL18954
runUnicycler: 1
skipping: 
assembleUnmappedReads: FALSE

71243 reads; of these:
  71243 (100.00%) were paired; of these:
    34532 (48.47%) aligned concordantly 0 times
    36711 (51.53%) aligned concordantly exactly 1 time
    0 (0.00%) aligned concordantly >1 times
    ----
    34532 pairs aligned concordantly 0 times; of these:
      27349 (79.20%) aligned discordantly 1 time
    ----
    7183 pairs aligned 0 times concordantly or discordantly; of these:
      14366 mates make up the pairs; of these:
        8396 (58.44%) aligned 0 times
        5970 (41.56%) aligned exactly 1 time
        0 (0.00%) aligned >1 times
94.11% overall alignment rate
