[map] task=3 line=4 uid=PL18956 folder=600cycle_longInsert_PlasmidSeq_222026/PL18956_pUBQ10_aGCN4_MIS12_LLP ref=pUBQ10-aGCN4-CENH3.fa
Running the plasmid-seq pipeline with the following arguments: 
fastQ_f: PL18956_pUBQ10_aGCN4_MIS12_LLP_S195_L001_R1_001.fastq.gz
fastQ_r: PL18956_pUBQ10_aGCN4_MIS12_LLP_S195_L001_R2_001.fastq.gz
fastaRef: pUBQ10-aGCN4-CENH3.fa
skipSpadesDenovoAssembly: 1
cleanSPADES: 0
qval: 30
minLengthSPADES: 300
uniqueID: PL18956
runUnicycler: 1
skipping: 
assembleUnmappedReads: FALSE

67869 reads; of these:
  67869 (100.00%) were paired; of these:
    37000 (54.52%) aligned concordantly 0 times
    30869 (45.48%) aligned concordantly exactly 1 time
    0 (0.00%) aligned concordantly >1 times
    ----
    37000 pairs aligned concordantly 0 times; of these:
      31719 (85.73%) aligned discordantly 1 time
    ----
    5281 pairs aligned 0 times concordantly or discordantly; of these:
      10562 mates make up the pairs; of these:
        8659 (81.98%) aligned 0 times
        1903 (18.02%) aligned exactly 1 time
        0 (0.00%) aligned >1 times
93.62% overall alignment rate
