Read1 before filtering:
total reads: 42591
total bases: 13245801
Q20 bases: 13079923(98.7477%)
Q30 bases: 12778015(96.4684%)

Read2 before filtering:
total reads: 42591
total bases: 13245801
Q20 bases: 13188048(99.564%)
Q30 bases: 13000173(98.1456%)

Read1 after filtering:
total reads: 41708
total bases: 11606113
Q20 bases: 11595530(99.9088%)
Q30 bases: 11511395(99.1839%)

Read2 after filtering:
total reads: 41708
total bases: 11605954
Q20 bases: 11595377(99.9089%)
Q30 bases: 11516864(99.2324%)

Filtering result:
reads passed filter: 83416
reads failed due to low quality: 1650
reads failed due to too many N: 0
reads failed due to too short: 112
reads failed due to low complexity: 4
reads with adapter trimmed: 34663
bases trimmed due to adapters: 2766020
reads with polyX in 3' end: 144
bases trimmed in polyX tail: 18088

Duplication rate: 6.20069%

Insert size peak (evaluated by paired-end reads): 279

JSON report: PL18838_pMP_287_1_fastp_report.json
HTML report: PL18838_pMP_287_1_fastp_report.html

fastp -w 4 -q 30 -i PL18838_pMP_287_1_S77_L001_R1_001.fastq.gz -I PL18838_pMP_287_1_S77_L001_R2_001.fastq.gz -o PL18838_pMP_287_1_R1_trimmed.fastq -O PL18838_pMP_287_1_R2_trimmed.fastq -h PL18838_pMP_287_1_fastp_report.html -j PL18838_pMP_287_1_fastp_report.json -R PL18838_pMP_287_1_fastp_report --adapter_sequence CTGTCTCTTATACAC --adapter_sequence_r2 TGTATAAGAGACAG -x -y 
fastp v0.22.0, time used: 0 seconds
