[map] task=104 line=105 uid=PL18941 folder=Gene_Circuits_222026/PL18941_pMP_279_2 ref=pMP_279.fa
Running the plasmid-seq pipeline with the following arguments: 
fastQ_f: PL18941_pMP_279_2_S180_L001_R1_001.fastq.gz
fastQ_r: PL18941_pMP_279_2_S180_L001_R2_001.fastq.gz
fastaRef: pMP_279.fa
skipSpadesDenovoAssembly: 1
cleanSPADES: 0
qval: 30
minLengthSPADES: 300
uniqueID: PL18941
runUnicycler: 1
skipping: 
assembleUnmappedReads: FALSE

44775 reads; of these:
  44775 (100.00%) were paired; of these:
    8540 (19.07%) aligned concordantly 0 times
    36125 (80.68%) aligned concordantly exactly 1 time
    110 (0.25%) aligned concordantly >1 times
    ----
    8540 pairs aligned concordantly 0 times; of these:
      6682 (78.24%) aligned discordantly 1 time
    ----
    1858 pairs aligned 0 times concordantly or discordantly; of these:
      3716 mates make up the pairs; of these:
        2873 (77.31%) aligned 0 times
        843 (22.69%) aligned exactly 1 time
        0 (0.00%) aligned >1 times
96.79% overall alignment rate
