Read1 before filtering:
total reads: 258
total bases: 80238
Q20 bases: 79013(98.4733%)
Q30 bases: 76553(95.4074%)

Read2 before filtering:
total reads: 258
total bases: 80238
Q20 bases: 79860(99.5289%)
Q30 bases: 78627(97.9922%)

Read1 after filtering:
total reads: 253
total bases: 62231
Q20 bases: 62170(99.902%)
Q30 bases: 61560(98.9218%)

Read2 after filtering:
total reads: 253
total bases: 62318
Q20 bases: 62205(99.8187%)
Q30 bases: 61696(99.0019%)

Filtering result:
reads passed filter: 506
reads failed due to low quality: 10
reads failed due to too many N: 0
reads failed due to too short: 0
reads failed due to low complexity: 0
reads with adapter trimmed: 261
bases trimmed due to adapters: 33659
reads with polyX in 3' end: 2
bases trimmed in polyX tail: 220

Duplication rate: 1.93798%

Insert size peak (evaluated by paired-end reads): 88

JSON report: PL18822_EHMT1_35_fastp_report.json
HTML report: PL18822_EHMT1_35_fastp_report.html

fastp -w 4 -q 30 -i PL18822_EHMT1_35_S61_L001_R1_001.fastq.gz -I PL18822_EHMT1_35_S61_L001_R2_001.fastq.gz -o PL18822_EHMT1_35_R1_trimmed.fastq -O PL18822_EHMT1_35_R2_trimmed.fastq -h PL18822_EHMT1_35_fastp_report.html -j PL18822_EHMT1_35_fastp_report.json -R PL18822_EHMT1_35_fastp_report --adapter_sequence CTGTCTCTTATACAC --adapter_sequence_r2 TGTATAAGAGACAG -x -y 
fastp v0.22.0, time used: 0 seconds
