[map] task=92 line=93 uid=PL18849 folder=Gene_Circuits_222026/PL18849_pCMK1288_1 ref=pCMK1288.fa
Running the plasmid-seq pipeline with the following arguments: 
fastQ_f: PL18849_pCMK1288_1_S88_L001_R1_001.fastq.gz
fastQ_r: PL18849_pCMK1288_1_S88_L001_R2_001.fastq.gz
fastaRef: pCMK1288.fa
skipSpadesDenovoAssembly: 1
cleanSPADES: 0
qval: 30
minLengthSPADES: 300
uniqueID: PL18849
runUnicycler: 1
skipping: 
assembleUnmappedReads: FALSE

445 reads; of these:
  445 (100.00%) were paired; of these:
    349 (78.43%) aligned concordantly 0 times
    96 (21.57%) aligned concordantly exactly 1 time
    0 (0.00%) aligned concordantly >1 times
    ----
    349 pairs aligned concordantly 0 times; of these:
      17 (4.87%) aligned discordantly 1 time
    ----
    332 pairs aligned 0 times concordantly or discordantly; of these:
      664 mates make up the pairs; of these:
        663 (99.85%) aligned 0 times
        1 (0.15%) aligned exactly 1 time
        0 (0.00%) aligned >1 times
25.51% overall alignment rate
