[map] task=84 line=85 uid=PL18839 folder=Gene_Circuits_222026/PL18839_pMP_287_2 ref=pMP_287.fa
Running the plasmid-seq pipeline with the following arguments: 
fastQ_f: PL18839_pMP_287_2_S78_L001_R1_001.fastq.gz
fastQ_r: PL18839_pMP_287_2_S78_L001_R2_001.fastq.gz
fastaRef: pMP_287.fa
skipSpadesDenovoAssembly: 1
cleanSPADES: 0
qval: 30
minLengthSPADES: 300
uniqueID: PL18839
runUnicycler: 1
skipping: 
assembleUnmappedReads: FALSE

38946 reads; of these:
  38946 (100.00%) were paired; of these:
    6375 (16.37%) aligned concordantly 0 times
    32471 (83.37%) aligned concordantly exactly 1 time
    100 (0.26%) aligned concordantly >1 times
    ----
    6375 pairs aligned concordantly 0 times; of these:
      4594 (72.06%) aligned discordantly 1 time
    ----
    1781 pairs aligned 0 times concordantly or discordantly; of these:
      3562 mates make up the pairs; of these:
        2865 (80.43%) aligned 0 times
        697 (19.57%) aligned exactly 1 time
        0 (0.00%) aligned >1 times
96.32% overall alignment rate
