Read1 before filtering:
total reads: 58315
total bases: 18135965
Q20 bases: 17937299(98.9046%)
Q30 bases: 17562747(96.8393%)

Read2 before filtering:
total reads: 58315
total bases: 18135965
Q20 bases: 18027948(99.4044%)
Q30 bases: 17720327(97.7082%)

Read1 after filtering:
total reads: 56959
total bases: 16086085
Q20 bases: 16068266(99.8892%)
Q30 bases: 15946225(99.1306%)

Read2 after filtering:
total reads: 56959
total bases: 16086691
Q20 bases: 16064119(99.8597%)
Q30 bases: 15926709(99.0055%)

Filtering result:
reads passed filter: 113918
reads failed due to low quality: 2596
reads failed due to too many N: 0
reads failed due to too short: 104
reads failed due to low complexity: 12
reads with adapter trimmed: 40652
bases trimmed due to adapters: 3290155
reads with polyX in 3' end: 263
bases trimmed in polyX tail: 19902

Duplication rate: 7.81352%

Insert size peak (evaluated by paired-end reads): 304

JSON report: PL18918_pFL_249_2_fastp_report.json
HTML report: PL18918_pFL_249_2_fastp_report.html

fastp -w 4 -q 30 -i PL18918_pFL_249_2_S157_L001_R1_001.fastq.gz -I PL18918_pFL_249_2_S157_L001_R2_001.fastq.gz -o PL18918_pFL_249_2_R1_trimmed.fastq -O PL18918_pFL_249_2_R2_trimmed.fastq -h PL18918_pFL_249_2_fastp_report.html -j PL18918_pFL_249_2_fastp_report.json -R PL18918_pFL_249_2_fastp_report --adapter_sequence CTGTCTCTTATACAC --adapter_sequence_r2 TGTATAAGAGACAG -x -y 
fastp v0.22.0, time used: 1 seconds
