[map] task=148 line=149 uid=PL18811 folder=NDD_CRISPR_222026/PL18811_EHMT1_24 ref=EHMT1.fa
Running the plasmid-seq pipeline with the following arguments: 
fastQ_f: PL18811_EHMT1_24_S50_L001_R1_001.fastq.gz
fastQ_r: PL18811_EHMT1_24_S50_L001_R2_001.fastq.gz
fastaRef: EHMT1.fa
skipSpadesDenovoAssembly: 1
cleanSPADES: 0
qval: 30
minLengthSPADES: 300
uniqueID: PL18811
runUnicycler: 1
skipping: 
assembleUnmappedReads: FALSE

120 reads; of these:
  120 (100.00%) were paired; of these:
    40 (33.33%) aligned concordantly 0 times
    79 (65.83%) aligned concordantly exactly 1 time
    1 (0.83%) aligned concordantly >1 times
    ----
    40 pairs aligned concordantly 0 times; of these:
      2 (5.00%) aligned discordantly 1 time
    ----
    38 pairs aligned 0 times concordantly or discordantly; of these:
      76 mates make up the pairs; of these:
        76 (100.00%) aligned 0 times
        0 (0.00%) aligned exactly 1 time
        0 (0.00%) aligned >1 times
68.33% overall alignment rate
