Read1 before filtering:
total reads: 68599
total bases: 21334289
Q20 bases: 21048214(98.6591%)
Q30 bases: 20546078(96.3054%)

Read2 before filtering:
total reads: 68599
total bases: 21334289
Q20 bases: 21246769(99.5898%)
Q30 bases: 20958066(98.2365%)

Read1 after filtering:
total reads: 67301
total bases: 18545242
Q20 bases: 18528236(99.9083%)
Q30 bases: 18388076(99.1525%)

Read2 after filtering:
total reads: 67301
total bases: 18544674
Q20 bases: 18526226(99.9005%)
Q30 bases: 18397583(99.2068%)

Filtering result:
reads passed filter: 134602
reads failed due to low quality: 2476
reads failed due to too many N: 0
reads failed due to too short: 112
reads failed due to low complexity: 8
reads with adapter trimmed: 57776
bases trimmed due to adapters: 4825656
reads with polyX in 3' end: 443
bases trimmed in polyX tail: 23011

Duplication rate: 7.28106%

Insert size peak (evaluated by paired-end reads): 278

JSON report: PL18928_pCDS_FlpO_GR_C_fastp_report.json
HTML report: PL18928_pCDS_FlpO_GR_C_fastp_report.html

fastp -w 4 -q 30 -i PL18928_pCDS_FlpO_GR_C_S167_L001_R1_001.fastq.gz -I PL18928_pCDS_FlpO_GR_C_S167_L001_R2_001.fastq.gz -o PL18928_pCDS_FlpO_GR_C_R1_trimmed.fastq -O PL18928_pCDS_FlpO_GR_C_R2_trimmed.fastq -h PL18928_pCDS_FlpO_GR_C_fastp_report.html -j PL18928_pCDS_FlpO_GR_C_fastp_report.json -R PL18928_pCDS_FlpO_GR_C_fastp_report --adapter_sequence CTGTCTCTTATACAC --adapter_sequence_r2 TGTATAAGAGACAG -x -y 
fastp v0.22.0, time used: 1 seconds
