Read1 before filtering:
total reads: 71257
total bases: 22160927
Q20 bases: 21995517(99.2536%)
Q30 bases: 21617354(97.5472%)

Read2 before filtering:
total reads: 71257
total bases: 22160927
Q20 bases: 22068795(99.5843%)
Q30 bases: 21786704(98.3113%)

Read1 after filtering:
total reads: 70074
total bases: 19703597
Q20 bases: 19687872(99.9202%)
Q30 bases: 19563902(99.291%)

Read2 after filtering:
total reads: 70074
total bases: 19703894
Q20 bases: 19685328(99.9058%)
Q30 bases: 19554811(99.2434%)

Filtering result:
reads passed filter: 140148
reads failed due to low quality: 2246
reads failed due to too many N: 0
reads failed due to too short: 104
reads failed due to low complexity: 16
reads with adapter trimmed: 54144
bases trimmed due to adapters: 4213464
reads with polyX in 3' end: 206
bases trimmed in polyX tail: 18969

Duplication rate: 8.35516%

Insert size peak (evaluated by paired-end reads): 354

JSON report: PL18946_pMP_282_1_fastp_report.json
HTML report: PL18946_pMP_282_1_fastp_report.html

fastp -w 4 -q 30 -i PL18946_pMP_282_1_S185_L001_R1_001.fastq.gz -I PL18946_pMP_282_1_S185_L001_R2_001.fastq.gz -o PL18946_pMP_282_1_R1_trimmed.fastq -O PL18946_pMP_282_1_R2_trimmed.fastq -h PL18946_pMP_282_1_fastp_report.html -j PL18946_pMP_282_1_fastp_report.json -R PL18946_pMP_282_1_fastp_report --adapter_sequence CTGTCTCTTATACAC --adapter_sequence_r2 TGTATAAGAGACAG -x -y 
fastp v0.22.0, time used: 1 seconds
