[map] task=106 line=107 uid=PL18943 folder=Gene_Circuits_222026/PL18943_pMP_280_2 ref=pMP_280.fa
Running the plasmid-seq pipeline with the following arguments: 
fastQ_f: PL18943_pMP_280_2_S182_L001_R1_001.fastq.gz
fastQ_r: PL18943_pMP_280_2_S182_L001_R2_001.fastq.gz
fastaRef: pMP_280.fa
skipSpadesDenovoAssembly: 1
cleanSPADES: 0
qval: 30
minLengthSPADES: 300
uniqueID: PL18943
runUnicycler: 1
skipping: 
assembleUnmappedReads: FALSE

89 reads; of these:
  89 (100.00%) were paired; of these:
    40 (44.94%) aligned concordantly 0 times
    49 (55.06%) aligned concordantly exactly 1 time
    0 (0.00%) aligned concordantly >1 times
    ----
    40 pairs aligned concordantly 0 times; of these:
      9 (22.50%) aligned discordantly 1 time
    ----
    31 pairs aligned 0 times concordantly or discordantly; of these:
      62 mates make up the pairs; of these:
        61 (98.39%) aligned 0 times
        1 (1.61%) aligned exactly 1 time
        0 (0.00%) aligned >1 times
65.73% overall alignment rate
