Read1 before filtering:
total reads: 3293
total bases: 1024123
Q20 bases: 1009809(98.6023%)
Q30 bases: 984743(96.1548%)

Read2 before filtering:
total reads: 3293
total bases: 1024123
Q20 bases: 1018746(99.475%)
Q30 bases: 1004023(98.0373%)

Read1 after filtering:
total reads: 3209
total bases: 827380
Q20 bases: 826743(99.923%)
Q30 bases: 820988(99.2274%)

Read2 after filtering:
total reads: 3209
total bases: 827355
Q20 bases: 826546(99.9022%)
Q30 bases: 821021(99.2344%)

Filtering result:
reads passed filter: 6418
reads failed due to low quality: 130
reads failed due to too many N: 0
reads failed due to too short: 38
reads failed due to low complexity: 0
reads with adapter trimmed: 3557
bases trimmed due to adapters: 348991
reads with polyX in 3' end: 16
bases trimmed in polyX tail: 2955

Duplication rate: 3.95137%

Insert size peak (evaluated by paired-end reads): 165

JSON report: PL18775_pLD048_24_fastp_report.json
HTML report: PL18775_pLD048_24_fastp_report.html

fastp -w 4 -q 30 -i PL18775_pLD048_24_S14_L001_R1_001.fastq.gz -I PL18775_pLD048_24_S14_L001_R2_001.fastq.gz -o PL18775_pLD048_24_R1_trimmed.fastq -O PL18775_pLD048_24_R2_trimmed.fastq -h PL18775_pLD048_24_fastp_report.html -j PL18775_pLD048_24_fastp_report.json -R PL18775_pLD048_24_fastp_report --adapter_sequence CTGTCTCTTATACAC --adapter_sequence_r2 TGTATAAGAGACAG -x -y 
fastp v0.22.0, time used: 1 seconds
