Read1 before filtering:
total reads: 9501
total bases: 2954811
Q20 bases: 2928295(99.1026%)
Q30 bases: 2871293(97.1735%)

Read2 before filtering:
total reads: 9501
total bases: 2954811
Q20 bases: 2939639(99.4865%)
Q30 bases: 2896180(98.0157%)

Read1 after filtering:
total reads: 9298
total bases: 2546570
Q20 bases: 2544122(99.9039%)
Q30 bases: 2526266(99.2027%)

Read2 after filtering:
total reads: 9298
total bases: 2546590
Q20 bases: 2543198(99.8668%)
Q30 bases: 2523249(99.0834%)

Filtering result:
reads passed filter: 18596
reads failed due to low quality: 348
reads failed due to too many N: 0
reads failed due to too short: 56
reads failed due to low complexity: 2
reads with adapter trimmed: 8144
bases trimmed due to adapters: 704765
reads with polyX in 3' end: 14
bases trimmed in polyX tail: 2298

Duplication rate: 5.65401%

Insert size peak (evaluated by paired-end reads): 282

JSON report: PL18766_pLD048_15_fastp_report.json
HTML report: PL18766_pLD048_15_fastp_report.html

fastp -w 4 -q 30 -i PL18766_pLD048_15_S5_L001_R1_001.fastq.gz -I PL18766_pLD048_15_S5_L001_R2_001.fastq.gz -o PL18766_pLD048_15_R1_trimmed.fastq -O PL18766_pLD048_15_R2_trimmed.fastq -h PL18766_pLD048_15_fastp_report.html -j PL18766_pLD048_15_fastp_report.json -R PL18766_pLD048_15_fastp_report --adapter_sequence CTGTCTCTTATACAC --adapter_sequence_r2 TGTATAAGAGACAG -x -y 
fastp v0.22.0, time used: 0 seconds
