Read1 before filtering:
total reads: 37704
total bases: 11725944
Q20 bases: 11622534(99.1181%)
Q30 bases: 11400570(97.2252%)

Read2 before filtering:
total reads: 37704
total bases: 11725944
Q20 bases: 11666878(99.4963%)
Q30 bases: 11492073(98.0055%)

Read1 after filtering:
total reads: 36961
total bases: 10258117
Q20 bases: 10249664(99.9176%)
Q30 bases: 10183168(99.2694%)

Read2 after filtering:
total reads: 36961
total bases: 10258605
Q20 bases: 10248133(99.8979%)
Q30 bases: 10172817(99.1637%)

Filtering result:
reads passed filter: 73922
reads failed due to low quality: 1400
reads failed due to too many N: 0
reads failed due to too short: 74
reads failed due to low complexity: 12
reads with adapter trimmed: 31836
bases trimmed due to adapters: 2501765
reads with polyX in 3' end: 151
bases trimmed in polyX tail: 15515

Duplication rate: 6.79356%

Insert size peak (evaluated by paired-end reads): 265

JSON report: PL18837_pMP_286_2_fastp_report.json
HTML report: PL18837_pMP_286_2_fastp_report.html

fastp -w 4 -q 30 -i PL18837_pMP_286_2_S76_L001_R1_001.fastq.gz -I PL18837_pMP_286_2_S76_L001_R2_001.fastq.gz -o PL18837_pMP_286_2_R1_trimmed.fastq -O PL18837_pMP_286_2_R2_trimmed.fastq -h PL18837_pMP_286_2_fastp_report.html -j PL18837_pMP_286_2_fastp_report.json -R PL18837_pMP_286_2_fastp_report --adapter_sequence CTGTCTCTTATACAC --adapter_sequence_r2 TGTATAAGAGACAG -x -y 
fastp v0.22.0, time used: 1 seconds
