Read1 before filtering:
total reads: 39
total bases: 12129
Q20 bases: 11880(97.9471%)
Q30 bases: 11436(94.2864%)

Read2 before filtering:
total reads: 39
total bases: 12129
Q20 bases: 11936(98.4088%)
Q30 bases: 11586(95.5231%)

Read1 after filtering:
total reads: 36
total bases: 9970
Q20 bases: 9958(99.8796%)
Q30 bases: 9871(99.007%)

Read2 after filtering:
total reads: 36
total bases: 10046
Q20 bases: 10041(99.9502%)
Q30 bases: 10009(99.6317%)

Filtering result:
reads passed filter: 72
reads failed due to low quality: 6
reads failed due to too many N: 0
reads failed due to too short: 0
reads failed due to low complexity: 0
reads with adapter trimmed: 31
bases trimmed due to adapters: 2551
reads with polyX in 3' end: 1
bases trimmed in polyX tail: 209

Duplication rate: 0%

Insert size peak (evaluated by paired-end reads): 150

JSON report: PL18829_EHMT1_42_fastp_report.json
HTML report: PL18829_EHMT1_42_fastp_report.html

fastp -w 4 -q 30 -i PL18829_EHMT1_42_S68_L001_R1_001.fastq.gz -I PL18829_EHMT1_42_S68_L001_R2_001.fastq.gz -o PL18829_EHMT1_42_R1_trimmed.fastq -O PL18829_EHMT1_42_R2_trimmed.fastq -h PL18829_EHMT1_42_fastp_report.html -j PL18829_EHMT1_42_fastp_report.json -R PL18829_EHMT1_42_fastp_report --adapter_sequence CTGTCTCTTATACAC --adapter_sequence_r2 TGTATAAGAGACAG -x -y 
fastp v0.22.0, time used: 0 seconds
