Read1 before filtering:
total reads: 59679
total bases: 18560169
Q20 bases: 18409319(99.1872%)
Q30 bases: 18015400(97.0648%)

Read2 before filtering:
total reads: 59679
total bases: 18560169
Q20 bases: 18451065(99.4122%)
Q30 bases: 18137510(97.7228%)

Read1 after filtering:
total reads: 58328
total bases: 16022322
Q20 bases: 16007795(99.9093%)
Q30 bases: 15894168(99.2002%)

Read2 after filtering:
total reads: 58328
total bases: 16023872
Q20 bases: 16002883(99.869%)
Q30 bases: 15867917(99.0267%)

Filtering result:
reads passed filter: 116656
reads failed due to low quality: 2578
reads failed due to too many N: 0
reads failed due to too short: 116
reads failed due to low complexity: 8
reads with adapter trimmed: 49402
bases trimmed due to adapters: 4293165
reads with polyX in 3' end: 342
bases trimmed in polyX tail: 26190

Duplication rate: 10.0541%

Insert size peak (evaluated by paired-end reads): 302

JSON report: PL18885_pFL_190_2_fastp_report.json
HTML report: PL18885_pFL_190_2_fastp_report.html

fastp -w 4 -q 30 -i PL18885_pFL_190_2_S124_L001_R1_001.fastq.gz -I PL18885_pFL_190_2_S124_L001_R2_001.fastq.gz -o PL18885_pFL_190_2_R1_trimmed.fastq -O PL18885_pFL_190_2_R2_trimmed.fastq -h PL18885_pFL_190_2_fastp_report.html -j PL18885_pFL_190_2_fastp_report.json -R PL18885_pFL_190_2_fastp_report --adapter_sequence CTGTCTCTTATACAC --adapter_sequence_r2 TGTATAAGAGACAG -x -y 
fastp v0.22.0, time used: 0 seconds
