Read1 before filtering:
total reads: 215
total bases: 66865
Q20 bases: 64138(95.9216%)
Q30 bases: 60177(89.9978%)

Read2 before filtering:
total reads: 215
total bases: 66865
Q20 bases: 65938(98.6136%)
Q30 bases: 64202(96.0173%)

Read1 after filtering:
total reads: 208
total bases: 40685
Q20 bases: 40649(99.9115%)
Q30 bases: 40303(99.0611%)

Read2 after filtering:
total reads: 208
total bases: 40842
Q20 bases: 40771(99.8262%)
Q30 bases: 40403(98.9251%)

Filtering result:
reads passed filter: 416
reads failed due to low quality: 14
reads failed due to too many N: 0
reads failed due to too short: 0
reads failed due to low complexity: 0
reads with adapter trimmed: 306
bases trimmed due to adapters: 48831
reads with polyX in 3' end: 2
bases trimmed in polyX tail: 432

Duplication rate: 0.465116%

Insert size peak (evaluated by paired-end reads): 99

JSON report: PL18790_EHMT1_03_fastp_report.json
HTML report: PL18790_EHMT1_03_fastp_report.html

fastp -w 4 -q 30 -i PL18790_EHMT1_03_S29_L001_R1_001.fastq.gz -I PL18790_EHMT1_03_S29_L001_R2_001.fastq.gz -o PL18790_EHMT1_03_R1_trimmed.fastq -O PL18790_EHMT1_03_R2_trimmed.fastq -h PL18790_EHMT1_03_fastp_report.html -j PL18790_EHMT1_03_fastp_report.json -R PL18790_EHMT1_03_fastp_report --adapter_sequence CTGTCTCTTATACAC --adapter_sequence_r2 TGTATAAGAGACAG -x -y 
fastp v0.22.0, time used: 0 seconds
