[map] task=38 line=39 uid=PL18884 folder=BLADE_FL_222026/PL18884_pFL_190_1 ref=pFL_190.fa
Running the plasmid-seq pipeline with the following arguments: 
fastQ_f: PL18884_pFL_190_1_S123_L001_R1_001.fastq.gz
fastQ_r: PL18884_pFL_190_1_S123_L001_R2_001.fastq.gz
fastaRef: pFL_190.fa
skipSpadesDenovoAssembly: 1
cleanSPADES: 0
qval: 30
minLengthSPADES: 300
uniqueID: PL18884
runUnicycler: 1
skipping: 
assembleUnmappedReads: FALSE

53511 reads; of these:
  53511 (100.00%) were paired; of these:
    12140 (22.69%) aligned concordantly 0 times
    41371 (77.31%) aligned concordantly exactly 1 time
    0 (0.00%) aligned concordantly >1 times
    ----
    12140 pairs aligned concordantly 0 times; of these:
      8423 (69.38%) aligned discordantly 1 time
    ----
    3717 pairs aligned 0 times concordantly or discordantly; of these:
      7434 mates make up the pairs; of these:
        5600 (75.33%) aligned 0 times
        1834 (24.67%) aligned exactly 1 time
        0 (0.00%) aligned >1 times
94.77% overall alignment rate
