[map] task=8 line=9 uid=PL18961 folder=600cycle_longInsert_PlasmidSeq_222026/PL18961_BEP014 ref=BEP014_p65-HSF1.fa
Running the plasmid-seq pipeline with the following arguments: 
fastQ_f: PL18961_BEP014_S200_L001_R1_001.fastq.gz
fastQ_r: PL18961_BEP014_S200_L001_R2_001.fastq.gz
fastaRef: BEP014_p65-HSF1.fa
skipSpadesDenovoAssembly: 1
cleanSPADES: 0
qval: 30
minLengthSPADES: 300
uniqueID: PL18961
runUnicycler: 1
skipping: 
assembleUnmappedReads: FALSE

73274 reads; of these:
  73274 (100.00%) were paired; of these:
    37765 (51.54%) aligned concordantly 0 times
    35443 (48.37%) aligned concordantly exactly 1 time
    66 (0.09%) aligned concordantly >1 times
    ----
    37765 pairs aligned concordantly 0 times; of these:
      34756 (92.03%) aligned discordantly 1 time
    ----
    3009 pairs aligned 0 times concordantly or discordantly; of these:
      6018 mates make up the pairs; of these:
        3916 (65.07%) aligned 0 times
        2101 (34.91%) aligned exactly 1 time
        1 (0.02%) aligned >1 times
97.33% overall alignment rate
