[map] task=41 line=42 uid=PL18887 folder=BLADE_FL_222026/PL18887_pFL_191V1_2 ref=pFL_191V1.fa
Running the plasmid-seq pipeline with the following arguments: 
fastQ_f: PL18887_pFL_191V1_2_S126_L001_R1_001.fastq.gz
fastQ_r: PL18887_pFL_191V1_2_S126_L001_R2_001.fastq.gz
fastaRef: pFL_191V1.fa
skipSpadesDenovoAssembly: 1
cleanSPADES: 0
qval: 30
minLengthSPADES: 300
uniqueID: PL18887
runUnicycler: 1
skipping: 
assembleUnmappedReads: FALSE

24418 reads; of these:
  24418 (100.00%) were paired; of these:
    4375 (17.92%) aligned concordantly 0 times
    20043 (82.08%) aligned concordantly exactly 1 time
    0 (0.00%) aligned concordantly >1 times
    ----
    4375 pairs aligned concordantly 0 times; of these:
      2769 (63.29%) aligned discordantly 1 time
    ----
    1606 pairs aligned 0 times concordantly or discordantly; of these:
      3212 mates make up the pairs; of these:
        2569 (79.98%) aligned 0 times
        643 (20.02%) aligned exactly 1 time
        0 (0.00%) aligned >1 times
94.74% overall alignment rate
