Read1 before filtering:
total reads: 38942
total bases: 12110962
Q20 bases: 11966109(98.804%)
Q30 bases: 11709145(96.6822%)

Read2 before filtering:
total reads: 38942
total bases: 12110962
Q20 bases: 12052832(99.52%)
Q30 bases: 11868116(97.9948%)

Read1 after filtering:
total reads: 38130
total bases: 10603071
Q20 bases: 10593696(99.9116%)
Q30 bases: 10518730(99.2046%)

Read2 after filtering:
total reads: 38130
total bases: 10602932
Q20 bases: 10592333(99.9%)
Q30 bases: 10514114(99.1623%)

Filtering result:
reads passed filter: 76260
reads failed due to low quality: 1538
reads failed due to too many N: 0
reads failed due to too short: 84
reads failed due to low complexity: 2
reads with adapter trimmed: 32601
bases trimmed due to adapters: 2544467
reads with polyX in 3' end: 141
bases trimmed in polyX tail: 15168

Duplication rate: 6.48208%

Insert size peak (evaluated by paired-end reads): 382

JSON report: PL18840_pMP_288_1_fastp_report.json
HTML report: PL18840_pMP_288_1_fastp_report.html

fastp -w 4 -q 30 -i PL18840_pMP_288_1_S79_L001_R1_001.fastq.gz -I PL18840_pMP_288_1_S79_L001_R2_001.fastq.gz -o PL18840_pMP_288_1_R1_trimmed.fastq -O PL18840_pMP_288_1_R2_trimmed.fastq -h PL18840_pMP_288_1_fastp_report.html -j PL18840_pMP_288_1_fastp_report.json -R PL18840_pMP_288_1_fastp_report --adapter_sequence CTGTCTCTTATACAC --adapter_sequence_r2 TGTATAAGAGACAG -x -y 
fastp v0.22.0, time used: 0 seconds
