[map] task=142 line=143 uid=PL18805 folder=NDD_CRISPR_222026/PL18805_EHMT1_18 ref=EHMT1.fa
Running the plasmid-seq pipeline with the following arguments: 
fastQ_f: PL18805_EHMT1_18_S44_L001_R1_001.fastq.gz
fastQ_r: PL18805_EHMT1_18_S44_L001_R2_001.fastq.gz
fastaRef: EHMT1.fa
skipSpadesDenovoAssembly: 1
cleanSPADES: 0
qval: 30
minLengthSPADES: 300
uniqueID: PL18805
runUnicycler: 1
skipping: 
assembleUnmappedReads: FALSE

87 reads; of these:
  87 (100.00%) were paired; of these:
    68 (78.16%) aligned concordantly 0 times
    19 (21.84%) aligned concordantly exactly 1 time
    0 (0.00%) aligned concordantly >1 times
    ----
    68 pairs aligned concordantly 0 times; of these:
      1 (1.47%) aligned discordantly 1 time
    ----
    67 pairs aligned 0 times concordantly or discordantly; of these:
      134 mates make up the pairs; of these:
        134 (100.00%) aligned 0 times
        0 (0.00%) aligned exactly 1 time
        0 (0.00%) aligned >1 times
22.99% overall alignment rate
