[map] task=39 line=40 uid=PL18885 folder=BLADE_FL_222026/PL18885_pFL_190_2 ref=pFL_190.fa
Running the plasmid-seq pipeline with the following arguments: 
fastQ_f: PL18885_pFL_190_2_S124_L001_R1_001.fastq.gz
fastQ_r: PL18885_pFL_190_2_S124_L001_R2_001.fastq.gz
fastaRef: pFL_190.fa
skipSpadesDenovoAssembly: 1
cleanSPADES: 0
qval: 30
minLengthSPADES: 300
uniqueID: PL18885
runUnicycler: 1
skipping: 
assembleUnmappedReads: FALSE

58328 reads; of these:
  58328 (100.00%) were paired; of these:
    11353 (19.46%) aligned concordantly 0 times
    46975 (80.54%) aligned concordantly exactly 1 time
    0 (0.00%) aligned concordantly >1 times
    ----
    11353 pairs aligned concordantly 0 times; of these:
      7319 (64.47%) aligned discordantly 1 time
    ----
    4034 pairs aligned 0 times concordantly or discordantly; of these:
      8068 mates make up the pairs; of these:
        6229 (77.21%) aligned 0 times
        1839 (22.79%) aligned exactly 1 time
        0 (0.00%) aligned >1 times
94.66% overall alignment rate
