[map] task=199 line=200 uid=PL18953 folder=plasmid-seq-ctrl_222026/PL18953_plasmid_seq_ctrl ref=P107_pLVXG0_MAP2_Sun1_eGFP_Flag_sequenced.fa
Running the plasmid-seq pipeline with the following arguments: 
fastQ_f: PL18953_plasmid_seq_ctrl_S192_L001_R1_001.fastq.gz
fastQ_r: PL18953_plasmid_seq_ctrl_S192_L001_R2_001.fastq.gz
fastaRef: P107_pLVXG0_MAP2_Sun1_eGFP_Flag_sequenced.fa
skipSpadesDenovoAssembly: 1
cleanSPADES: 0
qval: 30
minLengthSPADES: 300
uniqueID: PL18953
runUnicycler: 1
skipping: 
assembleUnmappedReads: FALSE

36 reads; of these:
  36 (100.00%) were paired; of these:
    27 (75.00%) aligned concordantly 0 times
    9 (25.00%) aligned concordantly exactly 1 time
    0 (0.00%) aligned concordantly >1 times
    ----
    27 pairs aligned concordantly 0 times; of these:
      2 (7.41%) aligned discordantly 1 time
    ----
    25 pairs aligned 0 times concordantly or discordantly; of these:
      50 mates make up the pairs; of these:
        49 (98.00%) aligned 0 times
        1 (2.00%) aligned exactly 1 time
        0 (0.00%) aligned >1 times
31.94% overall alignment rate
