[map] task=154 line=155 uid=PL18817 folder=NDD_CRISPR_222026/PL18817_EHMT1_30 ref=EHMT1.fa
Running the plasmid-seq pipeline with the following arguments: 
fastQ_f: PL18817_EHMT1_30_S56_L001_R1_001.fastq.gz
fastQ_r: PL18817_EHMT1_30_S56_L001_R2_001.fastq.gz
fastaRef: EHMT1.fa
skipSpadesDenovoAssembly: 1
cleanSPADES: 0
qval: 30
minLengthSPADES: 300
uniqueID: PL18817
runUnicycler: 1
skipping: 
assembleUnmappedReads: FALSE

56 reads; of these:
  56 (100.00%) were paired; of these:
    41 (73.21%) aligned concordantly 0 times
    15 (26.79%) aligned concordantly exactly 1 time
    0 (0.00%) aligned concordantly >1 times
    ----
    41 pairs aligned concordantly 0 times; of these:
      2 (4.88%) aligned discordantly 1 time
    ----
    39 pairs aligned 0 times concordantly or discordantly; of these:
      78 mates make up the pairs; of these:
        76 (97.44%) aligned 0 times
        2 (2.56%) aligned exactly 1 time
        0 (0.00%) aligned >1 times
32.14% overall alignment rate
