[map] task=68 line=69 uid=PL18914 folder=BLADE_FL_222026/PL18914_pFL_214_1 ref=PFL_214.fa
Running the plasmid-seq pipeline with the following arguments: 
fastQ_f: PL18914_pFL_214_1_S153_L001_R1_001.fastq.gz
fastQ_r: PL18914_pFL_214_1_S153_L001_R2_001.fastq.gz
fastaRef: PFL_214.fa
skipSpadesDenovoAssembly: 1
cleanSPADES: 0
qval: 30
minLengthSPADES: 300
uniqueID: PL18914
runUnicycler: 1
skipping: 
assembleUnmappedReads: FALSE

50296 reads; of these:
  50296 (100.00%) were paired; of these:
    11424 (22.71%) aligned concordantly 0 times
    33609 (66.82%) aligned concordantly exactly 1 time
    5263 (10.46%) aligned concordantly >1 times
    ----
    11424 pairs aligned concordantly 0 times; of these:
      8373 (73.29%) aligned discordantly 1 time
    ----
    3051 pairs aligned 0 times concordantly or discordantly; of these:
      6102 mates make up the pairs; of these:
        2300 (37.69%) aligned 0 times
        1937 (31.74%) aligned exactly 1 time
        1865 (30.56%) aligned >1 times
97.71% overall alignment rate
