[map] task=26 line=27 uid=PL18872 folder=BLADE_FL_222026/PL18872_pFL_184_2 ref=pFL_184.fa
Running the plasmid-seq pipeline with the following arguments: 
fastQ_f: PL18872_pFL_184_2_S111_L001_R1_001.fastq.gz
fastQ_r: PL18872_pFL_184_2_S111_L001_R2_001.fastq.gz
fastaRef: pFL_184.fa
skipSpadesDenovoAssembly: 1
cleanSPADES: 0
qval: 30
minLengthSPADES: 300
uniqueID: PL18872
runUnicycler: 1
skipping: 
assembleUnmappedReads: FALSE

2951 reads; of these:
  2951 (100.00%) were paired; of these:
    410 (13.89%) aligned concordantly 0 times
    2541 (86.11%) aligned concordantly exactly 1 time
    0 (0.00%) aligned concordantly >1 times
    ----
    410 pairs aligned concordantly 0 times; of these:
      197 (48.05%) aligned discordantly 1 time
    ----
    213 pairs aligned 0 times concordantly or discordantly; of these:
      426 mates make up the pairs; of these:
        381 (89.44%) aligned 0 times
        45 (10.56%) aligned exactly 1 time
        0 (0.00%) aligned >1 times
93.54% overall alignment rate
