Read1 before filtering:
total reads: 199
total bases: 61889
Q20 bases: 60453(97.6797%)
Q30 bases: 58141(93.944%)

Read2 before filtering:
total reads: 199
total bases: 61889
Q20 bases: 61352(99.1323%)
Q30 bases: 60144(97.1804%)

Read1 after filtering:
total reads: 194
total bases: 50299
Q20 bases: 50196(99.7952%)
Q30 bases: 49576(98.5626%)

Read2 after filtering:
total reads: 194
total bases: 50299
Q20 bases: 50212(99.827%)
Q30 bases: 49712(98.833%)

Filtering result:
reads passed filter: 388
reads failed due to low quality: 8
reads failed due to too many N: 0
reads failed due to too short: 2
reads failed due to low complexity: 0
reads with adapter trimmed: 194
bases trimmed due to adapters: 20460
reads with polyX in 3' end: 1
bases trimmed in polyX tail: 311

Duplication rate: 0.502513%

Insert size peak (evaluated by paired-end reads): 255

JSON report: PL18833_SETD1B_01_fastp_report.json
HTML report: PL18833_SETD1B_01_fastp_report.html

fastp -w 4 -q 30 -i PL18833_SETD1B_01_S72_L001_R1_001.fastq.gz -I PL18833_SETD1B_01_S72_L001_R2_001.fastq.gz -o PL18833_SETD1B_01_R1_trimmed.fastq -O PL18833_SETD1B_01_R2_trimmed.fastq -h PL18833_SETD1B_01_fastp_report.html -j PL18833_SETD1B_01_fastp_report.json -R PL18833_SETD1B_01_fastp_report --adapter_sequence CTGTCTCTTATACAC --adapter_sequence_r2 TGTATAAGAGACAG -x -y 
fastp v0.22.0, time used: 0 seconds
