[map] task=43 line=44 uid=PL18889 folder=BLADE_FL_222026/PL18889_pFL_191V2_2 ref=pFL_191V2.fa
Running the plasmid-seq pipeline with the following arguments: 
fastQ_f: PL18889_pFL_191V2_2_S128_L001_R1_001.fastq.gz
fastQ_r: PL18889_pFL_191V2_2_S128_L001_R2_001.fastq.gz
fastaRef: pFL_191V2.fa
skipSpadesDenovoAssembly: 1
cleanSPADES: 0
qval: 30
minLengthSPADES: 300
uniqueID: PL18889
runUnicycler: 1
skipping: 
assembleUnmappedReads: FALSE

16560 reads; of these:
  16560 (100.00%) were paired; of these:
    3040 (18.36%) aligned concordantly 0 times
    13520 (81.64%) aligned concordantly exactly 1 time
    0 (0.00%) aligned concordantly >1 times
    ----
    3040 pairs aligned concordantly 0 times; of these:
      1874 (61.64%) aligned discordantly 1 time
    ----
    1166 pairs aligned 0 times concordantly or discordantly; of these:
      2332 mates make up the pairs; of these:
        1863 (79.89%) aligned 0 times
        469 (20.11%) aligned exactly 1 time
        0 (0.00%) aligned >1 times
94.38% overall alignment rate
