Read1 before filtering:
total reads: 71254
total bases: 22159994
Q20 bases: 21911142(98.877%)
Q30 bases: 21455529(96.821%)

Read2 before filtering:
total reads: 71254
total bases: 22159994
Q20 bases: 22042337(99.4691%)
Q30 bases: 21678501(97.8272%)

Read1 after filtering:
total reads: 69720
total bases: 19711053
Q20 bases: 19694155(99.9143%)
Q30 bases: 19561095(99.2392%)

Read2 after filtering:
total reads: 69720
total bases: 19710842
Q20 bases: 19688760(99.888%)
Q30 bases: 19531529(99.0903%)

Filtering result:
reads passed filter: 139440
reads failed due to low quality: 2916
reads failed due to too many N: 0
reads failed due to too short: 142
reads failed due to low complexity: 10
reads with adapter trimmed: 51300
bases trimmed due to adapters: 3995581
reads with polyX in 3' end: 247
bases trimmed in polyX tail: 26047

Duplication rate: 7.3167%

Insert size peak (evaluated by paired-end reads): 344

JSON report: PL18944_pMP_281_1_fastp_report.json
HTML report: PL18944_pMP_281_1_fastp_report.html

fastp -w 4 -q 30 -i PL18944_pMP_281_1_S183_L001_R1_001.fastq.gz -I PL18944_pMP_281_1_S183_L001_R2_001.fastq.gz -o PL18944_pMP_281_1_R1_trimmed.fastq -O PL18944_pMP_281_1_R2_trimmed.fastq -h PL18944_pMP_281_1_fastp_report.html -j PL18944_pMP_281_1_fastp_report.json -R PL18944_pMP_281_1_fastp_report --adapter_sequence CTGTCTCTTATACAC --adapter_sequence_r2 TGTATAAGAGACAG -x -y 
fastp v0.22.0, time used: 1 seconds
