[map] task=66 line=67 uid=PL18912 folder=BLADE_FL_222026/PL18912_pFL_212_1 ref=pFL_212.fa
Running the plasmid-seq pipeline with the following arguments: 
fastQ_f: PL18912_pFL_212_1_S151_L001_R1_001.fastq.gz
fastQ_r: PL18912_pFL_212_1_S151_L001_R2_001.fastq.gz
fastaRef: pFL_212.fa
skipSpadesDenovoAssembly: 1
cleanSPADES: 0
qval: 30
minLengthSPADES: 300
uniqueID: PL18912
runUnicycler: 1
skipping: 
assembleUnmappedReads: FALSE

37721 reads; of these:
  37721 (100.00%) were paired; of these:
    12859 (34.09%) aligned concordantly 0 times
    24862 (65.91%) aligned concordantly exactly 1 time
    0 (0.00%) aligned concordantly >1 times
    ----
    12859 pairs aligned concordantly 0 times; of these:
      4733 (36.81%) aligned discordantly 1 time
    ----
    8126 pairs aligned 0 times concordantly or discordantly; of these:
      16252 mates make up the pairs; of these:
        15201 (93.53%) aligned 0 times
        1051 (6.47%) aligned exactly 1 time
        0 (0.00%) aligned >1 times
79.85% overall alignment rate
