Read1 before filtering:
total reads: 5027
total bases: 1563397
Q20 bases: 1551425(99.2342%)
Q30 bases: 1517139(97.0412%)

Read2 before filtering:
total reads: 5027
total bases: 1563397
Q20 bases: 1555140(99.4719%)
Q30 bases: 1531155(97.9377%)

Read1 after filtering:
total reads: 4849
total bases: 1274490
Q20 bases: 1273416(99.9157%)
Q30 bases: 1265011(99.2563%)

Read2 after filtering:
total reads: 4849
total bases: 1274602
Q20 bases: 1273151(99.8862%)
Q30 bases: 1263475(99.127%)

Filtering result:
reads passed filter: 9698
reads failed due to low quality: 198
reads failed due to too many N: 0
reads failed due to too short: 156
reads failed due to low complexity: 2
reads with adapter trimmed: 5104
bases trimmed due to adapters: 472517
reads with polyX in 3' end: 112
bases trimmed in polyX tail: 25639

Duplication rate: 6.90068%

Insert size peak (evaluated by paired-end reads): 273

JSON report: PL18858_pFL_176_1_fastp_report.json
HTML report: PL18858_pFL_176_1_fastp_report.html

fastp -w 4 -q 30 -i PL18858_pFL_176_1_S97_L001_R1_001.fastq.gz -I PL18858_pFL_176_1_S97_L001_R2_001.fastq.gz -o PL18858_pFL_176_1_R1_trimmed.fastq -O PL18858_pFL_176_1_R2_trimmed.fastq -h PL18858_pFL_176_1_fastp_report.html -j PL18858_pFL_176_1_fastp_report.json -R PL18858_pFL_176_1_fastp_report --adapter_sequence CTGTCTCTTATACAC --adapter_sequence_r2 TGTATAAGAGACAG -x -y 
fastp v0.22.0, time used: 0 seconds
