[map] task=187 line=188 uid=PL18777 folder=Neuronal_Maturation_222026/PL18777_pLD058_02 ref=pLD058_LVX_U6_BC_BORG_pMAP2_RORA_WPRE_pEFS_TagBFP2.fa
Running the plasmid-seq pipeline with the following arguments: 
fastQ_f: PL18777_pLD058_02_S16_L001_R1_001.fastq.gz
fastQ_r: PL18777_pLD058_02_S16_L001_R2_001.fastq.gz
fastaRef: pLD058_LVX_U6_BC_BORG_pMAP2_RORA_WPRE_pEFS_TagBFP2.fa
skipSpadesDenovoAssembly: 1
cleanSPADES: 0
qval: 30
minLengthSPADES: 300
uniqueID: PL18777
runUnicycler: 1
skipping: 
assembleUnmappedReads: FALSE

25053 reads; of these:
  25053 (100.00%) were paired; of these:
    6117 (24.42%) aligned concordantly 0 times
    17436 (69.60%) aligned concordantly exactly 1 time
    1500 (5.99%) aligned concordantly >1 times
    ----
    6117 pairs aligned concordantly 0 times; of these:
      4384 (71.67%) aligned discordantly 1 time
    ----
    1733 pairs aligned 0 times concordantly or discordantly; of these:
      3466 mates make up the pairs; of these:
        2056 (59.32%) aligned 0 times
        869 (25.07%) aligned exactly 1 time
        541 (15.61%) aligned >1 times
95.90% overall alignment rate
