[map] task=65 line=66 uid=PL18911 folder=BLADE_FL_222026/PL18911_pFL_211_2 ref=pFL_211.fa
Running the plasmid-seq pipeline with the following arguments: 
fastQ_f: PL18911_pFL_211_2_S150_L001_R1_001.fastq.gz
fastQ_r: PL18911_pFL_211_2_S150_L001_R2_001.fastq.gz
fastaRef: pFL_211.fa
skipSpadesDenovoAssembly: 1
cleanSPADES: 0
qval: 30
minLengthSPADES: 300
uniqueID: PL18911
runUnicycler: 1
skipping: 
assembleUnmappedReads: FALSE

43546 reads; of these:
  43546 (100.00%) were paired; of these:
    8979 (20.62%) aligned concordantly 0 times
    34061 (78.22%) aligned concordantly exactly 1 time
    506 (1.16%) aligned concordantly >1 times
    ----
    8979 pairs aligned concordantly 0 times; of these:
      7256 (80.81%) aligned discordantly 1 time
    ----
    1723 pairs aligned 0 times concordantly or discordantly; of these:
      3446 mates make up the pairs; of these:
        2033 (59.00%) aligned 0 times
        853 (24.75%) aligned exactly 1 time
        560 (16.25%) aligned >1 times
97.67% overall alignment rate
