Read1 before filtering:
total reads: 54673
total bases: 17003303
Q20 bases: 16777236(98.6705%)
Q30 bases: 16353633(96.1792%)

Read2 before filtering:
total reads: 54673
total bases: 17003303
Q20 bases: 16918316(99.5002%)
Q30 bases: 16651095(97.9286%)

Read1 after filtering:
total reads: 53511
total bases: 14901693
Q20 bases: 14886489(99.898%)
Q30 bases: 14765168(99.0838%)

Read2 after filtering:
total reads: 53511
total bases: 14902746
Q20 bases: 14883195(99.8688%)
Q30 bases: 14757776(99.0272%)

Filtering result:
reads passed filter: 107022
reads failed due to low quality: 2228
reads failed due to too many N: 0
reads failed due to too short: 90
reads failed due to low complexity: 6
reads with adapter trimmed: 41456
bases trimmed due to adapters: 3530854
reads with polyX in 3' end: 290
bases trimmed in polyX tail: 20963

Duplication rate: 7.72746%

Insert size peak (evaluated by paired-end reads): 296

JSON report: PL18884_pFL_190_1_fastp_report.json
HTML report: PL18884_pFL_190_1_fastp_report.html

fastp -w 4 -q 30 -i PL18884_pFL_190_1_S123_L001_R1_001.fastq.gz -I PL18884_pFL_190_1_S123_L001_R2_001.fastq.gz -o PL18884_pFL_190_1_R1_trimmed.fastq -O PL18884_pFL_190_1_R2_trimmed.fastq -h PL18884_pFL_190_1_fastp_report.html -j PL18884_pFL_190_1_fastp_report.json -R PL18884_pFL_190_1_fastp_report --adapter_sequence CTGTCTCTTATACAC --adapter_sequence_r2 TGTATAAGAGACAG -x -y 
fastp v0.22.0, time used: 1 seconds
