[map] task=135 line=136 uid=PL18798 folder=NDD_CRISPR_222026/PL18798_EHMT1_11 ref=EHMT1.fa
Running the plasmid-seq pipeline with the following arguments: 
fastQ_f: PL18798_EHMT1_11_S37_L001_R1_001.fastq.gz
fastQ_r: PL18798_EHMT1_11_S37_L001_R2_001.fastq.gz
fastaRef: EHMT1.fa
skipSpadesDenovoAssembly: 1
cleanSPADES: 0
qval: 30
minLengthSPADES: 300
uniqueID: PL18798
runUnicycler: 1
skipping: 
assembleUnmappedReads: FALSE

115 reads; of these:
  115 (100.00%) were paired; of these:
    53 (46.09%) aligned concordantly 0 times
    62 (53.91%) aligned concordantly exactly 1 time
    0 (0.00%) aligned concordantly >1 times
    ----
    53 pairs aligned concordantly 0 times; of these:
      3 (5.66%) aligned discordantly 1 time
    ----
    50 pairs aligned 0 times concordantly or discordantly; of these:
      100 mates make up the pairs; of these:
        100 (100.00%) aligned 0 times
        0 (0.00%) aligned exactly 1 time
        0 (0.00%) aligned >1 times
56.52% overall alignment rate
