Read1 before filtering:
total reads: 76
total bases: 23636
Q20 bases: 23100(97.7323%)
Q30 bases: 22286(94.2884%)

Read2 before filtering:
total reads: 76
total bases: 23636
Q20 bases: 23555(99.6573%)
Q30 bases: 23320(98.6631%)

Read1 after filtering:
total reads: 75
total bases: 17298
Q20 bases: 17289(99.948%)
Q30 bases: 17152(99.156%)

Read2 after filtering:
total reads: 75
total bases: 17298
Q20 bases: 17286(99.9306%)
Q30 bases: 17222(99.5606%)

Filtering result:
reads passed filter: 150
reads failed due to low quality: 2
reads failed due to too many N: 0
reads failed due to too short: 0
reads failed due to low complexity: 0
reads with adapter trimmed: 82
bases trimmed due to adapters: 12204
reads with polyX in 3' end: 0
bases trimmed in polyX tail: 0

Duplication rate: 0%

Insert size peak (evaluated by paired-end reads): 80

JSON report: PL18815_EHMT1_28_fastp_report.json
HTML report: PL18815_EHMT1_28_fastp_report.html

fastp -w 4 -q 30 -i PL18815_EHMT1_28_S54_L001_R1_001.fastq.gz -I PL18815_EHMT1_28_S54_L001_R2_001.fastq.gz -o PL18815_EHMT1_28_R1_trimmed.fastq -O PL18815_EHMT1_28_R2_trimmed.fastq -h PL18815_EHMT1_28_fastp_report.html -j PL18815_EHMT1_28_fastp_report.json -R PL18815_EHMT1_28_fastp_report --adapter_sequence CTGTCTCTTATACAC --adapter_sequence_r2 TGTATAAGAGACAG -x -y 
fastp v0.22.0, time used: 0 seconds
