[map] task=129 line=130 uid=PL18792 folder=NDD_CRISPR_222026/PL18792_EHMT1_05 ref=EHMT1.fa
Running the plasmid-seq pipeline with the following arguments: 
fastQ_f: PL18792_EHMT1_05_S31_L001_R1_001.fastq.gz
fastQ_r: PL18792_EHMT1_05_S31_L001_R2_001.fastq.gz
fastaRef: EHMT1.fa
skipSpadesDenovoAssembly: 1
cleanSPADES: 0
qval: 30
minLengthSPADES: 300
uniqueID: PL18792
runUnicycler: 1
skipping: 
assembleUnmappedReads: FALSE

369 reads; of these:
  369 (100.00%) were paired; of these:
    246 (66.67%) aligned concordantly 0 times
    122 (33.06%) aligned concordantly exactly 1 time
    1 (0.27%) aligned concordantly >1 times
    ----
    246 pairs aligned concordantly 0 times; of these:
      9 (3.66%) aligned discordantly 1 time
    ----
    237 pairs aligned 0 times concordantly or discordantly; of these:
      474 mates make up the pairs; of these:
        470 (99.16%) aligned 0 times
        4 (0.84%) aligned exactly 1 time
        0 (0.00%) aligned >1 times
36.31% overall alignment rate
