Read1 before filtering:
total reads: 25578
total bases: 7954758
Q20 bases: 7865218(98.8744%)
Q30 bases: 7702681(96.8311%)

Read2 before filtering:
total reads: 25578
total bases: 7954758
Q20 bases: 7909207(99.4274%)
Q30 bases: 7783054(97.8415%)

Read1 after filtering:
total reads: 25053
total bases: 7081509
Q20 bases: 7074478(99.9007%)
Q30 bases: 7023967(99.1874%)

Read2 after filtering:
total reads: 25053
total bases: 7081580
Q20 bases: 7071727(99.8609%)
Q30 bases: 7014394(99.0513%)

Filtering result:
reads passed filter: 50106
reads failed due to low quality: 1014
reads failed due to too many N: 0
reads failed due to too short: 36
reads failed due to low complexity: 0
reads with adapter trimmed: 17772
bases trimmed due to adapters: 1434589
reads with polyX in 3' end: 256
bases trimmed in polyX tail: 9855

Duplication rate: 5.04274%

Insert size peak (evaluated by paired-end reads): 293

JSON report: PL18777_pLD058_02_fastp_report.json
HTML report: PL18777_pLD058_02_fastp_report.html

fastp -w 4 -q 30 -i PL18777_pLD058_02_S16_L001_R1_001.fastq.gz -I PL18777_pLD058_02_S16_L001_R2_001.fastq.gz -o PL18777_pLD058_02_R1_trimmed.fastq -O PL18777_pLD058_02_R2_trimmed.fastq -h PL18777_pLD058_02_fastp_report.html -j PL18777_pLD058_02_fastp_report.json -R PL18777_pLD058_02_fastp_report --adapter_sequence CTGTCTCTTATACAC --adapter_sequence_r2 TGTATAAGAGACAG -x -y 
fastp v0.22.0, time used: 1 seconds
