Read1 before filtering:
total reads: 50677
total bases: 15760547
Q20 bases: 15591976(98.9304%)
Q30 bases: 15237100(96.6788%)

Read2 before filtering:
total reads: 50677
total bases: 15760547
Q20 bases: 15639898(99.2345%)
Q30 bases: 15326633(97.2468%)

Read1 after filtering:
total reads: 49298
total bases: 13785770
Q20 bases: 13770486(99.8891%)
Q30 bases: 13664761(99.1222%)

Read2 after filtering:
total reads: 49298
total bases: 13786074
Q20 bases: 13756876(99.7882%)
Q30 bases: 13621268(98.8045%)

Filtering result:
reads passed filter: 98596
reads failed due to low quality: 2610
reads failed due to too many N: 0
reads failed due to too short: 132
reads failed due to low complexity: 16
reads with adapter trimmed: 39582
bases trimmed due to adapters: 3159021
reads with polyX in 3' end: 196
bases trimmed in polyX tail: 21114

Duplication rate: 6.56516%

Insert size peak (evaluated by paired-end reads): 369

JSON report: PL18842_pMP_289_fastp_report.json
HTML report: PL18842_pMP_289_fastp_report.html

fastp -w 4 -q 30 -i PL18842_pMP_289_S81_L001_R1_001.fastq.gz -I PL18842_pMP_289_S81_L001_R2_001.fastq.gz -o PL18842_pMP_289_R1_trimmed.fastq -O PL18842_pMP_289_R2_trimmed.fastq -h PL18842_pMP_289_fastp_report.html -j PL18842_pMP_289_fastp_report.json -R PL18842_pMP_289_fastp_report --adapter_sequence CTGTCTCTTATACAC --adapter_sequence_r2 TGTATAAGAGACAG -x -y 
fastp v0.22.0, time used: 0 seconds
