[map] task=161 line=162 uid=PL18824 folder=NDD_CRISPR_222026/PL18824_EHMT1_37 ref=EHMT1.fa
Running the plasmid-seq pipeline with the following arguments: 
fastQ_f: PL18824_EHMT1_37_S63_L001_R1_001.fastq.gz
fastQ_r: PL18824_EHMT1_37_S63_L001_R2_001.fastq.gz
fastaRef: EHMT1.fa
skipSpadesDenovoAssembly: 1
cleanSPADES: 0
qval: 30
minLengthSPADES: 300
uniqueID: PL18824
runUnicycler: 1
skipping: 
assembleUnmappedReads: FALSE

201 reads; of these:
  201 (100.00%) were paired; of these:
    189 (94.03%) aligned concordantly 0 times
    12 (5.97%) aligned concordantly exactly 1 time
    0 (0.00%) aligned concordantly >1 times
    ----
    189 pairs aligned concordantly 0 times; of these:
      1 (0.53%) aligned discordantly 1 time
    ----
    188 pairs aligned 0 times concordantly or discordantly; of these:
      376 mates make up the pairs; of these:
        376 (100.00%) aligned 0 times
        0 (0.00%) aligned exactly 1 time
        0 (0.00%) aligned >1 times
6.47% overall alignment rate
