Read1 before filtering:
total reads: 15487
total bases: 4816457
Q20 bases: 4736329(98.3364%)
Q30 bases: 4618959(95.8995%)

Read2 before filtering:
total reads: 15487
total bases: 4816457
Q20 bases: 4791774(99.4875%)
Q30 bases: 4721553(98.0296%)

Read1 after filtering:
total reads: 15171
total bases: 3920967
Q20 bases: 3917966(99.9235%)
Q30 bases: 3892962(99.2858%)

Read2 after filtering:
total reads: 15171
total bases: 3921063
Q20 bases: 3917145(99.9001%)
Q30 bases: 3889743(99.2012%)

Filtering result:
reads passed filter: 30342
reads failed due to low quality: 600
reads failed due to too many N: 0
reads failed due to too short: 30
reads failed due to low complexity: 2
reads with adapter trimmed: 17060
bases trimmed due to adapters: 1613779
reads with polyX in 3' end: 74
bases trimmed in polyX tail: 7022

Duplication rate: 4.95338%

Insert size peak (evaluated by paired-end reads): 171

JSON report: PL18931_pCDS_FlpO_ERT2_C_fastp_report.json
HTML report: PL18931_pCDS_FlpO_ERT2_C_fastp_report.html

fastp -w 4 -q 30 -i PL18931_pCDS_FlpO_ERT2_C_S170_L001_R1_001.fastq.gz -I PL18931_pCDS_FlpO_ERT2_C_S170_L001_R2_001.fastq.gz -o PL18931_pCDS_FlpO_ERT2_C_R1_trimmed.fastq -O PL18931_pCDS_FlpO_ERT2_C_R2_trimmed.fastq -h PL18931_pCDS_FlpO_ERT2_C_fastp_report.html -j PL18931_pCDS_FlpO_ERT2_C_fastp_report.json -R PL18931_pCDS_FlpO_ERT2_C_fastp_report --adapter_sequence CTGTCTCTTATACAC --adapter_sequence_r2 TGTATAAGAGACAG -x -y 
fastp v0.22.0, time used: 0 seconds
