[map] task=71 line=72 uid=PL18917 folder=BLADE_FL_222026/PL18917_pFL_249_1 ref=pFL_249.fa
Running the plasmid-seq pipeline with the following arguments: 
fastQ_f: PL18917_pFL_249_1_S156_L001_R1_001.fastq.gz
fastQ_r: PL18917_pFL_249_1_S156_L001_R2_001.fastq.gz
fastaRef: pFL_249.fa
skipSpadesDenovoAssembly: 1
cleanSPADES: 0
qval: 30
minLengthSPADES: 300
uniqueID: PL18917
runUnicycler: 1
skipping: 
assembleUnmappedReads: FALSE

11308 reads; of these:
  11308 (100.00%) were paired; of these:
    1826 (16.15%) aligned concordantly 0 times
    9482 (83.85%) aligned concordantly exactly 1 time
    0 (0.00%) aligned concordantly >1 times
    ----
    1826 pairs aligned concordantly 0 times; of these:
      1335 (73.11%) aligned discordantly 1 time
    ----
    491 pairs aligned 0 times concordantly or discordantly; of these:
      982 mates make up the pairs; of these:
        723 (73.63%) aligned 0 times
        259 (26.37%) aligned exactly 1 time
        0 (0.00%) aligned >1 times
96.80% overall alignment rate
