Read1 before filtering:
total reads: 28205
total bases: 8771755
Q20 bases: 8634981(98.4407%)
Q30 bases: 8417219(95.9582%)

Read2 before filtering:
total reads: 28205
total bases: 8771755
Q20 bases: 8718726(99.3955%)
Q30 bases: 8563606(97.6271%)

Read1 after filtering:
total reads: 27516
total bases: 7318788
Q20 bases: 7312727(99.9172%)
Q30 bases: 7262452(99.2303%)

Read2 after filtering:
total reads: 27516
total bases: 7319964
Q20 bases: 7311479(99.8841%)
Q30 bases: 7252302(99.0757%)

Filtering result:
reads passed filter: 55032
reads failed due to low quality: 1302
reads failed due to too many N: 0
reads failed due to too short: 72
reads failed due to low complexity: 4
reads with adapter trimmed: 28060
bases trimmed due to adapters: 2514979
reads with polyX in 3' end: 382
bases trimmed in polyX tail: 18797

Duplication rate: 7.86965%

Insert size peak (evaluated by paired-end reads): 303

JSON report: PL18894_B2_v2_2_fastp_report.json
HTML report: PL18894_B2_v2_2_fastp_report.html

fastp -w 4 -q 30 -i PL18894_B2_v2_2_S133_L001_R1_001.fastq.gz -I PL18894_B2_v2_2_S133_L001_R2_001.fastq.gz -o PL18894_B2_v2_2_R1_trimmed.fastq -O PL18894_B2_v2_2_R2_trimmed.fastq -h PL18894_B2_v2_2_fastp_report.html -j PL18894_B2_v2_2_fastp_report.json -R PL18894_B2_v2_2_fastp_report --adapter_sequence CTGTCTCTTATACAC --adapter_sequence_r2 TGTATAAGAGACAG -x -y 
fastp v0.22.0, time used: 1 seconds
