Read1 before filtering:
total reads: 34422
total bases: 10705242
Q20 bases: 10561258(98.655%)
Q30 bases: 10294778(96.1658%)

Read2 before filtering:
total reads: 34422
total bases: 10705242
Q20 bases: 10628241(99.2807%)
Q30 bases: 10419917(97.3347%)

Read1 after filtering:
total reads: 33504
total bases: 9343007
Q20 bases: 9332998(99.8929%)
Q30 bases: 9264105(99.1555%)

Read2 after filtering:
total reads: 33504
total bases: 9343510
Q20 bases: 9329746(99.8527%)
Q30 bases: 9243295(98.9274%)

Filtering result:
reads passed filter: 67008
reads failed due to low quality: 1762
reads failed due to too many N: 0
reads failed due to too short: 70
reads failed due to low complexity: 4
reads with adapter trimmed: 26234
bases trimmed due to adapters: 2181745
reads with polyX in 3' end: 199
bases trimmed in polyX tail: 14054

Duplication rate: 6.09582%

Insert size peak (evaluated by paired-end reads): 277

JSON report: PL18916_pFL_248_1_fastp_report.json
HTML report: PL18916_pFL_248_1_fastp_report.html

fastp -w 4 -q 30 -i PL18916_pFL_248_1_S155_L001_R1_001.fastq.gz -I PL18916_pFL_248_1_S155_L001_R2_001.fastq.gz -o PL18916_pFL_248_1_R1_trimmed.fastq -O PL18916_pFL_248_1_R2_trimmed.fastq -h PL18916_pFL_248_1_fastp_report.html -j PL18916_pFL_248_1_fastp_report.json -R PL18916_pFL_248_1_fastp_report --adapter_sequence CTGTCTCTTATACAC --adapter_sequence_r2 TGTATAAGAGACAG -x -y 
fastp v0.22.0, time used: 1 seconds
