[map] task=176 line=177 uid=PL18766 folder=Neuronal_Maturation_222026/PL18766_pLD048_15 ref=pLD048_LVX_U6_BC_pMAP2_RORA_WPRE_pEFS_TagBFP2.fa
Running the plasmid-seq pipeline with the following arguments: 
fastQ_f: PL18766_pLD048_15_S5_L001_R1_001.fastq.gz
fastQ_r: PL18766_pLD048_15_S5_L001_R2_001.fastq.gz
fastaRef: pLD048_LVX_U6_BC_pMAP2_RORA_WPRE_pEFS_TagBFP2.fa
skipSpadesDenovoAssembly: 1
cleanSPADES: 0
qval: 30
minLengthSPADES: 300
uniqueID: PL18766
runUnicycler: 1
skipping: 
assembleUnmappedReads: FALSE

9298 reads; of these:
  9298 (100.00%) were paired; of these:
    9288 (99.89%) aligned concordantly 0 times
    10 (0.11%) aligned concordantly exactly 1 time
    0 (0.00%) aligned concordantly >1 times
    ----
    9288 pairs aligned concordantly 0 times; of these:
      4 (0.04%) aligned discordantly 1 time
    ----
    9284 pairs aligned 0 times concordantly or discordantly; of these:
      18568 mates make up the pairs; of these:
        18565 (99.98%) aligned 0 times
        3 (0.02%) aligned exactly 1 time
        0 (0.00%) aligned >1 times
0.17% overall alignment rate
