Read1 before filtering:
total reads: 41053
total bases: 12767483
Q20 bases: 12619847(98.8437%)
Q30 bases: 12328328(96.5604%)

Read2 before filtering:
total reads: 41053
total bases: 12767483
Q20 bases: 12683534(99.3425%)
Q30 bases: 12441157(97.4441%)

Read1 after filtering:
total reads: 39978
total bases: 11358044
Q20 bases: 11347990(99.9115%)
Q30 bases: 11269705(99.2222%)

Read2 after filtering:
total reads: 39978
total bases: 11357868
Q20 bases: 11342166(99.8618%)
Q30 bases: 11238200(98.9464%)

Filtering result:
reads passed filter: 79956
reads failed due to low quality: 2080
reads failed due to too many N: 0
reads failed due to too short: 66
reads failed due to low complexity: 4
reads with adapter trimmed: 28511
bases trimmed due to adapters: 2182742
reads with polyX in 3' end: 186
bases trimmed in polyX tail: 14316

Duplication rate: 6.59749%

Insert size peak (evaluated by paired-end reads): 318

JSON report: PL18910_pFL_211_1_fastp_report.json
HTML report: PL18910_pFL_211_1_fastp_report.html

fastp -w 4 -q 30 -i PL18910_pFL_211_1_S149_L001_R1_001.fastq.gz -I PL18910_pFL_211_1_S149_L001_R2_001.fastq.gz -o PL18910_pFL_211_1_R1_trimmed.fastq -O PL18910_pFL_211_1_R2_trimmed.fastq -h PL18910_pFL_211_1_fastp_report.html -j PL18910_pFL_211_1_fastp_report.json -R PL18910_pFL_211_1_fastp_report --adapter_sequence CTGTCTCTTATACAC --adapter_sequence_r2 TGTATAAGAGACAG -x -y 
fastp v0.22.0, time used: 0 seconds
