[map] task=25 line=26 uid=PL18871 folder=BLADE_FL_222026/PL18871_pFL_183_2 ref=pFL_183.fa
Running the plasmid-seq pipeline with the following arguments: 
fastQ_f: PL18871_pFL_183_2_S110_L001_R1_001.fastq.gz
fastQ_r: PL18871_pFL_183_2_S110_L001_R2_001.fastq.gz
fastaRef: pFL_183.fa
skipSpadesDenovoAssembly: 1
cleanSPADES: 0
qval: 30
minLengthSPADES: 300
uniqueID: PL18871
runUnicycler: 1
skipping: 
assembleUnmappedReads: FALSE

511 reads; of these:
  511 (100.00%) were paired; of these:
    208 (40.70%) aligned concordantly 0 times
    303 (59.30%) aligned concordantly exactly 1 time
    0 (0.00%) aligned concordantly >1 times
    ----
    208 pairs aligned concordantly 0 times; of these:
      36 (17.31%) aligned discordantly 1 time
    ----
    172 pairs aligned 0 times concordantly or discordantly; of these:
      344 mates make up the pairs; of these:
        325 (94.48%) aligned 0 times
        19 (5.52%) aligned exactly 1 time
        0 (0.00%) aligned >1 times
68.20% overall alignment rate
