Read1 before filtering:
total reads: 75376
total bases: 23441936
Q20 bases: 23314181(99.455%)
Q30 bases: 22918317(97.7663%)

Read2 before filtering:
total reads: 75376
total bases: 23441936
Q20 bases: 23320864(99.4835%)
Q30 bases: 22982248(98.039%)

Read1 after filtering:
total reads: 74060
total bases: 20609867
Q20 bases: 20592314(99.9148%)
Q30 bases: 20464525(99.2948%)

Read2 after filtering:
total reads: 74060
total bases: 20612419
Q20 bases: 20587801(99.8806%)
Q30 bases: 20430523(99.1175%)

Filtering result:
reads passed filter: 148120
reads failed due to low quality: 2518
reads failed due to too many N: 0
reads failed due to too short: 100
reads failed due to low complexity: 14
reads with adapter trimmed: 58556
bases trimmed due to adapters: 4882757
reads with polyX in 3' end: 347
bases trimmed in polyX tail: 23681

Duplication rate: 10.621%

Insert size peak (evaluated by paired-end reads): 288

JSON report: PL18873_pFL_185_1_fastp_report.json
HTML report: PL18873_pFL_185_1_fastp_report.html

fastp -w 4 -q 30 -i PL18873_pFL_185_1_S112_L001_R1_001.fastq.gz -I PL18873_pFL_185_1_S112_L001_R2_001.fastq.gz -o PL18873_pFL_185_1_R1_trimmed.fastq -O PL18873_pFL_185_1_R2_trimmed.fastq -h PL18873_pFL_185_1_fastp_report.html -j PL18873_pFL_185_1_fastp_report.json -R PL18873_pFL_185_1_fastp_report --adapter_sequence CTGTCTCTTATACAC --adapter_sequence_r2 TGTATAAGAGACAG -x -y 
fastp v0.22.0, time used: 1 seconds
