[map] task=13 line=14 uid=PL18859 folder=BLADE_FL_222026/PL18859_pFL_177_1 ref=pFL_177.fa
Running the plasmid-seq pipeline with the following arguments: 
fastQ_f: PL18859_pFL_177_1_S98_L001_R1_001.fastq.gz
fastQ_r: PL18859_pFL_177_1_S98_L001_R2_001.fastq.gz
fastaRef: pFL_177.fa
skipSpadesDenovoAssembly: 1
cleanSPADES: 0
qval: 30
minLengthSPADES: 300
uniqueID: PL18859
runUnicycler: 1
skipping: 
assembleUnmappedReads: FALSE

14129 reads; of these:
  14129 (100.00%) were paired; of these:
    2332 (16.51%) aligned concordantly 0 times
    11797 (83.49%) aligned concordantly exactly 1 time
    0 (0.00%) aligned concordantly >1 times
    ----
    2332 pairs aligned concordantly 0 times; of these:
      1502 (64.41%) aligned discordantly 1 time
    ----
    830 pairs aligned 0 times concordantly or discordantly; of these:
      1660 mates make up the pairs; of these:
        1280 (77.11%) aligned 0 times
        380 (22.89%) aligned exactly 1 time
        0 (0.00%) aligned >1 times
95.47% overall alignment rate
