[map] task=101 line=102 uid=PL18938 folder=Gene_Circuits_222026/PL18938_pMP_278_1 ref=pMP_278.fa
Running the plasmid-seq pipeline with the following arguments: 
fastQ_f: PL18938_pMP_278_1_S177_L001_R1_001.fastq.gz
fastQ_r: PL18938_pMP_278_1_S177_L001_R2_001.fastq.gz
fastaRef: pMP_278.fa
skipSpadesDenovoAssembly: 1
cleanSPADES: 0
qval: 30
minLengthSPADES: 300
uniqueID: PL18938
runUnicycler: 1
skipping: 
assembleUnmappedReads: FALSE

67359 reads; of these:
  67359 (100.00%) were paired; of these:
    11795 (17.51%) aligned concordantly 0 times
    55406 (82.25%) aligned concordantly exactly 1 time
    158 (0.23%) aligned concordantly >1 times
    ----
    11795 pairs aligned concordantly 0 times; of these:
      8893 (75.40%) aligned discordantly 1 time
    ----
    2902 pairs aligned 0 times concordantly or discordantly; of these:
      5804 mates make up the pairs; of these:
        4688 (80.77%) aligned 0 times
        1116 (19.23%) aligned exactly 1 time
        0 (0.00%) aligned >1 times
96.52% overall alignment rate
