[map] task=174 line=175 uid=PL18764 folder=Neuronal_Maturation_222026/PL18764_pLD048_13 ref=pLD048_LVX_U6_BC_pMAP2_RORA_WPRE_pEFS_TagBFP2.fa
Running the plasmid-seq pipeline with the following arguments: 
fastQ_f: PL18764_pLD048_13_S3_L001_R1_001.fastq.gz
fastQ_r: PL18764_pLD048_13_S3_L001_R2_001.fastq.gz
fastaRef: pLD048_LVX_U6_BC_pMAP2_RORA_WPRE_pEFS_TagBFP2.fa
skipSpadesDenovoAssembly: 1
cleanSPADES: 0
qval: 30
minLengthSPADES: 300
uniqueID: PL18764
runUnicycler: 1
skipping: 
assembleUnmappedReads: FALSE

8290 reads; of these:
  8290 (100.00%) were paired; of these:
    8246 (99.47%) aligned concordantly 0 times
    42 (0.51%) aligned concordantly exactly 1 time
    2 (0.02%) aligned concordantly >1 times
    ----
    8246 pairs aligned concordantly 0 times; of these:
      8 (0.10%) aligned discordantly 1 time
    ----
    8238 pairs aligned 0 times concordantly or discordantly; of these:
      16476 mates make up the pairs; of these:
        16474 (99.99%) aligned 0 times
        2 (0.01%) aligned exactly 1 time
        0 (0.00%) aligned >1 times
0.64% overall alignment rate
