Read1 before filtering:
total reads: 6001
total bases: 1866311
Q20 bases: 1848848(99.0643%)
Q30 bases: 1810780(97.0246%)

Read2 before filtering:
total reads: 6001
total bases: 1866311
Q20 bases: 1857719(99.5396%)
Q30 bases: 1832485(98.1875%)

Read1 after filtering:
total reads: 5882
total bases: 1605458
Q20 bases: 1603740(99.893%)
Q30 bases: 1591413(99.1252%)

Read2 after filtering:
total reads: 5882
total bases: 1605291
Q20 bases: 1603367(99.8801%)
Q30 bases: 1591129(99.1178%)

Filtering result:
reads passed filter: 11764
reads failed due to low quality: 188
reads failed due to too many N: 0
reads failed due to too short: 50
reads failed due to low complexity: 0
reads with adapter trimmed: 5230
bases trimmed due to adapters: 456823
reads with polyX in 3' end: 17
bases trimmed in polyX tail: 2676

Duplication rate: 5.60201%

Insert size peak (evaluated by paired-end reads): 389

JSON report: PL18772_pLD048_21_fastp_report.json
HTML report: PL18772_pLD048_21_fastp_report.html

fastp -w 4 -q 30 -i PL18772_pLD048_21_S11_L001_R1_001.fastq.gz -I PL18772_pLD048_21_S11_L001_R2_001.fastq.gz -o PL18772_pLD048_21_R1_trimmed.fastq -O PL18772_pLD048_21_R2_trimmed.fastq -h PL18772_pLD048_21_fastp_report.html -j PL18772_pLD048_21_fastp_report.json -R PL18772_pLD048_21_fastp_report --adapter_sequence CTGTCTCTTATACAC --adapter_sequence_r2 TGTATAAGAGACAG -x -y 
fastp v0.22.0, time used: 1 seconds
