[map] task=158 line=159 uid=PL18821 folder=NDD_CRISPR_222026/PL18821_EHMT1_34 ref=EHMT1.fa
Running the plasmid-seq pipeline with the following arguments: 
fastQ_f: PL18821_EHMT1_34_S60_L001_R1_001.fastq.gz
fastQ_r: PL18821_EHMT1_34_S60_L001_R2_001.fastq.gz
fastaRef: EHMT1.fa
skipSpadesDenovoAssembly: 1
cleanSPADES: 0
qval: 30
minLengthSPADES: 300
uniqueID: PL18821
runUnicycler: 1
skipping: 
assembleUnmappedReads: FALSE

221 reads; of these:
  221 (100.00%) were paired; of these:
    34 (15.38%) aligned concordantly 0 times
    184 (83.26%) aligned concordantly exactly 1 time
    3 (1.36%) aligned concordantly >1 times
    ----
    34 pairs aligned concordantly 0 times; of these:
      9 (26.47%) aligned discordantly 1 time
    ----
    25 pairs aligned 0 times concordantly or discordantly; of these:
      50 mates make up the pairs; of these:
        50 (100.00%) aligned 0 times
        0 (0.00%) aligned exactly 1 time
        0 (0.00%) aligned >1 times
88.69% overall alignment rate
