[map] task=146 line=147 uid=PL18809 folder=NDD_CRISPR_222026/PL18809_EHMT1_22 ref=EHMT1.fa
Running the plasmid-seq pipeline with the following arguments: 
fastQ_f: PL18809_EHMT1_22_S48_L001_R1_001.fastq.gz
fastQ_r: PL18809_EHMT1_22_S48_L001_R2_001.fastq.gz
fastaRef: EHMT1.fa
skipSpadesDenovoAssembly: 1
cleanSPADES: 0
qval: 30
minLengthSPADES: 300
uniqueID: PL18809
runUnicycler: 1
skipping: 
assembleUnmappedReads: FALSE

3955 reads; of these:
  3955 (100.00%) were paired; of these:
    299 (7.56%) aligned concordantly 0 times
    3631 (91.81%) aligned concordantly exactly 1 time
    25 (0.63%) aligned concordantly >1 times
    ----
    299 pairs aligned concordantly 0 times; of these:
      144 (48.16%) aligned discordantly 1 time
    ----
    155 pairs aligned 0 times concordantly or discordantly; of these:
      310 mates make up the pairs; of these:
        300 (96.77%) aligned 0 times
        10 (3.23%) aligned exactly 1 time
        0 (0.00%) aligned >1 times
96.21% overall alignment rate
