[map] task=128 line=129 uid=PL18791 folder=NDD_CRISPR_222026/PL18791_EHMT1_04 ref=EHMT1.fa
Running the plasmid-seq pipeline with the following arguments: 
fastQ_f: PL18791_EHMT1_04_S30_L001_R1_001.fastq.gz
fastQ_r: PL18791_EHMT1_04_S30_L001_R2_001.fastq.gz
fastaRef: EHMT1.fa
skipSpadesDenovoAssembly: 1
cleanSPADES: 0
qval: 30
minLengthSPADES: 300
uniqueID: PL18791
runUnicycler: 1
skipping: 
assembleUnmappedReads: FALSE

161 reads; of these:
  161 (100.00%) were paired; of these:
    69 (42.86%) aligned concordantly 0 times
    92 (57.14%) aligned concordantly exactly 1 time
    0 (0.00%) aligned concordantly >1 times
    ----
    69 pairs aligned concordantly 0 times; of these:
      6 (8.70%) aligned discordantly 1 time
    ----
    63 pairs aligned 0 times concordantly or discordantly; of these:
      126 mates make up the pairs; of these:
        126 (100.00%) aligned 0 times
        0 (0.00%) aligned exactly 1 time
        0 (0.00%) aligned >1 times
60.87% overall alignment rate
