Read1 before filtering:
total reads: 48670
total bases: 15136370
Q20 bases: 14949047(98.7624%)
Q30 bases: 14594685(96.4213%)

Read2 before filtering:
total reads: 48670
total bases: 15136370
Q20 bases: 15062214(99.5101%)
Q30 bases: 14834724(98.0071%)

Read1 after filtering:
total reads: 47648
total bases: 12832438
Q20 bases: 12820623(99.9079%)
Q30 bases: 12722682(99.1447%)

Read2 after filtering:
total reads: 47648
total bases: 12832887
Q20 bases: 12820413(99.9028%)
Q30 bases: 12729856(99.1971%)

Filtering result:
reads passed filter: 95296
reads failed due to low quality: 1952
reads failed due to too many N: 0
reads failed due to too short: 86
reads failed due to low complexity: 6
reads with adapter trimmed: 47476
bases trimmed due to adapters: 4031786
reads with polyX in 3' end: 145
bases trimmed in polyX tail: 14683

Duplication rate: 5.98328%

Insert size peak (evaluated by paired-end reads): 279

JSON report: PL18841_pMP_288_2_fastp_report.json
HTML report: PL18841_pMP_288_2_fastp_report.html

fastp -w 4 -q 30 -i PL18841_pMP_288_2_S80_L001_R1_001.fastq.gz -I PL18841_pMP_288_2_S80_L001_R2_001.fastq.gz -o PL18841_pMP_288_2_R1_trimmed.fastq -O PL18841_pMP_288_2_R2_trimmed.fastq -h PL18841_pMP_288_2_fastp_report.html -j PL18841_pMP_288_2_fastp_report.json -R PL18841_pMP_288_2_fastp_report --adapter_sequence CTGTCTCTTATACAC --adapter_sequence_r2 TGTATAAGAGACAG -x -y 
fastp v0.22.0, time used: 0 seconds
