[map] task=153 line=154 uid=PL18816 folder=NDD_CRISPR_222026/PL18816_EHMT1_29 ref=EHMT1.fa
Running the plasmid-seq pipeline with the following arguments: 
fastQ_f: PL18816_EHMT1_29_S55_L001_R1_001.fastq.gz
fastQ_r: PL18816_EHMT1_29_S55_L001_R2_001.fastq.gz
fastaRef: EHMT1.fa
skipSpadesDenovoAssembly: 1
cleanSPADES: 0
qval: 30
minLengthSPADES: 300
uniqueID: PL18816
runUnicycler: 1
skipping: 
assembleUnmappedReads: FALSE

231 reads; of these:
  231 (100.00%) were paired; of these:
    134 (58.01%) aligned concordantly 0 times
    94 (40.69%) aligned concordantly exactly 1 time
    3 (1.30%) aligned concordantly >1 times
    ----
    134 pairs aligned concordantly 0 times; of these:
      4 (2.99%) aligned discordantly 1 time
    ----
    130 pairs aligned 0 times concordantly or discordantly; of these:
      260 mates make up the pairs; of these:
        258 (99.23%) aligned 0 times
        2 (0.77%) aligned exactly 1 time
        0 (0.00%) aligned >1 times
44.16% overall alignment rate
