Read1 before filtering:
total reads: 315
total bases: 97965
Q20 bases: 94498(96.461%)
Q30 bases: 89254(91.108%)

Read2 before filtering:
total reads: 315
total bases: 97965
Q20 bases: 95743(97.7318%)
Q30 bases: 92194(94.1091%)

Read1 after filtering:
total reads: 300
total bases: 63697
Q20 bases: 63543(99.7582%)
Q30 bases: 62719(98.4646%)

Read2 after filtering:
total reads: 300
total bases: 63773
Q20 bases: 63574(99.688%)
Q30 bases: 62691(98.3034%)

Filtering result:
reads passed filter: 600
reads failed due to low quality: 28
reads failed due to too many N: 0
reads failed due to too short: 2
reads failed due to low complexity: 0
reads with adapter trimmed: 391
bases trimmed due to adapters: 63119
reads with polyX in 3' end: 4
bases trimmed in polyX tail: 757

Duplication rate: 0.952381%

Insert size peak (evaluated by paired-end reads): 45

JSON report: PL18825_EHMT1_38_fastp_report.json
HTML report: PL18825_EHMT1_38_fastp_report.html

fastp -w 4 -q 30 -i PL18825_EHMT1_38_S64_L001_R1_001.fastq.gz -I PL18825_EHMT1_38_S64_L001_R2_001.fastq.gz -o PL18825_EHMT1_38_R1_trimmed.fastq -O PL18825_EHMT1_38_R2_trimmed.fastq -h PL18825_EHMT1_38_fastp_report.html -j PL18825_EHMT1_38_fastp_report.json -R PL18825_EHMT1_38_fastp_report --adapter_sequence CTGTCTCTTATACAC --adapter_sequence_r2 TGTATAAGAGACAG -x -y 
fastp v0.22.0, time used: 0 seconds
