[map] task=45 line=46 uid=PL18891 folder=BLADE_FL_222026/PL18891_pFL_193_v2_1 ref=pFL_193.fa
Running the plasmid-seq pipeline with the following arguments: 
fastQ_f: PL18891_pFL_193_v2_1_S130_L001_R1_001.fastq.gz
fastQ_r: PL18891_pFL_193_v2_1_S130_L001_R2_001.fastq.gz
fastaRef: pFL_193.fa
skipSpadesDenovoAssembly: 1
cleanSPADES: 0
qval: 30
minLengthSPADES: 300
uniqueID: PL18891
runUnicycler: 1
skipping: 
assembleUnmappedReads: FALSE

26096 reads; of these:
  26096 (100.00%) were paired; of these:
    5693 (21.82%) aligned concordantly 0 times
    20403 (78.18%) aligned concordantly exactly 1 time
    0 (0.00%) aligned concordantly >1 times
    ----
    5693 pairs aligned concordantly 0 times; of these:
      4649 (81.66%) aligned discordantly 1 time
    ----
    1044 pairs aligned 0 times concordantly or discordantly; of these:
      2088 mates make up the pairs; of these:
        1487 (71.22%) aligned 0 times
        601 (28.78%) aligned exactly 1 time
        0 (0.00%) aligned >1 times
97.15% overall alignment rate
