[map] task=156 line=157 uid=PL18819 folder=NDD_CRISPR_222026/PL18819_EHMT1_32 ref=EHMT1.fa
Running the plasmid-seq pipeline with the following arguments: 
fastQ_f: PL18819_EHMT1_32_S58_L001_R1_001.fastq.gz
fastQ_r: PL18819_EHMT1_32_S58_L001_R2_001.fastq.gz
fastaRef: EHMT1.fa
skipSpadesDenovoAssembly: 1
cleanSPADES: 0
qval: 30
minLengthSPADES: 300
uniqueID: PL18819
runUnicycler: 1
skipping: 
assembleUnmappedReads: FALSE

73 reads; of these:
  73 (100.00%) were paired; of these:
    44 (60.27%) aligned concordantly 0 times
    29 (39.73%) aligned concordantly exactly 1 time
    0 (0.00%) aligned concordantly >1 times
    ----
    44 pairs aligned concordantly 0 times; of these:
      2 (4.55%) aligned discordantly 1 time
    ----
    42 pairs aligned 0 times concordantly or discordantly; of these:
      84 mates make up the pairs; of these:
        84 (100.00%) aligned 0 times
        0 (0.00%) aligned exactly 1 time
        0 (0.00%) aligned >1 times
42.47% overall alignment rate
