[map] task=75 line=76 uid=PL18921 folder=BLADE_FL_222026/PL18921_pFL_251_2 ref=pFL_251.fa
Running the plasmid-seq pipeline with the following arguments: 
fastQ_f: PL18921_pFL_251_2_S160_L001_R1_001.fastq.gz
fastQ_r: PL18921_pFL_251_2_S160_L001_R2_001.fastq.gz
fastaRef: pFL_251.fa
skipSpadesDenovoAssembly: 1
cleanSPADES: 0
qval: 30
minLengthSPADES: 300
uniqueID: PL18921
runUnicycler: 1
skipping: 
assembleUnmappedReads: FALSE

79969 reads; of these:
  79969 (100.00%) were paired; of these:
    17218 (21.53%) aligned concordantly 0 times
    62751 (78.47%) aligned concordantly exactly 1 time
    0 (0.00%) aligned concordantly >1 times
    ----
    17218 pairs aligned concordantly 0 times; of these:
      14620 (84.91%) aligned discordantly 1 time
    ----
    2598 pairs aligned 0 times concordantly or discordantly; of these:
      5196 mates make up the pairs; of these:
        3776 (72.67%) aligned 0 times
        1420 (27.33%) aligned exactly 1 time
        0 (0.00%) aligned >1 times
97.64% overall alignment rate
