[map] task=14 line=15 uid=PL18860 folder=BLADE_FL_222026/PL18860_pFL_177_2 ref=pFL_177.fa
Running the plasmid-seq pipeline with the following arguments: 
fastQ_f: PL18860_pFL_177_2_S99_L001_R1_001.fastq.gz
fastQ_r: PL18860_pFL_177_2_S99_L001_R2_001.fastq.gz
fastaRef: pFL_177.fa
skipSpadesDenovoAssembly: 1
cleanSPADES: 0
qval: 30
minLengthSPADES: 300
uniqueID: PL18860
runUnicycler: 1
skipping: 
assembleUnmappedReads: FALSE

6352 reads; of these:
  6352 (100.00%) were paired; of these:
    966 (15.21%) aligned concordantly 0 times
    5386 (84.79%) aligned concordantly exactly 1 time
    0 (0.00%) aligned concordantly >1 times
    ----
    966 pairs aligned concordantly 0 times; of these:
      554 (57.35%) aligned discordantly 1 time
    ----
    412 pairs aligned 0 times concordantly or discordantly; of these:
      824 mates make up the pairs; of these:
        666 (80.83%) aligned 0 times
        158 (19.17%) aligned exactly 1 time
        0 (0.00%) aligned >1 times
94.76% overall alignment rate
