Read1 before filtering:
total reads: 99520
total bases: 30950720
Q20 bases: 30598792(98.8629%)
Q30 bases: 29888182(96.567%)

Read2 before filtering:
total reads: 99520
total bases: 30950720
Q20 bases: 30791533(99.4857%)
Q30 bases: 30302788(97.9066%)

Read1 after filtering:
total reads: 97344
total bases: 26507812
Q20 bases: 26480840(99.8982%)
Q30 bases: 26265608(99.0863%)

Read2 after filtering:
total reads: 97344
total bases: 26508495
Q20 bases: 26476749(99.8802%)
Q30 bases: 26269334(99.0978%)

Filtering result:
reads passed filter: 194688
reads failed due to low quality: 4186
reads failed due to too many N: 0
reads failed due to too short: 150
reads failed due to low complexity: 16
reads with adapter trimmed: 88808
bases trimmed due to adapters: 7632796
reads with polyX in 3' end: 625
bases trimmed in polyX tail: 31820

Duplication rate: 8.7485%

Insert size peak (evaluated by paired-end reads): 353

JSON report: PL18926_pCDS_FlpO_GR_A_fastp_report.json
HTML report: PL18926_pCDS_FlpO_GR_A_fastp_report.html

fastp -w 4 -q 30 -i PL18926_pCDS_FlpO_GR_A_S165_L001_R1_001.fastq.gz -I PL18926_pCDS_FlpO_GR_A_S165_L001_R2_001.fastq.gz -o PL18926_pCDS_FlpO_GR_A_R1_trimmed.fastq -O PL18926_pCDS_FlpO_GR_A_R2_trimmed.fastq -h PL18926_pCDS_FlpO_GR_A_fastp_report.html -j PL18926_pCDS_FlpO_GR_A_fastp_report.json -R PL18926_pCDS_FlpO_GR_A_fastp_report --adapter_sequence CTGTCTCTTATACAC --adapter_sequence_r2 TGTATAAGAGACAG -x -y 
fastp v0.22.0, time used: 1 seconds
