Read1 before filtering:
total reads: 51485
total bases: 16011835
Q20 bases: 15822607(98.8182%)
Q30 bases: 15460500(96.5567%)

Read2 before filtering:
total reads: 51485
total bases: 16011835
Q20 bases: 15914864(99.3944%)
Q30 bases: 15636279(97.6545%)

Read1 after filtering:
total reads: 50296
total bases: 14284720
Q20 bases: 14269889(99.8962%)
Q30 bases: 14157060(99.1063%)

Read2 after filtering:
total reads: 50296
total bases: 14286195
Q20 bases: 14267500(99.8691%)
Q30 bases: 14144933(99.0112%)

Filtering result:
reads passed filter: 100592
reads failed due to low quality: 2284
reads failed due to too many N: 0
reads failed due to too short: 88
reads failed due to low complexity: 6
reads with adapter trimmed: 35105
bases trimmed due to adapters: 2755600
reads with polyX in 3' end: 191
bases trimmed in polyX tail: 18191

Duplication rate: 7.16484%

Insert size peak (evaluated by paired-end reads): 288

JSON report: PL18914_pFL_214_1_fastp_report.json
HTML report: PL18914_pFL_214_1_fastp_report.html

fastp -w 4 -q 30 -i PL18914_pFL_214_1_S153_L001_R1_001.fastq.gz -I PL18914_pFL_214_1_S153_L001_R2_001.fastq.gz -o PL18914_pFL_214_1_R1_trimmed.fastq -O PL18914_pFL_214_1_R2_trimmed.fastq -h PL18914_pFL_214_1_fastp_report.html -j PL18914_pFL_214_1_fastp_report.json -R PL18914_pFL_214_1_fastp_report --adapter_sequence CTGTCTCTTATACAC --adapter_sequence_r2 TGTATAAGAGACAG -x -y 
fastp v0.22.0, time used: 1 seconds
