[map] task=113 line=114 uid=PL18950 folder=Gene_Circuits_222026/PL18950_pMP_284_1 ref=pMP_284.fa
Running the plasmid-seq pipeline with the following arguments: 
fastQ_f: PL18950_pMP_284_1_S189_L001_R1_001.fastq.gz
fastQ_r: PL18950_pMP_284_1_S189_L001_R2_001.fastq.gz
fastaRef: pMP_284.fa
skipSpadesDenovoAssembly: 1
cleanSPADES: 0
qval: 30
minLengthSPADES: 300
uniqueID: PL18950
runUnicycler: 1
skipping: 
assembleUnmappedReads: FALSE

70453 reads; of these:
  70453 (100.00%) were paired; of these:
    14871 (21.11%) aligned concordantly 0 times
    55443 (78.70%) aligned concordantly exactly 1 time
    139 (0.20%) aligned concordantly >1 times
    ----
    14871 pairs aligned concordantly 0 times; of these:
      11923 (80.18%) aligned discordantly 1 time
    ----
    2948 pairs aligned 0 times concordantly or discordantly; of these:
      5896 mates make up the pairs; of these:
        4488 (76.12%) aligned 0 times
        1407 (23.86%) aligned exactly 1 time
        1 (0.02%) aligned >1 times
96.81% overall alignment rate
