Read1 before filtering:
total reads: 36296
total bases: 11288056
Q20 bases: 11222661(99.4207%)
Q30 bases: 11010748(97.5434%)

Read2 before filtering:
total reads: 36296
total bases: 11288056
Q20 bases: 11236217(99.5408%)
Q30 bases: 11078457(98.1432%)

Read1 after filtering:
total reads: 35639
total bases: 9700682
Q20 bases: 9692204(99.9126%)
Q30 bases: 9625487(99.2248%)

Read2 after filtering:
total reads: 35639
total bases: 9701350
Q20 bases: 9691034(99.8937%)
Q30 bases: 9620392(99.1655%)

Filtering result:
reads passed filter: 71278
reads failed due to low quality: 1226
reads failed due to too many N: 0
reads failed due to too short: 78
reads failed due to low complexity: 10
reads with adapter trimmed: 31299
bases trimmed due to adapters: 2791827
reads with polyX in 3' end: 180
bases trimmed in polyX tail: 16535

Duplication rate: 11.3317%

Insert size peak (evaluated by paired-end reads): 288

JSON report: PL18879_pFL_188_v2_1_fastp_report.json
HTML report: PL18879_pFL_188_v2_1_fastp_report.html

fastp -w 4 -q 30 -i PL18879_pFL_188_v2_1_S118_L001_R1_001.fastq.gz -I PL18879_pFL_188_v2_1_S118_L001_R2_001.fastq.gz -o PL18879_pFL_188_v2_1_R1_trimmed.fastq -O PL18879_pFL_188_v2_1_R2_trimmed.fastq -h PL18879_pFL_188_v2_1_fastp_report.html -j PL18879_pFL_188_v2_1_fastp_report.json -R PL18879_pFL_188_v2_1_fastp_report --adapter_sequence CTGTCTCTTATACAC --adapter_sequence_r2 TGTATAAGAGACAG -x -y 
fastp v0.22.0, time used: 0 seconds
