Read1 before filtering:
total reads: 34842
total bases: 10835862
Q20 bases: 10739980(99.1151%)
Q30 bases: 10521448(97.0984%)

Read2 before filtering:
total reads: 34842
total bases: 10835862
Q20 bases: 10776662(99.4537%)
Q30 bases: 10602672(97.848%)

Read1 after filtering:
total reads: 34083
total bases: 9336075
Q20 bases: 9328245(99.9161%)
Q30 bases: 9265835(99.2476%)

Read2 after filtering:
total reads: 34083
total bases: 9336928
Q20 bases: 9326227(99.8854%)
Q30 bases: 9252875(99.0998%)

Filtering result:
reads passed filter: 68166
reads failed due to low quality: 1424
reads failed due to too many N: 0
reads failed due to too short: 92
reads failed due to low complexity: 2
reads with adapter trimmed: 29904
bases trimmed due to adapters: 2556893
reads with polyX in 3' end: 178
bases trimmed in polyX tail: 18580

Duplication rate: 8.30864%

Insert size peak (evaluated by paired-end reads): 341

JSON report: PL18886_pFL_191V1_1_fastp_report.json
HTML report: PL18886_pFL_191V1_1_fastp_report.html

fastp -w 4 -q 30 -i PL18886_pFL_191V1_1_S125_L001_R1_001.fastq.gz -I PL18886_pFL_191V1_1_S125_L001_R2_001.fastq.gz -o PL18886_pFL_191V1_1_R1_trimmed.fastq -O PL18886_pFL_191V1_1_R2_trimmed.fastq -h PL18886_pFL_191V1_1_fastp_report.html -j PL18886_pFL_191V1_1_fastp_report.json -R PL18886_pFL_191V1_1_fastp_report --adapter_sequence CTGTCTCTTATACAC --adapter_sequence_r2 TGTATAAGAGACAG -x -y 
fastp v0.22.0, time used: 0 seconds
