Read1 before filtering:
total reads: 34536
total bases: 10740696
Q20 bases: 10530243(98.0406%)
Q30 bases: 10235356(95.2951%)

Read2 before filtering:
total reads: 34536
total bases: 10740696
Q20 bases: 10689533(99.5237%)
Q30 bases: 10532257(98.0594%)

Read1 after filtering:
total reads: 33883
total bases: 8682545
Q20 bases: 8675539(99.9193%)
Q30 bases: 8618271(99.2597%)

Read2 after filtering:
total reads: 33883
total bases: 8682415
Q20 bases: 8673673(99.8993%)
Q30 bases: 8610209(99.1684%)

Filtering result:
reads passed filter: 67766
reads failed due to low quality: 1262
reads failed due to too many N: 0
reads failed due to too short: 40
reads failed due to low complexity: 4
reads with adapter trimmed: 39367
bases trimmed due to adapters: 3757198
reads with polyX in 3' end: 181
bases trimmed in polyX tail: 10316

Duplication rate: 4.54585%

Insert size peak (evaluated by paired-end reads): 254

JSON report: PL18785_pLD058_10_fastp_report.json
HTML report: PL18785_pLD058_10_fastp_report.html

fastp -w 4 -q 30 -i PL18785_pLD058_10_S24_L001_R1_001.fastq.gz -I PL18785_pLD058_10_S24_L001_R2_001.fastq.gz -o PL18785_pLD058_10_R1_trimmed.fastq -O PL18785_pLD058_10_R2_trimmed.fastq -h PL18785_pLD058_10_fastp_report.html -j PL18785_pLD058_10_fastp_report.json -R PL18785_pLD058_10_fastp_report --adapter_sequence CTGTCTCTTATACAC --adapter_sequence_r2 TGTATAAGAGACAG -x -y 
fastp v0.22.0, time used: 0 seconds
