[map] task=98 line=99 uid=PL18935 folder=Gene_Circuits_222026/PL18935_pMP_276_6 ref=pMP_276.fa
Running the plasmid-seq pipeline with the following arguments: 
fastQ_f: PL18935_pMP_276_6_S174_L001_R1_001.fastq.gz
fastQ_r: PL18935_pMP_276_6_S174_L001_R2_001.fastq.gz
fastaRef: pMP_276.fa
skipSpadesDenovoAssembly: 1
cleanSPADES: 0
qval: 30
minLengthSPADES: 300
uniqueID: PL18935
runUnicycler: 1
skipping: 
assembleUnmappedReads: FALSE

55180 reads; of these:
  55180 (100.00%) were paired; of these:
    10137 (18.37%) aligned concordantly 0 times
    34837 (63.13%) aligned concordantly exactly 1 time
    10206 (18.50%) aligned concordantly >1 times
    ----
    10137 pairs aligned concordantly 0 times; of these:
      6650 (65.60%) aligned discordantly 1 time
    ----
    3487 pairs aligned 0 times concordantly or discordantly; of these:
      6974 mates make up the pairs; of these:
        1674 (24.00%) aligned 0 times
        1953 (28.00%) aligned exactly 1 time
        3347 (47.99%) aligned >1 times
98.48% overall alignment rate
