[map] task=59 line=60 uid=PL18905 folder=BLADE_FL_222026/PL18905_pFL_206_1 ref=pFL_206.fa
Running the plasmid-seq pipeline with the following arguments: 
fastQ_f: PL18905_pFL_206_1_S144_L001_R1_001.fastq.gz
fastQ_r: PL18905_pFL_206_1_S144_L001_R2_001.fastq.gz
fastaRef: pFL_206.fa
skipSpadesDenovoAssembly: 1
cleanSPADES: 0
qval: 30
minLengthSPADES: 300
uniqueID: PL18905
runUnicycler: 1
skipping: 
assembleUnmappedReads: FALSE

12546 reads; of these:
  12546 (100.00%) were paired; of these:
    1858 (14.81%) aligned concordantly 0 times
    10688 (85.19%) aligned concordantly exactly 1 time
    0 (0.00%) aligned concordantly >1 times
    ----
    1858 pairs aligned concordantly 0 times; of these:
      1429 (76.91%) aligned discordantly 1 time
    ----
    429 pairs aligned 0 times concordantly or discordantly; of these:
      858 mates make up the pairs; of these:
        659 (76.81%) aligned 0 times
        199 (23.19%) aligned exactly 1 time
        0 (0.00%) aligned >1 times
97.37% overall alignment rate
