[map] task=125 line=126 uid=PL18788 folder=NDD_CRISPR_222026/PL18788_EHMT1_01 ref=EHMT1.fa
Running the plasmid-seq pipeline with the following arguments: 
fastQ_f: PL18788_EHMT1_01_S27_L001_R1_001.fastq.gz
fastQ_r: PL18788_EHMT1_01_S27_L001_R2_001.fastq.gz
fastaRef: EHMT1.fa
skipSpadesDenovoAssembly: 1
cleanSPADES: 0
qval: 30
minLengthSPADES: 300
uniqueID: PL18788
runUnicycler: 1
skipping: 
assembleUnmappedReads: FALSE

452 reads; of these:
  452 (100.00%) were paired; of these:
    346 (76.55%) aligned concordantly 0 times
    105 (23.23%) aligned concordantly exactly 1 time
    1 (0.22%) aligned concordantly >1 times
    ----
    346 pairs aligned concordantly 0 times; of these:
      6 (1.73%) aligned discordantly 1 time
    ----
    340 pairs aligned 0 times concordantly or discordantly; of these:
      680 mates make up the pairs; of these:
        680 (100.00%) aligned 0 times
        0 (0.00%) aligned exactly 1 time
        0 (0.00%) aligned >1 times
24.78% overall alignment rate
