Read1 before filtering:
total reads: 18960
total bases: 5896560
Q20 bases: 5483065(92.9875%)
Q30 bases: 4918864(83.4192%)

Read2 before filtering:
total reads: 18960
total bases: 5896560
Q20 bases: 5554362(94.1967%)
Q30 bases: 5018441(85.1079%)

Read1 after filtering:
total reads: 16356
total bases: 2738213
Q20 bases: 2724416(99.4961%)
Q30 bases: 2680910(97.9073%)

Read2 after filtering:
total reads: 16356
total bases: 2746461
Q20 bases: 2713800(98.8108%)
Q30 bases: 2602736(94.7669%)

Filtering result:
reads passed filter: 32712
reads failed due to low quality: 4934
reads failed due to too many N: 0
reads failed due to too short: 258
reads failed due to low complexity: 16
reads with adapter trimmed: 32274
bases trimmed due to adapters: 5130114
reads with polyX in 3' end: 901
bases trimmed in polyX tail: 132002

Duplication rate: 0.794534%

Insert size peak (evaluated by paired-end reads): 153

JSON report: PL18832_EHMT1_6well_24_fastp_report.json
HTML report: PL18832_EHMT1_6well_24_fastp_report.html

fastp -w 4 -q 30 -i PL18832_EHMT1_6well_24_S71_L001_R1_001.fastq.gz -I PL18832_EHMT1_6well_24_S71_L001_R2_001.fastq.gz -o PL18832_EHMT1_6well_24_R1_trimmed.fastq -O PL18832_EHMT1_6well_24_R2_trimmed.fastq -h PL18832_EHMT1_6well_24_fastp_report.html -j PL18832_EHMT1_6well_24_fastp_report.json -R PL18832_EHMT1_6well_24_fastp_report --adapter_sequence CTGTCTCTTATACAC --adapter_sequence_r2 TGTATAAGAGACAG -x -y 
fastp v0.22.0, time used: 0 seconds
