[map] task=198 line=199 uid=PL18857 folder=plasmid-seq-ctrl_222026/PL18857_plasmid-seq-ctrl ref=P107_pLVXG0_MAP2_Sun1_eGFP_Flag_sequenced.fa
Running the plasmid-seq pipeline with the following arguments: 
fastQ_f: PL18857_plasmid-seq-ctrl_S96_L001_R1_001.fastq.gz
fastQ_r: PL18857_plasmid-seq-ctrl_S96_L001_R2_001.fastq.gz
fastaRef: P107_pLVXG0_MAP2_Sun1_eGFP_Flag_sequenced.fa
skipSpadesDenovoAssembly: 1
cleanSPADES: 0
qval: 30
minLengthSPADES: 300
uniqueID: PL18857
runUnicycler: 1
skipping: 
assembleUnmappedReads: FALSE

4340 reads; of these:
  4340 (100.00%) were paired; of these:
    866 (19.95%) aligned concordantly 0 times
    3155 (72.70%) aligned concordantly exactly 1 time
    319 (7.35%) aligned concordantly >1 times
    ----
    866 pairs aligned concordantly 0 times; of these:
      183 (21.13%) aligned discordantly 1 time
    ----
    683 pairs aligned 0 times concordantly or discordantly; of these:
      1366 mates make up the pairs; of these:
        1284 (94.00%) aligned 0 times
        60 (4.39%) aligned exactly 1 time
        22 (1.61%) aligned >1 times
85.21% overall alignment rate
