Read1 before filtering:
total reads: 78231
total bases: 24329841
Q20 bases: 23989983(98.6031%)
Q30 bases: 23419904(96.26%)

Read2 before filtering:
total reads: 78231
total bases: 24329841
Q20 bases: 24207228(99.496%)
Q30 bases: 23831072(97.95%)

Read1 after filtering:
total reads: 76666
total bases: 20718210
Q20 bases: 20699803(99.9112%)
Q30 bases: 20548345(99.1801%)

Read2 after filtering:
total reads: 76666
total bases: 20718439
Q20 bases: 20693328(99.8788%)
Q30 bases: 20528158(99.0816%)

Filtering result:
reads passed filter: 153332
reads failed due to low quality: 3004
reads failed due to too many N: 0
reads failed due to too short: 118
reads failed due to low complexity: 8
reads with adapter trimmed: 70545
bases trimmed due to adapters: 6338972
reads with polyX in 3' end: 318
bases trimmed in polyX tail: 24991

Duplication rate: 6.55233%

Insert size peak (evaluated by paired-end reads): 369

JSON report: PL18929_pCDS_FlpO_ERT2_A_fastp_report.json
HTML report: PL18929_pCDS_FlpO_ERT2_A_fastp_report.html

fastp -w 4 -q 30 -i PL18929_pCDS_FlpO_ERT2_A_S168_L001_R1_001.fastq.gz -I PL18929_pCDS_FlpO_ERT2_A_S168_L001_R2_001.fastq.gz -o PL18929_pCDS_FlpO_ERT2_A_R1_trimmed.fastq -O PL18929_pCDS_FlpO_ERT2_A_R2_trimmed.fastq -h PL18929_pCDS_FlpO_ERT2_A_fastp_report.html -j PL18929_pCDS_FlpO_ERT2_A_fastp_report.json -R PL18929_pCDS_FlpO_ERT2_A_fastp_report --adapter_sequence CTGTCTCTTATACAC --adapter_sequence_r2 TGTATAAGAGACAG -x -y 
fastp v0.22.0, time used: 1 seconds
