[map] task=141 line=142 uid=PL18804 folder=NDD_CRISPR_222026/PL18804_EHMT1_17 ref=EHMT1.fa
Running the plasmid-seq pipeline with the following arguments: 
fastQ_f: PL18804_EHMT1_17_S43_L001_R1_001.fastq.gz
fastQ_r: PL18804_EHMT1_17_S43_L001_R2_001.fastq.gz
fastaRef: EHMT1.fa
skipSpadesDenovoAssembly: 1
cleanSPADES: 0
qval: 30
minLengthSPADES: 300
uniqueID: PL18804
runUnicycler: 1
skipping: 
assembleUnmappedReads: FALSE

326 reads; of these:
  326 (100.00%) were paired; of these:
    78 (23.93%) aligned concordantly 0 times
    243 (74.54%) aligned concordantly exactly 1 time
    5 (1.53%) aligned concordantly >1 times
    ----
    78 pairs aligned concordantly 0 times; of these:
      12 (15.38%) aligned discordantly 1 time
    ----
    66 pairs aligned 0 times concordantly or discordantly; of these:
      132 mates make up the pairs; of these:
        130 (98.48%) aligned 0 times
        2 (1.52%) aligned exactly 1 time
        0 (0.00%) aligned >1 times
80.06% overall alignment rate
