[map] task=139 line=140 uid=PL18802 folder=NDD_CRISPR_222026/PL18802_EHMT1_15 ref=EHMT1.fa
Running the plasmid-seq pipeline with the following arguments: 
fastQ_f: PL18802_EHMT1_15_S41_L001_R1_001.fastq.gz
fastQ_r: PL18802_EHMT1_15_S41_L001_R2_001.fastq.gz
fastaRef: EHMT1.fa
skipSpadesDenovoAssembly: 1
cleanSPADES: 0
qval: 30
minLengthSPADES: 300
uniqueID: PL18802
runUnicycler: 1
skipping: 
assembleUnmappedReads: FALSE

114 reads; of these:
  114 (100.00%) were paired; of these:
    80 (70.18%) aligned concordantly 0 times
    32 (28.07%) aligned concordantly exactly 1 time
    2 (1.75%) aligned concordantly >1 times
    ----
    80 pairs aligned concordantly 0 times; of these:
      3 (3.75%) aligned discordantly 1 time
    ----
    77 pairs aligned 0 times concordantly or discordantly; of these:
      154 mates make up the pairs; of these:
        154 (100.00%) aligned 0 times
        0 (0.00%) aligned exactly 1 time
        0 (0.00%) aligned >1 times
32.46% overall alignment rate
