[map] task=137 line=138 uid=PL18800 folder=NDD_CRISPR_222026/PL18800_EHMT1_13 ref=EHMT1.fa
Running the plasmid-seq pipeline with the following arguments: 
fastQ_f: PL18800_EHMT1_13_S39_L001_R1_001.fastq.gz
fastQ_r: PL18800_EHMT1_13_S39_L001_R2_001.fastq.gz
fastaRef: EHMT1.fa
skipSpadesDenovoAssembly: 1
cleanSPADES: 0
qval: 30
minLengthSPADES: 300
uniqueID: PL18800
runUnicycler: 1
skipping: 
assembleUnmappedReads: FALSE

71 reads; of these:
  71 (100.00%) were paired; of these:
    47 (66.20%) aligned concordantly 0 times
    24 (33.80%) aligned concordantly exactly 1 time
    0 (0.00%) aligned concordantly >1 times
    ----
    47 pairs aligned concordantly 0 times; of these:
      3 (6.38%) aligned discordantly 1 time
    ----
    44 pairs aligned 0 times concordantly or discordantly; of these:
      88 mates make up the pairs; of these:
        88 (100.00%) aligned 0 times
        0 (0.00%) aligned exactly 1 time
        0 (0.00%) aligned >1 times
38.03% overall alignment rate
