Read1 before filtering:
total reads: 61308
total bases: 19066788
Q20 bases: 18874529(98.9917%)
Q30 bases: 18460168(96.8184%)

Read2 before filtering:
total reads: 61308
total bases: 19066788
Q20 bases: 18938823(99.3289%)
Q30 bases: 18593010(97.5152%)

Read1 after filtering:
total reads: 59720
total bases: 16780218
Q20 bases: 16761102(99.8861%)
Q30 bases: 16626714(99.0852%)

Read2 after filtering:
total reads: 59720
total bases: 16780139
Q20 bases: 16755591(99.8537%)
Q30 bases: 16609473(98.9829%)

Filtering result:
reads passed filter: 119440
reads failed due to low quality: 3064
reads failed due to too many N: 0
reads failed due to too short: 96
reads failed due to low complexity: 16
reads with adapter trimmed: 43562
bases trimmed due to adapters: 3635287
reads with polyX in 3' end: 249
bases trimmed in polyX tail: 20269

Duplication rate: 6.98436%

Insert size peak (evaluated by paired-end reads): 338

JSON report: PL18919_pFL_250_1_fastp_report.json
HTML report: PL18919_pFL_250_1_fastp_report.html

fastp -w 4 -q 30 -i PL18919_pFL_250_1_S158_L001_R1_001.fastq.gz -I PL18919_pFL_250_1_S158_L001_R2_001.fastq.gz -o PL18919_pFL_250_1_R1_trimmed.fastq -O PL18919_pFL_250_1_R2_trimmed.fastq -h PL18919_pFL_250_1_fastp_report.html -j PL18919_pFL_250_1_fastp_report.json -R PL18919_pFL_250_1_fastp_report --adapter_sequence CTGTCTCTTATACAC --adapter_sequence_r2 TGTATAAGAGACAG -x -y 
fastp v0.22.0, time used: 0 seconds
