[map] task=22 line=23 uid=PL18868 folder=BLADE_FL_222026/PL18868_pFL_181_2 ref=pFL_181.fa
Running the plasmid-seq pipeline with the following arguments: 
fastQ_f: PL18868_pFL_181_2_S107_L001_R1_001.fastq.gz
fastQ_r: PL18868_pFL_181_2_S107_L001_R2_001.fastq.gz
fastaRef: pFL_181.fa
skipSpadesDenovoAssembly: 1
cleanSPADES: 0
qval: 30
minLengthSPADES: 300
uniqueID: PL18868
runUnicycler: 1
skipping: 
assembleUnmappedReads: FALSE

10270 reads; of these:
  10270 (100.00%) were paired; of these:
    1458 (14.20%) aligned concordantly 0 times
    8812 (85.80%) aligned concordantly exactly 1 time
    0 (0.00%) aligned concordantly >1 times
    ----
    1458 pairs aligned concordantly 0 times; of these:
      908 (62.28%) aligned discordantly 1 time
    ----
    550 pairs aligned 0 times concordantly or discordantly; of these:
      1100 mates make up the pairs; of these:
        877 (79.73%) aligned 0 times
        223 (20.27%) aligned exactly 1 time
        0 (0.00%) aligned >1 times
95.73% overall alignment rate
