Read1 before filtering:
total reads: 4446
total bases: 1382706
Q20 bases: 1352036(97.7819%)
Q30 bases: 1305263(94.3992%)

Read2 before filtering:
total reads: 4446
total bases: 1382706
Q20 bases: 1374972(99.4407%)
Q30 bases: 1351662(97.7548%)

Read1 after filtering:
total reads: 4340
total bases: 1106439
Q20 bases: 1105579(99.9223%)
Q30 bases: 1098171(99.2527%)

Read2 after filtering:
total reads: 4340
total bases: 1106505
Q20 bases: 1105433(99.9031%)
Q30 bases: 1096953(99.1367%)

Filtering result:
reads passed filter: 8680
reads failed due to low quality: 204
reads failed due to too many N: 0
reads failed due to too short: 8
reads failed due to low complexity: 0
reads with adapter trimmed: 5262
bases trimmed due to adapters: 492649
reads with polyX in 3' end: 30
bases trimmed in polyX tail: 1991

Duplication rate: 3.78549%

Insert size peak (evaluated by paired-end reads): 257

JSON report: PL18857_plasmid-seq-ctrl_fastp_report.json
HTML report: PL18857_plasmid-seq-ctrl_fastp_report.html

fastp -w 4 -q 30 -i PL18857_plasmid-seq-ctrl_S96_L001_R1_001.fastq.gz -I PL18857_plasmid-seq-ctrl_S96_L001_R2_001.fastq.gz -o PL18857_plasmid-seq-ctrl_R1_trimmed.fastq -O PL18857_plasmid-seq-ctrl_R2_trimmed.fastq -h PL18857_plasmid-seq-ctrl_fastp_report.html -j PL18857_plasmid-seq-ctrl_fastp_report.json -R PL18857_plasmid-seq-ctrl_fastp_report --adapter_sequence CTGTCTCTTATACAC --adapter_sequence_r2 TGTATAAGAGACAG -x -y 
fastp v0.22.0, time used: 0 seconds
