Read1 before filtering:
total reads: 83040
total bases: 25825440
Q20 bases: 25557811(98.9637%)
Q30 bases: 25027823(96.9115%)

Read2 before filtering:
total reads: 83040
total bases: 25825440
Q20 bases: 25667923(99.3901%)
Q30 bases: 25218355(97.6493%)

Read1 after filtering:
total reads: 81083
total bases: 23001873
Q20 bases: 22977815(99.8954%)
Q30 bases: 22799572(99.1205%)

Read2 after filtering:
total reads: 81083
total bases: 23002519
Q20 bases: 22969291(99.8555%)
Q30 bases: 22767126(98.9767%)

Filtering result:
reads passed filter: 162166
reads failed due to low quality: 3768
reads failed due to too many N: 0
reads failed due to too short: 126
reads failed due to low complexity: 20
reads with adapter trimmed: 55190
bases trimmed due to adapters: 4489229
reads with polyX in 3' end: 406
bases trimmed in polyX tail: 28397

Duplication rate: 7.03832%

Insert size peak (evaluated by paired-end reads): 403

JSON report: PL18883_pAB_136_v2_2_fastp_report.json
HTML report: PL18883_pAB_136_v2_2_fastp_report.html

fastp -w 4 -q 30 -i PL18883_pAB_136_v2_2_S122_L001_R1_001.fastq.gz -I PL18883_pAB_136_v2_2_S122_L001_R2_001.fastq.gz -o PL18883_pAB_136_v2_2_R1_trimmed.fastq -O PL18883_pAB_136_v2_2_R2_trimmed.fastq -h PL18883_pAB_136_v2_2_fastp_report.html -j PL18883_pAB_136_v2_2_fastp_report.json -R PL18883_pAB_136_v2_2_fastp_report --adapter_sequence CTGTCTCTTATACAC --adapter_sequence_r2 TGTATAAGAGACAG -x -y 
fastp v0.22.0, time used: 1 seconds
