Read1 before filtering:
total reads: 33253
total bases: 10341683
Q20 bases: 10237636(98.9939%)
Q30 bases: 10017339(96.8637%)

Read2 before filtering:
total reads: 33253
total bases: 10341683
Q20 bases: 10284814(99.4501%)
Q30 bases: 10115475(97.8127%)

Read1 after filtering:
total reads: 32478
total bases: 9070263
Q20 bases: 9061851(99.9073%)
Q30 bases: 8994823(99.1683%)

Read2 after filtering:
total reads: 32478
total bases: 9070291
Q20 bases: 9060820(99.8956%)
Q30 bases: 8992653(99.144%)

Filtering result:
reads passed filter: 64956
reads failed due to low quality: 1460
reads failed due to too many N: 0
reads failed due to too short: 80
reads failed due to low complexity: 10
reads with adapter trimmed: 26520
bases trimmed due to adapters: 2096086
reads with polyX in 3' end: 127
bases trimmed in polyX tail: 13173

Duplication rate: 5.4397%

Insert size peak (evaluated by paired-end reads): 258

JSON report: PL18835_pMP_285_2_fastp_report.json
HTML report: PL18835_pMP_285_2_fastp_report.html

fastp -w 4 -q 30 -i PL18835_pMP_285_2_S74_L001_R1_001.fastq.gz -I PL18835_pMP_285_2_S74_L001_R2_001.fastq.gz -o PL18835_pMP_285_2_R1_trimmed.fastq -O PL18835_pMP_285_2_R2_trimmed.fastq -h PL18835_pMP_285_2_fastp_report.html -j PL18835_pMP_285_2_fastp_report.json -R PL18835_pMP_285_2_fastp_report --adapter_sequence CTGTCTCTTATACAC --adapter_sequence_r2 TGTATAAGAGACAG -x -y 
fastp v0.22.0, time used: 0 seconds
