Read1 before filtering:
total reads: 75295
total bases: 23416745
Q20 bases: 23183954(99.0059%)
Q30 bases: 22749887(97.1522%)

Read2 before filtering:
total reads: 75295
total bases: 23416745
Q20 bases: 23291302(99.4643%)
Q30 bases: 22910952(97.84%)

Read1 after filtering:
total reads: 73704
total bases: 20859710
Q20 bases: 20838715(99.8994%)
Q30 bases: 20692655(99.1991%)

Read2 after filtering:
total reads: 73704
total bases: 20860591
Q20 bases: 20832206(99.8639%)
Q30 bases: 20655080(99.0148%)

Filtering result:
reads passed filter: 147408
reads failed due to low quality: 3030
reads failed due to too many N: 0
reads failed due to too short: 144
reads failed due to low complexity: 8
reads with adapter trimmed: 53064
bases trimmed due to adapters: 4169295
reads with polyX in 3' end: 367
bases trimmed in polyX tail: 29227

Duplication rate: 9.02161%

Insert size peak (evaluated by paired-end reads): 322

JSON report: PL18870_pFL_182_2_fastp_report.json
HTML report: PL18870_pFL_182_2_fastp_report.html

fastp -w 4 -q 30 -i PL18870_pFL_182_2_S109_L001_R1_001.fastq.gz -I PL18870_pFL_182_2_S109_L001_R2_001.fastq.gz -o PL18870_pFL_182_2_R1_trimmed.fastq -O PL18870_pFL_182_2_R2_trimmed.fastq -h PL18870_pFL_182_2_fastp_report.html -j PL18870_pFL_182_2_fastp_report.json -R PL18870_pFL_182_2_fastp_report --adapter_sequence CTGTCTCTTATACAC --adapter_sequence_r2 TGTATAAGAGACAG -x -y 
fastp v0.22.0, time used: 1 seconds
