[map] task=87 line=88 uid=PL18842 folder=Gene_Circuits_222026/PL18842_pMP_289 ref=pMP_289.fa
Running the plasmid-seq pipeline with the following arguments: 
fastQ_f: PL18842_pMP_289_S81_L001_R1_001.fastq.gz
fastQ_r: PL18842_pMP_289_S81_L001_R2_001.fastq.gz
fastaRef: pMP_289.fa
skipSpadesDenovoAssembly: 1
cleanSPADES: 0
qval: 30
minLengthSPADES: 300
uniqueID: PL18842
runUnicycler: 1
skipping: 
assembleUnmappedReads: FALSE

49298 reads; of these:
  49298 (100.00%) were paired; of these:
    8599 (17.44%) aligned concordantly 0 times
    37697 (76.47%) aligned concordantly exactly 1 time
    3002 (6.09%) aligned concordantly >1 times
    ----
    8599 pairs aligned concordantly 0 times; of these:
      6486 (75.43%) aligned discordantly 1 time
    ----
    2113 pairs aligned 0 times concordantly or discordantly; of these:
      4226 mates make up the pairs; of these:
        2131 (50.43%) aligned 0 times
        1347 (31.87%) aligned exactly 1 time
        748 (17.70%) aligned >1 times
97.84% overall alignment rate
