Read1 before filtering:
total reads: 81
total bases: 25191
Q20 bases: 24626(97.7571%)
Q30 bases: 23801(94.4822%)

Read2 before filtering:
total reads: 81
total bases: 25191
Q20 bases: 24890(98.8051%)
Q30 bases: 24390(96.8203%)

Read1 after filtering:
total reads: 78
total bases: 18854
Q20 bases: 18844(99.947%)
Q30 bases: 18752(99.459%)

Read2 after filtering:
total reads: 78
total bases: 18863
Q20 bases: 18846(99.9099%)
Q30 bases: 18732(99.3055%)

Filtering result:
reads passed filter: 156
reads failed due to low quality: 4
reads failed due to too many N: 0
reads failed due to too short: 0
reads failed due to low complexity: 2
reads with adapter trimmed: 91
bases trimmed due to adapters: 11215
reads with polyX in 3' end: 0
bases trimmed in polyX tail: 0

Duplication rate: 1.23457%

Insert size peak (evaluated by paired-end reads): 103

JSON report: PL18803_EHMT1_16_fastp_report.json
HTML report: PL18803_EHMT1_16_fastp_report.html

fastp -w 4 -q 30 -i PL18803_EHMT1_16_S42_L001_R1_001.fastq.gz -I PL18803_EHMT1_16_S42_L001_R2_001.fastq.gz -o PL18803_EHMT1_16_R1_trimmed.fastq -O PL18803_EHMT1_16_R2_trimmed.fastq -h PL18803_EHMT1_16_fastp_report.html -j PL18803_EHMT1_16_fastp_report.json -R PL18803_EHMT1_16_fastp_report --adapter_sequence CTGTCTCTTATACAC --adapter_sequence_r2 TGTATAAGAGACAG -x -y 
fastp v0.22.0, time used: 0 seconds
