[map] task=149 line=150 uid=PL18812 folder=NDD_CRISPR_222026/PL18812_EHMT1_25 ref=EHMT1.fa
Running the plasmid-seq pipeline with the following arguments: 
fastQ_f: PL18812_EHMT1_25_S51_L001_R1_001.fastq.gz
fastQ_r: PL18812_EHMT1_25_S51_L001_R2_001.fastq.gz
fastaRef: EHMT1.fa
skipSpadesDenovoAssembly: 1
cleanSPADES: 0
qval: 30
minLengthSPADES: 300
uniqueID: PL18812
runUnicycler: 1
skipping: 
assembleUnmappedReads: FALSE

40 reads; of these:
  40 (100.00%) were paired; of these:
    36 (90.00%) aligned concordantly 0 times
    4 (10.00%) aligned concordantly exactly 1 time
    0 (0.00%) aligned concordantly >1 times
    ----
    36 pairs aligned concordantly 0 times; of these:
      0 (0.00%) aligned discordantly 1 time
    ----
    36 pairs aligned 0 times concordantly or discordantly; of these:
      72 mates make up the pairs; of these:
        72 (100.00%) aligned 0 times
        0 (0.00%) aligned exactly 1 time
        0 (0.00%) aligned >1 times
10.00% overall alignment rate
