Read1 before filtering:
total reads: 3014
total bases: 937354
Q20 bases: 917225(97.8526%)
Q30 bases: 889346(94.8783%)

Read2 before filtering:
total reads: 3014
total bases: 937354
Q20 bases: 932548(99.4873%)
Q30 bases: 918606(97.9999%)

Read1 after filtering:
total reads: 2957
total bases: 739337
Q20 bases: 738589(99.8988%)
Q30 bases: 733052(99.1499%)

Read2 after filtering:
total reads: 2957
total bases: 739394
Q20 bases: 738462(99.874%)
Q30 bases: 732516(99.0698%)

Filtering result:
reads passed filter: 5914
reads failed due to low quality: 110
reads failed due to too many N: 0
reads failed due to too short: 4
reads failed due to low complexity: 0
reads with adapter trimmed: 3470
bases trimmed due to adapters: 364519
reads with polyX in 3' end: 16
bases trimmed in polyX tail: 1439

Duplication rate: 4.08367%

Insert size peak (evaluated by paired-end reads): 260

JSON report: PL18863_pFL_179_1_fastp_report.json
HTML report: PL18863_pFL_179_1_fastp_report.html

fastp -w 4 -q 30 -i PL18863_pFL_179_1_S102_L001_R1_001.fastq.gz -I PL18863_pFL_179_1_S102_L001_R2_001.fastq.gz -o PL18863_pFL_179_1_R1_trimmed.fastq -O PL18863_pFL_179_1_R2_trimmed.fastq -h PL18863_pFL_179_1_fastp_report.html -j PL18863_pFL_179_1_fastp_report.json -R PL18863_pFL_179_1_fastp_report --adapter_sequence CTGTCTCTTATACAC --adapter_sequence_r2 TGTATAAGAGACAG -x -y 
fastp v0.22.0, time used: 0 seconds
