Read1 before filtering:
total reads: 81891
total bases: 25468101
Q20 bases: 25254919(99.1629%)
Q30 bases: 24763577(97.2337%)

Read2 before filtering:
total reads: 81891
total bases: 25468101
Q20 bases: 25307161(99.3681%)
Q30 bases: 24861619(97.6187%)

Read1 after filtering:
total reads: 79969
total bases: 22527073
Q20 bases: 22503206(99.8941%)
Q30 bases: 22342700(99.1815%)

Read2 after filtering:
total reads: 79969
total bases: 22529017
Q20 bases: 22492194(99.8366%)
Q30 bases: 22290084(98.9394%)

Filtering result:
reads passed filter: 159938
reads failed due to low quality: 3666
reads failed due to too many N: 0
reads failed due to too short: 158
reads failed due to low complexity: 20
reads with adapter trimmed: 58029
bases trimmed due to adapters: 4740908
reads with polyX in 3' end: 369
bases trimmed in polyX tail: 32452

Duplication rate: 8.69448%

Insert size peak (evaluated by paired-end reads): 408

JSON report: PL18921_pFL_251_2_fastp_report.json
HTML report: PL18921_pFL_251_2_fastp_report.html

fastp -w 4 -q 30 -i PL18921_pFL_251_2_S160_L001_R1_001.fastq.gz -I PL18921_pFL_251_2_S160_L001_R2_001.fastq.gz -o PL18921_pFL_251_2_R1_trimmed.fastq -O PL18921_pFL_251_2_R2_trimmed.fastq -h PL18921_pFL_251_2_fastp_report.html -j PL18921_pFL_251_2_fastp_report.json -R PL18921_pFL_251_2_fastp_report --adapter_sequence CTGTCTCTTATACAC --adapter_sequence_r2 TGTATAAGAGACAG -x -y 
fastp v0.22.0, time used: 1 seconds
