[map] task=179 line=180 uid=PL18769 folder=Neuronal_Maturation_222026/PL18769_pLD048_18 ref=pLD048_LVX_U6_BC_pMAP2_RORA_WPRE_pEFS_TagBFP2.fa
Running the plasmid-seq pipeline with the following arguments: 
fastQ_f: PL18769_pLD048_18_S8_L001_R1_001.fastq.gz
fastQ_r: PL18769_pLD048_18_S8_L001_R2_001.fastq.gz
fastaRef: pLD048_LVX_U6_BC_pMAP2_RORA_WPRE_pEFS_TagBFP2.fa
skipSpadesDenovoAssembly: 1
cleanSPADES: 0
qval: 30
minLengthSPADES: 300
uniqueID: PL18769
runUnicycler: 1
skipping: 
assembleUnmappedReads: FALSE

2413 reads; of these:
  2413 (100.00%) were paired; of these:
    2395 (99.25%) aligned concordantly 0 times
    18 (0.75%) aligned concordantly exactly 1 time
    0 (0.00%) aligned concordantly >1 times
    ----
    2395 pairs aligned concordantly 0 times; of these:
      0 (0.00%) aligned discordantly 1 time
    ----
    2395 pairs aligned 0 times concordantly or discordantly; of these:
      4790 mates make up the pairs; of these:
        4789 (99.98%) aligned 0 times
        1 (0.02%) aligned exactly 1 time
        0 (0.00%) aligned >1 times
0.77% overall alignment rate
