[map] task=29 line=30 uid=PL18875 folder=BLADE_FL_222026/PL18875_pFL_186_1 ref=pFL_186.fa
Running the plasmid-seq pipeline with the following arguments: 
fastQ_f: PL18875_pFL_186_1_S114_L001_R1_001.fastq.gz
fastQ_r: PL18875_pFL_186_1_S114_L001_R2_001.fastq.gz
fastaRef: pFL_186.fa
skipSpadesDenovoAssembly: 1
cleanSPADES: 0
qval: 30
minLengthSPADES: 300
uniqueID: PL18875
runUnicycler: 1
skipping: 
assembleUnmappedReads: FALSE

33721 reads; of these:
  33721 (100.00%) were paired; of these:
    6826 (20.24%) aligned concordantly 0 times
    26895 (79.76%) aligned concordantly exactly 1 time
    0 (0.00%) aligned concordantly >1 times
    ----
    6826 pairs aligned concordantly 0 times; of these:
      3376 (49.46%) aligned discordantly 1 time
    ----
    3450 pairs aligned 0 times concordantly or discordantly; of these:
      6900 mates make up the pairs; of these:
        5624 (81.51%) aligned 0 times
        1276 (18.49%) aligned exactly 1 time
        0 (0.00%) aligned >1 times
91.66% overall alignment rate
