[map] task=77 line=78 uid=PL18923 folder=BLADE_FL_222026/PL18923_pFL_256_2 ref=pFL_256.fa
Running the plasmid-seq pipeline with the following arguments: 
fastQ_f: PL18923_pFL_256_2_S162_L001_R1_001.fastq.gz
fastQ_r: PL18923_pFL_256_2_S162_L001_R2_001.fastq.gz
fastaRef: pFL_256.fa
skipSpadesDenovoAssembly: 1
cleanSPADES: 0
qval: 30
minLengthSPADES: 300
uniqueID: PL18923
runUnicycler: 1
skipping: 
assembleUnmappedReads: FALSE

41627 reads; of these:
  41627 (100.00%) were paired; of these:
    8415 (20.22%) aligned concordantly 0 times
    33212 (79.78%) aligned concordantly exactly 1 time
    0 (0.00%) aligned concordantly >1 times
    ----
    8415 pairs aligned concordantly 0 times; of these:
      6498 (77.22%) aligned discordantly 1 time
    ----
    1917 pairs aligned 0 times concordantly or discordantly; of these:
      3834 mates make up the pairs; of these:
        2735 (71.34%) aligned 0 times
        1099 (28.66%) aligned exactly 1 time
        0 (0.00%) aligned >1 times
96.71% overall alignment rate
