Read1 before filtering:
total reads: 54961
total bases: 17092871
Q20 bases: 16819116(98.3984%)
Q30 bases: 16381345(95.8373%)

Read2 before filtering:
total reads: 54961
total bases: 17092871
Q20 bases: 16994853(99.4266%)
Q30 bases: 16701027(97.7076%)

Read1 after filtering:
total reads: 53742
total bases: 14234831
Q20 bases: 14221151(99.9039%)
Q30 bases: 14115743(99.1634%)

Read2 after filtering:
total reads: 53742
total bases: 14236487
Q20 bases: 14218940(99.8767%)
Q30 bases: 14100655(99.0459%)

Filtering result:
reads passed filter: 107484
reads failed due to low quality: 2346
reads failed due to too many N: 0
reads failed due to too short: 88
reads failed due to low complexity: 4
reads with adapter trimmed: 55073
bases trimmed due to adapters: 5030348
reads with polyX in 3' end: 380
bases trimmed in polyX tail: 21300

Duplication rate: 8.96231%

Insert size peak (evaluated by paired-end reads): 288

JSON report: PL18882_pFL_189_v3_2_fastp_report.json
HTML report: PL18882_pFL_189_v3_2_fastp_report.html

fastp -w 4 -q 30 -i PL18882_pFL_189_v3_2_S121_L001_R1_001.fastq.gz -I PL18882_pFL_189_v3_2_S121_L001_R2_001.fastq.gz -o PL18882_pFL_189_v3_2_R1_trimmed.fastq -O PL18882_pFL_189_v3_2_R2_trimmed.fastq -h PL18882_pFL_189_v3_2_fastp_report.html -j PL18882_pFL_189_v3_2_fastp_report.json -R PL18882_pFL_189_v3_2_fastp_report --adapter_sequence CTGTCTCTTATACAC --adapter_sequence_r2 TGTATAAGAGACAG -x -y 
fastp v0.22.0, time used: 0 seconds
