Read1 before filtering:
total reads: 22451
total bases: 6982261
Q20 bases: 6870187(98.3949%)
Q30 bases: 6667807(95.4964%)

Read2 before filtering:
total reads: 22451
total bases: 6982261
Q20 bases: 6944144(99.4541%)
Q30 bases: 6825846(97.7598%)

Read1 after filtering:
total reads: 21916
total bases: 5947742
Q20 bases: 5940650(99.8808%)
Q30 bases: 5889719(99.0245%)

Read2 after filtering:
total reads: 21916
total bases: 5948362
Q20 bases: 5940252(99.8637%)
Q30 bases: 5887854(98.9828%)

Filtering result:
reads passed filter: 43832
reads failed due to low quality: 1026
reads failed due to too many N: 0
reads failed due to too short: 38
reads failed due to low complexity: 6
reads with adapter trimmed: 19977
bases trimmed due to adapters: 1762822
reads with polyX in 3' end: 90
bases trimmed in polyX tail: 6872

Duplication rate: 6.14932%

Insert size peak (evaluated by paired-end reads): 322

JSON report: PL18890_pFL_192_2_fastp_report.json
HTML report: PL18890_pFL_192_2_fastp_report.html

fastp -w 4 -q 30 -i PL18890_pFL_192_2_S129_L001_R1_001.fastq.gz -I PL18890_pFL_192_2_S129_L001_R2_001.fastq.gz -o PL18890_pFL_192_2_R1_trimmed.fastq -O PL18890_pFL_192_2_R2_trimmed.fastq -h PL18890_pFL_192_2_fastp_report.html -j PL18890_pFL_192_2_fastp_report.json -R PL18890_pFL_192_2_fastp_report --adapter_sequence CTGTCTCTTATACAC --adapter_sequence_r2 TGTATAAGAGACAG -x -y 
fastp v0.22.0, time used: 0 seconds
