[map] task=72 line=73 uid=PL18918 folder=BLADE_FL_222026/PL18918_pFL_249_2 ref=pFL_249.fa
Running the plasmid-seq pipeline with the following arguments: 
fastQ_f: PL18918_pFL_249_2_S157_L001_R1_001.fastq.gz
fastQ_r: PL18918_pFL_249_2_S157_L001_R2_001.fastq.gz
fastaRef: pFL_249.fa
skipSpadesDenovoAssembly: 1
cleanSPADES: 0
qval: 30
minLengthSPADES: 300
uniqueID: PL18918
runUnicycler: 1
skipping: 
assembleUnmappedReads: FALSE

56959 reads; of these:
  56959 (100.00%) were paired; of these:
    11876 (20.85%) aligned concordantly 0 times
    45083 (79.15%) aligned concordantly exactly 1 time
    0 (0.00%) aligned concordantly >1 times
    ----
    11876 pairs aligned concordantly 0 times; of these:
      9809 (82.60%) aligned discordantly 1 time
    ----
    2067 pairs aligned 0 times concordantly or discordantly; of these:
      4134 mates make up the pairs; of these:
        2754 (66.62%) aligned 0 times
        1380 (33.38%) aligned exactly 1 time
        0 (0.00%) aligned >1 times
97.58% overall alignment rate
