[map] task=42 line=43 uid=PL18888 folder=BLADE_FL_222026/PL18888_pFL_191V2_1 ref=pFL_191V2.fa
Running the plasmid-seq pipeline with the following arguments: 
fastQ_f: PL18888_pFL_191V2_1_S127_L001_R1_001.fastq.gz
fastQ_r: PL18888_pFL_191V2_1_S127_L001_R2_001.fastq.gz
fastaRef: pFL_191V2.fa
skipSpadesDenovoAssembly: 1
cleanSPADES: 0
qval: 30
minLengthSPADES: 300
uniqueID: PL18888
runUnicycler: 1
skipping: 
assembleUnmappedReads: FALSE

33806 reads; of these:
  33806 (100.00%) were paired; of these:
    6167 (18.24%) aligned concordantly 0 times
    27639 (81.76%) aligned concordantly exactly 1 time
    0 (0.00%) aligned concordantly >1 times
    ----
    6167 pairs aligned concordantly 0 times; of these:
      3810 (61.78%) aligned discordantly 1 time
    ----
    2357 pairs aligned 0 times concordantly or discordantly; of these:
      4714 mates make up the pairs; of these:
        3729 (79.10%) aligned 0 times
        985 (20.90%) aligned exactly 1 time
        0 (0.00%) aligned >1 times
94.48% overall alignment rate
