Read1 before filtering:
total reads: 58
total bases: 18038
Q20 bases: 17664(97.9266%)
Q30 bases: 17076(94.6668%)

Read2 before filtering:
total reads: 58
total bases: 18038
Q20 bases: 17895(99.2072%)
Q30 bases: 17436(96.6626%)

Read1 after filtering:
total reads: 57
total bases: 15423
Q20 bases: 15395(99.8185%)
Q30 bases: 15169(98.3531%)

Read2 after filtering:
total reads: 57
total bases: 15433
Q20 bases: 15378(99.6436%)
Q30 bases: 15107(97.8876%)

Filtering result:
reads passed filter: 114
reads failed due to low quality: 2
reads failed due to too many N: 0
reads failed due to too short: 0
reads failed due to low complexity: 0
reads with adapter trimmed: 45
bases trimmed due to adapters: 4944
reads with polyX in 3' end: 0
bases trimmed in polyX tail: 0

Duplication rate: 0%

Insert size peak (evaluated by paired-end reads): 413

JSON report: PL18823_EHMT1_36_fastp_report.json
HTML report: PL18823_EHMT1_36_fastp_report.html

fastp -w 4 -q 30 -i PL18823_EHMT1_36_S62_L001_R1_001.fastq.gz -I PL18823_EHMT1_36_S62_L001_R2_001.fastq.gz -o PL18823_EHMT1_36_R1_trimmed.fastq -O PL18823_EHMT1_36_R2_trimmed.fastq -h PL18823_EHMT1_36_fastp_report.html -j PL18823_EHMT1_36_fastp_report.json -R PL18823_EHMT1_36_fastp_report --adapter_sequence CTGTCTCTTATACAC --adapter_sequence_r2 TGTATAAGAGACAG -x -y 
fastp v0.22.0, time used: 0 seconds
