Read1 before filtering:
total reads: 8699
total bases: 2705389
Q20 bases: 2647014(97.8423%)
Q30 bases: 2561709(94.6891%)

Read2 before filtering:
total reads: 8699
total bases: 2705389
Q20 bases: 2690767(99.4595%)
Q30 bases: 2648819(97.909%)

Read1 after filtering:
total reads: 8497
total bases: 2146645
Q20 bases: 2144391(99.895%)
Q30 bases: 2127880(99.1258%)

Read2 after filtering:
total reads: 8497
total bases: 2146767
Q20 bases: 2144027(99.8724%)
Q30 bases: 2126883(99.0738%)

Filtering result:
reads passed filter: 16994
reads failed due to low quality: 380
reads failed due to too many N: 0
reads failed due to too short: 24
reads failed due to low complexity: 0
reads with adapter trimmed: 9694
bases trimmed due to adapters: 1004992
reads with polyX in 3' end: 75
bases trimmed in polyX tail: 5131

Duplication rate: 4.42263%

Insert size peak (evaluated by paired-end reads): 210

JSON report: PL18830_EHMT1_43_fastp_report.json
HTML report: PL18830_EHMT1_43_fastp_report.html

fastp -w 4 -q 30 -i PL18830_EHMT1_43_S69_L001_R1_001.fastq.gz -I PL18830_EHMT1_43_S69_L001_R2_001.fastq.gz -o PL18830_EHMT1_43_R1_trimmed.fastq -O PL18830_EHMT1_43_R2_trimmed.fastq -h PL18830_EHMT1_43_fastp_report.html -j PL18830_EHMT1_43_fastp_report.json -R PL18830_EHMT1_43_fastp_report --adapter_sequence CTGTCTCTTATACAC --adapter_sequence_r2 TGTATAAGAGACAG -x -y 
fastp v0.22.0, time used: 0 seconds
