[map] task=134 line=135 uid=PL18797 folder=NDD_CRISPR_222026/PL18797_EHMT1_10 ref=EHMT1.fa
Running the plasmid-seq pipeline with the following arguments: 
fastQ_f: PL18797_EHMT1_10_S36_L001_R1_001.fastq.gz
fastQ_r: PL18797_EHMT1_10_S36_L001_R2_001.fastq.gz
fastaRef: EHMT1.fa
skipSpadesDenovoAssembly: 1
cleanSPADES: 0
qval: 30
minLengthSPADES: 300
uniqueID: PL18797
runUnicycler: 1
skipping: 
assembleUnmappedReads: FALSE

58 reads; of these:
  58 (100.00%) were paired; of these:
    31 (53.45%) aligned concordantly 0 times
    26 (44.83%) aligned concordantly exactly 1 time
    1 (1.72%) aligned concordantly >1 times
    ----
    31 pairs aligned concordantly 0 times; of these:
      4 (12.90%) aligned discordantly 1 time
    ----
    27 pairs aligned 0 times concordantly or discordantly; of these:
      54 mates make up the pairs; of these:
        54 (100.00%) aligned 0 times
        0 (0.00%) aligned exactly 1 time
        0 (0.00%) aligned >1 times
53.45% overall alignment rate
