[map] task=131 line=132 uid=PL18794 folder=NDD_CRISPR_222026/PL18794_EHMT1_07 ref=EHMT1.fa
Running the plasmid-seq pipeline with the following arguments: 
fastQ_f: PL18794_EHMT1_07_S33_L001_R1_001.fastq.gz
fastQ_r: PL18794_EHMT1_07_S33_L001_R2_001.fastq.gz
fastaRef: EHMT1.fa
skipSpadesDenovoAssembly: 1
cleanSPADES: 0
qval: 30
minLengthSPADES: 300
uniqueID: PL18794
runUnicycler: 1
skipping: 
assembleUnmappedReads: FALSE

394 reads; of these:
  394 (100.00%) were paired; of these:
    102 (25.89%) aligned concordantly 0 times
    289 (73.35%) aligned concordantly exactly 1 time
    3 (0.76%) aligned concordantly >1 times
    ----
    102 pairs aligned concordantly 0 times; of these:
      20 (19.61%) aligned discordantly 1 time
    ----
    82 pairs aligned 0 times concordantly or discordantly; of these:
      164 mates make up the pairs; of these:
        164 (100.00%) aligned 0 times
        0 (0.00%) aligned exactly 1 time
        0 (0.00%) aligned >1 times
79.19% overall alignment rate
