Read1 before filtering:
total reads: 11115
total bases: 3456765
Q20 bases: 3424449(99.0651%)
Q30 bases: 3353628(97.0164%)

Read2 before filtering:
total reads: 11115
total bases: 3456765
Q20 bases: 3440297(99.5236%)
Q30 bases: 3392052(98.1279%)

Read1 after filtering:
total reads: 10907
total bases: 2915455
Q20 bases: 2912626(99.903%)
Q30 bases: 2892051(99.1972%)

Read2 after filtering:
total reads: 10907
total bases: 2915970
Q20 bases: 2912798(99.8912%)
Q30 bases: 2891895(99.1744%)

Filtering result:
reads passed filter: 21814
reads failed due to low quality: 396
reads failed due to too many N: 0
reads failed due to too short: 18
reads failed due to low complexity: 2
reads with adapter trimmed: 10396
bases trimmed due to adapters: 960859
reads with polyX in 3' end: 43
bases trimmed in polyX tail: 3281

Duplication rate: 6.47696%

Insert size peak (evaluated by paired-end reads): 319

JSON report: PL18897_pFL_7_1_fastp_report.json
HTML report: PL18897_pFL_7_1_fastp_report.html

fastp -w 4 -q 30 -i PL18897_pFL_7_1_S136_L001_R1_001.fastq.gz -I PL18897_pFL_7_1_S136_L001_R2_001.fastq.gz -o PL18897_pFL_7_1_R1_trimmed.fastq -O PL18897_pFL_7_1_R2_trimmed.fastq -h PL18897_pFL_7_1_fastp_report.html -j PL18897_pFL_7_1_fastp_report.json -R PL18897_pFL_7_1_fastp_report --adapter_sequence CTGTCTCTTATACAC --adapter_sequence_r2 TGTATAAGAGACAG -x -y 
fastp v0.22.0, time used: 1 seconds
