Read1 before filtering:
total reads: 89
total bases: 27679
Q20 bases: 27396(98.9776%)
Q30 bases: 26739(96.6039%)

Read2 before filtering:
total reads: 89
total bases: 27679
Q20 bases: 27653(99.9061%)
Q30 bases: 27452(99.1799%)

Read1 after filtering:
total reads: 89
total bases: 24779
Q20 bases: 24755(99.9031%)
Q30 bases: 24429(98.5875%)

Read2 after filtering:
total reads: 89
total bases: 24770
Q20 bases: 24760(99.9596%)
Q30 bases: 24624(99.4106%)

Filtering result:
reads passed filter: 178
reads failed due to low quality: 0
reads failed due to too many N: 0
reads failed due to too short: 0
reads failed due to low complexity: 0
reads with adapter trimmed: 74
bases trimmed due to adapters: 5800
reads with polyX in 3' end: 1
bases trimmed in polyX tail: 9

Duplication rate: 0%

Insert size peak (evaluated by paired-end reads): 272

JSON report: PL18943_pMP_280_2_fastp_report.json
HTML report: PL18943_pMP_280_2_fastp_report.html

fastp -w 4 -q 30 -i PL18943_pMP_280_2_S182_L001_R1_001.fastq.gz -I PL18943_pMP_280_2_S182_L001_R2_001.fastq.gz -o PL18943_pMP_280_2_R1_trimmed.fastq -O PL18943_pMP_280_2_R2_trimmed.fastq -h PL18943_pMP_280_2_fastp_report.html -j PL18943_pMP_280_2_fastp_report.json -R PL18943_pMP_280_2_fastp_report --adapter_sequence CTGTCTCTTATACAC --adapter_sequence_r2 TGTATAAGAGACAG -x -y 
fastp v0.22.0, time used: 0 seconds
