Read1 before filtering:
total reads: 180
total bases: 55980
Q20 bases: 54896(98.0636%)
Q30 bases: 53125(94.9%)

Read2 before filtering:
total reads: 180
total bases: 55980
Q20 bases: 55182(98.5745%)
Q30 bases: 53771(96.0539%)

Read1 after filtering:
total reads: 175
total bases: 38412
Q20 bases: 38388(99.9375%)
Q30 bases: 38176(99.3856%)

Read2 after filtering:
total reads: 175
total bases: 38404
Q20 bases: 38289(99.7006%)
Q30 bases: 37830(98.5054%)

Filtering result:
reads passed filter: 350
reads failed due to low quality: 10
reads failed due to too many N: 0
reads failed due to too short: 0
reads failed due to low complexity: 0
reads with adapter trimmed: 234
bases trimmed due to adapters: 32380
reads with polyX in 3' end: 0
bases trimmed in polyX tail: 0

Duplication rate: 2.77778%

Insert size peak (evaluated by paired-end reads): 46

JSON report: PL18808_EHMT1_21_fastp_report.json
HTML report: PL18808_EHMT1_21_fastp_report.html

fastp -w 4 -q 30 -i PL18808_EHMT1_21_S47_L001_R1_001.fastq.gz -I PL18808_EHMT1_21_S47_L001_R2_001.fastq.gz -o PL18808_EHMT1_21_R1_trimmed.fastq -O PL18808_EHMT1_21_R2_trimmed.fastq -h PL18808_EHMT1_21_fastp_report.html -j PL18808_EHMT1_21_fastp_report.json -R PL18808_EHMT1_21_fastp_report --adapter_sequence CTGTCTCTTATACAC --adapter_sequence_r2 TGTATAAGAGACAG -x -y 
fastp v0.22.0, time used: 0 seconds
