[map] task=56 line=57 uid=PL18902 folder=BLADE_FL_222026/PL18902_pFL_196_v2_1 ref=pFL_196.fa
Running the plasmid-seq pipeline with the following arguments: 
fastQ_f: PL18902_pFL_196_v2_1_S141_L001_R1_001.fastq.gz
fastQ_r: PL18902_pFL_196_v2_1_S141_L001_R2_001.fastq.gz
fastaRef: pFL_196.fa
skipSpadesDenovoAssembly: 1
cleanSPADES: 0
qval: 30
minLengthSPADES: 300
uniqueID: PL18902
runUnicycler: 1
skipping: 
assembleUnmappedReads: FALSE

25786 reads; of these:
  25786 (100.00%) were paired; of these:
    7323 (28.40%) aligned concordantly 0 times
    18149 (70.38%) aligned concordantly exactly 1 time
    314 (1.22%) aligned concordantly >1 times
    ----
    7323 pairs aligned concordantly 0 times; of these:
      6194 (84.58%) aligned discordantly 1 time
    ----
    1129 pairs aligned 0 times concordantly or discordantly; of these:
      2258 mates make up the pairs; of these:
        1106 (48.98%) aligned 0 times
        736 (32.60%) aligned exactly 1 time
        416 (18.42%) aligned >1 times
97.86% overall alignment rate
