[map] task=10 line=11 uid=PL18848 folder=BLADE_AB_222026/PL18848_pAB_144_2 ref=pAB_144.fa
Running the plasmid-seq pipeline with the following arguments: 
fastQ_f: PL18848_pAB_144_2_S87_L001_R1_001.fastq.gz
fastQ_r: PL18848_pAB_144_2_S87_L001_R2_001.fastq.gz
fastaRef: pAB_144.fa
skipSpadesDenovoAssembly: 1
cleanSPADES: 0
qval: 30
minLengthSPADES: 300
uniqueID: PL18848
runUnicycler: 1
skipping: 
assembleUnmappedReads: FALSE

177 reads; of these:
  177 (100.00%) were paired; of these:
    134 (75.71%) aligned concordantly 0 times
    43 (24.29%) aligned concordantly exactly 1 time
    0 (0.00%) aligned concordantly >1 times
    ----
    134 pairs aligned concordantly 0 times; of these:
      9 (6.72%) aligned discordantly 1 time
    ----
    125 pairs aligned 0 times concordantly or discordantly; of these:
      250 mates make up the pairs; of these:
        243 (97.20%) aligned 0 times
        7 (2.80%) aligned exactly 1 time
        0 (0.00%) aligned >1 times
31.36% overall alignment rate
