[map] task=136 line=137 uid=PL18799 folder=NDD_CRISPR_222026/PL18799_EHMT1_12 ref=EHMT1.fa
Running the plasmid-seq pipeline with the following arguments: 
fastQ_f: PL18799_EHMT1_12_S38_L001_R1_001.fastq.gz
fastQ_r: PL18799_EHMT1_12_S38_L001_R2_001.fastq.gz
fastaRef: EHMT1.fa
skipSpadesDenovoAssembly: 1
cleanSPADES: 0
qval: 30
minLengthSPADES: 300
uniqueID: PL18799
runUnicycler: 1
skipping: 
assembleUnmappedReads: FALSE

4322 reads; of these:
  4322 (100.00%) were paired; of these:
    615 (14.23%) aligned concordantly 0 times
    3705 (85.72%) aligned concordantly exactly 1 time
    2 (0.05%) aligned concordantly >1 times
    ----
    615 pairs aligned concordantly 0 times; of these:
      440 (71.54%) aligned discordantly 1 time
    ----
    175 pairs aligned 0 times concordantly or discordantly; of these:
      350 mates make up the pairs; of these:
        344 (98.29%) aligned 0 times
        6 (1.71%) aligned exactly 1 time
        0 (0.00%) aligned >1 times
96.02% overall alignment rate
