[map] task=169 line=170 uid=PL18832 folder=NDD_CRISPR_222026/PL18832_EHMT1_6well_24 ref=EHMT1.fa
Running the plasmid-seq pipeline with the following arguments: 
fastQ_f: PL18832_EHMT1_6well_24_S71_L001_R1_001.fastq.gz
fastQ_r: PL18832_EHMT1_6well_24_S71_L001_R2_001.fastq.gz
fastaRef: EHMT1.fa
skipSpadesDenovoAssembly: 1
cleanSPADES: 0
qval: 30
minLengthSPADES: 300
uniqueID: PL18832
runUnicycler: 1
skipping: 
assembleUnmappedReads: FALSE

16356 reads; of these:
  16356 (100.00%) were paired; of these:
    13428 (82.10%) aligned concordantly 0 times
    2922 (17.87%) aligned concordantly exactly 1 time
    6 (0.04%) aligned concordantly >1 times
    ----
    13428 pairs aligned concordantly 0 times; of these:
      191 (1.42%) aligned discordantly 1 time
    ----
    13237 pairs aligned 0 times concordantly or discordantly; of these:
      26474 mates make up the pairs; of these:
        26430 (99.83%) aligned 0 times
        44 (0.17%) aligned exactly 1 time
        0 (0.00%) aligned >1 times
19.20% overall alignment rate
