Read1 before filtering:
total reads: 35054
total bases: 10901794
Q20 bases: 10719935(98.3318%)
Q30 bases: 10395782(95.3585%)

Read2 before filtering:
total reads: 35054
total bases: 10901794
Q20 bases: 10844092(99.4707%)
Q30 bases: 10667667(97.8524%)

Read1 after filtering:
total reads: 34339
total bases: 9221791
Q20 bases: 9213757(99.9129%)
Q30 bases: 9148422(99.2044%)

Read2 after filtering:
total reads: 34339
total bases: 9222923
Q20 bases: 9211809(99.8795%)
Q30 bases: 9134795(99.0445%)

Filtering result:
reads passed filter: 68678
reads failed due to low quality: 1368
reads failed due to too many N: 0
reads failed due to too short: 56
reads failed due to low complexity: 6
reads with adapter trimmed: 32832
bases trimmed due to adapters: 2946285
reads with polyX in 3' end: 183
bases trimmed in polyX tail: 13378

Duplication rate: 8.2856%

Insert size peak (evaluated by paired-end reads): 304

JSON report: PL18880_pFL_188_v2_2_fastp_report.json
HTML report: PL18880_pFL_188_v2_2_fastp_report.html

fastp -w 4 -q 30 -i PL18880_pFL_188_v2_2_S119_L001_R1_001.fastq.gz -I PL18880_pFL_188_v2_2_S119_L001_R2_001.fastq.gz -o PL18880_pFL_188_v2_2_R1_trimmed.fastq -O PL18880_pFL_188_v2_2_R2_trimmed.fastq -h PL18880_pFL_188_v2_2_fastp_report.html -j PL18880_pFL_188_v2_2_fastp_report.json -R PL18880_pFL_188_v2_2_fastp_report --adapter_sequence CTGTCTCTTATACAC --adapter_sequence_r2 TGTATAAGAGACAG -x -y 
fastp v0.22.0, time used: 0 seconds
