[map] task=67 line=68 uid=PL18913 folder=BLADE_FL_222026/PL18913_pFL_213_1 ref=pFL_213.fa
Running the plasmid-seq pipeline with the following arguments: 
fastQ_f: PL18913_pFL_213_1_S152_L001_R1_001.fastq.gz
fastQ_r: PL18913_pFL_213_1_S152_L001_R2_001.fastq.gz
fastaRef: pFL_213.fa
skipSpadesDenovoAssembly: 1
cleanSPADES: 0
qval: 30
minLengthSPADES: 300
uniqueID: PL18913
runUnicycler: 1
skipping: 
assembleUnmappedReads: FALSE

25929 reads; of these:
  25929 (100.00%) were paired; of these:
    8702 (33.56%) aligned concordantly 0 times
    17227 (66.44%) aligned concordantly exactly 1 time
    0 (0.00%) aligned concordantly >1 times
    ----
    8702 pairs aligned concordantly 0 times; of these:
      3270 (37.58%) aligned discordantly 1 time
    ----
    5432 pairs aligned 0 times concordantly or discordantly; of these:
      10864 mates make up the pairs; of these:
        10200 (93.89%) aligned 0 times
        664 (6.11%) aligned exactly 1 time
        0 (0.00%) aligned >1 times
80.33% overall alignment rate
