[map] task=102 line=103 uid=PL18939 folder=Gene_Circuits_222026/PL18939_pMP_278_2 ref=pMP_278.fa
Running the plasmid-seq pipeline with the following arguments: 
fastQ_f: PL18939_pMP_278_2_S178_L001_R1_001.fastq.gz
fastQ_r: PL18939_pMP_278_2_S178_L001_R2_001.fastq.gz
fastaRef: pMP_278.fa
skipSpadesDenovoAssembly: 1
cleanSPADES: 0
qval: 30
minLengthSPADES: 300
uniqueID: PL18939
runUnicycler: 1
skipping: 
assembleUnmappedReads: FALSE

64984 reads; of these:
  64984 (100.00%) were paired; of these:
    12248 (18.85%) aligned concordantly 0 times
    52614 (80.96%) aligned concordantly exactly 1 time
    122 (0.19%) aligned concordantly >1 times
    ----
    12248 pairs aligned concordantly 0 times; of these:
      9488 (77.47%) aligned discordantly 1 time
    ----
    2760 pairs aligned 0 times concordantly or discordantly; of these:
      5520 mates make up the pairs; of these:
        4435 (80.34%) aligned 0 times
        1085 (19.66%) aligned exactly 1 time
        0 (0.00%) aligned >1 times
96.59% overall alignment rate
