Read1 before filtering:
total reads: 76
total bases: 23636
Q20 bases: 23008(97.343%)
Q30 bases: 22103(93.5141%)

Read2 before filtering:
total reads: 76
total bases: 23636
Q20 bases: 23417(99.0734%)
Q30 bases: 22841(96.6365%)

Read1 after filtering:
total reads: 71
total bases: 16741
Q20 bases: 16727(99.9164%)
Q30 bases: 16616(99.2533%)

Read2 after filtering:
total reads: 71
total bases: 16741
Q20 bases: 16662(99.5281%)
Q30 bases: 16425(98.1124%)

Filtering result:
reads passed filter: 142
reads failed due to low quality: 8
reads failed due to too many N: 0
reads failed due to too short: 2
reads failed due to low complexity: 0
reads with adapter trimmed: 86
bases trimmed due to adapters: 10918
reads with polyX in 3' end: 2
bases trimmed in polyX tail: 563

Duplication rate: 0%

Insert size peak (evaluated by paired-end reads): 77

JSON report: PL18800_EHMT1_13_fastp_report.json
HTML report: PL18800_EHMT1_13_fastp_report.html

fastp -w 4 -q 30 -i PL18800_EHMT1_13_S39_L001_R1_001.fastq.gz -I PL18800_EHMT1_13_S39_L001_R2_001.fastq.gz -o PL18800_EHMT1_13_R1_trimmed.fastq -O PL18800_EHMT1_13_R2_trimmed.fastq -h PL18800_EHMT1_13_fastp_report.html -j PL18800_EHMT1_13_fastp_report.json -R PL18800_EHMT1_13_fastp_report --adapter_sequence CTGTCTCTTATACAC --adapter_sequence_r2 TGTATAAGAGACAG -x -y 
fastp v0.22.0, time used: 0 seconds
