[map] task=138 line=139 uid=PL18801 folder=NDD_CRISPR_222026/PL18801_EHMT1_14 ref=EHMT1.fa
Running the plasmid-seq pipeline with the following arguments: 
fastQ_f: PL18801_EHMT1_14_S40_L001_R1_001.fastq.gz
fastQ_r: PL18801_EHMT1_14_S40_L001_R2_001.fastq.gz
fastaRef: EHMT1.fa
skipSpadesDenovoAssembly: 1
cleanSPADES: 0
qval: 30
minLengthSPADES: 300
uniqueID: PL18801
runUnicycler: 1
skipping: 
assembleUnmappedReads: FALSE

120 reads; of these:
  120 (100.00%) were paired; of these:
    47 (39.17%) aligned concordantly 0 times
    73 (60.83%) aligned concordantly exactly 1 time
    0 (0.00%) aligned concordantly >1 times
    ----
    47 pairs aligned concordantly 0 times; of these:
      5 (10.64%) aligned discordantly 1 time
    ----
    42 pairs aligned 0 times concordantly or discordantly; of these:
      84 mates make up the pairs; of these:
        84 (100.00%) aligned 0 times
        0 (0.00%) aligned exactly 1 time
        0 (0.00%) aligned >1 times
65.00% overall alignment rate
