Read1 before filtering:
total reads: 27692
total bases: 8612212
Q20 bases: 8507925(98.7891%)
Q30 bases: 8305115(96.4342%)

Read2 before filtering:
total reads: 27692
total bases: 8612212
Q20 bases: 8568810(99.496%)
Q30 bases: 8438454(97.9824%)

Read1 after filtering:
total reads: 27118
total bases: 7666134
Q20 bases: 7658270(99.8974%)
Q30 bases: 7597631(99.1064%)

Read2 after filtering:
total reads: 27118
total bases: 7666041
Q20 bases: 7656906(99.8808%)
Q30 bases: 7596849(99.0974%)

Filtering result:
reads passed filter: 54236
reads failed due to low quality: 1090
reads failed due to too many N: 0
reads failed due to too short: 56
reads failed due to low complexity: 2
reads with adapter trimmed: 19617
bases trimmed due to adapters: 1553338
reads with polyX in 3' end: 134
bases trimmed in polyX tail: 12718

Duplication rate: 5.7512%

Insert size peak (evaluated by paired-end reads): 330

JSON report: PL18904_pFL_205_1_fastp_report.json
HTML report: PL18904_pFL_205_1_fastp_report.html

fastp -w 4 -q 30 -i PL18904_pFL_205_1_S143_L001_R1_001.fastq.gz -I PL18904_pFL_205_1_S143_L001_R2_001.fastq.gz -o PL18904_pFL_205_1_R1_trimmed.fastq -O PL18904_pFL_205_1_R2_trimmed.fastq -h PL18904_pFL_205_1_fastp_report.html -j PL18904_pFL_205_1_fastp_report.json -R PL18904_pFL_205_1_fastp_report --adapter_sequence CTGTCTCTTATACAC --adapter_sequence_r2 TGTATAAGAGACAG -x -y 
fastp v0.22.0, time used: 0 seconds
