[map] task=159 line=160 uid=PL18822 folder=NDD_CRISPR_222026/PL18822_EHMT1_35 ref=EHMT1.fa
Running the plasmid-seq pipeline with the following arguments: 
fastQ_f: PL18822_EHMT1_35_S61_L001_R1_001.fastq.gz
fastQ_r: PL18822_EHMT1_35_S61_L001_R2_001.fastq.gz
fastaRef: EHMT1.fa
skipSpadesDenovoAssembly: 1
cleanSPADES: 0
qval: 30
minLengthSPADES: 300
uniqueID: PL18822
runUnicycler: 1
skipping: 
assembleUnmappedReads: FALSE

253 reads; of these:
  253 (100.00%) were paired; of these:
    166 (65.61%) aligned concordantly 0 times
    87 (34.39%) aligned concordantly exactly 1 time
    0 (0.00%) aligned concordantly >1 times
    ----
    166 pairs aligned concordantly 0 times; of these:
      7 (4.22%) aligned discordantly 1 time
    ----
    159 pairs aligned 0 times concordantly or discordantly; of these:
      318 mates make up the pairs; of these:
        318 (100.00%) aligned 0 times
        0 (0.00%) aligned exactly 1 time
        0 (0.00%) aligned >1 times
37.15% overall alignment rate
