[map] task=147 line=148 uid=PL18810 folder=NDD_CRISPR_222026/PL18810_EHMT1_23 ref=EHMT1.fa
Running the plasmid-seq pipeline with the following arguments: 
fastQ_f: PL18810_EHMT1_23_S49_L001_R1_001.fastq.gz
fastQ_r: PL18810_EHMT1_23_S49_L001_R2_001.fastq.gz
fastaRef: EHMT1.fa
skipSpadesDenovoAssembly: 1
cleanSPADES: 0
qval: 30
minLengthSPADES: 300
uniqueID: PL18810
runUnicycler: 1
skipping: 
assembleUnmappedReads: FALSE

489 reads; of these:
  489 (100.00%) were paired; of these:
    55 (11.25%) aligned concordantly 0 times
    431 (88.14%) aligned concordantly exactly 1 time
    3 (0.61%) aligned concordantly >1 times
    ----
    55 pairs aligned concordantly 0 times; of these:
      12 (21.82%) aligned discordantly 1 time
    ----
    43 pairs aligned 0 times concordantly or discordantly; of these:
      86 mates make up the pairs; of these:
        83 (96.51%) aligned 0 times
        3 (3.49%) aligned exactly 1 time
        0 (0.00%) aligned >1 times
91.51% overall alignment rate
