Read1 before filtering:
total reads: 34312
total bases: 10671032
Q20 bases: 10517879(98.5648%)
Q30 bases: 10285247(96.3847%)

Read2 before filtering:
total reads: 34312
total bases: 10671032
Q20 bases: 10619193(99.5142%)
Q30 bases: 10465862(98.0773%)

Read1 after filtering:
total reads: 33677
total bases: 8931524
Q20 bases: 8923399(99.909%)
Q30 bases: 8861508(99.2161%)

Read2 after filtering:
total reads: 33677
total bases: 8931556
Q20 bases: 8921248(99.8846%)
Q30 bases: 8853734(99.1287%)

Filtering result:
reads passed filter: 67354
reads failed due to low quality: 1224
reads failed due to too many N: 0
reads failed due to too short: 44
reads failed due to low complexity: 2
reads with adapter trimmed: 34328
bases trimmed due to adapters: 3113856
reads with polyX in 3' end: 204
bases trimmed in polyX tail: 10589

Duplication rate: 5.0304%

Insert size peak (evaluated by paired-end reads): 286

JSON report: PL18786_pLD058_11_fastp_report.json
HTML report: PL18786_pLD058_11_fastp_report.html

fastp -w 4 -q 30 -i PL18786_pLD058_11_S25_L001_R1_001.fastq.gz -I PL18786_pLD058_11_S25_L001_R2_001.fastq.gz -o PL18786_pLD058_11_R1_trimmed.fastq -O PL18786_pLD058_11_R2_trimmed.fastq -h PL18786_pLD058_11_fastp_report.html -j PL18786_pLD058_11_fastp_report.json -R PL18786_pLD058_11_fastp_report --adapter_sequence CTGTCTCTTATACAC --adapter_sequence_r2 TGTATAAGAGACAG -x -y 
fastp v0.22.0, time used: 0 seconds
