Read1 before filtering:
total reads: 43540
total bases: 13540940
Q20 bases: 13361135(98.6721%)
Q30 bases: 13028262(96.2139%)

Read2 before filtering:
total reads: 43540
total bases: 13540940
Q20 bases: 13450996(99.3358%)
Q30 bases: 13203144(97.5054%)

Read1 after filtering:
total reads: 42427
total bases: 11869401
Q20 bases: 11856649(99.8926%)
Q30 bases: 11766591(99.1338%)

Read2 after filtering:
total reads: 42427
total bases: 11869058
Q20 bases: 11849108(99.8319%)
Q30 bases: 11739802(98.911%)

Filtering result:
reads passed filter: 84854
reads failed due to low quality: 2138
reads failed due to too many N: 0
reads failed due to too short: 88
reads failed due to low complexity: 0
reads with adapter trimmed: 31925
bases trimmed due to adapters: 2687456
reads with polyX in 3' end: 222
bases trimmed in polyX tail: 17750

Duplication rate: 7.20698%

Insert size peak (evaluated by paired-end reads): 285

JSON report: PL18895_pFL_194_2_fastp_report.json
HTML report: PL18895_pFL_194_2_fastp_report.html

fastp -w 4 -q 30 -i PL18895_pFL_194_2_S134_L001_R1_001.fastq.gz -I PL18895_pFL_194_2_S134_L001_R2_001.fastq.gz -o PL18895_pFL_194_2_R1_trimmed.fastq -O PL18895_pFL_194_2_R2_trimmed.fastq -h PL18895_pFL_194_2_fastp_report.html -j PL18895_pFL_194_2_fastp_report.json -R PL18895_pFL_194_2_fastp_report --adapter_sequence CTGTCTCTTATACAC --adapter_sequence_r2 TGTATAAGAGACAG -x -y 
fastp v0.22.0, time used: 1 seconds
