[map] task=88 line=89 uid=PL18843 folder=Gene_Circuits_222026/PL18843_pMP_290 ref=pMP_290.fa
Running the plasmid-seq pipeline with the following arguments: 
fastQ_f: PL18843_pMP_290_S82_L001_R1_001.fastq.gz
fastQ_r: PL18843_pMP_290_S82_L001_R2_001.fastq.gz
fastaRef: pMP_290.fa
skipSpadesDenovoAssembly: 1
cleanSPADES: 0
qval: 30
minLengthSPADES: 300
uniqueID: PL18843
runUnicycler: 1
skipping: 
assembleUnmappedReads: FALSE

39565 reads; of these:
  39565 (100.00%) were paired; of these:
    7254 (18.33%) aligned concordantly 0 times
    31273 (79.04%) aligned concordantly exactly 1 time
    1038 (2.62%) aligned concordantly >1 times
    ----
    7254 pairs aligned concordantly 0 times; of these:
      5632 (77.64%) aligned discordantly 1 time
    ----
    1622 pairs aligned 0 times concordantly or discordantly; of these:
      3244 mates make up the pairs; of these:
        2483 (76.54%) aligned 0 times
        675 (20.81%) aligned exactly 1 time
        86 (2.65%) aligned >1 times
96.86% overall alignment rate
