[map] task=184 line=185 uid=PL18774 folder=Neuronal_Maturation_222026/PL18774_pLD048_23 ref=pLD048_LVX_U6_BC_pMAP2_RORA_WPRE_pEFS_TagBFP2.fa
Running the plasmid-seq pipeline with the following arguments: 
fastQ_f: PL18774_pLD048_23_S13_L001_R1_001.fastq.gz
fastQ_r: PL18774_pLD048_23_S13_L001_R2_001.fastq.gz
fastaRef: pLD048_LVX_U6_BC_pMAP2_RORA_WPRE_pEFS_TagBFP2.fa
skipSpadesDenovoAssembly: 1
cleanSPADES: 0
qval: 30
minLengthSPADES: 300
uniqueID: PL18774
runUnicycler: 1
skipping: 
assembleUnmappedReads: FALSE

9632 reads; of these:
  9632 (100.00%) were paired; of these:
    9599 (99.66%) aligned concordantly 0 times
    29 (0.30%) aligned concordantly exactly 1 time
    4 (0.04%) aligned concordantly >1 times
    ----
    9599 pairs aligned concordantly 0 times; of these:
      6 (0.06%) aligned discordantly 1 time
    ----
    9593 pairs aligned 0 times concordantly or discordantly; of these:
      19186 mates make up the pairs; of these:
        19179 (99.96%) aligned 0 times
        4 (0.02%) aligned exactly 1 time
        3 (0.02%) aligned >1 times
0.44% overall alignment rate
