[map] task=163 line=164 uid=PL18826 folder=NDD_CRISPR_222026/PL18826_EHMT1_39 ref=EHMT1.fa
Running the plasmid-seq pipeline with the following arguments: 
fastQ_f: PL18826_EHMT1_39_S65_L001_R1_001.fastq.gz
fastQ_r: PL18826_EHMT1_39_S65_L001_R2_001.fastq.gz
fastaRef: EHMT1.fa
skipSpadesDenovoAssembly: 1
cleanSPADES: 0
qval: 30
minLengthSPADES: 300
uniqueID: PL18826
runUnicycler: 1
skipping: 
assembleUnmappedReads: FALSE

98 reads; of these:
  98 (100.00%) were paired; of these:
    98 (100.00%) aligned concordantly 0 times
    0 (0.00%) aligned concordantly exactly 1 time
    0 (0.00%) aligned concordantly >1 times
    ----
    98 pairs aligned concordantly 0 times; of these:
      0 (0.00%) aligned discordantly 1 time
    ----
    98 pairs aligned 0 times concordantly or discordantly; of these:
      196 mates make up the pairs; of these:
        196 (100.00%) aligned 0 times
        0 (0.00%) aligned exactly 1 time
        0 (0.00%) aligned >1 times
0.00% overall alignment rate
