Read1 before filtering:
total reads: 38
total bases: 11818
Q20 bases: 11566(97.8677%)
Q30 bases: 11227(94.9992%)

Read2 before filtering:
total reads: 38
total bases: 11818
Q20 bases: 11736(99.3061%)
Q30 bases: 11377(96.2684%)

Read1 after filtering:
total reads: 36
total bases: 8174
Q20 bases: 8165(99.8899%)
Q30 bases: 8100(99.0947%)

Read2 after filtering:
total reads: 36
total bases: 8174
Q20 bases: 8161(99.841%)
Q30 bases: 8064(98.6543%)

Filtering result:
reads passed filter: 72
reads failed due to low quality: 4
reads failed due to too many N: 0
reads failed due to too short: 0
reads failed due to low complexity: 0
reads with adapter trimmed: 46
bases trimmed due to adapters: 6442
reads with polyX in 3' end: 0
bases trimmed in polyX tail: 0

Duplication rate: 0%

Insert size peak (evaluated by paired-end reads): 74

JSON report: PL18818_EHMT1_31_fastp_report.json
HTML report: PL18818_EHMT1_31_fastp_report.html

fastp -w 4 -q 30 -i PL18818_EHMT1_31_S57_L001_R1_001.fastq.gz -I PL18818_EHMT1_31_S57_L001_R2_001.fastq.gz -o PL18818_EHMT1_31_R1_trimmed.fastq -O PL18818_EHMT1_31_R2_trimmed.fastq -h PL18818_EHMT1_31_fastp_report.html -j PL18818_EHMT1_31_fastp_report.json -R PL18818_EHMT1_31_fastp_report --adapter_sequence CTGTCTCTTATACAC --adapter_sequence_r2 TGTATAAGAGACAG -x -y 
fastp v0.22.0, time used: 0 seconds
