[map] task=140 line=141 uid=PL18803 folder=NDD_CRISPR_222026/PL18803_EHMT1_16 ref=EHMT1.fa
Running the plasmid-seq pipeline with the following arguments: 
fastQ_f: PL18803_EHMT1_16_S42_L001_R1_001.fastq.gz
fastQ_r: PL18803_EHMT1_16_S42_L001_R2_001.fastq.gz
fastaRef: EHMT1.fa
skipSpadesDenovoAssembly: 1
cleanSPADES: 0
qval: 30
minLengthSPADES: 300
uniqueID: PL18803
runUnicycler: 1
skipping: 
assembleUnmappedReads: FALSE

78 reads; of these:
  78 (100.00%) were paired; of these:
    33 (42.31%) aligned concordantly 0 times
    45 (57.69%) aligned concordantly exactly 1 time
    0 (0.00%) aligned concordantly >1 times
    ----
    33 pairs aligned concordantly 0 times; of these:
      3 (9.09%) aligned discordantly 1 time
    ----
    30 pairs aligned 0 times concordantly or discordantly; of these:
      60 mates make up the pairs; of these:
        60 (100.00%) aligned 0 times
        0 (0.00%) aligned exactly 1 time
        0 (0.00%) aligned >1 times
61.54% overall alignment rate
