[map] task=172 line=173 uid=PL18762 folder=Neuronal_Maturation_222026/PL18762_pLD048_09 ref=pLD048_LVX_U6_BC_pMAP2_RORA_WPRE_pEFS_TagBFP2.fa
Running the plasmid-seq pipeline with the following arguments: 
fastQ_f: PL18762_pLD048_09_S1_L001_R1_001.fastq.gz
fastQ_r: PL18762_pLD048_09_S1_L001_R2_001.fastq.gz
fastaRef: pLD048_LVX_U6_BC_pMAP2_RORA_WPRE_pEFS_TagBFP2.fa
skipSpadesDenovoAssembly: 1
cleanSPADES: 0
qval: 30
minLengthSPADES: 300
uniqueID: PL18762
runUnicycler: 1
skipping: 
assembleUnmappedReads: FALSE

35990 reads; of these:
  35990 (100.00%) were paired; of these:
    6406 (17.80%) aligned concordantly 0 times
    27436 (76.23%) aligned concordantly exactly 1 time
    2148 (5.97%) aligned concordantly >1 times
    ----
    6406 pairs aligned concordantly 0 times; of these:
      4884 (76.24%) aligned discordantly 1 time
    ----
    1522 pairs aligned 0 times concordantly or discordantly; of these:
      3044 mates make up the pairs; of these:
        2015 (66.20%) aligned 0 times
        498 (16.36%) aligned exactly 1 time
        531 (17.44%) aligned >1 times
97.20% overall alignment rate
