[map] task=57 line=58 uid=PL18903 folder=BLADE_FL_222026/PL18903_pFL_203_1 ref=pFL_203.fa
Running the plasmid-seq pipeline with the following arguments: 
fastQ_f: PL18903_pFL_203_1_S142_L001_R1_001.fastq.gz
fastQ_r: PL18903_pFL_203_1_S142_L001_R2_001.fastq.gz
fastaRef: pFL_203.fa
skipSpadesDenovoAssembly: 1
cleanSPADES: 0
qval: 30
minLengthSPADES: 300
uniqueID: PL18903
runUnicycler: 1
skipping: 
assembleUnmappedReads: FALSE

33582 reads; of these:
  33582 (100.00%) were paired; of these:
    7021 (20.91%) aligned concordantly 0 times
    26561 (79.09%) aligned concordantly exactly 1 time
    0 (0.00%) aligned concordantly >1 times
    ----
    7021 pairs aligned concordantly 0 times; of these:
      5639 (80.32%) aligned discordantly 1 time
    ----
    1382 pairs aligned 0 times concordantly or discordantly; of these:
      2764 mates make up the pairs; of these:
        1922 (69.54%) aligned 0 times
        842 (30.46%) aligned exactly 1 time
        0 (0.00%) aligned >1 times
97.14% overall alignment rate
