[map] task=177 line=178 uid=PL18767 folder=Neuronal_Maturation_222026/PL18767_pLD048_16 ref=pLD048_LVX_U6_BC_pMAP2_RORA_WPRE_pEFS_TagBFP2.fa
Running the plasmid-seq pipeline with the following arguments: 
fastQ_f: PL18767_pLD048_16_S6_L001_R1_001.fastq.gz
fastQ_r: PL18767_pLD048_16_S6_L001_R2_001.fastq.gz
fastaRef: pLD048_LVX_U6_BC_pMAP2_RORA_WPRE_pEFS_TagBFP2.fa
skipSpadesDenovoAssembly: 1
cleanSPADES: 0
qval: 30
minLengthSPADES: 300
uniqueID: PL18767
runUnicycler: 1
skipping: 
assembleUnmappedReads: FALSE

4326 reads; of these:
  4326 (100.00%) were paired; of these:
    4316 (99.77%) aligned concordantly 0 times
    10 (0.23%) aligned concordantly exactly 1 time
    0 (0.00%) aligned concordantly >1 times
    ----
    4316 pairs aligned concordantly 0 times; of these:
      0 (0.00%) aligned discordantly 1 time
    ----
    4316 pairs aligned 0 times concordantly or discordantly; of these:
      8632 mates make up the pairs; of these:
        8630 (99.98%) aligned 0 times
        2 (0.02%) aligned exactly 1 time
        0 (0.00%) aligned >1 times
0.25% overall alignment rate
