Read1 before filtering:
total reads: 24967
total bases: 7764737
Q20 bases: 7644490(98.4514%)
Q30 bases: 7448072(95.9218%)

Read2 before filtering:
total reads: 24967
total bases: 7764737
Q20 bases: 7721320(99.4408%)
Q30 bases: 7596857(97.8379%)

Read1 after filtering:
total reads: 24418
total bases: 6605221
Q20 bases: 6598744(99.9019%)
Q30 bases: 6548991(99.1487%)

Read2 after filtering:
total reads: 24418
total bases: 6606483
Q20 bases: 6598982(99.8865%)
Q30 bases: 6548068(99.1158%)

Filtering result:
reads passed filter: 48836
reads failed due to low quality: 1032
reads failed due to too many N: 0
reads failed due to too short: 60
reads failed due to low complexity: 6
reads with adapter trimmed: 22769
bases trimmed due to adapters: 2002132
reads with polyX in 3' end: 118
bases trimmed in polyX tail: 12037

Duplication rate: 6.6937%

Insert size peak (evaluated by paired-end reads): 346

JSON report: PL18887_pFL_191V1_2_fastp_report.json
HTML report: PL18887_pFL_191V1_2_fastp_report.html

fastp -w 4 -q 30 -i PL18887_pFL_191V1_2_S126_L001_R1_001.fastq.gz -I PL18887_pFL_191V1_2_S126_L001_R2_001.fastq.gz -o PL18887_pFL_191V1_2_R1_trimmed.fastq -O PL18887_pFL_191V1_2_R2_trimmed.fastq -h PL18887_pFL_191V1_2_fastp_report.html -j PL18887_pFL_191V1_2_fastp_report.json -R PL18887_pFL_191V1_2_fastp_report --adapter_sequence CTGTCTCTTATACAC --adapter_sequence_r2 TGTATAAGAGACAG -x -y 
fastp v0.22.0, time used: 1 seconds
