[map] task=85 line=86 uid=PL18840 folder=Gene_Circuits_222026/PL18840_pMP_288_1 ref=pMP_288.fa
Running the plasmid-seq pipeline with the following arguments: 
fastQ_f: PL18840_pMP_288_1_S79_L001_R1_001.fastq.gz
fastQ_r: PL18840_pMP_288_1_S79_L001_R2_001.fastq.gz
fastaRef: pMP_288.fa
skipSpadesDenovoAssembly: 1
cleanSPADES: 0
qval: 30
minLengthSPADES: 300
uniqueID: PL18840
runUnicycler: 1
skipping: 
assembleUnmappedReads: FALSE

38130 reads; of these:
  38130 (100.00%) were paired; of these:
    5773 (15.14%) aligned concordantly 0 times
    32283 (84.67%) aligned concordantly exactly 1 time
    74 (0.19%) aligned concordantly >1 times
    ----
    5773 pairs aligned concordantly 0 times; of these:
      4178 (72.37%) aligned discordantly 1 time
    ----
    1595 pairs aligned 0 times concordantly or discordantly; of these:
      3190 mates make up the pairs; of these:
        2597 (81.41%) aligned 0 times
        593 (18.59%) aligned exactly 1 time
        0 (0.00%) aligned >1 times
96.59% overall alignment rate
