Read1 before filtering:
total reads: 68652
total bases: 21350772
Q20 bases: 21134046(98.9849%)
Q30 bases: 20746923(97.1718%)

Read2 before filtering:
total reads: 68652
total bases: 21350772
Q20 bases: 21251862(99.5367%)
Q30 bases: 20947543(98.1114%)

Read1 after filtering:
total reads: 67359
total bases: 18838439
Q20 bases: 18823428(99.9203%)
Q30 bases: 18701124(99.2711%)

Read2 after filtering:
total reads: 67359
total bases: 18839041
Q20 bases: 18820437(99.9012%)
Q30 bases: 18686832(99.1921%)

Filtering result:
reads passed filter: 134718
reads failed due to low quality: 2446
reads failed due to too many N: 0
reads failed due to too short: 134
reads failed due to low complexity: 6
reads with adapter trimmed: 54916
bases trimmed due to adapters: 4263209
reads with polyX in 3' end: 189
bases trimmed in polyX tail: 23275

Duplication rate: 7.74397%

Insert size peak (evaluated by paired-end reads): 317

JSON report: PL18938_pMP_278_1_fastp_report.json
HTML report: PL18938_pMP_278_1_fastp_report.html

fastp -w 4 -q 30 -i PL18938_pMP_278_1_S177_L001_R1_001.fastq.gz -I PL18938_pMP_278_1_S177_L001_R2_001.fastq.gz -o PL18938_pMP_278_1_R1_trimmed.fastq -O PL18938_pMP_278_1_R2_trimmed.fastq -h PL18938_pMP_278_1_fastp_report.html -j PL18938_pMP_278_1_fastp_report.json -R PL18938_pMP_278_1_fastp_report --adapter_sequence CTGTCTCTTATACAC --adapter_sequence_r2 TGTATAAGAGACAG -x -y 
fastp v0.22.0, time used: 0 seconds
