[map] task=52 line=53 uid=PL18898 folder=BLADE_FL_222026/PL18898_pFL_8_1 ref=pFL_8.fa
Running the plasmid-seq pipeline with the following arguments: 
fastQ_f: PL18898_pFL_8_1_S137_L001_R1_001.fastq.gz
fastQ_r: PL18898_pFL_8_1_S137_L001_R2_001.fastq.gz
fastaRef: pFL_8.fa
skipSpadesDenovoAssembly: 1
cleanSPADES: 0
qval: 30
minLengthSPADES: 300
uniqueID: PL18898
runUnicycler: 1
skipping: 
assembleUnmappedReads: FALSE

7258 reads; of these:
  7258 (100.00%) were paired; of these:
    1199 (16.52%) aligned concordantly 0 times
    6059 (83.48%) aligned concordantly exactly 1 time
    0 (0.00%) aligned concordantly >1 times
    ----
    1199 pairs aligned concordantly 0 times; of these:
      760 (63.39%) aligned discordantly 1 time
    ----
    439 pairs aligned 0 times concordantly or discordantly; of these:
      878 mates make up the pairs; of these:
        736 (83.83%) aligned 0 times
        142 (16.17%) aligned exactly 1 time
        0 (0.00%) aligned >1 times
94.93% overall alignment rate
