Read1 before filtering:
total reads: 39322
total bases: 12229142
Q20 bases: 12054856(98.5748%)
Q30 bases: 11751314(96.0927%)

Read2 before filtering:
total reads: 39322
total bases: 12229142
Q20 bases: 12160787(99.441%)
Q30 bases: 11953923(97.7495%)

Read1 after filtering:
total reads: 38436
total bases: 10453363
Q20 bases: 10443765(99.9082%)
Q30 bases: 10366844(99.1723%)

Read2 after filtering:
total reads: 38436
total bases: 10453897
Q20 bases: 10441828(99.8846%)
Q30 bases: 10356084(99.0643%)

Filtering result:
reads passed filter: 76872
reads failed due to low quality: 1690
reads failed due to too many N: 0
reads failed due to too short: 76
reads failed due to low complexity: 6
reads with adapter trimmed: 33530
bases trimmed due to adapters: 3043356
reads with polyX in 3' end: 156
bases trimmed in polyX tail: 16839

Duplication rate: 6.8933%

Insert size peak (evaluated by paired-end reads): 285

JSON report: PL18909_pFL_210_1_fastp_report.json
HTML report: PL18909_pFL_210_1_fastp_report.html

fastp -w 4 -q 30 -i PL18909_pFL_210_1_S148_L001_R1_001.fastq.gz -I PL18909_pFL_210_1_S148_L001_R2_001.fastq.gz -o PL18909_pFL_210_1_R1_trimmed.fastq -O PL18909_pFL_210_1_R2_trimmed.fastq -h PL18909_pFL_210_1_fastp_report.html -j PL18909_pFL_210_1_fastp_report.json -R PL18909_pFL_210_1_fastp_report --adapter_sequence CTGTCTCTTATACAC --adapter_sequence_r2 TGTATAAGAGACAG -x -y 
fastp v0.22.0, time used: 1 seconds
