Read1 before filtering:
total reads: 4033
total bases: 1254263
Q20 bases: 1217764(97.09%)
Q30 bases: 1171997(93.4411%)

Read2 before filtering:
total reads: 4033
total bases: 1254263
Q20 bases: 1247318(99.4463%)
Q30 bases: 1228409(97.9387%)

Read1 after filtering:
total reads: 3955
total bases: 865917
Q20 bases: 865150(99.9114%)
Q30 bases: 859411(99.2487%)

Read2 after filtering:
total reads: 3955
total bases: 866003
Q20 bases: 864955(99.879%)
Q30 bases: 858162(99.0946%)

Filtering result:
reads passed filter: 7910
reads failed due to low quality: 154
reads failed due to too many N: 0
reads failed due to too short: 2
reads failed due to low complexity: 0
reads with adapter trimmed: 5996
bases trimmed due to adapters: 735274
reads with polyX in 3' end: 22
bases trimmed in polyX tail: 1748

Duplication rate: 2.65641%

Insert size peak (evaluated by paired-end reads): 169

JSON report: PL18809_EHMT1_22_fastp_report.json
HTML report: PL18809_EHMT1_22_fastp_report.html

fastp -w 4 -q 30 -i PL18809_EHMT1_22_S48_L001_R1_001.fastq.gz -I PL18809_EHMT1_22_S48_L001_R2_001.fastq.gz -o PL18809_EHMT1_22_R1_trimmed.fastq -O PL18809_EHMT1_22_R2_trimmed.fastq -h PL18809_EHMT1_22_fastp_report.html -j PL18809_EHMT1_22_fastp_report.json -R PL18809_EHMT1_22_fastp_report --adapter_sequence CTGTCTCTTATACAC --adapter_sequence_r2 TGTATAAGAGACAG -x -y 
fastp v0.22.0, time used: 0 seconds
