[map] task=82 line=83 uid=PL18837 folder=Gene_Circuits_222026/PL18837_pMP_286_2 ref=pMP_286.fa
Running the plasmid-seq pipeline with the following arguments: 
fastQ_f: PL18837_pMP_286_2_S76_L001_R1_001.fastq.gz
fastQ_r: PL18837_pMP_286_2_S76_L001_R2_001.fastq.gz
fastaRef: pMP_286.fa
skipSpadesDenovoAssembly: 1
cleanSPADES: 0
qval: 30
minLengthSPADES: 300
uniqueID: PL18837
runUnicycler: 1
skipping: 
assembleUnmappedReads: FALSE

36961 reads; of these:
  36961 (100.00%) were paired; of these:
    5910 (15.99%) aligned concordantly 0 times
    30954 (83.75%) aligned concordantly exactly 1 time
    97 (0.26%) aligned concordantly >1 times
    ----
    5910 pairs aligned concordantly 0 times; of these:
      4274 (72.32%) aligned discordantly 1 time
    ----
    1636 pairs aligned 0 times concordantly or discordantly; of these:
      3272 mates make up the pairs; of these:
        2664 (81.42%) aligned 0 times
        607 (18.55%) aligned exactly 1 time
        1 (0.03%) aligned >1 times
96.40% overall alignment rate
