[map] task=165 line=166 uid=PL18828 folder=NDD_CRISPR_222026/PL18828_EHMT1_41 ref=EHMT1.fa
Running the plasmid-seq pipeline with the following arguments: 
fastQ_f: PL18828_EHMT1_41_S67_L001_R1_001.fastq.gz
fastQ_r: PL18828_EHMT1_41_S67_L001_R2_001.fastq.gz
fastaRef: EHMT1.fa
skipSpadesDenovoAssembly: 1
cleanSPADES: 0
qval: 30
minLengthSPADES: 300
uniqueID: PL18828
runUnicycler: 1
skipping: 
assembleUnmappedReads: FALSE

227 reads; of these:
  227 (100.00%) were paired; of these:
    222 (97.80%) aligned concordantly 0 times
    5 (2.20%) aligned concordantly exactly 1 time
    0 (0.00%) aligned concordantly >1 times
    ----
    222 pairs aligned concordantly 0 times; of these:
      1 (0.45%) aligned discordantly 1 time
    ----
    221 pairs aligned 0 times concordantly or discordantly; of these:
      442 mates make up the pairs; of these:
        442 (100.00%) aligned 0 times
        0 (0.00%) aligned exactly 1 time
        0 (0.00%) aligned >1 times
2.64% overall alignment rate
