[map] task=173 line=174 uid=PL18763 folder=Neuronal_Maturation_222026/PL18763_pLD048_10 ref=pLD048_LVX_U6_BC_pMAP2_RORA_WPRE_pEFS_TagBFP2.fa
Running the plasmid-seq pipeline with the following arguments: 
fastQ_f: PL18763_pLD048_10_S2_L001_R1_001.fastq.gz
fastQ_r: PL18763_pLD048_10_S2_L001_R2_001.fastq.gz
fastaRef: pLD048_LVX_U6_BC_pMAP2_RORA_WPRE_pEFS_TagBFP2.fa
skipSpadesDenovoAssembly: 1
cleanSPADES: 0
qval: 30
minLengthSPADES: 300
uniqueID: PL18763
runUnicycler: 1
skipping: 
assembleUnmappedReads: FALSE

25648 reads; of these:
  25648 (100.00%) were paired; of these:
    4534 (17.68%) aligned concordantly 0 times
    19556 (76.25%) aligned concordantly exactly 1 time
    1558 (6.07%) aligned concordantly >1 times
    ----
    4534 pairs aligned concordantly 0 times; of these:
      2748 (60.61%) aligned discordantly 1 time
    ----
    1786 pairs aligned 0 times concordantly or discordantly; of these:
      3572 mates make up the pairs; of these:
        2992 (83.76%) aligned 0 times
        316 (8.85%) aligned exactly 1 time
        264 (7.39%) aligned >1 times
94.17% overall alignment rate
