[map] task=9 line=10 uid=PL18847 folder=BLADE_AB_222026/PL18847_pAB_144_1 ref=pAB_144.fa
Running the plasmid-seq pipeline with the following arguments: 
fastQ_f: PL18847_pAB_144_1_S86_L001_R1_001.fastq.gz
fastQ_r: PL18847_pAB_144_1_S86_L001_R2_001.fastq.gz
fastaRef: pAB_144.fa
skipSpadesDenovoAssembly: 1
cleanSPADES: 0
qval: 30
minLengthSPADES: 300
uniqueID: PL18847
runUnicycler: 1
skipping: 
assembleUnmappedReads: FALSE

33882 reads; of these:
  33882 (100.00%) were paired; of these:
    7264 (21.44%) aligned concordantly 0 times
    26618 (78.56%) aligned concordantly exactly 1 time
    0 (0.00%) aligned concordantly >1 times
    ----
    7264 pairs aligned concordantly 0 times; of these:
      5734 (78.94%) aligned discordantly 1 time
    ----
    1530 pairs aligned 0 times concordantly or discordantly; of these:
      3060 mates make up the pairs; of these:
        2408 (78.69%) aligned 0 times
        652 (21.31%) aligned exactly 1 time
        0 (0.00%) aligned >1 times
96.45% overall alignment rate
