[map] task=109 line=110 uid=PL18946 folder=Gene_Circuits_222026/PL18946_pMP_282_1 ref=pMP_282.fa
Running the plasmid-seq pipeline with the following arguments: 
fastQ_f: PL18946_pMP_282_1_S185_L001_R1_001.fastq.gz
fastQ_r: PL18946_pMP_282_1_S185_L001_R2_001.fastq.gz
fastaRef: pMP_282.fa
skipSpadesDenovoAssembly: 1
cleanSPADES: 0
qval: 30
minLengthSPADES: 300
uniqueID: PL18946
runUnicycler: 1
skipping: 
assembleUnmappedReads: FALSE

70074 reads; of these:
  70074 (100.00%) were paired; of these:
    13411 (19.14%) aligned concordantly 0 times
    56514 (80.65%) aligned concordantly exactly 1 time
    149 (0.21%) aligned concordantly >1 times
    ----
    13411 pairs aligned concordantly 0 times; of these:
      10395 (77.51%) aligned discordantly 1 time
    ----
    3016 pairs aligned 0 times concordantly or discordantly; of these:
      6032 mates make up the pairs; of these:
        4770 (79.08%) aligned 0 times
        1262 (20.92%) aligned exactly 1 time
        0 (0.00%) aligned >1 times
96.60% overall alignment rate
