[map] task=64 line=65 uid=PL18910 folder=BLADE_FL_222026/PL18910_pFL_211_1 ref=pFL_211.fa
Running the plasmid-seq pipeline with the following arguments: 
fastQ_f: PL18910_pFL_211_1_S149_L001_R1_001.fastq.gz
fastQ_r: PL18910_pFL_211_1_S149_L001_R2_001.fastq.gz
fastaRef: pFL_211.fa
skipSpadesDenovoAssembly: 1
cleanSPADES: 0
qval: 30
minLengthSPADES: 300
uniqueID: PL18910
runUnicycler: 1
skipping: 
assembleUnmappedReads: FALSE

39978 reads; of these:
  39978 (100.00%) were paired; of these:
    8337 (20.85%) aligned concordantly 0 times
    31243 (78.15%) aligned concordantly exactly 1 time
    398 (1.00%) aligned concordantly >1 times
    ----
    8337 pairs aligned concordantly 0 times; of these:
      6672 (80.03%) aligned discordantly 1 time
    ----
    1665 pairs aligned 0 times concordantly or discordantly; of these:
      3330 mates make up the pairs; of these:
        2031 (60.99%) aligned 0 times
        797 (23.93%) aligned exactly 1 time
        502 (15.08%) aligned >1 times
97.46% overall alignment rate
