[map] task=103 line=104 uid=PL18940 folder=Gene_Circuits_222026/PL18940_pMP_279_1 ref=pMP_279.fa
Running the plasmid-seq pipeline with the following arguments: 
fastQ_f: PL18940_pMP_279_1_S179_L001_R1_001.fastq.gz
fastQ_r: PL18940_pMP_279_1_S179_L001_R2_001.fastq.gz
fastaRef: pMP_279.fa
skipSpadesDenovoAssembly: 1
cleanSPADES: 0
qval: 30
minLengthSPADES: 300
uniqueID: PL18940
runUnicycler: 1
skipping: 
assembleUnmappedReads: FALSE

33656 reads; of these:
  33656 (100.00%) were paired; of these:
    5285 (15.70%) aligned concordantly 0 times
    28279 (84.02%) aligned concordantly exactly 1 time
    92 (0.27%) aligned concordantly >1 times
    ----
    5285 pairs aligned concordantly 0 times; of these:
      3848 (72.81%) aligned discordantly 1 time
    ----
    1437 pairs aligned 0 times concordantly or discordantly; of these:
      2874 mates make up the pairs; of these:
        2332 (81.14%) aligned 0 times
        542 (18.86%) aligned exactly 1 time
        0 (0.00%) aligned >1 times
96.54% overall alignment rate
