Read1 before filtering:
total reads: 25087
total bases: 7802057
Q20 bases: 7710014(98.8203%)
Q30 bases: 7547222(96.7337%)

Read2 before filtering:
total reads: 25087
total bases: 7802057
Q20 bases: 7756815(99.4201%)
Q30 bases: 7625753(97.7403%)

Read1 after filtering:
total reads: 24556
total bases: 6927484
Q20 bases: 6920316(99.8965%)
Q30 bases: 6872063(99.2%)

Read2 after filtering:
total reads: 24556
total bases: 6928071
Q20 bases: 6917465(99.8469%)
Q30 bases: 6855606(98.954%)

Filtering result:
reads passed filter: 49112
reads failed due to low quality: 1012
reads failed due to too many N: 0
reads failed due to too short: 48
reads failed due to low complexity: 2
reads with adapter trimmed: 17651
bases trimmed due to adapters: 1431819
reads with polyX in 3' end: 169
bases trimmed in polyX tail: 9008

Duplication rate: 5.11632%

Insert size peak (evaluated by paired-end reads): 305

JSON report: PL18779_pLD058_04_fastp_report.json
HTML report: PL18779_pLD058_04_fastp_report.html

fastp -w 4 -q 30 -i PL18779_pLD058_04_S18_L001_R1_001.fastq.gz -I PL18779_pLD058_04_S18_L001_R2_001.fastq.gz -o PL18779_pLD058_04_R1_trimmed.fastq -O PL18779_pLD058_04_R2_trimmed.fastq -h PL18779_pLD058_04_fastp_report.html -j PL18779_pLD058_04_fastp_report.json -R PL18779_pLD058_04_fastp_report --adapter_sequence CTGTCTCTTATACAC --adapter_sequence_r2 TGTATAAGAGACAG -x -y 
fastp v0.22.0, time used: 0 seconds
