Read1 before filtering:
total reads: 527
total bases: 163897
Q20 bases: 160732(98.0689%)
Q30 bases: 155195(94.6906%)

Read2 before filtering:
total reads: 527
total bases: 163897
Q20 bases: 162892(99.3868%)
Q30 bases: 159857(97.535%)

Read1 after filtering:
total reads: 511
total bases: 128919
Q20 bases: 128796(99.9046%)
Q30 bases: 127597(98.9745%)

Read2 after filtering:
total reads: 511
total bases: 128919
Q20 bases: 128746(99.8658%)
Q30 bases: 127663(99.0257%)

Filtering result:
reads passed filter: 1022
reads failed due to low quality: 32
reads failed due to too many N: 0
reads failed due to too short: 0
reads failed due to low complexity: 0
reads with adapter trimmed: 554
bases trimmed due to adapters: 61940
reads with polyX in 3' end: 0
bases trimmed in polyX tail: 0

Duplication rate: 1.32827%

Insert size peak (evaluated by paired-end reads): 249

JSON report: PL18871_pFL_183_2_fastp_report.json
HTML report: PL18871_pFL_183_2_fastp_report.html

fastp -w 4 -q 30 -i PL18871_pFL_183_2_S110_L001_R1_001.fastq.gz -I PL18871_pFL_183_2_S110_L001_R2_001.fastq.gz -o PL18871_pFL_183_2_R1_trimmed.fastq -O PL18871_pFL_183_2_R2_trimmed.fastq -h PL18871_pFL_183_2_fastp_report.html -j PL18871_pFL_183_2_fastp_report.json -R PL18871_pFL_183_2_fastp_report --adapter_sequence CTGTCTCTTATACAC --adapter_sequence_r2 TGTATAAGAGACAG -x -y 
fastp v0.22.0, time used: 0 seconds
