[map] task=108 line=109 uid=PL18945 folder=Gene_Circuits_222026/PL18945_pMP_281_2 ref=pMP_281.fa
Running the plasmid-seq pipeline with the following arguments: 
fastQ_f: PL18945_pMP_281_2_S184_L001_R1_001.fastq.gz
fastQ_r: PL18945_pMP_281_2_S184_L001_R2_001.fastq.gz
fastaRef: pMP_281.fa
skipSpadesDenovoAssembly: 1
cleanSPADES: 0
qval: 30
minLengthSPADES: 300
uniqueID: PL18945
runUnicycler: 1
skipping: 
assembleUnmappedReads: FALSE

54480 reads; of these:
  54480 (100.00%) were paired; of these:
    10551 (19.37%) aligned concordantly 0 times
    43808 (80.41%) aligned concordantly exactly 1 time
    121 (0.22%) aligned concordantly >1 times
    ----
    10551 pairs aligned concordantly 0 times; of these:
      8334 (78.99%) aligned discordantly 1 time
    ----
    2217 pairs aligned 0 times concordantly or discordantly; of these:
      4434 mates make up the pairs; of these:
        3448 (77.76%) aligned 0 times
        986 (22.24%) aligned exactly 1 time
        0 (0.00%) aligned >1 times
96.84% overall alignment rate
