Read1 before filtering:
total reads: 167
total bases: 51937
Q20 bases: 51562(99.278%)
Q30 bases: 50422(97.083%)

Read2 before filtering:
total reads: 167
total bases: 51937
Q20 bases: 51778(99.6939%)
Q30 bases: 51410(98.9853%)

Read1 after filtering:
total reads: 166
total bases: 40732
Q20 bases: 40698(99.9165%)
Q30 bases: 40399(99.1825%)

Read2 after filtering:
total reads: 166
total bases: 40723
Q20 bases: 40708(99.9632%)
Q30 bases: 40562(99.6046%)

Filtering result:
reads passed filter: 332
reads failed due to low quality: 2
reads failed due to too many N: 0
reads failed due to too short: 0
reads failed due to low complexity: 0
reads with adapter trimmed: 176
bases trimmed due to adapters: 21788
reads with polyX in 3' end: 1
bases trimmed in polyX tail: 9

Duplication rate: 2.39521%

Insert size peak (evaluated by paired-end reads): 0

JSON report: PL18795_EHMT1_08_fastp_report.json
HTML report: PL18795_EHMT1_08_fastp_report.html

fastp -w 4 -q 30 -i PL18795_EHMT1_08_S34_L001_R1_001.fastq.gz -I PL18795_EHMT1_08_S34_L001_R2_001.fastq.gz -o PL18795_EHMT1_08_R1_trimmed.fastq -O PL18795_EHMT1_08_R2_trimmed.fastq -h PL18795_EHMT1_08_fastp_report.html -j PL18795_EHMT1_08_fastp_report.json -R PL18795_EHMT1_08_fastp_report --adapter_sequence CTGTCTCTTATACAC --adapter_sequence_r2 TGTATAAGAGACAG -x -y 
fastp v0.22.0, time used: 1 seconds
