Read1 before filtering:
total reads: 179
total bases: 55669
Q20 bases: 55132(99.0354%)
Q30 bases: 53975(96.957%)

Read2 before filtering:
total reads: 179
total bases: 55669
Q20 bases: 55567(99.8168%)
Q30 bases: 55094(98.9671%)

Read1 after filtering:
total reads: 177
total bases: 48921
Q20 bases: 48878(99.9121%)
Q30 bases: 48466(99.0699%)

Read2 after filtering:
total reads: 177
total bases: 48987
Q20 bases: 48926(99.8755%)
Q30 bases: 48620(99.2508%)

Filtering result:
reads passed filter: 354
reads failed due to low quality: 2
reads failed due to too many N: 0
reads failed due to too short: 2
reads failed due to low complexity: 0
reads with adapter trimmed: 139
bases trimmed due to adapters: 11970
reads with polyX in 3' end: 3
bases trimmed in polyX tail: 527

Duplication rate: 1.11732%

Insert size peak (evaluated by paired-end reads): 328

JSON report: PL18848_pAB_144_2_fastp_report.json
HTML report: PL18848_pAB_144_2_fastp_report.html

fastp -w 4 -q 30 -i PL18848_pAB_144_2_S87_L001_R1_001.fastq.gz -I PL18848_pAB_144_2_S87_L001_R2_001.fastq.gz -o PL18848_pAB_144_2_R1_trimmed.fastq -O PL18848_pAB_144_2_R2_trimmed.fastq -h PL18848_pAB_144_2_fastp_report.html -j PL18848_pAB_144_2_fastp_report.json -R PL18848_pAB_144_2_fastp_report --adapter_sequence CTGTCTCTTATACAC --adapter_sequence_r2 TGTATAAGAGACAG -x -y 
fastp v0.22.0, time used: 0 seconds
