[map] task=167 line=168 uid=PL18830 folder=NDD_CRISPR_222026/PL18830_EHMT1_43 ref=EHMT1.fa
Running the plasmid-seq pipeline with the following arguments: 
fastQ_f: PL18830_EHMT1_43_S69_L001_R1_001.fastq.gz
fastQ_r: PL18830_EHMT1_43_S69_L001_R2_001.fastq.gz
fastaRef: EHMT1.fa
skipSpadesDenovoAssembly: 1
cleanSPADES: 0
qval: 30
minLengthSPADES: 300
uniqueID: PL18830
runUnicycler: 1
skipping: 
assembleUnmappedReads: FALSE

8497 reads; of these:
  8497 (100.00%) were paired; of these:
    1095 (12.89%) aligned concordantly 0 times
    7386 (86.92%) aligned concordantly exactly 1 time
    16 (0.19%) aligned concordantly >1 times
    ----
    1095 pairs aligned concordantly 0 times; of these:
      722 (65.94%) aligned discordantly 1 time
    ----
    373 pairs aligned 0 times concordantly or discordantly; of these:
      746 mates make up the pairs; of these:
        738 (98.93%) aligned 0 times
        8 (1.07%) aligned exactly 1 time
        0 (0.00%) aligned >1 times
95.66% overall alignment rate
