Read1 before filtering:
total reads: 70490
total bases: 21922390
Q20 bases: 21781622(99.3579%)
Q30 bases: 21379445(97.5233%)

Read2 before filtering:
total reads: 70490
total bases: 21922390
Q20 bases: 21647502(98.7461%)
Q30 bases: 21048286(96.0127%)

Read1 after filtering:
total reads: 67869
total bases: 20511362
Q20 bases: 20489787(99.8948%)
Q30 bases: 20340404(99.1665%)

Read2 after filtering:
total reads: 67869
total bases: 20508938
Q20 bases: 20440769(99.6676%)
Q30 bases: 20153102(98.265%)

Filtering result:
reads passed filter: 135738
reads failed due to low quality: 5152
reads failed due to too many N: 0
reads failed due to too short: 88
reads failed due to low complexity: 2
reads with adapter trimmed: 18543
bases trimmed due to adapters: 1212074
reads with polyX in 3' end: 206
bases trimmed in polyX tail: 23585

Duplication rate: 20.9786%

Insert size peak (evaluated by paired-end reads): 375

JSON report: PL18956_pUBQ10_aGCN4_MIS12_LLP_fastp_report.json
HTML report: PL18956_pUBQ10_aGCN4_MIS12_LLP_fastp_report.html

fastp -w 4 -q 30 -i PL18956_pUBQ10_aGCN4_MIS12_LLP_S195_L001_R1_001.fastq.gz -I PL18956_pUBQ10_aGCN4_MIS12_LLP_S195_L001_R2_001.fastq.gz -o PL18956_pUBQ10_aGCN4_MIS12_LLP_R1_trimmed.fastq -O PL18956_pUBQ10_aGCN4_MIS12_LLP_R2_trimmed.fastq -h PL18956_pUBQ10_aGCN4_MIS12_LLP_fastp_report.html -j PL18956_pUBQ10_aGCN4_MIS12_LLP_fastp_report.json -R PL18956_pUBQ10_aGCN4_MIS12_LLP_fastp_report --adapter_sequence CTGTCTCTTATACAC --adapter_sequence_r2 TGTATAAGAGACAG -x -y 
fastp v0.22.0, time used: 1 seconds
