Read1 before filtering:
total reads: 29870
total bases: 9289570
Q20 bases: 9218892(99.2392%)
Q30 bases: 9068414(97.6193%)

Read2 before filtering:
total reads: 29870
total bases: 9289570
Q20 bases: 9209983(99.1433%)
Q30 bases: 9016923(97.065%)

Read1 after filtering:
total reads: 29098
total bases: 8603403
Q20 bases: 8595642(99.9098%)
Q30 bases: 8544341(99.3135%)

Read2 after filtering:
total reads: 29098
total bases: 8603313
Q20 bases: 8578448(99.711%)
Q30 bases: 8477429(98.5368%)

Filtering result:
reads passed filter: 58196
reads failed due to low quality: 1460
reads failed due to too many N: 0
reads failed due to too short: 82
reads failed due to low complexity: 2
reads with adapter trimmed: 12340
bases trimmed due to adapters: 890623
reads with polyX in 3' end: 252
bases trimmed in polyX tail: 25252

Duplication rate: 12.7048%

Insert size peak (evaluated by paired-end reads): 349

JSON report: PL18957_pdC9s_U6C_LLP920_fastp_report.json
HTML report: PL18957_pdC9s_U6C_LLP920_fastp_report.html

fastp -w 4 -q 30 -i PL18957_pdC9s_U6C_LLP920_S196_L001_R1_001.fastq.gz -I PL18957_pdC9s_U6C_LLP920_S196_L001_R2_001.fastq.gz -o PL18957_pdC9s_U6C_LLP920_R1_trimmed.fastq -O PL18957_pdC9s_U6C_LLP920_R2_trimmed.fastq -h PL18957_pdC9s_U6C_LLP920_fastp_report.html -j PL18957_pdC9s_U6C_LLP920_fastp_report.json -R PL18957_pdC9s_U6C_LLP920_fastp_report --adapter_sequence CTGTCTCTTATACAC --adapter_sequence_r2 TGTATAAGAGACAG -x -y 
fastp v0.22.0, time used: 1 seconds
