[map] task=181 line=182 uid=PL18771 folder=Neuronal_Maturation_222026/PL18771_pLD048_20 ref=pLD048_LVX_U6_BC_pMAP2_RORA_WPRE_pEFS_TagBFP2.fa
Running the plasmid-seq pipeline with the following arguments: 
fastQ_f: PL18771_pLD048_20_S10_L001_R1_001.fastq.gz
fastQ_r: PL18771_pLD048_20_S10_L001_R2_001.fastq.gz
fastaRef: pLD048_LVX_U6_BC_pMAP2_RORA_WPRE_pEFS_TagBFP2.fa
skipSpadesDenovoAssembly: 1
cleanSPADES: 0
qval: 30
minLengthSPADES: 300
uniqueID: PL18771
runUnicycler: 1
skipping: 
assembleUnmappedReads: FALSE

5864 reads; of these:
  5864 (100.00%) were paired; of these:
    5850 (99.76%) aligned concordantly 0 times
    14 (0.24%) aligned concordantly exactly 1 time
    0 (0.00%) aligned concordantly >1 times
    ----
    5850 pairs aligned concordantly 0 times; of these:
      5 (0.09%) aligned discordantly 1 time
    ----
    5845 pairs aligned 0 times concordantly or discordantly; of these:
      11690 mates make up the pairs; of these:
        11686 (99.97%) aligned 0 times
        4 (0.03%) aligned exactly 1 time
        0 (0.00%) aligned >1 times
0.36% overall alignment rate
