[map] task=86 line=87 uid=PL18841 folder=Gene_Circuits_222026/PL18841_pMP_288_2 ref=pMP_288.fa
Running the plasmid-seq pipeline with the following arguments: 
fastQ_f: PL18841_pMP_288_2_S80_L001_R1_001.fastq.gz
fastQ_r: PL18841_pMP_288_2_S80_L001_R2_001.fastq.gz
fastaRef: pMP_288.fa
skipSpadesDenovoAssembly: 1
cleanSPADES: 0
qval: 30
minLengthSPADES: 300
uniqueID: PL18841
runUnicycler: 1
skipping: 
assembleUnmappedReads: FALSE

47648 reads; of these:
  47648 (100.00%) were paired; of these:
    5963 (12.51%) aligned concordantly 0 times
    41565 (87.23%) aligned concordantly exactly 1 time
    120 (0.25%) aligned concordantly >1 times
    ----
    5963 pairs aligned concordantly 0 times; of these:
      4262 (71.47%) aligned discordantly 1 time
    ----
    1701 pairs aligned 0 times concordantly or discordantly; of these:
      3402 mates make up the pairs; of these:
        2829 (83.16%) aligned 0 times
        573 (16.84%) aligned exactly 1 time
        0 (0.00%) aligned >1 times
97.03% overall alignment rate
