Read1 before filtering:
total reads: 1260
total bases: 391860
Q20 bases: 382164(97.5256%)
Q30 bases: 369547(94.3059%)

Read2 before filtering:
total reads: 1260
total bases: 391860
Q20 bases: 390054(99.5391%)
Q30 bases: 384620(98.1524%)

Read1 after filtering:
total reads: 1234
total bases: 276806
Q20 bases: 276487(99.8848%)
Q30 bases: 274170(99.0477%)

Read2 after filtering:
total reads: 1234
total bases: 276807
Q20 bases: 276551(99.9075%)
Q30 bases: 274563(99.1893%)

Filtering result:
reads passed filter: 2468
reads failed due to low quality: 50
reads failed due to too many N: 0
reads failed due to too short: 2
reads failed due to low complexity: 0
reads with adapter trimmed: 1670
bases trimmed due to adapters: 216675
reads with polyX in 3' end: 2
bases trimmed in polyX tail: 320

Duplication rate: 2.54372%

Insert size peak (evaluated by paired-end reads): 134

JSON report: PL18896_pICH49300_fastp_report.json
HTML report: PL18896_pICH49300_fastp_report.html

fastp -w 4 -q 30 -i PL18896_pICH49300_S135_L001_R1_001.fastq.gz -I PL18896_pICH49300_S135_L001_R2_001.fastq.gz -o PL18896_pICH49300_R1_trimmed.fastq -O PL18896_pICH49300_R2_trimmed.fastq -h PL18896_pICH49300_fastp_report.html -j PL18896_pICH49300_fastp_report.json -R PL18896_pICH49300_fastp_report --adapter_sequence CTGTCTCTTATACAC --adapter_sequence_r2 TGTATAAGAGACAG -x -y 
fastp v0.22.0, time used: 0 seconds
