[map] task=166 line=167 uid=PL18829 folder=NDD_CRISPR_222026/PL18829_EHMT1_42 ref=EHMT1.fa
Running the plasmid-seq pipeline with the following arguments: 
fastQ_f: PL18829_EHMT1_42_S68_L001_R1_001.fastq.gz
fastQ_r: PL18829_EHMT1_42_S68_L001_R2_001.fastq.gz
fastaRef: EHMT1.fa
skipSpadesDenovoAssembly: 1
cleanSPADES: 0
qval: 30
minLengthSPADES: 300
uniqueID: PL18829
runUnicycler: 1
skipping: 
assembleUnmappedReads: FALSE

36 reads; of these:
  36 (100.00%) were paired; of these:
    35 (97.22%) aligned concordantly 0 times
    1 (2.78%) aligned concordantly exactly 1 time
    0 (0.00%) aligned concordantly >1 times
    ----
    35 pairs aligned concordantly 0 times; of these:
      1 (2.86%) aligned discordantly 1 time
    ----
    34 pairs aligned 0 times concordantly or discordantly; of these:
      68 mates make up the pairs; of these:
        68 (100.00%) aligned 0 times
        0 (0.00%) aligned exactly 1 time
        0 (0.00%) aligned >1 times
5.56% overall alignment rate
