[map] task=197 line=198 uid=PL18787 folder=Neuronal_Maturation_222026/PL18787_pLD058_12 ref=pLD058_LVX_U6_BC_BORG_pMAP2_RORA_WPRE_pEFS_TagBFP2.fa
Running the plasmid-seq pipeline with the following arguments: 
fastQ_f: PL18787_pLD058_12_S26_L001_R1_001.fastq.gz
fastQ_r: PL18787_pLD058_12_S26_L001_R2_001.fastq.gz
fastaRef: pLD058_LVX_U6_BC_BORG_pMAP2_RORA_WPRE_pEFS_TagBFP2.fa
skipSpadesDenovoAssembly: 1
cleanSPADES: 0
qval: 30
minLengthSPADES: 300
uniqueID: PL18787
runUnicycler: 1
skipping: 
assembleUnmappedReads: FALSE

52598 reads; of these:
  52598 (100.00%) were paired; of these:
    6744 (12.82%) aligned concordantly 0 times
    42297 (80.42%) aligned concordantly exactly 1 time
    3557 (6.76%) aligned concordantly >1 times
    ----
    6744 pairs aligned concordantly 0 times; of these:
      4782 (70.91%) aligned discordantly 1 time
    ----
    1962 pairs aligned 0 times concordantly or discordantly; of these:
      3924 mates make up the pairs; of these:
        2841 (72.40%) aligned 0 times
        519 (13.23%) aligned exactly 1 time
        564 (14.37%) aligned >1 times
97.30% overall alignment rate
