[map] task=53 line=54 uid=PL18899 folder=BLADE_FL_222026/PL18899_pFL_10_1 ref=pFL_10.fa
Running the plasmid-seq pipeline with the following arguments: 
fastQ_f: PL18899_pFL_10_1_S138_L001_R1_001.fastq.gz
fastQ_r: PL18899_pFL_10_1_S138_L001_R2_001.fastq.gz
fastaRef: pFL_10.fa
skipSpadesDenovoAssembly: 1
cleanSPADES: 0
qval: 30
minLengthSPADES: 300
uniqueID: PL18899
runUnicycler: 1
skipping: 
assembleUnmappedReads: FALSE

11453 reads; of these:
  11453 (100.00%) were paired; of these:
    2223 (19.41%) aligned concordantly 0 times
    9230 (80.59%) aligned concordantly exactly 1 time
    0 (0.00%) aligned concordantly >1 times
    ----
    2223 pairs aligned concordantly 0 times; of these:
      1465 (65.90%) aligned discordantly 1 time
    ----
    758 pairs aligned 0 times concordantly or discordantly; of these:
      1516 mates make up the pairs; of these:
        1275 (84.10%) aligned 0 times
        241 (15.90%) aligned exactly 1 time
        0 (0.00%) aligned >1 times
94.43% overall alignment rate
