Read1 before filtering:
total reads: 67945
total bases: 21130895
Q20 bases: 20850982(98.6753%)
Q30 bases: 20335515(96.2359%)

Read2 before filtering:
total reads: 67945
total bases: 21130895
Q20 bases: 21002341(99.3916%)
Q30 bases: 20643076(97.6914%)

Read1 after filtering:
total reads: 66494
total bases: 18619621
Q20 bases: 18602347(99.9072%)
Q30 bases: 18476218(99.2298%)

Read2 after filtering:
total reads: 66494
total bases: 18622281
Q20 bases: 18595432(99.8558%)
Q30 bases: 18431865(98.9775%)

Filtering result:
reads passed filter: 132988
reads failed due to low quality: 2748
reads failed due to too many N: 0
reads failed due to too short: 148
reads failed due to low complexity: 6
reads with adapter trimmed: 50725
bases trimmed due to adapters: 4165808
reads with polyX in 3' end: 361
bases trimmed in polyX tail: 31334

Duplication rate: 8.42403%

Insert size peak (evaluated by paired-end reads): 288

JSON report: PL18874_pFL_185_3_fastp_report.json
HTML report: PL18874_pFL_185_3_fastp_report.html

fastp -w 4 -q 30 -i PL18874_pFL_185_3_S113_L001_R1_001.fastq.gz -I PL18874_pFL_185_3_S113_L001_R2_001.fastq.gz -o PL18874_pFL_185_3_R1_trimmed.fastq -O PL18874_pFL_185_3_R2_trimmed.fastq -h PL18874_pFL_185_3_fastp_report.html -j PL18874_pFL_185_3_fastp_report.json -R PL18874_pFL_185_3_fastp_report --adapter_sequence CTGTCTCTTATACAC --adapter_sequence_r2 TGTATAAGAGACAG -x -y 
fastp v0.22.0, time used: 1 seconds
