Read1 before filtering:
total reads: 38351
total bases: 11927161
Q20 bases: 11825904(99.151%)
Q30 bases: 11572782(97.0288%)

Read2 before filtering:
total reads: 38351
total bases: 11927161
Q20 bases: 11861251(99.4474%)
Q30 bases: 11664853(97.8008%)

Read1 after filtering:
total reads: 37494
total bases: 10492394
Q20 bases: 10481439(99.8956%)
Q30 bases: 10397886(99.0993%)

Read2 after filtering:
total reads: 37494
total bases: 10492715
Q20 bases: 10479198(99.8712%)
Q30 bases: 10391334(99.0338%)

Filtering result:
reads passed filter: 74988
reads failed due to low quality: 1622
reads failed due to too many N: 0
reads failed due to too short: 82
reads failed due to low complexity: 10
reads with adapter trimmed: 28903
bases trimmed due to adapters: 2364517
reads with polyX in 3' end: 173
bases trimmed in polyX tail: 16297

Duplication rate: 7.53695%

Insert size peak (evaluated by paired-end reads): 327

JSON report: PL18906_pFL_207_2_fastp_report.json
HTML report: PL18906_pFL_207_2_fastp_report.html

fastp -w 4 -q 30 -i PL18906_pFL_207_2_S145_L001_R1_001.fastq.gz -I PL18906_pFL_207_2_S145_L001_R2_001.fastq.gz -o PL18906_pFL_207_2_R1_trimmed.fastq -O PL18906_pFL_207_2_R2_trimmed.fastq -h PL18906_pFL_207_2_fastp_report.html -j PL18906_pFL_207_2_fastp_report.json -R PL18906_pFL_207_2_fastp_report --adapter_sequence CTGTCTCTTATACAC --adapter_sequence_r2 TGTATAAGAGACAG -x -y 
fastp v0.22.0, time used: 0 seconds
