Read1 before filtering:
total reads: 16896
total bases: 5254656
Q20 bases: 5185179(98.6778%)
Q30 bases: 5065183(96.3942%)

Read2 before filtering:
total reads: 16896
total bases: 5254656
Q20 bases: 5229364(99.5187%)
Q30 bases: 5147260(97.9562%)

Read1 after filtering:
total reads: 16560
total bases: 4480806
Q20 bases: 4476451(99.9028%)
Q30 bases: 4441164(99.1153%)

Read2 after filtering:
total reads: 16560
total bases: 4481443
Q20 bases: 4476121(99.8812%)
Q30 bases: 4440115(99.0778%)

Filtering result:
reads passed filter: 33120
reads failed due to low quality: 646
reads failed due to too many N: 0
reads failed due to too short: 26
reads failed due to low complexity: 0
reads with adapter trimmed: 15359
bases trimmed due to adapters: 1356326
reads with polyX in 3' end: 74
bases trimmed in polyX tail: 5597

Duplication rate: 5.78429%

Insert size peak (evaluated by paired-end reads): 320

JSON report: PL18889_pFL_191V2_2_fastp_report.json
HTML report: PL18889_pFL_191V2_2_fastp_report.html

fastp -w 4 -q 30 -i PL18889_pFL_191V2_2_S128_L001_R1_001.fastq.gz -I PL18889_pFL_191V2_2_S128_L001_R2_001.fastq.gz -o PL18889_pFL_191V2_2_R1_trimmed.fastq -O PL18889_pFL_191V2_2_R2_trimmed.fastq -h PL18889_pFL_191V2_2_fastp_report.html -j PL18889_pFL_191V2_2_fastp_report.json -R PL18889_pFL_191V2_2_fastp_report --adapter_sequence CTGTCTCTTATACAC --adapter_sequence_r2 TGTATAAGAGACAG -x -y 
fastp v0.22.0, time used: 0 seconds
