Read1 before filtering:
total reads: 73742
total bases: 22933762
Q20 bases: 22722971(99.0809%)
Q30 bases: 22248687(97.0128%)

Read2 before filtering:
total reads: 73742
total bases: 22933762
Q20 bases: 22780607(99.3322%)
Q30 bases: 22359894(97.4977%)

Read1 after filtering:
total reads: 71809
total bases: 20438053
Q20 bases: 20413342(99.8791%)
Q30 bases: 20248186(99.071%)

Read2 after filtering:
total reads: 71809
total bases: 20439149
Q20 bases: 20407895(99.8471%)
Q30 bases: 20225971(98.957%)

Filtering result:
reads passed filter: 143618
reads failed due to low quality: 3730
reads failed due to too many N: 0
reads failed due to too short: 122
reads failed due to low complexity: 14
reads with adapter trimmed: 48199
bases trimmed due to adapters: 3843155
reads with polyX in 3' end: 357
bases trimmed in polyX tail: 25786

Duplication rate: 8.39212%

Insert size peak (evaluated by paired-end reads): 357

JSON report: PL18920_pFL_250_2_fastp_report.json
HTML report: PL18920_pFL_250_2_fastp_report.html

fastp -w 4 -q 30 -i PL18920_pFL_250_2_S159_L001_R1_001.fastq.gz -I PL18920_pFL_250_2_S159_L001_R2_001.fastq.gz -o PL18920_pFL_250_2_R1_trimmed.fastq -O PL18920_pFL_250_2_R2_trimmed.fastq -h PL18920_pFL_250_2_fastp_report.html -j PL18920_pFL_250_2_fastp_report.json -R PL18920_pFL_250_2_fastp_report --adapter_sequence CTGTCTCTTATACAC --adapter_sequence_r2 TGTATAAGAGACAG -x -y 
fastp v0.22.0, time used: 1 seconds
