[map] task=189 line=190 uid=PL18779 folder=Neuronal_Maturation_222026/PL18779_pLD058_04 ref=pLD058_LVX_U6_BC_BORG_pMAP2_RORA_WPRE_pEFS_TagBFP2.fa
Running the plasmid-seq pipeline with the following arguments: 
fastQ_f: PL18779_pLD058_04_S18_L001_R1_001.fastq.gz
fastQ_r: PL18779_pLD058_04_S18_L001_R2_001.fastq.gz
fastaRef: pLD058_LVX_U6_BC_BORG_pMAP2_RORA_WPRE_pEFS_TagBFP2.fa
skipSpadesDenovoAssembly: 1
cleanSPADES: 0
qval: 30
minLengthSPADES: 300
uniqueID: PL18779
runUnicycler: 1
skipping: 
assembleUnmappedReads: FALSE

24556 reads; of these:
  24556 (100.00%) were paired; of these:
    5609 (22.84%) aligned concordantly 0 times
    17476 (71.17%) aligned concordantly exactly 1 time
    1471 (5.99%) aligned concordantly >1 times
    ----
    5609 pairs aligned concordantly 0 times; of these:
      4292 (76.52%) aligned discordantly 1 time
    ----
    1317 pairs aligned 0 times concordantly or discordantly; of these:
      2634 mates make up the pairs; of these:
        1550 (58.85%) aligned 0 times
        525 (19.93%) aligned exactly 1 time
        559 (21.22%) aligned >1 times
96.84% overall alignment rate
