Read1 before filtering:
total reads: 34089
total bases: 10601679
Q20 bases: 10502261(99.0622%)
Q30 bases: 10306205(97.213%)

Read2 before filtering:
total reads: 34089
total bases: 10601679
Q20 bases: 10554697(99.5568%)
Q30 bases: 10416629(98.2545%)

Read1 after filtering:
total reads: 33523
total bases: 9425399
Q20 bases: 9414527(99.8847%)
Q30 bases: 9338793(99.0811%)

Read2 after filtering:
total reads: 33523
total bases: 9425729
Q20 bases: 9414279(99.8785%)
Q30 bases: 9346904(99.1637%)

Filtering result:
reads passed filter: 67046
reads failed due to low quality: 1082
reads failed due to too many N: 0
reads failed due to too short: 48
reads failed due to low complexity: 2
reads with adapter trimmed: 24264
bases trimmed due to adapters: 2016297
reads with polyX in 3' end: 227
bases trimmed in polyX tail: 10875

Duplication rate: 6.12491%

Insert size peak (evaluated by paired-end reads): 339

JSON report: PL18782_pLD058_07_fastp_report.json
HTML report: PL18782_pLD058_07_fastp_report.html

fastp -w 4 -q 30 -i PL18782_pLD058_07_S21_L001_R1_001.fastq.gz -I PL18782_pLD058_07_S21_L001_R2_001.fastq.gz -o PL18782_pLD058_07_R1_trimmed.fastq -O PL18782_pLD058_07_R2_trimmed.fastq -h PL18782_pLD058_07_fastp_report.html -j PL18782_pLD058_07_fastp_report.json -R PL18782_pLD058_07_fastp_report --adapter_sequence CTGTCTCTTATACAC --adapter_sequence_r2 TGTATAAGAGACAG -x -y 
fastp v0.22.0, time used: 1 seconds
