Read1 before filtering:
total reads: 282
total bases: 87702
Q20 bases: 83892(95.6557%)
Q30 bases: 78697(89.7323%)

Read2 before filtering:
total reads: 282
total bases: 87702
Q20 bases: 86222(98.3125%)
Q30 bases: 83686(95.4209%)

Read1 after filtering:
total reads: 267
total bases: 51303
Q20 bases: 51244(99.885%)
Q30 bases: 50878(99.1716%)

Read2 after filtering:
total reads: 267
total bases: 51566
Q20 bases: 51402(99.682%)
Q30 bases: 50783(98.4816%)

Filtering result:
reads passed filter: 534
reads failed due to low quality: 24
reads failed due to too many N: 0
reads failed due to too short: 6
reads failed due to low complexity: 0
reads with adapter trimmed: 421
bases trimmed due to adapters: 66298
reads with polyX in 3' end: 10
bases trimmed in polyX tail: 1475

Duplication rate: 0.70922%

Insert size peak (evaluated by paired-end reads): 155

JSON report: PL18806_EHMT1_19_fastp_report.json
HTML report: PL18806_EHMT1_19_fastp_report.html

fastp -w 4 -q 30 -i PL18806_EHMT1_19_S45_L001_R1_001.fastq.gz -I PL18806_EHMT1_19_S45_L001_R2_001.fastq.gz -o PL18806_EHMT1_19_R1_trimmed.fastq -O PL18806_EHMT1_19_R2_trimmed.fastq -h PL18806_EHMT1_19_fastp_report.html -j PL18806_EHMT1_19_fastp_report.json -R PL18806_EHMT1_19_fastp_report --adapter_sequence CTGTCTCTTATACAC --adapter_sequence_r2 TGTATAAGAGACAG -x -y 
fastp v0.22.0, time used: 1 seconds
