[map] task=58 line=59 uid=PL18904 folder=BLADE_FL_222026/PL18904_pFL_205_1 ref=pFL_205.fa
Running the plasmid-seq pipeline with the following arguments: 
fastQ_f: PL18904_pFL_205_1_S143_L001_R1_001.fastq.gz
fastQ_r: PL18904_pFL_205_1_S143_L001_R2_001.fastq.gz
fastaRef: pFL_205.fa
skipSpadesDenovoAssembly: 1
cleanSPADES: 0
qval: 30
minLengthSPADES: 300
uniqueID: PL18904
runUnicycler: 1
skipping: 
assembleUnmappedReads: FALSE

27118 reads; of these:
  27118 (100.00%) were paired; of these:
    5643 (20.81%) aligned concordantly 0 times
    21475 (79.19%) aligned concordantly exactly 1 time
    0 (0.00%) aligned concordantly >1 times
    ----
    5643 pairs aligned concordantly 0 times; of these:
      4806 (85.17%) aligned discordantly 1 time
    ----
    837 pairs aligned 0 times concordantly or discordantly; of these:
      1674 mates make up the pairs; of these:
        1187 (70.91%) aligned 0 times
        487 (29.09%) aligned exactly 1 time
        0 (0.00%) aligned >1 times
97.81% overall alignment rate
