Read1 before filtering:
total reads: 34395
total bases: 10696845
Q20 bases: 10617243(99.2558%)
Q30 bases: 10418855(97.4012%)

Read2 before filtering:
total reads: 34395
total bases: 10696845
Q20 bases: 10630456(99.3794%)
Q30 bases: 10447024(97.6645%)

Read1 after filtering:
total reads: 33582
total bases: 9465246
Q20 bases: 9455203(99.8939%)
Q30 bases: 9388969(99.1941%)

Read2 after filtering:
total reads: 33582
total bases: 9465555
Q20 bases: 9451956(99.8563%)
Q30 bases: 9369870(98.9891%)

Filtering result:
reads passed filter: 67164
reads failed due to low quality: 1536
reads failed due to too many N: 0
reads failed due to too short: 84
reads failed due to low complexity: 6
reads with adapter trimmed: 24372
bases trimmed due to adapters: 1975920
reads with polyX in 3' end: 195
bases trimmed in polyX tail: 16092

Duplication rate: 7.16221%

Insert size peak (evaluated by paired-end reads): 348

JSON report: PL18903_pFL_203_1_fastp_report.json
HTML report: PL18903_pFL_203_1_fastp_report.html

fastp -w 4 -q 30 -i PL18903_pFL_203_1_S142_L001_R1_001.fastq.gz -I PL18903_pFL_203_1_S142_L001_R2_001.fastq.gz -o PL18903_pFL_203_1_R1_trimmed.fastq -O PL18903_pFL_203_1_R2_trimmed.fastq -h PL18903_pFL_203_1_fastp_report.html -j PL18903_pFL_203_1_fastp_report.json -R PL18903_pFL_203_1_fastp_report --adapter_sequence CTGTCTCTTATACAC --adapter_sequence_r2 TGTATAAGAGACAG -x -y 
fastp v0.22.0, time used: 0 seconds
