Read1 before filtering:
total reads: 4605
total bases: 1432155
Q20 bases: 1419883(99.1431%)
Q30 bases: 1385048(96.7108%)

Read2 before filtering:
total reads: 4605
total bases: 1432155
Q20 bases: 1424765(99.484%)
Q30 bases: 1401538(97.8622%)

Read1 after filtering:
total reads: 4420
total bases: 1119495
Q20 bases: 1118519(99.9128%)
Q30 bases: 1111125(99.2523%)

Read2 after filtering:
total reads: 4420
total bases: 1119626
Q20 bases: 1118369(99.8877%)
Q30 bases: 1110025(99.1425%)

Filtering result:
reads passed filter: 8840
reads failed due to low quality: 192
reads failed due to too many N: 0
reads failed due to too short: 178
reads failed due to low complexity: 0
reads with adapter trimmed: 5071
bases trimmed due to adapters: 517646
reads with polyX in 3' end: 146
bases trimmed in polyX tail: 31760

Duplication rate: 7.15684%

Insert size peak (evaluated by paired-end reads): 242

JSON report: PL18864_pFL_179_2_fastp_report.json
HTML report: PL18864_pFL_179_2_fastp_report.html

fastp -w 4 -q 30 -i PL18864_pFL_179_2_S103_L001_R1_001.fastq.gz -I PL18864_pFL_179_2_S103_L001_R2_001.fastq.gz -o PL18864_pFL_179_2_R1_trimmed.fastq -O PL18864_pFL_179_2_R2_trimmed.fastq -h PL18864_pFL_179_2_fastp_report.html -j PL18864_pFL_179_2_fastp_report.json -R PL18864_pFL_179_2_fastp_report --adapter_sequence CTGTCTCTTATACAC --adapter_sequence_r2 TGTATAAGAGACAG -x -y 
fastp v0.22.0, time used: 0 seconds
