Read1 before filtering:
total reads: 10278
total bases: 3196458
Q20 bases: 3162714(98.9443%)
Q30 bases: 3090651(96.6899%)

Read2 before filtering:
total reads: 10278
total bases: 3196458
Q20 bases: 3166141(99.0515%)
Q30 bases: 3090780(96.6939%)

Read1 after filtering:
total reads: 9916
total bases: 2865690
Q20 bases: 2861913(99.8682%)
Q30 bases: 2837577(99.019%)

Read2 after filtering:
total reads: 9916
total bases: 2865742
Q20 bases: 2859106(99.7684%)
Q30 bases: 2825574(98.5983%)

Filtering result:
reads passed filter: 19832
reads failed due to low quality: 676
reads failed due to too many N: 0
reads failed due to too short: 48
reads failed due to low complexity: 0
reads with adapter trimmed: 5772
bases trimmed due to adapters: 449569
reads with polyX in 3' end: 26
bases trimmed in polyX tail: 4210

Duplication rate: 4.17317%

Insert size peak (evaluated by paired-end reads): 436

JSON report: PL18773_pLD048_22_fastp_report.json
HTML report: PL18773_pLD048_22_fastp_report.html

fastp -w 4 -q 30 -i PL18773_pLD048_22_S12_L001_R1_001.fastq.gz -I PL18773_pLD048_22_S12_L001_R2_001.fastq.gz -o PL18773_pLD048_22_R1_trimmed.fastq -O PL18773_pLD048_22_R2_trimmed.fastq -h PL18773_pLD048_22_fastp_report.html -j PL18773_pLD048_22_fastp_report.json -R PL18773_pLD048_22_fastp_report --adapter_sequence CTGTCTCTTATACAC --adapter_sequence_r2 TGTATAAGAGACAG -x -y 
fastp v0.22.0, time used: 1 seconds
