Read1 before filtering:
total reads: 72081
total bases: 22417191
Q20 bases: 22165057(98.8753%)
Q30 bases: 21701635(96.808%)

Read2 before filtering:
total reads: 72081
total bases: 22417191
Q20 bases: 22291944(99.4413%)
Q30 bases: 21907407(97.7259%)

Read1 after filtering:
total reads: 70453
total bases: 19951946
Q20 bases: 19935332(99.9167%)
Q30 bases: 19804603(99.2615%)

Read2 after filtering:
total reads: 70453
total bases: 19952585
Q20 bases: 19929454(99.8841%)
Q30 bases: 19766379(99.0668%)

Filtering result:
reads passed filter: 140906
reads failed due to low quality: 3118
reads failed due to too many N: 0
reads failed due to too short: 124
reads failed due to low complexity: 14
reads with adapter trimmed: 51895
bases trimmed due to adapters: 3972508
reads with polyX in 3' end: 237
bases trimmed in polyX tail: 22926

Duplication rate: 7.07572%

Insert size peak (evaluated by paired-end reads): 397

JSON report: PL18950_pMP_284_1_fastp_report.json
HTML report: PL18950_pMP_284_1_fastp_report.html

fastp -w 4 -q 30 -i PL18950_pMP_284_1_S189_L001_R1_001.fastq.gz -I PL18950_pMP_284_1_S189_L001_R2_001.fastq.gz -o PL18950_pMP_284_1_R1_trimmed.fastq -O PL18950_pMP_284_1_R2_trimmed.fastq -h PL18950_pMP_284_1_fastp_report.html -j PL18950_pMP_284_1_fastp_report.json -R PL18950_pMP_284_1_fastp_report --adapter_sequence CTGTCTCTTATACAC --adapter_sequence_r2 TGTATAAGAGACAG -x -y 
fastp v0.22.0, time used: 1 seconds
