[map] task=18 line=19 uid=PL18864 folder=BLADE_FL_222026/PL18864_pFL_179_2 ref=pFL_179.fa
Running the plasmid-seq pipeline with the following arguments: 
fastQ_f: PL18864_pFL_179_2_S103_L001_R1_001.fastq.gz
fastQ_r: PL18864_pFL_179_2_S103_L001_R2_001.fastq.gz
fastaRef: pFL_179.fa
skipSpadesDenovoAssembly: 1
cleanSPADES: 0
qval: 30
minLengthSPADES: 300
uniqueID: PL18864
runUnicycler: 1
skipping: 
assembleUnmappedReads: FALSE

4420 reads; of these:
  4420 (100.00%) were paired; of these:
    484 (10.95%) aligned concordantly 0 times
    3936 (89.05%) aligned concordantly exactly 1 time
    0 (0.00%) aligned concordantly >1 times
    ----
    484 pairs aligned concordantly 0 times; of these:
      300 (61.98%) aligned discordantly 1 time
    ----
    184 pairs aligned 0 times concordantly or discordantly; of these:
      368 mates make up the pairs; of these:
        307 (83.42%) aligned 0 times
        61 (16.58%) aligned exactly 1 time
        0 (0.00%) aligned >1 times
96.53% overall alignment rate
