[map] task=28 line=29 uid=PL18874 folder=BLADE_FL_222026/PL18874_pFL_185_3 ref=pFL_185.fa
Running the plasmid-seq pipeline with the following arguments: 
fastQ_f: PL18874_pFL_185_3_S113_L001_R1_001.fastq.gz
fastQ_r: PL18874_pFL_185_3_S113_L001_R2_001.fastq.gz
fastaRef: pFL_185.fa
skipSpadesDenovoAssembly: 1
cleanSPADES: 0
qval: 30
minLengthSPADES: 300
uniqueID: PL18874
runUnicycler: 1
skipping: 
assembleUnmappedReads: FALSE

66494 reads; of these:
  66494 (100.00%) were paired; of these:
    14171 (21.31%) aligned concordantly 0 times
    41784 (62.84%) aligned concordantly exactly 1 time
    10539 (15.85%) aligned concordantly >1 times
    ----
    14171 pairs aligned concordantly 0 times; of these:
      8015 (56.56%) aligned discordantly 1 time
    ----
    6156 pairs aligned 0 times concordantly or discordantly; of these:
      12312 mates make up the pairs; of these:
        4874 (39.59%) aligned 0 times
        4069 (33.05%) aligned exactly 1 time
        3369 (27.36%) aligned >1 times
96.34% overall alignment rate
