Read1 before filtering:
total reads: 47989
total bases: 14924579
Q20 bases: 14828206(99.3543%)
Q30 bases: 14588496(97.7481%)

Read2 before filtering:
total reads: 47989
total bases: 14924579
Q20 bases: 14821603(99.31%)
Q30 bases: 14538579(97.4137%)

Read1 after filtering:
total reads: 47047
total bases: 13995187
Q20 bases: 13979841(99.8903%)
Q30 bases: 13873107(99.1277%)

Read2 after filtering:
total reads: 47047
total bases: 13996363
Q20 bases: 13954551(99.7013%)
Q30 bases: 13786103(98.4978%)

Filtering result:
reads passed filter: 94094
reads failed due to low quality: 1846
reads failed due to too many N: 0
reads failed due to too short: 36
reads failed due to low complexity: 2
reads with adapter trimmed: 17396
bases trimmed due to adapters: 1282602
reads with polyX in 3' end: 136
bases trimmed in polyX tail: 10559

Duplication rate: 20.5415%

Insert size peak (evaluated by paired-end reads): 332

JSON report: PL18955_pCDS_B3o_IV2_fastp_report.json
HTML report: PL18955_pCDS_B3o_IV2_fastp_report.html

fastp -w 4 -q 30 -i PL18955_pCDS_B3o_IV2_S194_L001_R1_001.fastq.gz -I PL18955_pCDS_B3o_IV2_S194_L001_R2_001.fastq.gz -o PL18955_pCDS_B3o_IV2_R1_trimmed.fastq -O PL18955_pCDS_B3o_IV2_R2_trimmed.fastq -h PL18955_pCDS_B3o_IV2_fastp_report.html -j PL18955_pCDS_B3o_IV2_fastp_report.json -R PL18955_pCDS_B3o_IV2_fastp_report --adapter_sequence CTGTCTCTTATACAC --adapter_sequence_r2 TGTATAAGAGACAG -x -y 
fastp v0.22.0, time used: 1 seconds
