Read1 before filtering:
total reads: 127
total bases: 39497
Q20 bases: 38809(98.2581%)
Q30 bases: 37119(93.9793%)

Read2 before filtering:
total reads: 127
total bases: 39497
Q20 bases: 39018(98.7872%)
Q30 bases: 38057(96.3542%)

Read1 after filtering:
total reads: 120
total bases: 26458
Q20 bases: 26417(99.845%)
Q30 bases: 26183(98.9606%)

Read2 after filtering:
total reads: 120
total bases: 26458
Q20 bases: 26440(99.932%)
Q30 bases: 26335(99.5351%)

Filtering result:
reads passed filter: 240
reads failed due to low quality: 14
reads failed due to too many N: 0
reads failed due to too short: 0
reads failed due to low complexity: 0
reads with adapter trimmed: 166
bases trimmed due to adapters: 23560
reads with polyX in 3' end: 0
bases trimmed in polyX tail: 0

Duplication rate: 2.3622%

Insert size peak (evaluated by paired-end reads): 300

JSON report: PL18801_EHMT1_14_fastp_report.json
HTML report: PL18801_EHMT1_14_fastp_report.html

fastp -w 4 -q 30 -i PL18801_EHMT1_14_S40_L001_R1_001.fastq.gz -I PL18801_EHMT1_14_S40_L001_R2_001.fastq.gz -o PL18801_EHMT1_14_R1_trimmed.fastq -O PL18801_EHMT1_14_R2_trimmed.fastq -h PL18801_EHMT1_14_fastp_report.html -j PL18801_EHMT1_14_fastp_report.json -R PL18801_EHMT1_14_fastp_report --adapter_sequence CTGTCTCTTATACAC --adapter_sequence_r2 TGTATAAGAGACAG -x -y 
fastp v0.22.0, time used: 1 seconds
