Read1 before filtering:
total reads: 46105
total bases: 14338655
Q20 bases: 14146778(98.6618%)
Q30 bases: 13814122(96.3418%)

Read2 before filtering:
total reads: 46105
total bases: 14338655
Q20 bases: 14271990(99.5351%)
Q30 bases: 14060675(98.0613%)

Read1 after filtering:
total reads: 45186
total bases: 12554556
Q20 bases: 12541278(99.8942%)
Q30 bases: 12443473(99.1152%)

Read2 after filtering:
total reads: 45186
total bases: 12555069
Q20 bases: 12541432(99.8914%)
Q30 bases: 12449524(99.1593%)

Filtering result:
reads passed filter: 90372
reads failed due to low quality: 1742
reads failed due to too many N: 0
reads failed due to too short: 92
reads failed due to low complexity: 4
reads with adapter trimmed: 35096
bases trimmed due to adapters: 3030864
reads with polyX in 3' end: 185
bases trimmed in polyX tail: 16670

Duplication rate: 7.56388%

Insert size peak (evaluated by paired-end reads): 348

JSON report: PL18908_pFL_209_1_fastp_report.json
HTML report: PL18908_pFL_209_1_fastp_report.html

fastp -w 4 -q 30 -i PL18908_pFL_209_1_S147_L001_R1_001.fastq.gz -I PL18908_pFL_209_1_S147_L001_R2_001.fastq.gz -o PL18908_pFL_209_1_R1_trimmed.fastq -O PL18908_pFL_209_1_R2_trimmed.fastq -h PL18908_pFL_209_1_fastp_report.html -j PL18908_pFL_209_1_fastp_report.json -R PL18908_pFL_209_1_fastp_report --adapter_sequence CTGTCTCTTATACAC --adapter_sequence_r2 TGTATAAGAGACAG -x -y 
fastp v0.22.0, time used: 1 seconds
