[map] task=168 line=169 uid=PL18831 folder=NDD_CRISPR_222026/PL18831_HPRT_21 ref=HPRT1.fa
Running the plasmid-seq pipeline with the following arguments: 
fastQ_f: PL18831_HPRT_21_S70_L001_R1_001.fastq.gz
fastQ_r: PL18831_HPRT_21_S70_L001_R2_001.fastq.gz
fastaRef: HPRT1.fa
skipSpadesDenovoAssembly: 1
cleanSPADES: 0
qval: 30
minLengthSPADES: 300
uniqueID: PL18831
runUnicycler: 1
skipping: 
assembleUnmappedReads: FALSE

274 reads; of these:
  274 (100.00%) were paired; of these:
    207 (75.55%) aligned concordantly 0 times
    67 (24.45%) aligned concordantly exactly 1 time
    0 (0.00%) aligned concordantly >1 times
    ----
    207 pairs aligned concordantly 0 times; of these:
      3 (1.45%) aligned discordantly 1 time
    ----
    204 pairs aligned 0 times concordantly or discordantly; of these:
      408 mates make up the pairs; of these:
        406 (99.51%) aligned 0 times
        2 (0.49%) aligned exactly 1 time
        0 (0.00%) aligned >1 times
25.91% overall alignment rate
