[map] task=130 line=131 uid=PL18793 folder=NDD_CRISPR_222026/PL18793_EHMT1_06 ref=EHMT1.fa
Running the plasmid-seq pipeline with the following arguments: 
fastQ_f: PL18793_EHMT1_06_S32_L001_R1_001.fastq.gz
fastQ_r: PL18793_EHMT1_06_S32_L001_R2_001.fastq.gz
fastaRef: EHMT1.fa
skipSpadesDenovoAssembly: 1
cleanSPADES: 0
qval: 30
minLengthSPADES: 300
uniqueID: PL18793
runUnicycler: 1
skipping: 
assembleUnmappedReads: FALSE

280 reads; of these:
  280 (100.00%) were paired; of these:
    147 (52.50%) aligned concordantly 0 times
    133 (47.50%) aligned concordantly exactly 1 time
    0 (0.00%) aligned concordantly >1 times
    ----
    147 pairs aligned concordantly 0 times; of these:
      10 (6.80%) aligned discordantly 1 time
    ----
    137 pairs aligned 0 times concordantly or discordantly; of these:
      274 mates make up the pairs; of these:
        273 (99.64%) aligned 0 times
        1 (0.36%) aligned exactly 1 time
        0 (0.00%) aligned >1 times
51.25% overall alignment rate
