[map] task=31 line=32 uid=PL18877 folder=BLADE_FL_222026/PL18877_pFL_187_3 ref=pFL_187.fa
Running the plasmid-seq pipeline with the following arguments: 
fastQ_f: PL18877_pFL_187_3_S116_L001_R1_001.fastq.gz
fastQ_r: PL18877_pFL_187_3_S116_L001_R2_001.fastq.gz
fastaRef: pFL_187.fa
skipSpadesDenovoAssembly: 1
cleanSPADES: 0
qval: 30
minLengthSPADES: 300
uniqueID: PL18877
runUnicycler: 1
skipping: 
assembleUnmappedReads: FALSE

39548 reads; of these:
  39548 (100.00%) were paired; of these:
    9955 (25.17%) aligned concordantly 0 times
    29593 (74.83%) aligned concordantly exactly 1 time
    0 (0.00%) aligned concordantly >1 times
    ----
    9955 pairs aligned concordantly 0 times; of these:
      4353 (43.73%) aligned discordantly 1 time
    ----
    5602 pairs aligned 0 times concordantly or discordantly; of these:
      11204 mates make up the pairs; of these:
        8818 (78.70%) aligned 0 times
        2386 (21.30%) aligned exactly 1 time
        0 (0.00%) aligned >1 times
88.85% overall alignment rate
