Read1 before filtering:
total reads: 43924
total bases: 13660364
Q20 bases: 13525530(99.013%)
Q30 bases: 13246155(96.9678%)

Read2 before filtering:
total reads: 43924
total bases: 13660364
Q20 bases: 13583239(99.4354%)
Q30 bases: 13361313(97.8108%)

Read1 after filtering:
total reads: 42933
total bases: 12011489
Q20 bases: 12000364(99.9074%)
Q30 bases: 11914023(99.1886%)

Read2 after filtering:
total reads: 42933
total bases: 12011821
Q20 bases: 11998764(99.8913%)
Q30 bases: 11907623(99.1325%)

Filtering result:
reads passed filter: 85866
reads failed due to low quality: 1898
reads failed due to too many N: 0
reads failed due to too short: 76
reads failed due to low complexity: 8
reads with adapter trimmed: 34831
bases trimmed due to adapters: 2718735
reads with polyX in 3' end: 133
bases trimmed in polyX tail: 14165

Duplication rate: 6.74044%

Insert size peak (evaluated by paired-end reads): 279

JSON report: PL18836_pMP_286_1_fastp_report.json
HTML report: PL18836_pMP_286_1_fastp_report.html

fastp -w 4 -q 30 -i PL18836_pMP_286_1_S75_L001_R1_001.fastq.gz -I PL18836_pMP_286_1_S75_L001_R2_001.fastq.gz -o PL18836_pMP_286_1_R1_trimmed.fastq -O PL18836_pMP_286_1_R2_trimmed.fastq -h PL18836_pMP_286_1_fastp_report.html -j PL18836_pMP_286_1_fastp_report.json -R PL18836_pMP_286_1_fastp_report --adapter_sequence CTGTCTCTTATACAC --adapter_sequence_r2 TGTATAAGAGACAG -x -y 
fastp v0.22.0, time used: 1 seconds
