Read1 before filtering:
total reads: 111615
total bases: 34712265
Q20 bases: 34441482(99.2199%)
Q30 bases: 33757147(97.2485%)

Read2 before filtering:
total reads: 111615
total bases: 34712265
Q20 bases: 34156440(98.3988%)
Q30 bases: 33066295(95.2582%)

Read1 after filtering:
total reads: 106223
total bases: 32135358
Q20 bases: 32078866(99.8242%)
Q30 bases: 31824888(99.0339%)

Read2 after filtering:
total reads: 106223
total bases: 32134039
Q20 bases: 31987923(99.5453%)
Q30 bases: 31472647(97.9418%)

Filtering result:
reads passed filter: 212446
reads failed due to low quality: 10338
reads failed due to too many N: 0
reads failed due to too short: 440
reads failed due to low complexity: 6
reads with adapter trimmed: 28508
bases trimmed due to adapters: 1798284
reads with polyX in 3' end: 1208
bases trimmed in polyX tail: 143549

Duplication rate: 14.2991%

Insert size peak (evaluated by paired-end reads): 478

JSON report: PL18960_MH_CENH3_fastp_report.json
HTML report: PL18960_MH_CENH3_fastp_report.html

fastp -w 4 -q 30 -i PL18960_MH_CENH3_S199_L001_R1_001.fastq.gz -I PL18960_MH_CENH3_S199_L001_R2_001.fastq.gz -o PL18960_MH_CENH3_R1_trimmed.fastq -O PL18960_MH_CENH3_R2_trimmed.fastq -h PL18960_MH_CENH3_fastp_report.html -j PL18960_MH_CENH3_fastp_report.json -R PL18960_MH_CENH3_fastp_report --adapter_sequence CTGTCTCTTATACAC --adapter_sequence_r2 TGTATAAGAGACAG -x -y 
fastp v0.22.0, time used: 1 seconds
