Read1 before filtering:
total reads: 34216
total bases: 10641176
Q20 bases: 10500509(98.6781%)
Q30 bases: 10287781(96.679%)

Read2 before filtering:
total reads: 34216
total bases: 10641176
Q20 bases: 10601284(99.6251%)
Q30 bases: 10469481(98.3865%)

Read1 after filtering:
total reads: 33656
total bases: 9230024
Q20 bases: 9222662(99.9202%)
Q30 bases: 9162316(99.2664%)

Read2 after filtering:
total reads: 33656
total bases: 9229970
Q20 bases: 9222588(99.92%)
Q30 bases: 9164719(99.2931%)

Filtering result:
reads passed filter: 67312
reads failed due to low quality: 1052
reads failed due to too many N: 0
reads failed due to too short: 60
reads failed due to low complexity: 8
reads with adapter trimmed: 30398
bases trimmed due to adapters: 2501015
reads with polyX in 3' end: 113
bases trimmed in polyX tail: 12113

Duplication rate: 5.86443%

Insert size peak (evaluated by paired-end reads): 298

JSON report: PL18940_pMP_279_1_fastp_report.json
HTML report: PL18940_pMP_279_1_fastp_report.html

fastp -w 4 -q 30 -i PL18940_pMP_279_1_S179_L001_R1_001.fastq.gz -I PL18940_pMP_279_1_S179_L001_R2_001.fastq.gz -o PL18940_pMP_279_1_R1_trimmed.fastq -O PL18940_pMP_279_1_R2_trimmed.fastq -h PL18940_pMP_279_1_fastp_report.html -j PL18940_pMP_279_1_fastp_report.json -R PL18940_pMP_279_1_fastp_report --adapter_sequence CTGTCTCTTATACAC --adapter_sequence_r2 TGTATAAGAGACAG -x -y 
fastp v0.22.0, time used: 0 seconds
