[map] task=12 line=13 uid=PL18858 folder=BLADE_FL_222026/PL18858_pFL_176_1 ref=pFL_176.fa
Running the plasmid-seq pipeline with the following arguments: 
fastQ_f: PL18858_pFL_176_1_S97_L001_R1_001.fastq.gz
fastQ_r: PL18858_pFL_176_1_S97_L001_R2_001.fastq.gz
fastaRef: pFL_176.fa
skipSpadesDenovoAssembly: 1
cleanSPADES: 0
qval: 30
minLengthSPADES: 300
uniqueID: PL18858
runUnicycler: 1
skipping: 
assembleUnmappedReads: FALSE

4849 reads; of these:
  4849 (100.00%) were paired; of these:
    735 (15.16%) aligned concordantly 0 times
    4114 (84.84%) aligned concordantly exactly 1 time
    0 (0.00%) aligned concordantly >1 times
    ----
    735 pairs aligned concordantly 0 times; of these:
      424 (57.69%) aligned discordantly 1 time
    ----
    311 pairs aligned 0 times concordantly or discordantly; of these:
      622 mates make up the pairs; of these:
        495 (79.58%) aligned 0 times
        127 (20.42%) aligned exactly 1 time
        0 (0.00%) aligned >1 times
94.90% overall alignment rate
