Read1 before filtering:
total reads: 72415
total bases: 22521065
Q20 bases: 22408056(99.4982%)
Q30 bases: 22073142(98.0111%)

Read2 before filtering:
total reads: 72415
total bases: 22521065
Q20 bases: 22420118(99.5518%)
Q30 bases: 22105823(98.1562%)

Read1 after filtering:
total reads: 71243
total bases: 21349976
Q20 bases: 21324919(99.8826%)
Q30 bases: 21145730(99.0433%)

Read2 after filtering:
total reads: 71243
total bases: 21350673
Q20 bases: 21321564(99.8637%)
Q30 bases: 21149496(99.0577%)

Filtering result:
reads passed filter: 142486
reads failed due to low quality: 2326
reads failed due to too many N: 0
reads failed due to too short: 18
reads failed due to low complexity: 0
reads with adapter trimmed: 23487
bases trimmed due to adapters: 1622949
reads with polyX in 3' end: 147
bases trimmed in polyX tail: 6603

Duplication rate: 27.7699%

Insert size peak (evaluated by paired-end reads): 388

JSON report: PL18954_pBluescript_fastp_report.json
HTML report: PL18954_pBluescript_fastp_report.html

fastp -w 4 -q 30 -i PL18954_pBluescript_S193_L001_R1_001.fastq.gz -I PL18954_pBluescript_S193_L001_R2_001.fastq.gz -o PL18954_pBluescript_R1_trimmed.fastq -O PL18954_pBluescript_R2_trimmed.fastq -h PL18954_pBluescript_fastp_report.html -j PL18954_pBluescript_fastp_report.json -R PL18954_pBluescript_fastp_report --adapter_sequence CTGTCTCTTATACAC --adapter_sequence_r2 TGTATAAGAGACAG -x -y 
fastp v0.22.0, time used: 1 seconds
