Read1 before filtering:
total reads: 34731
total bases: 10801341
Q20 bases: 10674471(98.8254%)
Q30 bases: 10441275(96.6665%)

Read2 before filtering:
total reads: 34731
total bases: 10801341
Q20 bases: 10733362(99.3706%)
Q30 bases: 10539840(97.579%)

Read1 after filtering:
total reads: 33882
total bases: 9487293
Q20 bases: 9476264(99.8837%)
Q30 bases: 9401530(99.096%)

Read2 after filtering:
total reads: 33882
total bases: 9487946
Q20 bases: 9473274(99.8454%)
Q30 bases: 9386245(98.9281%)

Filtering result:
reads passed filter: 67764
reads failed due to low quality: 1636
reads failed due to too many N: 0
reads failed due to too short: 56
reads failed due to low complexity: 6
reads with adapter trimmed: 25703
bases trimmed due to adapters: 2131423
reads with polyX in 3' end: 242
bases trimmed in polyX tail: 13545

Duplication rate: 6.52732%

Insert size peak (evaluated by paired-end reads): 312

JSON report: PL18847_pAB_144_1_fastp_report.json
HTML report: PL18847_pAB_144_1_fastp_report.html

fastp -w 4 -q 30 -i PL18847_pAB_144_1_S86_L001_R1_001.fastq.gz -I PL18847_pAB_144_1_S86_L001_R2_001.fastq.gz -o PL18847_pAB_144_1_R1_trimmed.fastq -O PL18847_pAB_144_1_R2_trimmed.fastq -h PL18847_pAB_144_1_fastp_report.html -j PL18847_pAB_144_1_fastp_report.json -R PL18847_pAB_144_1_fastp_report --adapter_sequence CTGTCTCTTATACAC --adapter_sequence_r2 TGTATAAGAGACAG -x -y 
fastp v0.22.0, time used: 1 seconds
