[map] task=133 line=134 uid=PL18796 folder=NDD_CRISPR_222026/PL18796_EHMT1_09 ref=EHMT1.fa
Running the plasmid-seq pipeline with the following arguments: 
fastQ_f: PL18796_EHMT1_09_S35_L001_R1_001.fastq.gz
fastQ_r: PL18796_EHMT1_09_S35_L001_R2_001.fastq.gz
fastaRef: EHMT1.fa
skipSpadesDenovoAssembly: 1
cleanSPADES: 0
qval: 30
minLengthSPADES: 300
uniqueID: PL18796
runUnicycler: 1
skipping: 
assembleUnmappedReads: FALSE

108 reads; of these:
  108 (100.00%) were paired; of these:
    49 (45.37%) aligned concordantly 0 times
    57 (52.78%) aligned concordantly exactly 1 time
    2 (1.85%) aligned concordantly >1 times
    ----
    49 pairs aligned concordantly 0 times; of these:
      3 (6.12%) aligned discordantly 1 time
    ----
    46 pairs aligned 0 times concordantly or discordantly; of these:
      92 mates make up the pairs; of these:
        92 (100.00%) aligned 0 times
        0 (0.00%) aligned exactly 1 time
        0 (0.00%) aligned >1 times
57.41% overall alignment rate
