Read1 before filtering:
total reads: 26177
total bases: 8141047
Q20 bases: 8052955(98.9179%)
Q30 bases: 7883675(96.8386%)

Read2 before filtering:
total reads: 26177
total bases: 8141047
Q20 bases: 8099230(99.4863%)
Q30 bases: 7976061(97.9734%)

Read1 after filtering:
total reads: 25648
total bases: 6976794
Q20 bases: 6970420(99.9086%)
Q30 bases: 6921261(99.204%)

Read2 after filtering:
total reads: 25648
total bases: 6976799
Q20 bases: 6967610(99.8683%)
Q30 bases: 6912690(99.0811%)

Filtering result:
reads passed filter: 51296
reads failed due to low quality: 1014
reads failed due to too many N: 0
reads failed due to too short: 44
reads failed due to low complexity: 0
reads with adapter trimmed: 23551
bases trimmed due to adapters: 2022598
reads with polyX in 3' end: 142
bases trimmed in polyX tail: 8898

Duplication rate: 5.04652%

Insert size peak (evaluated by paired-end reads): 287

JSON report: PL18763_pLD048_10_fastp_report.json
HTML report: PL18763_pLD048_10_fastp_report.html

fastp -w 4 -q 30 -i PL18763_pLD048_10_S2_L001_R1_001.fastq.gz -I PL18763_pLD048_10_S2_L001_R2_001.fastq.gz -o PL18763_pLD048_10_R1_trimmed.fastq -O PL18763_pLD048_10_R2_trimmed.fastq -h PL18763_pLD048_10_fastp_report.html -j PL18763_pLD048_10_fastp_report.json -R PL18763_pLD048_10_fastp_report --adapter_sequence CTGTCTCTTATACAC --adapter_sequence_r2 TGTATAAGAGACAG -x -y 
fastp v0.22.0, time used: 0 seconds
