[map] task=54 line=55 uid=PL18900 folder=BLADE_FL_222026/PL18900_pFL_195_v2_1 ref=pFL_195.fa
Running the plasmid-seq pipeline with the following arguments: 
fastQ_f: PL18900_pFL_195_v2_1_S139_L001_R1_001.fastq.gz
fastQ_r: PL18900_pFL_195_v2_1_S139_L001_R2_001.fastq.gz
fastaRef: pFL_195.fa
skipSpadesDenovoAssembly: 1
cleanSPADES: 0
qval: 30
minLengthSPADES: 300
uniqueID: PL18900
runUnicycler: 1
skipping: 
assembleUnmappedReads: FALSE

37904 reads; of these:
  37904 (100.00%) were paired; of these:
    10142 (26.76%) aligned concordantly 0 times
    27372 (72.21%) aligned concordantly exactly 1 time
    390 (1.03%) aligned concordantly >1 times
    ----
    10142 pairs aligned concordantly 0 times; of these:
      8849 (87.25%) aligned discordantly 1 time
    ----
    1293 pairs aligned 0 times concordantly or discordantly; of these:
      2586 mates make up the pairs; of these:
        1208 (46.71%) aligned 0 times
        889 (34.38%) aligned exactly 1 time
        489 (18.91%) aligned >1 times
98.41% overall alignment rate
