[map] task=182 line=183 uid=PL18772 folder=Neuronal_Maturation_222026/PL18772_pLD048_21 ref=pLD048_LVX_U6_BC_pMAP2_RORA_WPRE_pEFS_TagBFP2.fa
Running the plasmid-seq pipeline with the following arguments: 
fastQ_f: PL18772_pLD048_21_S11_L001_R1_001.fastq.gz
fastQ_r: PL18772_pLD048_21_S11_L001_R2_001.fastq.gz
fastaRef: pLD048_LVX_U6_BC_pMAP2_RORA_WPRE_pEFS_TagBFP2.fa
skipSpadesDenovoAssembly: 1
cleanSPADES: 0
qval: 30
minLengthSPADES: 300
uniqueID: PL18772
runUnicycler: 1
skipping: 
assembleUnmappedReads: FALSE

5882 reads; of these:
  5882 (100.00%) were paired; of these:
    5873 (99.85%) aligned concordantly 0 times
    9 (0.15%) aligned concordantly exactly 1 time
    0 (0.00%) aligned concordantly >1 times
    ----
    5873 pairs aligned concordantly 0 times; of these:
      1 (0.02%) aligned discordantly 1 time
    ----
    5872 pairs aligned 0 times concordantly or discordantly; of these:
      11744 mates make up the pairs; of these:
        11741 (99.97%) aligned 0 times
        3 (0.03%) aligned exactly 1 time
        0 (0.00%) aligned >1 times
0.20% overall alignment rate
