Read1 before filtering:
total reads: 281
total bases: 87391
Q20 bases: 85584(97.9323%)
Q30 bases: 82840(94.7924%)

Read2 before filtering:
total reads: 281
total bases: 87391
Q20 bases: 86927(99.4691%)
Q30 bases: 85707(98.073%)

Read1 after filtering:
total reads: 274
total bases: 70466
Q20 bases: 70348(99.8325%)
Q30 bases: 69510(98.6433%)

Read2 after filtering:
total reads: 274
total bases: 70467
Q20 bases: 70412(99.9219%)
Q30 bases: 70050(99.4082%)

Filtering result:
reads passed filter: 548
reads failed due to low quality: 10
reads failed due to too many N: 0
reads failed due to too short: 4
reads failed due to low complexity: 0
reads with adapter trimmed: 253
bases trimmed due to adapters: 30097
reads with polyX in 3' end: 5
bases trimmed in polyX tail: 627

Duplication rate: 0.711744%

Insert size peak (evaluated by paired-end reads): 253

JSON report: PL18831_HPRT_21_fastp_report.json
HTML report: PL18831_HPRT_21_fastp_report.html

fastp -w 4 -q 30 -i PL18831_HPRT_21_S70_L001_R1_001.fastq.gz -I PL18831_HPRT_21_S70_L001_R2_001.fastq.gz -o PL18831_HPRT_21_R1_trimmed.fastq -O PL18831_HPRT_21_R2_trimmed.fastq -h PL18831_HPRT_21_fastp_report.html -j PL18831_HPRT_21_fastp_report.json -R PL18831_HPRT_21_fastp_report --adapter_sequence CTGTCTCTTATACAC --adapter_sequence_r2 TGTATAAGAGACAG -x -y 
fastp v0.22.0, time used: 0 seconds
