Read1 before filtering:
total reads: 38598
total bases: 12003978
Q20 bases: 11900480(99.1378%)
Q30 bases: 11641650(96.9816%)

Read2 before filtering:
total reads: 38598
total bases: 12003978
Q20 bases: 11937510(99.4463%)
Q30 bases: 11741890(97.8167%)

Read1 after filtering:
total reads: 37721
total bases: 10499989
Q20 bases: 10489428(99.8994%)
Q30 bases: 10405772(99.1027%)

Read2 after filtering:
total reads: 37721
total bases: 10499925
Q20 bases: 10488767(99.8937%)
Q30 bases: 10408811(99.1322%)

Filtering result:
reads passed filter: 75442
reads failed due to low quality: 1688
reads failed due to too many N: 0
reads failed due to too short: 64
reads failed due to low complexity: 2
reads with adapter trimmed: 29416
bases trimmed due to adapters: 2499241
reads with polyX in 3' end: 143
bases trimmed in polyX tail: 12527

Duplication rate: 8.49062%

Insert size peak (evaluated by paired-end reads): 367

JSON report: PL18912_pFL_212_1_fastp_report.json
HTML report: PL18912_pFL_212_1_fastp_report.html

fastp -w 4 -q 30 -i PL18912_pFL_212_1_S151_L001_R1_001.fastq.gz -I PL18912_pFL_212_1_S151_L001_R2_001.fastq.gz -o PL18912_pFL_212_1_R1_trimmed.fastq -O PL18912_pFL_212_1_R2_trimmed.fastq -h PL18912_pFL_212_1_fastp_report.html -j PL18912_pFL_212_1_fastp_report.json -R PL18912_pFL_212_1_fastp_report --adapter_sequence CTGTCTCTTATACAC --adapter_sequence_r2 TGTATAAGAGACAG -x -y 
fastp v0.22.0, time used: 1 seconds
