Read1 before filtering:
total reads: 9145
total bases: 2844095
Q20 bases: 2805172(98.6314%)
Q30 bases: 2741312(96.3861%)

Read2 before filtering:
total reads: 9145
total bases: 2844095
Q20 bases: 2832883(99.6058%)
Q30 bases: 2795840(98.3033%)

Read1 after filtering:
total reads: 8973
total bases: 2457173
Q20 bases: 2455368(99.9265%)
Q30 bases: 2440329(99.3145%)

Read2 after filtering:
total reads: 8973
total bases: 2457291
Q20 bases: 2455141(99.9125%)
Q30 bases: 2440290(99.3081%)

Filtering result:
reads passed filter: 17946
reads failed due to low quality: 322
reads failed due to too many N: 0
reads failed due to too short: 20
reads failed due to low complexity: 2
reads with adapter trimmed: 8056
bases trimmed due to adapters: 674491
reads with polyX in 3' end: 34
bases trimmed in polyX tail: 3698

Duplication rate: 4.77704%

Insert size peak (evaluated by paired-end reads): 302

JSON report: PL18844_pMP_273_1_fastp_report.json
HTML report: PL18844_pMP_273_1_fastp_report.html

fastp -w 4 -q 30 -i PL18844_pMP_273_1_S83_L001_R1_001.fastq.gz -I PL18844_pMP_273_1_S83_L001_R2_001.fastq.gz -o PL18844_pMP_273_1_R1_trimmed.fastq -O PL18844_pMP_273_1_R2_trimmed.fastq -h PL18844_pMP_273_1_fastp_report.html -j PL18844_pMP_273_1_fastp_report.json -R PL18844_pMP_273_1_fastp_report --adapter_sequence CTGTCTCTTATACAC --adapter_sequence_r2 TGTATAAGAGACAG -x -y 
fastp v0.22.0, time used: 0 seconds
