Read1 before filtering:
total reads: 120
total bases: 37320
Q20 bases: 36441(97.6447%)
Q30 bases: 34743(93.0949%)

Read2 before filtering:
total reads: 120
total bases: 37320
Q20 bases: 36676(98.2744%)
Q30 bases: 35508(95.1447%)

Read1 after filtering:
total reads: 114
total bases: 22551
Q20 bases: 22518(99.8537%)
Q30 bases: 22365(99.1752%)

Read2 after filtering:
total reads: 114
total bases: 22708
Q20 bases: 22637(99.6873%)
Q30 bases: 22374(98.5292%)

Filtering result:
reads passed filter: 228
reads failed due to low quality: 12
reads failed due to too many N: 0
reads failed due to too short: 0
reads failed due to low complexity: 0
reads with adapter trimmed: 168
bases trimmed due to adapters: 26604
reads with polyX in 3' end: 3
bases trimmed in polyX tail: 523

Duplication rate: 1.66667%

Insert size peak (evaluated by paired-end reads): 74

JSON report: PL18802_EHMT1_15_fastp_report.json
HTML report: PL18802_EHMT1_15_fastp_report.html

fastp -w 4 -q 30 -i PL18802_EHMT1_15_S41_L001_R1_001.fastq.gz -I PL18802_EHMT1_15_S41_L001_R2_001.fastq.gz -o PL18802_EHMT1_15_R1_trimmed.fastq -O PL18802_EHMT1_15_R2_trimmed.fastq -h PL18802_EHMT1_15_fastp_report.html -j PL18802_EHMT1_15_fastp_report.json -R PL18802_EHMT1_15_fastp_report --adapter_sequence CTGTCTCTTATACAC --adapter_sequence_r2 TGTATAAGAGACAG -x -y 
fastp v0.22.0, time used: 0 seconds
