Read1 before filtering:
total reads: 56572
total bases: 17593892
Q20 bases: 17360708(98.6746%)
Q30 bases: 16936470(96.2634%)

Read2 before filtering:
total reads: 56572
total bases: 17593892
Q20 bases: 17477155(99.3365%)
Q30 bases: 17151948(97.4881%)

Read1 after filtering:
total reads: 55180
total bases: 15521808
Q20 bases: 15507616(99.9086%)
Q30 bases: 15402013(99.2282%)

Read2 after filtering:
total reads: 55180
total bases: 15522319
Q20 bases: 15497447(99.8398%)
Q30 bases: 15357471(98.938%)

Filtering result:
reads passed filter: 110360
reads failed due to low quality: 2644
reads failed due to too many N: 0
reads failed due to too short: 134
reads failed due to low complexity: 6
reads with adapter trimmed: 41020
bases trimmed due to adapters: 3333820
reads with polyX in 3' end: 209
bases trimmed in polyX tail: 23961

Duplication rate: 5.81472%

Insert size peak (evaluated by paired-end reads): 332

JSON report: PL18935_pMP_276_6_fastp_report.json
HTML report: PL18935_pMP_276_6_fastp_report.html

fastp -w 4 -q 30 -i PL18935_pMP_276_6_S174_L001_R1_001.fastq.gz -I PL18935_pMP_276_6_S174_L001_R2_001.fastq.gz -o PL18935_pMP_276_6_R1_trimmed.fastq -O PL18935_pMP_276_6_R2_trimmed.fastq -h PL18935_pMP_276_6_fastp_report.html -j PL18935_pMP_276_6_fastp_report.json -R PL18935_pMP_276_6_fastp_report --adapter_sequence CTGTCTCTTATACAC --adapter_sequence_r2 TGTATAAGAGACAG -x -y 
fastp v0.22.0, time used: 1 seconds
