[map] task=94 line=95 uid=PL18851 folder=Gene_Circuits_222026/PL18851_pCMK1288_3 ref=pCMK1288.fa
Running the plasmid-seq pipeline with the following arguments: 
fastQ_f: PL18851_pCMK1288_3_S90_L001_R1_001.fastq.gz
fastQ_r: PL18851_pCMK1288_3_S90_L001_R2_001.fastq.gz
fastaRef: pCMK1288.fa
skipSpadesDenovoAssembly: 1
cleanSPADES: 0
qval: 30
minLengthSPADES: 300
uniqueID: PL18851
runUnicycler: 1
skipping: 
assembleUnmappedReads: FALSE

2838 reads; of these:
  2838 (100.00%) were paired; of these:
    661 (23.29%) aligned concordantly 0 times
    2177 (76.71%) aligned concordantly exactly 1 time
    0 (0.00%) aligned concordantly >1 times
    ----
    661 pairs aligned concordantly 0 times; of these:
      78 (11.80%) aligned discordantly 1 time
    ----
    583 pairs aligned 0 times concordantly or discordantly; of these:
      1166 mates make up the pairs; of these:
        1148 (98.46%) aligned 0 times
        18 (1.54%) aligned exactly 1 time
        0 (0.00%) aligned >1 times
79.77% overall alignment rate
