Read1 before filtering:
total reads: 64055
total bases: 19921105
Q20 bases: 19684199(98.8108%)
Q30 bases: 19275075(96.7571%)

Read2 before filtering:
total reads: 64055
total bases: 19921105
Q20 bases: 19826503(99.5251%)
Q30 bases: 19531823(98.0459%)

Read1 after filtering:
total reads: 62758
total bases: 17394261
Q20 bases: 17380217(99.9193%)
Q30 bases: 17264552(99.2543%)

Read2 after filtering:
total reads: 62758
total bases: 17394571
Q20 bases: 17377949(99.9044%)
Q30 bases: 17254116(99.1925%)

Filtering result:
reads passed filter: 125516
reads failed due to low quality: 2452
reads failed due to too many N: 0
reads failed due to too short: 128
reads failed due to low complexity: 14
reads with adapter trimmed: 53413
bases trimmed due to adapters: 4300695
reads with polyX in 3' end: 229
bases trimmed in polyX tail: 26218

Duplication rate: 7.79869%

Insert size peak (evaluated by paired-end reads): 354

JSON report: PL18937_pMP_277_3_fastp_report.json
HTML report: PL18937_pMP_277_3_fastp_report.html

fastp -w 4 -q 30 -i PL18937_pMP_277_3_S176_L001_R1_001.fastq.gz -I PL18937_pMP_277_3_S176_L001_R2_001.fastq.gz -o PL18937_pMP_277_3_R1_trimmed.fastq -O PL18937_pMP_277_3_R2_trimmed.fastq -h PL18937_pMP_277_3_fastp_report.html -j PL18937_pMP_277_3_fastp_report.json -R PL18937_pMP_277_3_fastp_report --adapter_sequence CTGTCTCTTATACAC --adapter_sequence_r2 TGTATAAGAGACAG -x -y 
fastp v0.22.0, time used: 1 seconds
