Read1 before filtering:
total reads: 207
total bases: 64377
Q20 bases: 63409(98.4964%)
Q30 bases: 61785(95.9737%)

Read2 before filtering:
total reads: 207
total bases: 64377
Q20 bases: 63737(99.0059%)
Q30 bases: 62389(96.9119%)

Read1 after filtering:
total reads: 201
total bases: 56925
Q20 bases: 56863(99.8911%)
Q30 bases: 56244(98.8037%)

Read2 after filtering:
total reads: 201
total bases: 56933
Q20 bases: 56866(99.8823%)
Q30 bases: 56312(98.9092%)

Filtering result:
reads passed filter: 402
reads failed due to low quality: 10
reads failed due to too many N: 0
reads failed due to too short: 2
reads failed due to low complexity: 0
reads with adapter trimmed: 150
bases trimmed due to adapters: 12119
reads with polyX in 3' end: 1
bases trimmed in polyX tail: 223

Duplication rate: 0%

Insert size peak (evaluated by paired-end reads): 283

JSON report: PL18824_EHMT1_37_fastp_report.json
HTML report: PL18824_EHMT1_37_fastp_report.html

fastp -w 4 -q 30 -i PL18824_EHMT1_37_S63_L001_R1_001.fastq.gz -I PL18824_EHMT1_37_S63_L001_R2_001.fastq.gz -o PL18824_EHMT1_37_R1_trimmed.fastq -O PL18824_EHMT1_37_R2_trimmed.fastq -h PL18824_EHMT1_37_fastp_report.html -j PL18824_EHMT1_37_fastp_report.json -R PL18824_EHMT1_37_fastp_report --adapter_sequence CTGTCTCTTATACAC --adapter_sequence_r2 TGTATAAGAGACAG -x -y 
fastp v0.22.0, time used: 0 seconds
