Read1 before filtering:
total reads: 289
total bases: 89879
Q20 bases: 87824(97.7136%)
Q30 bases: 84745(94.2879%)

Read2 before filtering:
total reads: 289
total bases: 89879
Q20 bases: 89250(99.3002%)
Q30 bases: 87938(97.8404%)

Read1 after filtering:
total reads: 280
total bases: 65936
Q20 bases: 65880(99.9151%)
Q30 bases: 65331(99.0824%)

Read2 after filtering:
total reads: 280
total bases: 65913
Q20 bases: 65863(99.9241%)
Q30 bases: 65362(99.164%)

Filtering result:
reads passed filter: 560
reads failed due to low quality: 16
reads failed due to too many N: 0
reads failed due to too short: 2
reads failed due to low complexity: 0
reads with adapter trimmed: 343
bases trimmed due to adapters: 43249
reads with polyX in 3' end: 2
bases trimmed in polyX tail: 23

Duplication rate: 1.03806%

Insert size peak (evaluated by paired-end reads): 171

JSON report: PL18793_EHMT1_06_fastp_report.json
HTML report: PL18793_EHMT1_06_fastp_report.html

fastp -w 4 -q 30 -i PL18793_EHMT1_06_S32_L001_R1_001.fastq.gz -I PL18793_EHMT1_06_S32_L001_R2_001.fastq.gz -o PL18793_EHMT1_06_R1_trimmed.fastq -O PL18793_EHMT1_06_R2_trimmed.fastq -h PL18793_EHMT1_06_fastp_report.html -j PL18793_EHMT1_06_fastp_report.json -R PL18793_EHMT1_06_fastp_report --adapter_sequence CTGTCTCTTATACAC --adapter_sequence_r2 TGTATAAGAGACAG -x -y 
fastp v0.22.0, time used: 1 seconds
