[map] task=32 line=33 uid=PL18878 folder=BLADE_FL_222026/PL18878_pFL_187_6 ref=pFL_187.fa
Running the plasmid-seq pipeline with the following arguments: 
fastQ_f: PL18878_pFL_187_6_S117_L001_R1_001.fastq.gz
fastQ_r: PL18878_pFL_187_6_S117_L001_R2_001.fastq.gz
fastaRef: pFL_187.fa
skipSpadesDenovoAssembly: 1
cleanSPADES: 0
qval: 30
minLengthSPADES: 300
uniqueID: PL18878
runUnicycler: 1
skipping: 
assembleUnmappedReads: FALSE

28031 reads; of these:
  28031 (100.00%) were paired; of these:
    6108 (21.79%) aligned concordantly 0 times
    21923 (78.21%) aligned concordantly exactly 1 time
    0 (0.00%) aligned concordantly >1 times
    ----
    6108 pairs aligned concordantly 0 times; of these:
      2491 (40.78%) aligned discordantly 1 time
    ----
    3617 pairs aligned 0 times concordantly or discordantly; of these:
      7234 mates make up the pairs; of these:
        5913 (81.74%) aligned 0 times
        1321 (18.26%) aligned exactly 1 time
        0 (0.00%) aligned >1 times
89.45% overall alignment rate
