[map] task=60 line=61 uid=PL18906 folder=BLADE_FL_222026/PL18906_pFL_207_2 ref=pFL_207.fa
Running the plasmid-seq pipeline with the following arguments: 
fastQ_f: PL18906_pFL_207_2_S145_L001_R1_001.fastq.gz
fastQ_r: PL18906_pFL_207_2_S145_L001_R2_001.fastq.gz
fastaRef: pFL_207.fa
skipSpadesDenovoAssembly: 1
cleanSPADES: 0
qval: 30
minLengthSPADES: 300
uniqueID: PL18906
runUnicycler: 1
skipping: 
assembleUnmappedReads: FALSE

37494 reads; of these:
  37494 (100.00%) were paired; of these:
    7158 (19.09%) aligned concordantly 0 times
    29889 (79.72%) aligned concordantly exactly 1 time
    447 (1.19%) aligned concordantly >1 times
    ----
    7158 pairs aligned concordantly 0 times; of these:
      5734 (80.11%) aligned discordantly 1 time
    ----
    1424 pairs aligned 0 times concordantly or discordantly; of these:
      2848 mates make up the pairs; of these:
        1416 (49.72%) aligned 0 times
        825 (28.97%) aligned exactly 1 time
        607 (21.31%) aligned >1 times
98.11% overall alignment rate
