[prep] SCRATCH=/scratch/peb002/cpflueger/plasmidSeq_2026-02-02/220786
[prep] RESULTS=/group/llshared/PlasmidSeq/Results/plasmidSeq_2026-02-02/220786
building file list ... done
./
600cycle_longInsert_PlasmidSeq_222026/
600cycle_longInsert_PlasmidSeq_222026/PL18954_pBluescript_S193_L001_R1_001.fastq.gz
600cycle_longInsert_PlasmidSeq_222026/PL18954_pBluescript_S193_L001_R2_001.fastq.gz
600cycle_longInsert_PlasmidSeq_222026/PL18955_pCDS_B3o_IV2_S194_L001_R1_001.fastq.gz
600cycle_longInsert_PlasmidSeq_222026/PL18955_pCDS_B3o_IV2_S194_L001_R2_001.fastq.gz
600cycle_longInsert_PlasmidSeq_222026/PL18956_pUBQ10_aGCN4_MIS12_LLP_S195_L001_R1_001.fastq.gz
600cycle_longInsert_PlasmidSeq_222026/PL18956_pUBQ10_aGCN4_MIS12_LLP_S195_L001_R2_001.fastq.gz
600cycle_longInsert_PlasmidSeq_222026/PL18957_pdC9s_U6C_LLP920_S196_L001_R1_001.fastq.gz
600cycle_longInsert_PlasmidSeq_222026/PL18957_pdC9s_U6C_LLP920_S196_L001_R2_001.fastq.gz
600cycle_longInsert_PlasmidSeq_222026/PL18958_PAC2_6_1_LLP923_S197_L001_R1_001.fastq.gz
600cycle_longInsert_PlasmidSeq_222026/PL18958_PAC2_6_1_LLP923_S197_L001_R2_001.fastq.gz
600cycle_longInsert_PlasmidSeq_222026/PL18959_pRS2_E_010_S198_L001_R1_001.fastq.gz
600cycle_longInsert_PlasmidSeq_222026/PL18959_pRS2_E_010_S198_L001_R2_001.fastq.gz
600cycle_longInsert_PlasmidSeq_222026/PL18960_MH_CENH3_S199_L001_R1_001.fastq.gz
600cycle_longInsert_PlasmidSeq_222026/PL18960_MH_CENH3_S199_L001_R2_001.fastq.gz
600cycle_longInsert_PlasmidSeq_222026/PL18961_BEP014_S200_L001_R1_001.fastq.gz
600cycle_longInsert_PlasmidSeq_222026/PL18961_BEP014_S200_L001_R2_001.fastq.gz
BLADE_AB_222026/
BLADE_AB_222026/PL18847_pAB_144_1_S86_L001_R1_001.fastq.gz
BLADE_AB_222026/PL18847_pAB_144_1_S86_L001_R2_001.fastq.gz
BLADE_AB_222026/PL18848_pAB_144_2_S87_L001_R1_001.fastq.gz
BLADE_AB_222026/PL18848_pAB_144_2_S87_L001_R2_001.fastq.gz
BLADE_AB_222026/PL18855_pCDS_CreF1_L14aa_CCP3_S94_L001_R1_001.fastq.gz
BLADE_AB_222026/PL18855_pCDS_CreF1_L14aa_CCP3_S94_L001_R2_001.fastq.gz
BLADE_FL_222026/
BLADE_FL_222026/PL18858_pFL_176_1_S97_L001_R1_001.fastq.gz
BLADE_FL_222026/PL18858_pFL_176_1_S97_L001_R2_001.fastq.gz
BLADE_FL_222026/PL18859_pFL_177_1_S98_L001_R1_001.fastq.gz
BLADE_FL_222026/PL18859_pFL_177_1_S98_L001_R2_001.fastq.gz
BLADE_FL_222026/PL18860_pFL_177_2_S99_L001_R1_001.fastq.gz
BLADE_FL_222026/PL18860_pFL_177_2_S99_L001_R2_001.fastq.gz
BLADE_FL_222026/PL18861_pFL_178_1_S100_L001_R1_001.fastq.gz
BLADE_FL_222026/PL18861_pFL_178_1_S100_L001_R2_001.fastq.gz
BLADE_FL_222026/PL18862_pFL_178_2_S101_L001_R1_001.fastq.gz
BLADE_FL_222026/PL18862_pFL_178_2_S101_L001_R2_001.fastq.gz
BLADE_FL_222026/PL18863_pFL_179_1_S102_L001_R1_001.fastq.gz
BLADE_FL_222026/PL18863_pFL_179_1_S102_L001_R2_001.fastq.gz
BLADE_FL_222026/PL18864_pFL_179_2_S103_L001_R1_001.fastq.gz
BLADE_FL_222026/PL18864_pFL_179_2_S103_L001_R2_001.fastq.gz
BLADE_FL_222026/PL18865_pFL_180_1_S104_L001_R1_001.fastq.gz
BLADE_FL_222026/PL18865_pFL_180_1_S104_L001_R2_001.fastq.gz
BLADE_FL_222026/PL18866_pFL_180_2_S105_L001_R1_001.fastq.gz
BLADE_FL_222026/PL18866_pFL_180_2_S105_L001_R2_001.fastq.gz
BLADE_FL_222026/PL18867_pFL_181_1_S106_L001_R1_001.fastq.gz
BLADE_FL_222026/PL18867_pFL_181_1_S106_L001_R2_001.fastq.gz
BLADE_FL_222026/PL18868_pFL_181_2_S107_L001_R1_001.fastq.gz
BLADE_FL_222026/PL18868_pFL_181_2_S107_L001_R2_001.fastq.gz
BLADE_FL_222026/PL18869_pFL_182_1_S108_L001_R1_001.fastq.gz
BLADE_FL_222026/PL18869_pFL_182_1_S108_L001_R2_001.fastq.gz
BLADE_FL_222026/PL18870_pFL_182_2_S109_L001_R1_001.fastq.gz
BLADE_FL_222026/PL18870_pFL_182_2_S109_L001_R2_001.fastq.gz
BLADE_FL_222026/PL18871_pFL_183_2_S110_L001_R1_001.fastq.gz
BLADE_FL_222026/PL18871_pFL_183_2_S110_L001_R2_001.fastq.gz
BLADE_FL_222026/PL18872_pFL_184_2_S111_L001_R1_001.fastq.gz
BLADE_FL_222026/PL18872_pFL_184_2_S111_L001_R2_001.fastq.gz
BLADE_FL_222026/PL18873_pFL_185_1_S112_L001_R1_001.fastq.gz
BLADE_FL_222026/PL18873_pFL_185_1_S112_L001_R2_001.fastq.gz
BLADE_FL_222026/PL18874_pFL_185_3_S113_L001_R1_001.fastq.gz
BLADE_FL_222026/PL18874_pFL_185_3_S113_L001_R2_001.fastq.gz
BLADE_FL_222026/PL18875_pFL_186_1_S114_L001_R1_001.fastq.gz
BLADE_FL_222026/PL18875_pFL_186_1_S114_L001_R2_001.fastq.gz
BLADE_FL_222026/PL18876_pFL_186_4_S115_L001_R1_001.fastq.gz
BLADE_FL_222026/PL18876_pFL_186_4_S115_L001_R2_001.fastq.gz
BLADE_FL_222026/PL18877_pFL_187_3_S116_L001_R1_001.fastq.gz
BLADE_FL_222026/PL18877_pFL_187_3_S116_L001_R2_001.fastq.gz
BLADE_FL_222026/PL18878_pFL_187_6_S117_L001_R1_001.fastq.gz
BLADE_FL_222026/PL18878_pFL_187_6_S117_L001_R2_001.fastq.gz
BLADE_FL_222026/PL18879_pFL_188_v2_1_S118_L001_R1_001.fastq.gz
BLADE_FL_222026/PL18879_pFL_188_v2_1_S118_L001_R2_001.fastq.gz
BLADE_FL_222026/PL18880_pFL_188_v2_2_S119_L001_R1_001.fastq.gz
BLADE_FL_222026/PL18880_pFL_188_v2_2_S119_L001_R2_001.fastq.gz
BLADE_FL_222026/PL18881_pFL_189_v3_1_S120_L001_R1_001.fastq.gz
BLADE_FL_222026/PL18881_pFL_189_v3_1_S120_L001_R2_001.fastq.gz
BLADE_FL_222026/PL18882_pFL_189_v3_2_S121_L001_R1_001.fastq.gz
BLADE_FL_222026/PL18882_pFL_189_v3_2_S121_L001_R2_001.fastq.gz
BLADE_FL_222026/PL18883_pAB_136_v2_2_S122_L001_R1_001.fastq.gz
BLADE_FL_222026/PL18883_pAB_136_v2_2_S122_L001_R2_001.fastq.gz
BLADE_FL_222026/PL18884_pFL_190_1_S123_L001_R1_001.fastq.gz
BLADE_FL_222026/PL18884_pFL_190_1_S123_L001_R2_001.fastq.gz
BLADE_FL_222026/PL18885_pFL_190_2_S124_L001_R1_001.fastq.gz
BLADE_FL_222026/PL18885_pFL_190_2_S124_L001_R2_001.fastq.gz
BLADE_FL_222026/PL18886_pFL_191V1_1_S125_L001_R1_001.fastq.gz
BLADE_FL_222026/PL18886_pFL_191V1_1_S125_L001_R2_001.fastq.gz
BLADE_FL_222026/PL18887_pFL_191V1_2_S126_L001_R1_001.fastq.gz
BLADE_FL_222026/PL18887_pFL_191V1_2_S126_L001_R2_001.fastq.gz
BLADE_FL_222026/PL18888_pFL_191V2_1_S127_L001_R1_001.fastq.gz
BLADE_FL_222026/PL18888_pFL_191V2_1_S127_L001_R2_001.fastq.gz
BLADE_FL_222026/PL18889_pFL_191V2_2_S128_L001_R1_001.fastq.gz
BLADE_FL_222026/PL18889_pFL_191V2_2_S128_L001_R2_001.fastq.gz
BLADE_FL_222026/PL18890_pFL_192_2_S129_L001_R1_001.fastq.gz
BLADE_FL_222026/PL18890_pFL_192_2_S129_L001_R2_001.fastq.gz
BLADE_FL_222026/PL18891_pFL_193_v2_1_S130_L001_R1_001.fastq.gz
BLADE_FL_222026/PL18891_pFL_193_v2_1_S130_L001_R2_001.fastq.gz
BLADE_FL_222026/PL18892_pFL_193_v2_2_S131_L001_R1_001.fastq.gz
BLADE_FL_222026/PL18892_pFL_193_v2_2_S131_L001_R2_001.fastq.gz
BLADE_FL_222026/PL18893_B2_v2_1_S132_L001_R1_001.fastq.gz
BLADE_FL_222026/PL18893_B2_v2_1_S132_L001_R2_001.fastq.gz
BLADE_FL_222026/PL18894_B2_v2_2_S133_L001_R1_001.fastq.gz
BLADE_FL_222026/PL18894_B2_v2_2_S133_L001_R2_001.fastq.gz
BLADE_FL_222026/PL18895_pFL_194_2_S134_L001_R1_001.fastq.gz
BLADE_FL_222026/PL18895_pFL_194_2_S134_L001_R2_001.fastq.gz
BLADE_FL_222026/PL18896_pICH49300_S135_L001_R1_001.fastq.gz
BLADE_FL_222026/PL18896_pICH49300_S135_L001_R2_001.fastq.gz
BLADE_FL_222026/PL18897_pFL_7_1_S136_L001_R1_001.fastq.gz
BLADE_FL_222026/PL18897_pFL_7_1_S136_L001_R2_001.fastq.gz
BLADE_FL_222026/PL18898_pFL_8_1_S137_L001_R1_001.fastq.gz
BLADE_FL_222026/PL18898_pFL_8_1_S137_L001_R2_001.fastq.gz
BLADE_FL_222026/PL18899_pFL_10_1_S138_L001_R1_001.fastq.gz
BLADE_FL_222026/PL18899_pFL_10_1_S138_L001_R2_001.fastq.gz
BLADE_FL_222026/PL18900_pFL_195_v2_1_S139_L001_R1_001.fastq.gz
BLADE_FL_222026/PL18900_pFL_195_v2_1_S139_L001_R2_001.fastq.gz
BLADE_FL_222026/PL18901_pFL_195_v2_2_S140_L001_R1_001.fastq.gz
BLADE_FL_222026/PL18901_pFL_195_v2_2_S140_L001_R2_001.fastq.gz
BLADE_FL_222026/PL18902_pFL_196_v2_1_S141_L001_R1_001.fastq.gz
BLADE_FL_222026/PL18902_pFL_196_v2_1_S141_L001_R2_001.fastq.gz
BLADE_FL_222026/PL18903_pFL_203_1_S142_L001_R1_001.fastq.gz
BLADE_FL_222026/PL18903_pFL_203_1_S142_L001_R2_001.fastq.gz
BLADE_FL_222026/PL18904_pFL_205_1_S143_L001_R1_001.fastq.gz
BLADE_FL_222026/PL18904_pFL_205_1_S143_L001_R2_001.fastq.gz
BLADE_FL_222026/PL18905_pFL_206_1_S144_L001_R1_001.fastq.gz
BLADE_FL_222026/PL18905_pFL_206_1_S144_L001_R2_001.fastq.gz
BLADE_FL_222026/PL18906_pFL_207_2_S145_L001_R1_001.fastq.gz
BLADE_FL_222026/PL18906_pFL_207_2_S145_L001_R2_001.fastq.gz
BLADE_FL_222026/PL18907_pFL_208_1_S146_L001_R1_001.fastq.gz
BLADE_FL_222026/PL18907_pFL_208_1_S146_L001_R2_001.fastq.gz
BLADE_FL_222026/PL18908_pFL_209_1_S147_L001_R1_001.fastq.gz
BLADE_FL_222026/PL18908_pFL_209_1_S147_L001_R2_001.fastq.gz
BLADE_FL_222026/PL18909_pFL_210_1_S148_L001_R1_001.fastq.gz
BLADE_FL_222026/PL18909_pFL_210_1_S148_L001_R2_001.fastq.gz
BLADE_FL_222026/PL18910_pFL_211_1_S149_L001_R1_001.fastq.gz
BLADE_FL_222026/PL18910_pFL_211_1_S149_L001_R2_001.fastq.gz
BLADE_FL_222026/PL18911_pFL_211_2_S150_L001_R1_001.fastq.gz
BLADE_FL_222026/PL18911_pFL_211_2_S150_L001_R2_001.fastq.gz
BLADE_FL_222026/PL18912_pFL_212_1_S151_L001_R1_001.fastq.gz
BLADE_FL_222026/PL18912_pFL_212_1_S151_L001_R2_001.fastq.gz
BLADE_FL_222026/PL18913_pFL_213_1_S152_L001_R1_001.fastq.gz
BLADE_FL_222026/PL18913_pFL_213_1_S152_L001_R2_001.fastq.gz
BLADE_FL_222026/PL18914_pFL_214_1_S153_L001_R1_001.fastq.gz
BLADE_FL_222026/PL18914_pFL_214_1_S153_L001_R2_001.fastq.gz
BLADE_FL_222026/PL18915_pFL_214_2_S154_L001_R1_001.fastq.gz
BLADE_FL_222026/PL18915_pFL_214_2_S154_L001_R2_001.fastq.gz
BLADE_FL_222026/PL18916_pFL_248_1_S155_L001_R1_001.fastq.gz
BLADE_FL_222026/PL18916_pFL_248_1_S155_L001_R2_001.fastq.gz
BLADE_FL_222026/PL18917_pFL_249_1_S156_L001_R1_001.fastq.gz
BLADE_FL_222026/PL18917_pFL_249_1_S156_L001_R2_001.fastq.gz
BLADE_FL_222026/PL18918_pFL_249_2_S157_L001_R1_001.fastq.gz
BLADE_FL_222026/PL18918_pFL_249_2_S157_L001_R2_001.fastq.gz
BLADE_FL_222026/PL18919_pFL_250_1_S158_L001_R1_001.fastq.gz
BLADE_FL_222026/PL18919_pFL_250_1_S158_L001_R2_001.fastq.gz
BLADE_FL_222026/PL18920_pFL_250_2_S159_L001_R1_001.fastq.gz
BLADE_FL_222026/PL18920_pFL_250_2_S159_L001_R2_001.fastq.gz
BLADE_FL_222026/PL18921_pFL_251_2_S160_L001_R1_001.fastq.gz
BLADE_FL_222026/PL18921_pFL_251_2_S160_L001_R2_001.fastq.gz
BLADE_FL_222026/PL18922_pFL_256_1_S161_L001_R1_001.fastq.gz
BLADE_FL_222026/PL18922_pFL_256_1_S161_L001_R2_001.fastq.gz
BLADE_FL_222026/PL18923_pFL_256_2_S162_L001_R1_001.fastq.gz
BLADE_FL_222026/PL18923_pFL_256_2_S162_L001_R2_001.fastq.gz
BLADE_FL_222026/PL18924_pFL_257_1_S163_L001_R1_001.fastq.gz
BLADE_FL_222026/PL18924_pFL_257_1_S163_L001_R2_001.fastq.gz
BLADE_FL_222026/PL18925_pFL_257_2_S164_L001_R1_001.fastq.gz
BLADE_FL_222026/PL18925_pFL_257_2_S164_L001_R2_001.fastq.gz
Gene_Circuits_222026/
Gene_Circuits_222026/PL18835_pMP_285_2_S74_L001_R1_001.fastq.gz
Gene_Circuits_222026/PL18835_pMP_285_2_S74_L001_R2_001.fastq.gz
Gene_Circuits_222026/PL18836_pMP_286_1_S75_L001_R1_001.fastq.gz
Gene_Circuits_222026/PL18836_pMP_286_1_S75_L001_R2_001.fastq.gz
Gene_Circuits_222026/PL18837_pMP_286_2_S76_L001_R1_001.fastq.gz
Gene_Circuits_222026/PL18837_pMP_286_2_S76_L001_R2_001.fastq.gz
Gene_Circuits_222026/PL18838_pMP_287_1_S77_L001_R1_001.fastq.gz
Gene_Circuits_222026/PL18838_pMP_287_1_S77_L001_R2_001.fastq.gz
Gene_Circuits_222026/PL18839_pMP_287_2_S78_L001_R1_001.fastq.gz
Gene_Circuits_222026/PL18839_pMP_287_2_S78_L001_R2_001.fastq.gz
Gene_Circuits_222026/PL18840_pMP_288_1_S79_L001_R1_001.fastq.gz
Gene_Circuits_222026/PL18840_pMP_288_1_S79_L001_R2_001.fastq.gz
Gene_Circuits_222026/PL18841_pMP_288_2_S80_L001_R1_001.fastq.gz
Gene_Circuits_222026/PL18841_pMP_288_2_S80_L001_R2_001.fastq.gz
Gene_Circuits_222026/PL18842_pMP_289_S81_L001_R1_001.fastq.gz
Gene_Circuits_222026/PL18842_pMP_289_S81_L001_R2_001.fastq.gz
Gene_Circuits_222026/PL18843_pMP_290_S82_L001_R1_001.fastq.gz
Gene_Circuits_222026/PL18843_pMP_290_S82_L001_R2_001.fastq.gz
Gene_Circuits_222026/PL18844_pMP_273_1_S83_L001_R1_001.fastq.gz
Gene_Circuits_222026/PL18844_pMP_273_1_S83_L001_R2_001.fastq.gz
Gene_Circuits_222026/PL18845_pMP_273_1_S84_L001_R1_001.fastq.gz
Gene_Circuits_222026/PL18845_pMP_273_1_S84_L001_R2_001.fastq.gz
Gene_Circuits_222026/PL18846_pMP_273_3_S85_L001_R1_001.fastq.gz
Gene_Circuits_222026/PL18846_pMP_273_3_S85_L001_R2_001.fastq.gz
Gene_Circuits_222026/PL18849_pCMK1288_1_S88_L001_R1_001.fastq.gz
Gene_Circuits_222026/PL18849_pCMK1288_1_S88_L001_R2_001.fastq.gz
Gene_Circuits_222026/PL18850_pCMK1288_2_S89_L001_R1_001.fastq.gz
Gene_Circuits_222026/PL18850_pCMK1288_2_S89_L001_R2_001.fastq.gz
Gene_Circuits_222026/PL18851_pCMK1288_3_S90_L001_R1_001.fastq.gz
Gene_Circuits_222026/PL18851_pCMK1288_3_S90_L001_R2_001.fastq.gz
Gene_Circuits_222026/PL18852_pCMK1288_1_S91_L001_R1_001.fastq.gz
Gene_Circuits_222026/PL18852_pCMK1288_1_S91_L001_R2_001.fastq.gz
Gene_Circuits_222026/PL18853_pCMK1288_2_S92_L001_R1_001.fastq.gz
Gene_Circuits_222026/PL18853_pCMK1288_2_S92_L001_R2_001.fastq.gz
Gene_Circuits_222026/PL18854_pCMK1288_3_S93_L001_R1_001.fastq.gz
Gene_Circuits_222026/PL18854_pCMK1288_3_S93_L001_R2_001.fastq.gz
Gene_Circuits_222026/PL18935_pMP_276_6_S174_L001_R1_001.fastq.gz
Gene_Circuits_222026/PL18935_pMP_276_6_S174_L001_R2_001.fastq.gz
Gene_Circuits_222026/PL18936_pMP_276_8_S175_L001_R1_001.fastq.gz
Gene_Circuits_222026/PL18936_pMP_276_8_S175_L001_R2_001.fastq.gz
Gene_Circuits_222026/PL18937_pMP_277_3_S176_L001_R1_001.fastq.gz
Gene_Circuits_222026/PL18937_pMP_277_3_S176_L001_R2_001.fastq.gz
Gene_Circuits_222026/PL18938_pMP_278_1_S177_L001_R1_001.fastq.gz
Gene_Circuits_222026/PL18938_pMP_278_1_S177_L001_R2_001.fastq.gz
Gene_Circuits_222026/PL18939_pMP_278_2_S178_L001_R1_001.fastq.gz
Gene_Circuits_222026/PL18939_pMP_278_2_S178_L001_R2_001.fastq.gz
Gene_Circuits_222026/PL18940_pMP_279_1_S179_L001_R1_001.fastq.gz
Gene_Circuits_222026/PL18940_pMP_279_1_S179_L001_R2_001.fastq.gz
Gene_Circuits_222026/PL18941_pMP_279_2_S180_L001_R1_001.fastq.gz
Gene_Circuits_222026/PL18941_pMP_279_2_S180_L001_R2_001.fastq.gz
Gene_Circuits_222026/PL18942_pMP_280_1_S181_L001_R1_001.fastq.gz
Gene_Circuits_222026/PL18942_pMP_280_1_S181_L001_R2_001.fastq.gz
Gene_Circuits_222026/PL18943_pMP_280_2_S182_L001_R1_001.fastq.gz
Gene_Circuits_222026/PL18943_pMP_280_2_S182_L001_R2_001.fastq.gz
Gene_Circuits_222026/PL18944_pMP_281_1_S183_L001_R1_001.fastq.gz
Gene_Circuits_222026/PL18944_pMP_281_1_S183_L001_R2_001.fastq.gz
Gene_Circuits_222026/PL18945_pMP_281_2_S184_L001_R1_001.fastq.gz
Gene_Circuits_222026/PL18945_pMP_281_2_S184_L001_R2_001.fastq.gz
Gene_Circuits_222026/PL18946_pMP_282_1_S185_L001_R1_001.fastq.gz
Gene_Circuits_222026/PL18946_pMP_282_1_S185_L001_R2_001.fastq.gz
Gene_Circuits_222026/PL18947_pMP_282_2_S186_L001_R1_001.fastq.gz
Gene_Circuits_222026/PL18947_pMP_282_2_S186_L001_R2_001.fastq.gz
Gene_Circuits_222026/PL18948_pMP_283_1_S187_L001_R1_001.fastq.gz
Gene_Circuits_222026/PL18948_pMP_283_1_S187_L001_R2_001.fastq.gz
Gene_Circuits_222026/PL18949_pMP_283_2_S188_L001_R1_001.fastq.gz
Gene_Circuits_222026/PL18949_pMP_283_2_S188_L001_R2_001.fastq.gz
Gene_Circuits_222026/PL18950_pMP_284_1_S189_L001_R1_001.fastq.gz
Gene_Circuits_222026/PL18950_pMP_284_1_S189_L001_R2_001.fastq.gz
Gene_Circuits_222026/PL18951_pMP_284_2_S190_L001_R1_001.fastq.gz
Gene_Circuits_222026/PL18951_pMP_284_2_S190_L001_R2_001.fastq.gz
Gene_Circuits_222026/PL18952_pMP_285_1_S191_L001_R1_001.fastq.gz
Gene_Circuits_222026/PL18952_pMP_285_1_S191_L001_R2_001.fastq.gz
MossX_222026/
MossX_222026/PL18926_pCDS_FlpO_GR_A_S165_L001_R1_001.fastq.gz
MossX_222026/PL18926_pCDS_FlpO_GR_A_S165_L001_R2_001.fastq.gz
MossX_222026/PL18927_pCDS_FlpO_GR_B_S166_L001_R1_001.fastq.gz
MossX_222026/PL18927_pCDS_FlpO_GR_B_S166_L001_R2_001.fastq.gz
MossX_222026/PL18928_pCDS_FlpO_GR_C_S167_L001_R1_001.fastq.gz
MossX_222026/PL18928_pCDS_FlpO_GR_C_S167_L001_R2_001.fastq.gz
MossX_222026/PL18929_pCDS_FlpO_ERT2_A_S168_L001_R1_001.fastq.gz
MossX_222026/PL18929_pCDS_FlpO_ERT2_A_S168_L001_R2_001.fastq.gz
MossX_222026/PL18930_pCDS_FlpO_ERT2_B_S169_L001_R1_001.fastq.gz
MossX_222026/PL18930_pCDS_FlpO_ERT2_B_S169_L001_R2_001.fastq.gz
MossX_222026/PL18931_pCDS_FlpO_ERT2_C_S170_L001_R1_001.fastq.gz
MossX_222026/PL18931_pCDS_FlpO_ERT2_C_S170_L001_R2_001.fastq.gz
MossX_222026/PL18932_pCDS_MELT_FlpO_A_S171_L001_R1_001.fastq.gz
MossX_222026/PL18932_pCDS_MELT_FlpO_A_S171_L001_R2_001.fastq.gz
MossX_222026/PL18933_pCDS_MELT_FlpO_B_S172_L001_R1_001.fastq.gz
MossX_222026/PL18933_pCDS_MELT_FlpO_B_S172_L001_R2_001.fastq.gz
MossX_222026/PL18934_pCDS_MELT_FlpO_C_S173_L001_R1_001.fastq.gz
MossX_222026/PL18934_pCDS_MELT_FlpO_C_S173_L001_R2_001.fastq.gz
NDD_CRISPR_222026/
NDD_CRISPR_222026/PL18788_EHMT1_01_S27_L001_R1_001.fastq.gz
NDD_CRISPR_222026/PL18788_EHMT1_01_S27_L001_R2_001.fastq.gz
NDD_CRISPR_222026/PL18789_EHMT1_02_S28_L001_R1_001.fastq.gz
NDD_CRISPR_222026/PL18789_EHMT1_02_S28_L001_R2_001.fastq.gz
NDD_CRISPR_222026/PL18790_EHMT1_03_S29_L001_R1_001.fastq.gz
NDD_CRISPR_222026/PL18790_EHMT1_03_S29_L001_R2_001.fastq.gz
NDD_CRISPR_222026/PL18791_EHMT1_04_S30_L001_R1_001.fastq.gz
NDD_CRISPR_222026/PL18791_EHMT1_04_S30_L001_R2_001.fastq.gz
NDD_CRISPR_222026/PL18792_EHMT1_05_S31_L001_R1_001.fastq.gz
NDD_CRISPR_222026/PL18792_EHMT1_05_S31_L001_R2_001.fastq.gz
NDD_CRISPR_222026/PL18793_EHMT1_06_S32_L001_R1_001.fastq.gz
NDD_CRISPR_222026/PL18793_EHMT1_06_S32_L001_R2_001.fastq.gz
NDD_CRISPR_222026/PL18794_EHMT1_07_S33_L001_R1_001.fastq.gz
NDD_CRISPR_222026/PL18794_EHMT1_07_S33_L001_R2_001.fastq.gz
NDD_CRISPR_222026/PL18795_EHMT1_08_S34_L001_R1_001.fastq.gz
NDD_CRISPR_222026/PL18795_EHMT1_08_S34_L001_R2_001.fastq.gz
NDD_CRISPR_222026/PL18796_EHMT1_09_S35_L001_R1_001.fastq.gz
NDD_CRISPR_222026/PL18796_EHMT1_09_S35_L001_R2_001.fastq.gz
NDD_CRISPR_222026/PL18797_EHMT1_10_S36_L001_R1_001.fastq.gz
NDD_CRISPR_222026/PL18797_EHMT1_10_S36_L001_R2_001.fastq.gz
NDD_CRISPR_222026/PL18798_EHMT1_11_S37_L001_R1_001.fastq.gz
NDD_CRISPR_222026/PL18798_EHMT1_11_S37_L001_R2_001.fastq.gz
NDD_CRISPR_222026/PL18799_EHMT1_12_S38_L001_R1_001.fastq.gz
NDD_CRISPR_222026/PL18799_EHMT1_12_S38_L001_R2_001.fastq.gz
NDD_CRISPR_222026/PL18800_EHMT1_13_S39_L001_R1_001.fastq.gz
NDD_CRISPR_222026/PL18800_EHMT1_13_S39_L001_R2_001.fastq.gz
NDD_CRISPR_222026/PL18801_EHMT1_14_S40_L001_R1_001.fastq.gz
NDD_CRISPR_222026/PL18801_EHMT1_14_S40_L001_R2_001.fastq.gz
NDD_CRISPR_222026/PL18802_EHMT1_15_S41_L001_R1_001.fastq.gz
NDD_CRISPR_222026/PL18802_EHMT1_15_S41_L001_R2_001.fastq.gz
NDD_CRISPR_222026/PL18803_EHMT1_16_S42_L001_R1_001.fastq.gz
NDD_CRISPR_222026/PL18803_EHMT1_16_S42_L001_R2_001.fastq.gz
NDD_CRISPR_222026/PL18804_EHMT1_17_S43_L001_R1_001.fastq.gz
NDD_CRISPR_222026/PL18804_EHMT1_17_S43_L001_R2_001.fastq.gz
NDD_CRISPR_222026/PL18805_EHMT1_18_S44_L001_R1_001.fastq.gz
NDD_CRISPR_222026/PL18805_EHMT1_18_S44_L001_R2_001.fastq.gz
NDD_CRISPR_222026/PL18806_EHMT1_19_S45_L001_R1_001.fastq.gz
NDD_CRISPR_222026/PL18806_EHMT1_19_S45_L001_R2_001.fastq.gz
NDD_CRISPR_222026/PL18807_EHMT1_20_S46_L001_R1_001.fastq.gz
NDD_CRISPR_222026/PL18807_EHMT1_20_S46_L001_R2_001.fastq.gz
NDD_CRISPR_222026/PL18808_EHMT1_21_S47_L001_R1_001.fastq.gz
NDD_CRISPR_222026/PL18808_EHMT1_21_S47_L001_R2_001.fastq.gz
NDD_CRISPR_222026/PL18809_EHMT1_22_S48_L001_R1_001.fastq.gz
NDD_CRISPR_222026/PL18809_EHMT1_22_S48_L001_R2_001.fastq.gz
NDD_CRISPR_222026/PL18810_EHMT1_23_S49_L001_R1_001.fastq.gz
NDD_CRISPR_222026/PL18810_EHMT1_23_S49_L001_R2_001.fastq.gz
NDD_CRISPR_222026/PL18811_EHMT1_24_S50_L001_R1_001.fastq.gz
NDD_CRISPR_222026/PL18811_EHMT1_24_S50_L001_R2_001.fastq.gz
NDD_CRISPR_222026/PL18812_EHMT1_25_S51_L001_R1_001.fastq.gz
NDD_CRISPR_222026/PL18812_EHMT1_25_S51_L001_R2_001.fastq.gz
NDD_CRISPR_222026/PL18813_EHMT1_26_S52_L001_R1_001.fastq.gz
NDD_CRISPR_222026/PL18813_EHMT1_26_S52_L001_R2_001.fastq.gz
NDD_CRISPR_222026/PL18814_EHMT1_27_S53_L001_R1_001.fastq.gz
NDD_CRISPR_222026/PL18814_EHMT1_27_S53_L001_R2_001.fastq.gz
NDD_CRISPR_222026/PL18815_EHMT1_28_S54_L001_R1_001.fastq.gz
NDD_CRISPR_222026/PL18815_EHMT1_28_S54_L001_R2_001.fastq.gz
NDD_CRISPR_222026/PL18816_EHMT1_29_S55_L001_R1_001.fastq.gz
NDD_CRISPR_222026/PL18816_EHMT1_29_S55_L001_R2_001.fastq.gz
NDD_CRISPR_222026/PL18817_EHMT1_30_S56_L001_R1_001.fastq.gz
NDD_CRISPR_222026/PL18817_EHMT1_30_S56_L001_R2_001.fastq.gz
NDD_CRISPR_222026/PL18818_EHMT1_31_S57_L001_R1_001.fastq.gz
NDD_CRISPR_222026/PL18818_EHMT1_31_S57_L001_R2_001.fastq.gz
NDD_CRISPR_222026/PL18819_EHMT1_32_S58_L001_R1_001.fastq.gz
NDD_CRISPR_222026/PL18819_EHMT1_32_S58_L001_R2_001.fastq.gz
NDD_CRISPR_222026/PL18820_EHMT1_33_S59_L001_R1_001.fastq.gz
NDD_CRISPR_222026/PL18820_EHMT1_33_S59_L001_R2_001.fastq.gz
NDD_CRISPR_222026/PL18821_EHMT1_34_S60_L001_R1_001.fastq.gz
NDD_CRISPR_222026/PL18821_EHMT1_34_S60_L001_R2_001.fastq.gz
NDD_CRISPR_222026/PL18822_EHMT1_35_S61_L001_R1_001.fastq.gz
NDD_CRISPR_222026/PL18822_EHMT1_35_S61_L001_R2_001.fastq.gz
NDD_CRISPR_222026/PL18823_EHMT1_36_S62_L001_R1_001.fastq.gz
NDD_CRISPR_222026/PL18823_EHMT1_36_S62_L001_R2_001.fastq.gz
NDD_CRISPR_222026/PL18824_EHMT1_37_S63_L001_R1_001.fastq.gz
NDD_CRISPR_222026/PL18824_EHMT1_37_S63_L001_R2_001.fastq.gz
NDD_CRISPR_222026/PL18825_EHMT1_38_S64_L001_R1_001.fastq.gz
NDD_CRISPR_222026/PL18825_EHMT1_38_S64_L001_R2_001.fastq.gz
NDD_CRISPR_222026/PL18826_EHMT1_39_S65_L001_R1_001.fastq.gz
NDD_CRISPR_222026/PL18826_EHMT1_39_S65_L001_R2_001.fastq.gz
NDD_CRISPR_222026/PL18827_EHMT1_40_S66_L001_R1_001.fastq.gz
NDD_CRISPR_222026/PL18827_EHMT1_40_S66_L001_R2_001.fastq.gz
NDD_CRISPR_222026/PL18828_EHMT1_41_S67_L001_R1_001.fastq.gz
NDD_CRISPR_222026/PL18828_EHMT1_41_S67_L001_R2_001.fastq.gz
NDD_CRISPR_222026/PL18829_EHMT1_42_S68_L001_R1_001.fastq.gz
NDD_CRISPR_222026/PL18829_EHMT1_42_S68_L001_R2_001.fastq.gz
NDD_CRISPR_222026/PL18830_EHMT1_43_S69_L001_R1_001.fastq.gz
NDD_CRISPR_222026/PL18830_EHMT1_43_S69_L001_R2_001.fastq.gz
NDD_CRISPR_222026/PL18831_HPRT_21_S70_L001_R1_001.fastq.gz
NDD_CRISPR_222026/PL18831_HPRT_21_S70_L001_R2_001.fastq.gz
NDD_CRISPR_222026/PL18832_EHMT1_6well_24_S71_L001_R1_001.fastq.gz
NDD_CRISPR_222026/PL18832_EHMT1_6well_24_S71_L001_R2_001.fastq.gz
NDD_CRISPR_222026/PL18833_SETD1B_01_S72_L001_R1_001.fastq.gz
NDD_CRISPR_222026/PL18833_SETD1B_01_S72_L001_R2_001.fastq.gz
NDD_CRISPR_222026/PL18834_SETD1B_39_S73_L001_R1_001.fastq.gz
NDD_CRISPR_222026/PL18834_SETD1B_39_S73_L001_R2_001.fastq.gz
Neuronal_Maturation_222026/
Neuronal_Maturation_222026/PL18762_pLD048_09_S1_L001_R1_001.fastq.gz
Neuronal_Maturation_222026/PL18762_pLD048_09_S1_L001_R2_001.fastq.gz
Neuronal_Maturation_222026/PL18763_pLD048_10_S2_L001_R1_001.fastq.gz
Neuronal_Maturation_222026/PL18763_pLD048_10_S2_L001_R2_001.fastq.gz
Neuronal_Maturation_222026/PL18764_pLD048_13_S3_L001_R1_001.fastq.gz
Neuronal_Maturation_222026/PL18764_pLD048_13_S3_L001_R2_001.fastq.gz
Neuronal_Maturation_222026/PL18765_pLD048_14_S4_L001_R1_001.fastq.gz
Neuronal_Maturation_222026/PL18765_pLD048_14_S4_L001_R2_001.fastq.gz
Neuronal_Maturation_222026/PL18766_pLD048_15_S5_L001_R1_001.fastq.gz
Neuronal_Maturation_222026/PL18766_pLD048_15_S5_L001_R2_001.fastq.gz
Neuronal_Maturation_222026/PL18767_pLD048_16_S6_L001_R1_001.fastq.gz
Neuronal_Maturation_222026/PL18767_pLD048_16_S6_L001_R2_001.fastq.gz
Neuronal_Maturation_222026/PL18768_pLD048_17_S7_L001_R1_001.fastq.gz
Neuronal_Maturation_222026/PL18768_pLD048_17_S7_L001_R2_001.fastq.gz
Neuronal_Maturation_222026/PL18769_pLD048_18_S8_L001_R1_001.fastq.gz
Neuronal_Maturation_222026/PL18769_pLD048_18_S8_L001_R2_001.fastq.gz
Neuronal_Maturation_222026/PL18770_pLD048_19_S9_L001_R1_001.fastq.gz
Neuronal_Maturation_222026/PL18770_pLD048_19_S9_L001_R2_001.fastq.gz
Neuronal_Maturation_222026/PL18771_pLD048_20_S10_L001_R1_001.fastq.gz
Neuronal_Maturation_222026/PL18771_pLD048_20_S10_L001_R2_001.fastq.gz
Neuronal_Maturation_222026/PL18772_pLD048_21_S11_L001_R1_001.fastq.gz
Neuronal_Maturation_222026/PL18772_pLD048_21_S11_L001_R2_001.fastq.gz
Neuronal_Maturation_222026/PL18773_pLD048_22_S12_L001_R1_001.fastq.gz
Neuronal_Maturation_222026/PL18773_pLD048_22_S12_L001_R2_001.fastq.gz
Neuronal_Maturation_222026/PL18774_pLD048_23_S13_L001_R1_001.fastq.gz
Neuronal_Maturation_222026/PL18774_pLD048_23_S13_L001_R2_001.fastq.gz
Neuronal_Maturation_222026/PL18775_pLD048_24_S14_L001_R1_001.fastq.gz
Neuronal_Maturation_222026/PL18775_pLD048_24_S14_L001_R2_001.fastq.gz
Neuronal_Maturation_222026/PL18776_pLD058_01_S15_L001_R1_001.fastq.gz
Neuronal_Maturation_222026/PL18776_pLD058_01_S15_L001_R2_001.fastq.gz
Neuronal_Maturation_222026/PL18777_pLD058_02_S16_L001_R1_001.fastq.gz
Neuronal_Maturation_222026/PL18777_pLD058_02_S16_L001_R2_001.fastq.gz
Neuronal_Maturation_222026/PL18778_pLD058_03_S17_L001_R1_001.fastq.gz
Neuronal_Maturation_222026/PL18778_pLD058_03_S17_L001_R2_001.fastq.gz
Neuronal_Maturation_222026/PL18779_pLD058_04_S18_L001_R1_001.fastq.gz
Neuronal_Maturation_222026/PL18779_pLD058_04_S18_L001_R2_001.fastq.gz
Neuronal_Maturation_222026/PL18780_pLD058_05_S19_L001_R1_001.fastq.gz
Neuronal_Maturation_222026/PL18780_pLD058_05_S19_L001_R2_001.fastq.gz
Neuronal_Maturation_222026/PL18781_pLD058_06_S20_L001_R1_001.fastq.gz
Neuronal_Maturation_222026/PL18781_pLD058_06_S20_L001_R2_001.fastq.gz
Neuronal_Maturation_222026/PL18782_pLD058_07_S21_L001_R1_001.fastq.gz
Neuronal_Maturation_222026/PL18782_pLD058_07_S21_L001_R2_001.fastq.gz
Neuronal_Maturation_222026/PL18783_pLD058_08_S22_L001_R1_001.fastq.gz
Neuronal_Maturation_222026/PL18783_pLD058_08_S22_L001_R2_001.fastq.gz
Neuronal_Maturation_222026/PL18784_pLD058_09_S23_L001_R1_001.fastq.gz
Neuronal_Maturation_222026/PL18784_pLD058_09_S23_L001_R2_001.fastq.gz
Neuronal_Maturation_222026/PL18785_pLD058_10_S24_L001_R1_001.fastq.gz
Neuronal_Maturation_222026/PL18785_pLD058_10_S24_L001_R2_001.fastq.gz
Neuronal_Maturation_222026/PL18786_pLD058_11_S25_L001_R1_001.fastq.gz
Neuronal_Maturation_222026/PL18786_pLD058_11_S25_L001_R2_001.fastq.gz
Neuronal_Maturation_222026/PL18787_pLD058_12_S26_L001_R1_001.fastq.gz
Neuronal_Maturation_222026/PL18787_pLD058_12_S26_L001_R2_001.fastq.gz
_222026/
_222026/PL18856_S95_L001_R1_001.fastq.gz
_222026/PL18856_S95_L001_R2_001.fastq.gz
plasmid-seq-ctrl_222026/
plasmid-seq-ctrl_222026/PL18857_plasmid-seq-ctrl_S96_L001_R1_001.fastq.gz
plasmid-seq-ctrl_222026/PL18857_plasmid-seq-ctrl_S96_L001_R2_001.fastq.gz
plasmid-seq-ctrl_222026/PL18953_plasmid_seq_ctrl_S192_L001_R1_001.fastq.gz
plasmid-seq-ctrl_222026/PL18953_plasmid_seq_ctrl_S192_L001_R2_001.fastq.gz

sent 1,309,657,556 bytes  received 7,654 bytes  104,773,216.80 bytes/sec
total size is 1,309,301,834  speedup is 1.00
[prep] staged fastqs: 400
[2026-02-02 17:19:35] [INFO] PL=PL18762 : Copying ref='Fasta_Reference_Files/Neuronal_Maturation/pLD048_LVX_U6_BC_pMAP2_RORA_WPRE_pEFS_TagBFP2.fa' -> dest='/mmfs1/data/scratch/peb002/cpflueger/plasmidSeq_2026-02-02/220786/Neuronal_Maturation_222026/PL18762_pLD048_09/'
[2026-02-02 17:19:35] [INFO] PL=PL18763 : Copying ref='Fasta_Reference_Files/Neuronal_Maturation/pLD048_LVX_U6_BC_pMAP2_RORA_WPRE_pEFS_TagBFP2.fa' -> dest='/mmfs1/data/scratch/peb002/cpflueger/plasmidSeq_2026-02-02/220786/Neuronal_Maturation_222026/PL18763_pLD048_10/'
[2026-02-02 17:19:35] [INFO] PL=PL18764 : Copying ref='Fasta_Reference_Files/Neuronal_Maturation/pLD048_LVX_U6_BC_pMAP2_RORA_WPRE_pEFS_TagBFP2.fa' -> dest='/mmfs1/data/scratch/peb002/cpflueger/plasmidSeq_2026-02-02/220786/Neuronal_Maturation_222026/PL18764_pLD048_13/'
[2026-02-02 17:19:35] [INFO] PL=PL18765 : Copying ref='Fasta_Reference_Files/Neuronal_Maturation/pLD048_LVX_U6_BC_pMAP2_RORA_WPRE_pEFS_TagBFP2.fa' -> dest='/mmfs1/data/scratch/peb002/cpflueger/plasmidSeq_2026-02-02/220786/Neuronal_Maturation_222026/PL18765_pLD048_14/'
[2026-02-02 17:19:35] [INFO] PL=PL18766 : Copying ref='Fasta_Reference_Files/Neuronal_Maturation/pLD048_LVX_U6_BC_pMAP2_RORA_WPRE_pEFS_TagBFP2.fa' -> dest='/mmfs1/data/scratch/peb002/cpflueger/plasmidSeq_2026-02-02/220786/Neuronal_Maturation_222026/PL18766_pLD048_15/'
[2026-02-02 17:19:35] [INFO] PL=PL18767 : Copying ref='Fasta_Reference_Files/Neuronal_Maturation/pLD048_LVX_U6_BC_pMAP2_RORA_WPRE_pEFS_TagBFP2.fa' -> dest='/mmfs1/data/scratch/peb002/cpflueger/plasmidSeq_2026-02-02/220786/Neuronal_Maturation_222026/PL18767_pLD048_16/'
[2026-02-02 17:19:35] [INFO] PL=PL18768 : Copying ref='Fasta_Reference_Files/Neuronal_Maturation/pLD048_LVX_U6_BC_pMAP2_RORA_WPRE_pEFS_TagBFP2.fa' -> dest='/mmfs1/data/scratch/peb002/cpflueger/plasmidSeq_2026-02-02/220786/Neuronal_Maturation_222026/PL18768_pLD048_17/'
[2026-02-02 17:19:35] [INFO] PL=PL18769 : Copying ref='Fasta_Reference_Files/Neuronal_Maturation/pLD048_LVX_U6_BC_pMAP2_RORA_WPRE_pEFS_TagBFP2.fa' -> dest='/mmfs1/data/scratch/peb002/cpflueger/plasmidSeq_2026-02-02/220786/Neuronal_Maturation_222026/PL18769_pLD048_18/'
[2026-02-02 17:19:35] [INFO] PL=PL18770 : Copying ref='Fasta_Reference_Files/Neuronal_Maturation/pLD048_LVX_U6_BC_pMAP2_RORA_WPRE_pEFS_TagBFP2.fa' -> dest='/mmfs1/data/scratch/peb002/cpflueger/plasmidSeq_2026-02-02/220786/Neuronal_Maturation_222026/PL18770_pLD048_19/'
[2026-02-02 17:19:35] [INFO] PL=PL18771 : Copying ref='Fasta_Reference_Files/Neuronal_Maturation/pLD048_LVX_U6_BC_pMAP2_RORA_WPRE_pEFS_TagBFP2.fa' -> dest='/mmfs1/data/scratch/peb002/cpflueger/plasmidSeq_2026-02-02/220786/Neuronal_Maturation_222026/PL18771_pLD048_20/'
[2026-02-02 17:19:35] [INFO] PL=PL18772 : Copying ref='Fasta_Reference_Files/Neuronal_Maturation/pLD048_LVX_U6_BC_pMAP2_RORA_WPRE_pEFS_TagBFP2.fa' -> dest='/mmfs1/data/scratch/peb002/cpflueger/plasmidSeq_2026-02-02/220786/Neuronal_Maturation_222026/PL18772_pLD048_21/'
[2026-02-02 17:19:35] [INFO] PL=PL18773 : Copying ref='Fasta_Reference_Files/Neuronal_Maturation/pLD048_LVX_U6_BC_pMAP2_RORA_WPRE_pEFS_TagBFP2.fa' -> dest='/mmfs1/data/scratch/peb002/cpflueger/plasmidSeq_2026-02-02/220786/Neuronal_Maturation_222026/PL18773_pLD048_22/'
[2026-02-02 17:19:35] [INFO] PL=PL18774 : Copying ref='Fasta_Reference_Files/Neuronal_Maturation/pLD048_LVX_U6_BC_pMAP2_RORA_WPRE_pEFS_TagBFP2.fa' -> dest='/mmfs1/data/scratch/peb002/cpflueger/plasmidSeq_2026-02-02/220786/Neuronal_Maturation_222026/PL18774_pLD048_23/'
[2026-02-02 17:19:35] [INFO] PL=PL18775 : Copying ref='Fasta_Reference_Files/Neuronal_Maturation/pLD048_LVX_U6_BC_pMAP2_RORA_WPRE_pEFS_TagBFP2.fa' -> dest='/mmfs1/data/scratch/peb002/cpflueger/plasmidSeq_2026-02-02/220786/Neuronal_Maturation_222026/PL18775_pLD048_24/'
[2026-02-02 17:19:35] [INFO] PL=PL18776 : Copying ref='Fasta_Reference_Files/Neuronal_Maturation/pLD058_LVX_U6_BC_BORG_pMAP2_RORA_WPRE_pEFS_TagBFP2.fa' -> dest='/mmfs1/data/scratch/peb002/cpflueger/plasmidSeq_2026-02-02/220786/Neuronal_Maturation_222026/PL18776_pLD058_01/'
[2026-02-02 17:19:35] [INFO] PL=PL18777 : Copying ref='Fasta_Reference_Files/Neuronal_Maturation/pLD058_LVX_U6_BC_BORG_pMAP2_RORA_WPRE_pEFS_TagBFP2.fa' -> dest='/mmfs1/data/scratch/peb002/cpflueger/plasmidSeq_2026-02-02/220786/Neuronal_Maturation_222026/PL18777_pLD058_02/'
[2026-02-02 17:19:35] [INFO] PL=PL18778 : Copying ref='Fasta_Reference_Files/Neuronal_Maturation/pLD058_LVX_U6_BC_BORG_pMAP2_RORA_WPRE_pEFS_TagBFP2.fa' -> dest='/mmfs1/data/scratch/peb002/cpflueger/plasmidSeq_2026-02-02/220786/Neuronal_Maturation_222026/PL18778_pLD058_03/'
[2026-02-02 17:19:35] [INFO] PL=PL18779 : Copying ref='Fasta_Reference_Files/Neuronal_Maturation/pLD058_LVX_U6_BC_BORG_pMAP2_RORA_WPRE_pEFS_TagBFP2.fa' -> dest='/mmfs1/data/scratch/peb002/cpflueger/plasmidSeq_2026-02-02/220786/Neuronal_Maturation_222026/PL18779_pLD058_04/'
[2026-02-02 17:19:35] [INFO] PL=PL18780 : Copying ref='Fasta_Reference_Files/Neuronal_Maturation/pLD058_LVX_U6_BC_BORG_pMAP2_RORA_WPRE_pEFS_TagBFP2.fa' -> dest='/mmfs1/data/scratch/peb002/cpflueger/plasmidSeq_2026-02-02/220786/Neuronal_Maturation_222026/PL18780_pLD058_05/'
[2026-02-02 17:19:35] [INFO] PL=PL18781 : Copying ref='Fasta_Reference_Files/Neuronal_Maturation/pLD058_LVX_U6_BC_BORG_pMAP2_RORA_WPRE_pEFS_TagBFP2.fa' -> dest='/mmfs1/data/scratch/peb002/cpflueger/plasmidSeq_2026-02-02/220786/Neuronal_Maturation_222026/PL18781_pLD058_06/'
[2026-02-02 17:19:35] [INFO] PL=PL18782 : Copying ref='Fasta_Reference_Files/Neuronal_Maturation/pLD058_LVX_U6_BC_BORG_pMAP2_RORA_WPRE_pEFS_TagBFP2.fa' -> dest='/mmfs1/data/scratch/peb002/cpflueger/plasmidSeq_2026-02-02/220786/Neuronal_Maturation_222026/PL18782_pLD058_07/'
[2026-02-02 17:19:35] [INFO] PL=PL18783 : Copying ref='Fasta_Reference_Files/Neuronal_Maturation/pLD058_LVX_U6_BC_BORG_pMAP2_RORA_WPRE_pEFS_TagBFP2.fa' -> dest='/mmfs1/data/scratch/peb002/cpflueger/plasmidSeq_2026-02-02/220786/Neuronal_Maturation_222026/PL18783_pLD058_08/'
[2026-02-02 17:19:36] [INFO] PL=PL18784 : Copying ref='Fasta_Reference_Files/Neuronal_Maturation/pLD058_LVX_U6_BC_BORG_pMAP2_RORA_WPRE_pEFS_TagBFP2.fa' -> dest='/mmfs1/data/scratch/peb002/cpflueger/plasmidSeq_2026-02-02/220786/Neuronal_Maturation_222026/PL18784_pLD058_09/'
[2026-02-02 17:19:36] [INFO] PL=PL18785 : Copying ref='Fasta_Reference_Files/Neuronal_Maturation/pLD058_LVX_U6_BC_BORG_pMAP2_RORA_WPRE_pEFS_TagBFP2.fa' -> dest='/mmfs1/data/scratch/peb002/cpflueger/plasmidSeq_2026-02-02/220786/Neuronal_Maturation_222026/PL18785_pLD058_10/'
[2026-02-02 17:19:36] [INFO] PL=PL18786 : Copying ref='Fasta_Reference_Files/Neuronal_Maturation/pLD058_LVX_U6_BC_BORG_pMAP2_RORA_WPRE_pEFS_TagBFP2.fa' -> dest='/mmfs1/data/scratch/peb002/cpflueger/plasmidSeq_2026-02-02/220786/Neuronal_Maturation_222026/PL18786_pLD058_11/'
[2026-02-02 17:19:36] [INFO] PL=PL18787 : Copying ref='Fasta_Reference_Files/Neuronal_Maturation/pLD058_LVX_U6_BC_BORG_pMAP2_RORA_WPRE_pEFS_TagBFP2.fa' -> dest='/mmfs1/data/scratch/peb002/cpflueger/plasmidSeq_2026-02-02/220786/Neuronal_Maturation_222026/PL18787_pLD058_12/'
[2026-02-02 17:19:36] [INFO] PL=PL18788 : Copying ref='Fasta_Reference_Files/NDD_CRISPR/EHMT1.fa' -> dest='/mmfs1/data/scratch/peb002/cpflueger/plasmidSeq_2026-02-02/220786/NDD_CRISPR_222026/PL18788_EHMT1_01/'
[2026-02-02 17:19:36] [INFO] PL=PL18789 : Copying ref='Fasta_Reference_Files/NDD_CRISPR/EHMT1.fa' -> dest='/mmfs1/data/scratch/peb002/cpflueger/plasmidSeq_2026-02-02/220786/NDD_CRISPR_222026/PL18789_EHMT1_02/'
[2026-02-02 17:19:36] [INFO] PL=PL18790 : Copying ref='Fasta_Reference_Files/NDD_CRISPR/EHMT1.fa' -> dest='/mmfs1/data/scratch/peb002/cpflueger/plasmidSeq_2026-02-02/220786/NDD_CRISPR_222026/PL18790_EHMT1_03/'
[2026-02-02 17:19:36] [INFO] PL=PL18791 : Copying ref='Fasta_Reference_Files/NDD_CRISPR/EHMT1.fa' -> dest='/mmfs1/data/scratch/peb002/cpflueger/plasmidSeq_2026-02-02/220786/NDD_CRISPR_222026/PL18791_EHMT1_04/'
[2026-02-02 17:19:36] [INFO] PL=PL18792 : Copying ref='Fasta_Reference_Files/NDD_CRISPR/EHMT1.fa' -> dest='/mmfs1/data/scratch/peb002/cpflueger/plasmidSeq_2026-02-02/220786/NDD_CRISPR_222026/PL18792_EHMT1_05/'
[2026-02-02 17:19:36] [INFO] PL=PL18793 : Copying ref='Fasta_Reference_Files/NDD_CRISPR/EHMT1.fa' -> dest='/mmfs1/data/scratch/peb002/cpflueger/plasmidSeq_2026-02-02/220786/NDD_CRISPR_222026/PL18793_EHMT1_06/'
[2026-02-02 17:19:36] [INFO] PL=PL18794 : Copying ref='Fasta_Reference_Files/NDD_CRISPR/EHMT1.fa' -> dest='/mmfs1/data/scratch/peb002/cpflueger/plasmidSeq_2026-02-02/220786/NDD_CRISPR_222026/PL18794_EHMT1_07/'
[2026-02-02 17:19:36] [INFO] PL=PL18795 : Copying ref='Fasta_Reference_Files/NDD_CRISPR/EHMT1.fa' -> dest='/mmfs1/data/scratch/peb002/cpflueger/plasmidSeq_2026-02-02/220786/NDD_CRISPR_222026/PL18795_EHMT1_08/'
[2026-02-02 17:19:36] [INFO] PL=PL18796 : Copying ref='Fasta_Reference_Files/NDD_CRISPR/EHMT1.fa' -> dest='/mmfs1/data/scratch/peb002/cpflueger/plasmidSeq_2026-02-02/220786/NDD_CRISPR_222026/PL18796_EHMT1_09/'
[2026-02-02 17:19:36] [INFO] PL=PL18797 : Copying ref='Fasta_Reference_Files/NDD_CRISPR/EHMT1.fa' -> dest='/mmfs1/data/scratch/peb002/cpflueger/plasmidSeq_2026-02-02/220786/NDD_CRISPR_222026/PL18797_EHMT1_10/'
[2026-02-02 17:19:36] [INFO] PL=PL18798 : Copying ref='Fasta_Reference_Files/NDD_CRISPR/EHMT1.fa' -> dest='/mmfs1/data/scratch/peb002/cpflueger/plasmidSeq_2026-02-02/220786/NDD_CRISPR_222026/PL18798_EHMT1_11/'
[2026-02-02 17:19:36] [INFO] PL=PL18799 : Copying ref='Fasta_Reference_Files/NDD_CRISPR/EHMT1.fa' -> dest='/mmfs1/data/scratch/peb002/cpflueger/plasmidSeq_2026-02-02/220786/NDD_CRISPR_222026/PL18799_EHMT1_12/'
[2026-02-02 17:19:36] [INFO] PL=PL18800 : Copying ref='Fasta_Reference_Files/NDD_CRISPR/EHMT1.fa' -> dest='/mmfs1/data/scratch/peb002/cpflueger/plasmidSeq_2026-02-02/220786/NDD_CRISPR_222026/PL18800_EHMT1_13/'
[2026-02-02 17:19:36] [INFO] PL=PL18801 : Copying ref='Fasta_Reference_Files/NDD_CRISPR/EHMT1.fa' -> dest='/mmfs1/data/scratch/peb002/cpflueger/plasmidSeq_2026-02-02/220786/NDD_CRISPR_222026/PL18801_EHMT1_14/'
[2026-02-02 17:19:36] [INFO] PL=PL18802 : Copying ref='Fasta_Reference_Files/NDD_CRISPR/EHMT1.fa' -> dest='/mmfs1/data/scratch/peb002/cpflueger/plasmidSeq_2026-02-02/220786/NDD_CRISPR_222026/PL18802_EHMT1_15/'
[2026-02-02 17:19:36] [INFO] PL=PL18803 : Copying ref='Fasta_Reference_Files/NDD_CRISPR/EHMT1.fa' -> dest='/mmfs1/data/scratch/peb002/cpflueger/plasmidSeq_2026-02-02/220786/NDD_CRISPR_222026/PL18803_EHMT1_16/'
[2026-02-02 17:19:36] [INFO] PL=PL18804 : Copying ref='Fasta_Reference_Files/NDD_CRISPR/EHMT1.fa' -> dest='/mmfs1/data/scratch/peb002/cpflueger/plasmidSeq_2026-02-02/220786/NDD_CRISPR_222026/PL18804_EHMT1_17/'
[2026-02-02 17:19:36] [INFO] PL=PL18805 : Copying ref='Fasta_Reference_Files/NDD_CRISPR/EHMT1.fa' -> dest='/mmfs1/data/scratch/peb002/cpflueger/plasmidSeq_2026-02-02/220786/NDD_CRISPR_222026/PL18805_EHMT1_18/'
[2026-02-02 17:19:36] [INFO] PL=PL18806 : Copying ref='Fasta_Reference_Files/NDD_CRISPR/EHMT1.fa' -> dest='/mmfs1/data/scratch/peb002/cpflueger/plasmidSeq_2026-02-02/220786/NDD_CRISPR_222026/PL18806_EHMT1_19/'
[2026-02-02 17:19:36] [INFO] PL=PL18807 : Copying ref='Fasta_Reference_Files/NDD_CRISPR/EHMT1.fa' -> dest='/mmfs1/data/scratch/peb002/cpflueger/plasmidSeq_2026-02-02/220786/NDD_CRISPR_222026/PL18807_EHMT1_20/'
[2026-02-02 17:19:36] [INFO] PL=PL18808 : Copying ref='Fasta_Reference_Files/NDD_CRISPR/EHMT1.fa' -> dest='/mmfs1/data/scratch/peb002/cpflueger/plasmidSeq_2026-02-02/220786/NDD_CRISPR_222026/PL18808_EHMT1_21/'
[2026-02-02 17:19:36] [INFO] PL=PL18809 : Copying ref='Fasta_Reference_Files/NDD_CRISPR/EHMT1.fa' -> dest='/mmfs1/data/scratch/peb002/cpflueger/plasmidSeq_2026-02-02/220786/NDD_CRISPR_222026/PL18809_EHMT1_22/'
[2026-02-02 17:19:36] [INFO] PL=PL18810 : Copying ref='Fasta_Reference_Files/NDD_CRISPR/EHMT1.fa' -> dest='/mmfs1/data/scratch/peb002/cpflueger/plasmidSeq_2026-02-02/220786/NDD_CRISPR_222026/PL18810_EHMT1_23/'
[2026-02-02 17:19:36] [INFO] PL=PL18811 : Copying ref='Fasta_Reference_Files/NDD_CRISPR/EHMT1.fa' -> dest='/mmfs1/data/scratch/peb002/cpflueger/plasmidSeq_2026-02-02/220786/NDD_CRISPR_222026/PL18811_EHMT1_24/'
[2026-02-02 17:19:36] [INFO] PL=PL18812 : Copying ref='Fasta_Reference_Files/NDD_CRISPR/EHMT1.fa' -> dest='/mmfs1/data/scratch/peb002/cpflueger/plasmidSeq_2026-02-02/220786/NDD_CRISPR_222026/PL18812_EHMT1_25/'
[2026-02-02 17:19:36] [INFO] PL=PL18813 : Copying ref='Fasta_Reference_Files/NDD_CRISPR/EHMT1.fa' -> dest='/mmfs1/data/scratch/peb002/cpflueger/plasmidSeq_2026-02-02/220786/NDD_CRISPR_222026/PL18813_EHMT1_26/'
[2026-02-02 17:19:36] [INFO] PL=PL18814 : Copying ref='Fasta_Reference_Files/NDD_CRISPR/EHMT1.fa' -> dest='/mmfs1/data/scratch/peb002/cpflueger/plasmidSeq_2026-02-02/220786/NDD_CRISPR_222026/PL18814_EHMT1_27/'
[2026-02-02 17:19:36] [INFO] PL=PL18815 : Copying ref='Fasta_Reference_Files/NDD_CRISPR/EHMT1.fa' -> dest='/mmfs1/data/scratch/peb002/cpflueger/plasmidSeq_2026-02-02/220786/NDD_CRISPR_222026/PL18815_EHMT1_28/'
[2026-02-02 17:19:36] [INFO] PL=PL18816 : Copying ref='Fasta_Reference_Files/NDD_CRISPR/EHMT1.fa' -> dest='/mmfs1/data/scratch/peb002/cpflueger/plasmidSeq_2026-02-02/220786/NDD_CRISPR_222026/PL18816_EHMT1_29/'
[2026-02-02 17:19:36] [INFO] PL=PL18817 : Copying ref='Fasta_Reference_Files/NDD_CRISPR/EHMT1.fa' -> dest='/mmfs1/data/scratch/peb002/cpflueger/plasmidSeq_2026-02-02/220786/NDD_CRISPR_222026/PL18817_EHMT1_30/'
[2026-02-02 17:19:36] [INFO] PL=PL18818 : Copying ref='Fasta_Reference_Files/NDD_CRISPR/EHMT1.fa' -> dest='/mmfs1/data/scratch/peb002/cpflueger/plasmidSeq_2026-02-02/220786/NDD_CRISPR_222026/PL18818_EHMT1_31/'
[2026-02-02 17:19:36] [INFO] PL=PL18819 : Copying ref='Fasta_Reference_Files/NDD_CRISPR/EHMT1.fa' -> dest='/mmfs1/data/scratch/peb002/cpflueger/plasmidSeq_2026-02-02/220786/NDD_CRISPR_222026/PL18819_EHMT1_32/'
[2026-02-02 17:19:36] [INFO] PL=PL18820 : Copying ref='Fasta_Reference_Files/NDD_CRISPR/EHMT1.fa' -> dest='/mmfs1/data/scratch/peb002/cpflueger/plasmidSeq_2026-02-02/220786/NDD_CRISPR_222026/PL18820_EHMT1_33/'
[2026-02-02 17:19:36] [INFO] PL=PL18821 : Copying ref='Fasta_Reference_Files/NDD_CRISPR/EHMT1.fa' -> dest='/mmfs1/data/scratch/peb002/cpflueger/plasmidSeq_2026-02-02/220786/NDD_CRISPR_222026/PL18821_EHMT1_34/'
[2026-02-02 17:19:37] [INFO] PL=PL18822 : Copying ref='Fasta_Reference_Files/NDD_CRISPR/EHMT1.fa' -> dest='/mmfs1/data/scratch/peb002/cpflueger/plasmidSeq_2026-02-02/220786/NDD_CRISPR_222026/PL18822_EHMT1_35/'
[2026-02-02 17:19:37] [INFO] PL=PL18823 : Copying ref='Fasta_Reference_Files/NDD_CRISPR/EHMT1.fa' -> dest='/mmfs1/data/scratch/peb002/cpflueger/plasmidSeq_2026-02-02/220786/NDD_CRISPR_222026/PL18823_EHMT1_36/'
[2026-02-02 17:19:37] [INFO] PL=PL18824 : Copying ref='Fasta_Reference_Files/NDD_CRISPR/EHMT1.fa' -> dest='/mmfs1/data/scratch/peb002/cpflueger/plasmidSeq_2026-02-02/220786/NDD_CRISPR_222026/PL18824_EHMT1_37/'
[2026-02-02 17:19:37] [INFO] PL=PL18825 : Copying ref='Fasta_Reference_Files/NDD_CRISPR/EHMT1.fa' -> dest='/mmfs1/data/scratch/peb002/cpflueger/plasmidSeq_2026-02-02/220786/NDD_CRISPR_222026/PL18825_EHMT1_38/'
[2026-02-02 17:19:37] [INFO] PL=PL18826 : Copying ref='Fasta_Reference_Files/NDD_CRISPR/EHMT1.fa' -> dest='/mmfs1/data/scratch/peb002/cpflueger/plasmidSeq_2026-02-02/220786/NDD_CRISPR_222026/PL18826_EHMT1_39/'
[2026-02-02 17:19:37] [INFO] PL=PL18827 : Copying ref='Fasta_Reference_Files/NDD_CRISPR/EHMT1.fa' -> dest='/mmfs1/data/scratch/peb002/cpflueger/plasmidSeq_2026-02-02/220786/NDD_CRISPR_222026/PL18827_EHMT1_40/'
[2026-02-02 17:19:37] [INFO] PL=PL18828 : Copying ref='Fasta_Reference_Files/NDD_CRISPR/EHMT1.fa' -> dest='/mmfs1/data/scratch/peb002/cpflueger/plasmidSeq_2026-02-02/220786/NDD_CRISPR_222026/PL18828_EHMT1_41/'
[2026-02-02 17:19:37] [INFO] PL=PL18829 : Copying ref='Fasta_Reference_Files/NDD_CRISPR/EHMT1.fa' -> dest='/mmfs1/data/scratch/peb002/cpflueger/plasmidSeq_2026-02-02/220786/NDD_CRISPR_222026/PL18829_EHMT1_42/'
[2026-02-02 17:19:37] [INFO] PL=PL18830 : Copying ref='Fasta_Reference_Files/NDD_CRISPR/EHMT1.fa' -> dest='/mmfs1/data/scratch/peb002/cpflueger/plasmidSeq_2026-02-02/220786/NDD_CRISPR_222026/PL18830_EHMT1_43/'
[2026-02-02 17:19:37] [INFO] PL=PL18831 : Copying ref='Fasta_Reference_Files/NDD_CRISPR/HPRT1.fa' -> dest='/mmfs1/data/scratch/peb002/cpflueger/plasmidSeq_2026-02-02/220786/NDD_CRISPR_222026/PL18831_HPRT_21/'
[2026-02-02 17:19:37] [INFO] PL=PL18832 : Copying ref='Fasta_Reference_Files/NDD_CRISPR/EHMT1.fa' -> dest='/mmfs1/data/scratch/peb002/cpflueger/plasmidSeq_2026-02-02/220786/NDD_CRISPR_222026/PL18832_EHMT1_6well_24/'
[2026-02-02 17:19:37] [INFO] PL=PL18833 : Copying ref='Fasta_Reference_Files/NDD_CRISPR/SETD1B.fa' -> dest='/mmfs1/data/scratch/peb002/cpflueger/plasmidSeq_2026-02-02/220786/NDD_CRISPR_222026/PL18833_SETD1B_01/'
[2026-02-02 17:19:37] [INFO] PL=PL18834 : Copying ref='Fasta_Reference_Files/NDD_CRISPR/SETD1B.fa' -> dest='/mmfs1/data/scratch/peb002/cpflueger/plasmidSeq_2026-02-02/220786/NDD_CRISPR_222026/PL18834_SETD1B_39/'
[2026-02-02 17:19:37] [INFO] PL=PL18835 : Copying ref='Fasta_Reference_Files/Gene_Circuits/pMP_285.fa' -> dest='/mmfs1/data/scratch/peb002/cpflueger/plasmidSeq_2026-02-02/220786/Gene_Circuits_222026/PL18835_pMP_285_2/'
[2026-02-02 17:19:37] [INFO] PL=PL18836 : Copying ref='Fasta_Reference_Files/Gene_Circuits/pMP_286.fa' -> dest='/mmfs1/data/scratch/peb002/cpflueger/plasmidSeq_2026-02-02/220786/Gene_Circuits_222026/PL18836_pMP_286_1/'
[2026-02-02 17:19:37] [INFO] PL=PL18837 : Copying ref='Fasta_Reference_Files/Gene_Circuits/pMP_286.fa' -> dest='/mmfs1/data/scratch/peb002/cpflueger/plasmidSeq_2026-02-02/220786/Gene_Circuits_222026/PL18837_pMP_286_2/'
[2026-02-02 17:19:37] [INFO] PL=PL18838 : Copying ref='Fasta_Reference_Files/Gene_Circuits/pMP_287.fa' -> dest='/mmfs1/data/scratch/peb002/cpflueger/plasmidSeq_2026-02-02/220786/Gene_Circuits_222026/PL18838_pMP_287_1/'
[2026-02-02 17:19:37] [INFO] PL=PL18839 : Copying ref='Fasta_Reference_Files/Gene_Circuits/pMP_287.fa' -> dest='/mmfs1/data/scratch/peb002/cpflueger/plasmidSeq_2026-02-02/220786/Gene_Circuits_222026/PL18839_pMP_287_2/'
[2026-02-02 17:19:37] [INFO] PL=PL18840 : Copying ref='Fasta_Reference_Files/Gene_Circuits/pMP_288.fa' -> dest='/mmfs1/data/scratch/peb002/cpflueger/plasmidSeq_2026-02-02/220786/Gene_Circuits_222026/PL18840_pMP_288_1/'
[2026-02-02 17:19:37] [INFO] PL=PL18841 : Copying ref='Fasta_Reference_Files/Gene_Circuits/pMP_288.fa' -> dest='/mmfs1/data/scratch/peb002/cpflueger/plasmidSeq_2026-02-02/220786/Gene_Circuits_222026/PL18841_pMP_288_2/'
[2026-02-02 17:19:37] [INFO] PL=PL18842 : Copying ref='Fasta_Reference_Files/Gene_Circuits/pMP_289.fa' -> dest='/mmfs1/data/scratch/peb002/cpflueger/plasmidSeq_2026-02-02/220786/Gene_Circuits_222026/PL18842_pMP_289/'
[2026-02-02 17:19:37] [INFO] PL=PL18843 : Copying ref='Fasta_Reference_Files/Gene_Circuits/pMP_290.fa' -> dest='/mmfs1/data/scratch/peb002/cpflueger/plasmidSeq_2026-02-02/220786/Gene_Circuits_222026/PL18843_pMP_290/'
[2026-02-02 17:19:37] [INFO] PL=PL18844 : Copying ref='Fasta_Reference_Files/Gene_Circuits/pMP_273.fa' -> dest='/mmfs1/data/scratch/peb002/cpflueger/plasmidSeq_2026-02-02/220786/Gene_Circuits_222026/PL18844_pMP_273_1/'
[2026-02-02 17:19:37] [INFO] PL=PL18845 : Copying ref='Fasta_Reference_Files/Gene_Circuits/pMP_273.fa' -> dest='/mmfs1/data/scratch/peb002/cpflueger/plasmidSeq_2026-02-02/220786/Gene_Circuits_222026/PL18845_pMP_273_1/'
[2026-02-02 17:19:37] [INFO] PL=PL18846 : Copying ref='Fasta_Reference_Files/Gene_Circuits/pMP_273.fa' -> dest='/mmfs1/data/scratch/peb002/cpflueger/plasmidSeq_2026-02-02/220786/Gene_Circuits_222026/PL18846_pMP_273_3/'
[2026-02-02 17:19:37] [INFO] PL=PL18847 : Copying ref='Fasta_Reference_Files/Gene_Circuits/pAB_144.fa' -> dest='/mmfs1/data/scratch/peb002/cpflueger/plasmidSeq_2026-02-02/220786/BLADE_AB_222026/PL18847_pAB_144_1/'
[2026-02-02 17:19:37] [INFO] PL=PL18848 : Copying ref='Fasta_Reference_Files/Gene_Circuits/pAB_144.fa' -> dest='/mmfs1/data/scratch/peb002/cpflueger/plasmidSeq_2026-02-02/220786/BLADE_AB_222026/PL18848_pAB_144_2/'
[2026-02-02 17:19:37] [INFO] PL=PL18849 : Copying ref='Fasta_Reference_Files/Gene_Circuits/pCMK1288.fa' -> dest='/mmfs1/data/scratch/peb002/cpflueger/plasmidSeq_2026-02-02/220786/Gene_Circuits_222026/PL18849_pCMK1288_1/'
[2026-02-02 17:19:37] [INFO] PL=PL18850 : Copying ref='Fasta_Reference_Files/Gene_Circuits/pCMK1288.fa' -> dest='/mmfs1/data/scratch/peb002/cpflueger/plasmidSeq_2026-02-02/220786/Gene_Circuits_222026/PL18850_pCMK1288_2/'
[2026-02-02 17:19:37] [INFO] PL=PL18851 : Copying ref='Fasta_Reference_Files/Gene_Circuits/pCMK1288.fa' -> dest='/mmfs1/data/scratch/peb002/cpflueger/plasmidSeq_2026-02-02/220786/Gene_Circuits_222026/PL18851_pCMK1288_3/'
[2026-02-02 17:19:37] [INFO] PL=PL18852 : Copying ref='Fasta_Reference_Files/Gene_Circuits/pCMK1288.fa' -> dest='/mmfs1/data/scratch/peb002/cpflueger/plasmidSeq_2026-02-02/220786/Gene_Circuits_222026/PL18852_pCMK1288_1/'
[2026-02-02 17:19:37] [INFO] PL=PL18853 : Copying ref='Fasta_Reference_Files/Gene_Circuits/pCMK1288.fa' -> dest='/mmfs1/data/scratch/peb002/cpflueger/plasmidSeq_2026-02-02/220786/Gene_Circuits_222026/PL18853_pCMK1288_2/'
[2026-02-02 17:19:37] [INFO] PL=PL18854 : Copying ref='Fasta_Reference_Files/Gene_Circuits/pCMK1288.fa' -> dest='/mmfs1/data/scratch/peb002/cpflueger/plasmidSeq_2026-02-02/220786/Gene_Circuits_222026/PL18854_pCMK1288_3/'
[2026-02-02 17:19:37] [INFO] PL=PL18855 : Copying ref='Fasta_Reference_Files/Gene_Circuits/pCDS_CreF1_L14aa_CCP3.fa' -> dest='/mmfs1/data/scratch/peb002/cpflueger/plasmidSeq_2026-02-02/220786/BLADE_AB_222026/PL18855_pCDS_CreF1_L14aa_CCP3/'
[2026-02-02 17:19:37] [WARN] PL=PL18856 : No fasta provided; creating '/mmfs1/data/scratch/peb002/cpflueger/plasmidSeq_2026-02-02/220786/_222026/PL18856/na'
[2026-02-02 17:19:37] [INFO] PL=PL18857 : Copying ref='Fasta_Reference_Files/plasmidSeq_control/P107_pLVXG0_MAP2_Sun1_eGFP_Flag_sequenced.fa' -> dest='/mmfs1/data/scratch/peb002/cpflueger/plasmidSeq_2026-02-02/220786/plasmid-seq-ctrl_222026/PL18857_plasmid-seq-ctrl/'
[2026-02-02 17:19:37] [INFO] PL=PL18858 : Copying ref='Fasta_Reference_Files/BLADE_FL/pFL_176.fa' -> dest='/mmfs1/data/scratch/peb002/cpflueger/plasmidSeq_2026-02-02/220786/BLADE_FL_222026/PL18858_pFL_176_1/'
[2026-02-02 17:19:37] [INFO] PL=PL18859 : Copying ref='Fasta_Reference_Files/BLADE_FL/pFL_177.fa' -> dest='/mmfs1/data/scratch/peb002/cpflueger/plasmidSeq_2026-02-02/220786/BLADE_FL_222026/PL18859_pFL_177_1/'
[2026-02-02 17:19:38] [INFO] PL=PL18860 : Copying ref='Fasta_Reference_Files/BLADE_FL/pFL_177.fa' -> dest='/mmfs1/data/scratch/peb002/cpflueger/plasmidSeq_2026-02-02/220786/BLADE_FL_222026/PL18860_pFL_177_2/'
[2026-02-02 17:19:38] [INFO] PL=PL18861 : Copying ref='Fasta_Reference_Files/BLADE_FL/pFL_178.fa' -> dest='/mmfs1/data/scratch/peb002/cpflueger/plasmidSeq_2026-02-02/220786/BLADE_FL_222026/PL18861_pFL_178_1/'
[2026-02-02 17:19:38] [INFO] PL=PL18862 : Copying ref='Fasta_Reference_Files/BLADE_FL/pFL_178.fa' -> dest='/mmfs1/data/scratch/peb002/cpflueger/plasmidSeq_2026-02-02/220786/BLADE_FL_222026/PL18862_pFL_178_2/'
[2026-02-02 17:19:38] [INFO] PL=PL18863 : Copying ref='Fasta_Reference_Files/BLADE_FL/pFL_179.fa' -> dest='/mmfs1/data/scratch/peb002/cpflueger/plasmidSeq_2026-02-02/220786/BLADE_FL_222026/PL18863_pFL_179_1/'
[2026-02-02 17:19:38] [INFO] PL=PL18864 : Copying ref='Fasta_Reference_Files/BLADE_FL/pFL_179.fa' -> dest='/mmfs1/data/scratch/peb002/cpflueger/plasmidSeq_2026-02-02/220786/BLADE_FL_222026/PL18864_pFL_179_2/'
[2026-02-02 17:19:38] [INFO] PL=PL18865 : Copying ref='Fasta_Reference_Files/BLADE_FL/pFL_180.fa' -> dest='/mmfs1/data/scratch/peb002/cpflueger/plasmidSeq_2026-02-02/220786/BLADE_FL_222026/PL18865_pFL_180_1/'
[2026-02-02 17:19:38] [INFO] PL=PL18866 : Copying ref='Fasta_Reference_Files/BLADE_FL/pFL_180.fa' -> dest='/mmfs1/data/scratch/peb002/cpflueger/plasmidSeq_2026-02-02/220786/BLADE_FL_222026/PL18866_pFL_180_2/'
[2026-02-02 17:19:38] [INFO] PL=PL18867 : Copying ref='Fasta_Reference_Files/BLADE_FL/pFL_181.fa' -> dest='/mmfs1/data/scratch/peb002/cpflueger/plasmidSeq_2026-02-02/220786/BLADE_FL_222026/PL18867_pFL_181_1/'
[2026-02-02 17:19:38] [INFO] PL=PL18868 : Copying ref='Fasta_Reference_Files/BLADE_FL/pFL_181.fa' -> dest='/mmfs1/data/scratch/peb002/cpflueger/plasmidSeq_2026-02-02/220786/BLADE_FL_222026/PL18868_pFL_181_2/'
[2026-02-02 17:19:38] [INFO] PL=PL18869 : Copying ref='Fasta_Reference_Files/BLADE_FL/pFL_182.fa' -> dest='/mmfs1/data/scratch/peb002/cpflueger/plasmidSeq_2026-02-02/220786/BLADE_FL_222026/PL18869_pFL_182_1/'
[2026-02-02 17:19:38] [INFO] PL=PL18870 : Copying ref='Fasta_Reference_Files/BLADE_FL/pFL_182.fa' -> dest='/mmfs1/data/scratch/peb002/cpflueger/plasmidSeq_2026-02-02/220786/BLADE_FL_222026/PL18870_pFL_182_2/'
[2026-02-02 17:19:38] [INFO] PL=PL18871 : Copying ref='Fasta_Reference_Files/BLADE_FL/pFL_183.fa' -> dest='/mmfs1/data/scratch/peb002/cpflueger/plasmidSeq_2026-02-02/220786/BLADE_FL_222026/PL18871_pFL_183_2/'
[2026-02-02 17:19:38] [INFO] PL=PL18872 : Copying ref='Fasta_Reference_Files/BLADE_FL/pFL_184.fa' -> dest='/mmfs1/data/scratch/peb002/cpflueger/plasmidSeq_2026-02-02/220786/BLADE_FL_222026/PL18872_pFL_184_2/'
[2026-02-02 17:19:38] [INFO] PL=PL18873 : Copying ref='Fasta_Reference_Files/BLADE_FL/pFL_185.fa' -> dest='/mmfs1/data/scratch/peb002/cpflueger/plasmidSeq_2026-02-02/220786/BLADE_FL_222026/PL18873_pFL_185_1/'
[2026-02-02 17:19:38] [INFO] PL=PL18874 : Copying ref='Fasta_Reference_Files/BLADE_FL/pFL_185.fa' -> dest='/mmfs1/data/scratch/peb002/cpflueger/plasmidSeq_2026-02-02/220786/BLADE_FL_222026/PL18874_pFL_185_3/'
[2026-02-02 17:19:38] [INFO] PL=PL18875 : Copying ref='Fasta_Reference_Files/BLADE_FL/pFL_186.fa' -> dest='/mmfs1/data/scratch/peb002/cpflueger/plasmidSeq_2026-02-02/220786/BLADE_FL_222026/PL18875_pFL_186_1/'
[2026-02-02 17:19:38] [INFO] PL=PL18876 : Copying ref='Fasta_Reference_Files/BLADE_FL/pFL_186.fa' -> dest='/mmfs1/data/scratch/peb002/cpflueger/plasmidSeq_2026-02-02/220786/BLADE_FL_222026/PL18876_pFL_186_4/'
[2026-02-02 17:19:38] [INFO] PL=PL18877 : Copying ref='Fasta_Reference_Files/BLADE_FL/pFL_187.fa' -> dest='/mmfs1/data/scratch/peb002/cpflueger/plasmidSeq_2026-02-02/220786/BLADE_FL_222026/PL18877_pFL_187_3/'
[2026-02-02 17:19:38] [INFO] PL=PL18878 : Copying ref='Fasta_Reference_Files/BLADE_FL/pFL_187.fa' -> dest='/mmfs1/data/scratch/peb002/cpflueger/plasmidSeq_2026-02-02/220786/BLADE_FL_222026/PL18878_pFL_187_6/'
[2026-02-02 17:19:38] [INFO] PL=PL18879 : Copying ref='Fasta_Reference_Files/BLADE_FL/pFL_188.fa' -> dest='/mmfs1/data/scratch/peb002/cpflueger/plasmidSeq_2026-02-02/220786/BLADE_FL_222026/PL18879_pFL_188_v2_1/'
[2026-02-02 17:19:38] [INFO] PL=PL18880 : Copying ref='Fasta_Reference_Files/BLADE_FL/pFL_188.fa' -> dest='/mmfs1/data/scratch/peb002/cpflueger/plasmidSeq_2026-02-02/220786/BLADE_FL_222026/PL18880_pFL_188_v2_2/'
[2026-02-02 17:19:38] [INFO] PL=PL18881 : Copying ref='Fasta_Reference_Files/BLADE_FL/pFL_189.fa' -> dest='/mmfs1/data/scratch/peb002/cpflueger/plasmidSeq_2026-02-02/220786/BLADE_FL_222026/PL18881_pFL_189_v3_1/'
[2026-02-02 17:19:38] [INFO] PL=PL18882 : Copying ref='Fasta_Reference_Files/BLADE_FL/pFL_189.fa' -> dest='/mmfs1/data/scratch/peb002/cpflueger/plasmidSeq_2026-02-02/220786/BLADE_FL_222026/PL18882_pFL_189_v3_2/'
[2026-02-02 17:19:38] [INFO] PL=PL18883 : Copying ref='Fasta_Reference_Files/BLADE_FL/pAB_136.fa' -> dest='/mmfs1/data/scratch/peb002/cpflueger/plasmidSeq_2026-02-02/220786/BLADE_FL_222026/PL18883_pAB_136_v2_2/'
[2026-02-02 17:19:38] [INFO] PL=PL18884 : Copying ref='Fasta_Reference_Files/BLADE_FL/pFL_190.fa' -> dest='/mmfs1/data/scratch/peb002/cpflueger/plasmidSeq_2026-02-02/220786/BLADE_FL_222026/PL18884_pFL_190_1/'
[2026-02-02 17:19:38] [INFO] PL=PL18885 : Copying ref='Fasta_Reference_Files/BLADE_FL/pFL_190.fa' -> dest='/mmfs1/data/scratch/peb002/cpflueger/plasmidSeq_2026-02-02/220786/BLADE_FL_222026/PL18885_pFL_190_2/'
[2026-02-02 17:19:38] [INFO] PL=PL18886 : Copying ref='Fasta_Reference_Files/BLADE_FL/pFL_191V1.fa' -> dest='/mmfs1/data/scratch/peb002/cpflueger/plasmidSeq_2026-02-02/220786/BLADE_FL_222026/PL18886_pFL_191V1_1/'
[2026-02-02 17:19:38] [INFO] PL=PL18887 : Copying ref='Fasta_Reference_Files/BLADE_FL/pFL_191V1.fa' -> dest='/mmfs1/data/scratch/peb002/cpflueger/plasmidSeq_2026-02-02/220786/BLADE_FL_222026/PL18887_pFL_191V1_2/'
[2026-02-02 17:19:38] [INFO] PL=PL18888 : Copying ref='Fasta_Reference_Files/BLADE_FL/pFL_191V2.fa' -> dest='/mmfs1/data/scratch/peb002/cpflueger/plasmidSeq_2026-02-02/220786/BLADE_FL_222026/PL18888_pFL_191V2_1/'
[2026-02-02 17:19:38] [INFO] PL=PL18889 : Copying ref='Fasta_Reference_Files/BLADE_FL/pFL_191V2.fa' -> dest='/mmfs1/data/scratch/peb002/cpflueger/plasmidSeq_2026-02-02/220786/BLADE_FL_222026/PL18889_pFL_191V2_2/'
[2026-02-02 17:19:38] [INFO] PL=PL18890 : Copying ref='Fasta_Reference_Files/BLADE_FL/pFL_192.fa' -> dest='/mmfs1/data/scratch/peb002/cpflueger/plasmidSeq_2026-02-02/220786/BLADE_FL_222026/PL18890_pFL_192_2/'
[2026-02-02 17:19:38] [INFO] PL=PL18891 : Copying ref='Fasta_Reference_Files/BLADE_FL/pFL_193.fa' -> dest='/mmfs1/data/scratch/peb002/cpflueger/plasmidSeq_2026-02-02/220786/BLADE_FL_222026/PL18891_pFL_193_v2_1/'
[2026-02-02 17:19:38] [INFO] PL=PL18892 : Copying ref='Fasta_Reference_Files/BLADE_FL/pFL_193.fa' -> dest='/mmfs1/data/scratch/peb002/cpflueger/plasmidSeq_2026-02-02/220786/BLADE_FL_222026/PL18892_pFL_193_v2_2/'
[2026-02-02 17:19:38] [INFO] PL=PL18893 : Copying ref='Fasta_Reference_Files/BLADE_FL/p5U_AtUbq10_5Uin_lox72_postrec.fa' -> dest='/mmfs1/data/scratch/peb002/cpflueger/plasmidSeq_2026-02-02/220786/BLADE_FL_222026/PL18893_B2_v2_1/'
[2026-02-02 17:19:38] [INFO] PL=PL18894 : Copying ref='Fasta_Reference_Files/BLADE_FL/p5U_AtUbq10_5Uin_lox72_postrec.fa' -> dest='/mmfs1/data/scratch/peb002/cpflueger/plasmidSeq_2026-02-02/220786/BLADE_FL_222026/PL18894_B2_v2_2/'
[2026-02-02 17:19:38] [INFO] PL=PL18895 : Copying ref='Fasta_Reference_Files/BLADE_FL/pFL_194.fa' -> dest='/mmfs1/data/scratch/peb002/cpflueger/plasmidSeq_2026-02-02/220786/BLADE_FL_222026/PL18895_pFL_194_2/'
[2026-02-02 17:19:38] [INFO] PL=PL18896 : Copying ref='Fasta_Reference_Files/BLADE_FL/pICH49300.fa' -> dest='/mmfs1/data/scratch/peb002/cpflueger/plasmidSeq_2026-02-02/220786/BLADE_FL_222026/PL18896_pICH49300/'
[2026-02-02 17:19:38] [INFO] PL=PL18897 : Copying ref='Fasta_Reference_Files/BLADE_FL/pFL_7.fa' -> dest='/mmfs1/data/scratch/peb002/cpflueger/plasmidSeq_2026-02-02/220786/BLADE_FL_222026/PL18897_pFL_7_1/'
[2026-02-02 17:19:39] [INFO] PL=PL18898 : Copying ref='Fasta_Reference_Files/BLADE_FL/pFL_8.fa' -> dest='/mmfs1/data/scratch/peb002/cpflueger/plasmidSeq_2026-02-02/220786/BLADE_FL_222026/PL18898_pFL_8_1/'
[2026-02-02 17:19:39] [INFO] PL=PL18899 : Copying ref='Fasta_Reference_Files/BLADE_FL/pFL_10.fa' -> dest='/mmfs1/data/scratch/peb002/cpflueger/plasmidSeq_2026-02-02/220786/BLADE_FL_222026/PL18899_pFL_10_1/'
[2026-02-02 17:19:39] [INFO] PL=PL18900 : Copying ref='Fasta_Reference_Files/BLADE_FL/pFL_195.fa' -> dest='/mmfs1/data/scratch/peb002/cpflueger/plasmidSeq_2026-02-02/220786/BLADE_FL_222026/PL18900_pFL_195_v2_1/'
[2026-02-02 17:19:39] [INFO] PL=PL18901 : Copying ref='Fasta_Reference_Files/BLADE_FL/pFL_195.fa' -> dest='/mmfs1/data/scratch/peb002/cpflueger/plasmidSeq_2026-02-02/220786/BLADE_FL_222026/PL18901_pFL_195_v2_2/'
[2026-02-02 17:19:39] [INFO] PL=PL18902 : Copying ref='Fasta_Reference_Files/BLADE_FL/pFL_196.fa' -> dest='/mmfs1/data/scratch/peb002/cpflueger/plasmidSeq_2026-02-02/220786/BLADE_FL_222026/PL18902_pFL_196_v2_1/'
[2026-02-02 17:19:39] [INFO] PL=PL18903 : Copying ref='Fasta_Reference_Files/BLADE_FL/pFL_203.fa' -> dest='/mmfs1/data/scratch/peb002/cpflueger/plasmidSeq_2026-02-02/220786/BLADE_FL_222026/PL18903_pFL_203_1/'
[2026-02-02 17:19:39] [INFO] PL=PL18904 : Copying ref='Fasta_Reference_Files/BLADE_FL/pFL_205.fa' -> dest='/mmfs1/data/scratch/peb002/cpflueger/plasmidSeq_2026-02-02/220786/BLADE_FL_222026/PL18904_pFL_205_1/'
[2026-02-02 17:19:39] [INFO] PL=PL18905 : Copying ref='Fasta_Reference_Files/BLADE_FL/pFL_206.fa' -> dest='/mmfs1/data/scratch/peb002/cpflueger/plasmidSeq_2026-02-02/220786/BLADE_FL_222026/PL18905_pFL_206_1/'
[2026-02-02 17:19:39] [INFO] PL=PL18906 : Copying ref='Fasta_Reference_Files/BLADE_FL/pFL_207.fa' -> dest='/mmfs1/data/scratch/peb002/cpflueger/plasmidSeq_2026-02-02/220786/BLADE_FL_222026/PL18906_pFL_207_2/'
[2026-02-02 17:19:39] [INFO] PL=PL18907 : Copying ref='Fasta_Reference_Files/BLADE_FL/pFL_208.fa' -> dest='/mmfs1/data/scratch/peb002/cpflueger/plasmidSeq_2026-02-02/220786/BLADE_FL_222026/PL18907_pFL_208_1/'
[2026-02-02 17:19:39] [INFO] PL=PL18908 : Copying ref='Fasta_Reference_Files/BLADE_FL/pFL_209.fa' -> dest='/mmfs1/data/scratch/peb002/cpflueger/plasmidSeq_2026-02-02/220786/BLADE_FL_222026/PL18908_pFL_209_1/'
[2026-02-02 17:19:39] [INFO] PL=PL18909 : Copying ref='Fasta_Reference_Files/BLADE_FL/pFL_210.fa' -> dest='/mmfs1/data/scratch/peb002/cpflueger/plasmidSeq_2026-02-02/220786/BLADE_FL_222026/PL18909_pFL_210_1/'
[2026-02-02 17:19:39] [INFO] PL=PL18910 : Copying ref='Fasta_Reference_Files/BLADE_FL/pFL_211.fa' -> dest='/mmfs1/data/scratch/peb002/cpflueger/plasmidSeq_2026-02-02/220786/BLADE_FL_222026/PL18910_pFL_211_1/'
[2026-02-02 17:19:39] [INFO] PL=PL18911 : Copying ref='Fasta_Reference_Files/BLADE_FL/pFL_211.fa' -> dest='/mmfs1/data/scratch/peb002/cpflueger/plasmidSeq_2026-02-02/220786/BLADE_FL_222026/PL18911_pFL_211_2/'
[2026-02-02 17:19:39] [INFO] PL=PL18912 : Copying ref='Fasta_Reference_Files/BLADE_FL/pFL_212.fa' -> dest='/mmfs1/data/scratch/peb002/cpflueger/plasmidSeq_2026-02-02/220786/BLADE_FL_222026/PL18912_pFL_212_1/'
[2026-02-02 17:19:39] [INFO] PL=PL18913 : Copying ref='Fasta_Reference_Files/BLADE_FL/pFL_213.fa' -> dest='/mmfs1/data/scratch/peb002/cpflueger/plasmidSeq_2026-02-02/220786/BLADE_FL_222026/PL18913_pFL_213_1/'
[2026-02-02 17:19:39] [INFO] PL=PL18914 : Copying ref='Fasta_Reference_Files/BLADE_FL/PFL_214.fa' -> dest='/mmfs1/data/scratch/peb002/cpflueger/plasmidSeq_2026-02-02/220786/BLADE_FL_222026/PL18914_pFL_214_1/'
[2026-02-02 17:19:39] [INFO] PL=PL18915 : Copying ref='Fasta_Reference_Files/BLADE_FL/PFL_214.fa' -> dest='/mmfs1/data/scratch/peb002/cpflueger/plasmidSeq_2026-02-02/220786/BLADE_FL_222026/PL18915_pFL_214_2/'
[2026-02-02 17:19:39] [INFO] PL=PL18916 : Copying ref='Fasta_Reference_Files/BLADE_FL/pFL_248.fa' -> dest='/mmfs1/data/scratch/peb002/cpflueger/plasmidSeq_2026-02-02/220786/BLADE_FL_222026/PL18916_pFL_248_1/'
[2026-02-02 17:19:39] [INFO] PL=PL18917 : Copying ref='Fasta_Reference_Files/BLADE_FL/pFL_249.fa' -> dest='/mmfs1/data/scratch/peb002/cpflueger/plasmidSeq_2026-02-02/220786/BLADE_FL_222026/PL18917_pFL_249_1/'
[2026-02-02 17:19:39] [INFO] PL=PL18918 : Copying ref='Fasta_Reference_Files/BLADE_FL/pFL_249.fa' -> dest='/mmfs1/data/scratch/peb002/cpflueger/plasmidSeq_2026-02-02/220786/BLADE_FL_222026/PL18918_pFL_249_2/'
[2026-02-02 17:19:39] [INFO] PL=PL18919 : Copying ref='Fasta_Reference_Files/BLADE_FL/pFL_250.fa' -> dest='/mmfs1/data/scratch/peb002/cpflueger/plasmidSeq_2026-02-02/220786/BLADE_FL_222026/PL18919_pFL_250_1/'
[2026-02-02 17:19:39] [INFO] PL=PL18920 : Copying ref='Fasta_Reference_Files/BLADE_FL/pFL_250.fa' -> dest='/mmfs1/data/scratch/peb002/cpflueger/plasmidSeq_2026-02-02/220786/BLADE_FL_222026/PL18920_pFL_250_2/'
[2026-02-02 17:19:39] [INFO] PL=PL18921 : Copying ref='Fasta_Reference_Files/BLADE_FL/pFL_251.fa' -> dest='/mmfs1/data/scratch/peb002/cpflueger/plasmidSeq_2026-02-02/220786/BLADE_FL_222026/PL18921_pFL_251_2/'
[2026-02-02 17:19:39] [INFO] PL=PL18922 : Copying ref='Fasta_Reference_Files/BLADE_FL/pFL_256.fa' -> dest='/mmfs1/data/scratch/peb002/cpflueger/plasmidSeq_2026-02-02/220786/BLADE_FL_222026/PL18922_pFL_256_1/'
[2026-02-02 17:19:39] [INFO] PL=PL18923 : Copying ref='Fasta_Reference_Files/BLADE_FL/pFL_256.fa' -> dest='/mmfs1/data/scratch/peb002/cpflueger/plasmidSeq_2026-02-02/220786/BLADE_FL_222026/PL18923_pFL_256_2/'
[2026-02-02 17:19:39] [INFO] PL=PL18924 : Copying ref='Fasta_Reference_Files/BLADE_FL/pFL_257.fa' -> dest='/mmfs1/data/scratch/peb002/cpflueger/plasmidSeq_2026-02-02/220786/BLADE_FL_222026/PL18924_pFL_257_1/'
[2026-02-02 17:19:39] [INFO] PL=PL18925 : Copying ref='Fasta_Reference_Files/BLADE_FL/pFL_257.fa' -> dest='/mmfs1/data/scratch/peb002/cpflueger/plasmidSeq_2026-02-02/220786/BLADE_FL_222026/PL18925_pFL_257_2/'
[2026-02-02 17:19:39] [WARN] PL=PL18926 : Reference fasta not found for 'pCDS_FlpO_GR.fa' in 'Fasta_Reference_Files/'. Creating '/mmfs1/data/scratch/peb002/cpflueger/plasmidSeq_2026-02-02/220786/MossX_222026/PL18926_pCDS_FlpO_GR_A/na'
[2026-02-02 17:19:39] [WARN] PL=PL18927 : Reference fasta not found for 'pCDS_FlpO_GR.fa' in 'Fasta_Reference_Files/'. Creating '/mmfs1/data/scratch/peb002/cpflueger/plasmidSeq_2026-02-02/220786/MossX_222026/PL18927_pCDS_FlpO_GR_B/na'
[2026-02-02 17:19:39] [WARN] PL=PL18928 : Reference fasta not found for 'pCDS_FlpO_GR.fa' in 'Fasta_Reference_Files/'. Creating '/mmfs1/data/scratch/peb002/cpflueger/plasmidSeq_2026-02-02/220786/MossX_222026/PL18928_pCDS_FlpO_GR_C/na'
[2026-02-02 17:19:39] [WARN] PL=PL18929 : Reference fasta not found for 'pCDS_FlpO_ERT2.fa' in 'Fasta_Reference_Files/'. Creating '/mmfs1/data/scratch/peb002/cpflueger/plasmidSeq_2026-02-02/220786/MossX_222026/PL18929_pCDS_FlpO_ERT2_A/na'
[2026-02-02 17:19:39] [WARN] PL=PL18930 : Reference fasta not found for 'pCDS_FlpO_ERT2.fa' in 'Fasta_Reference_Files/'. Creating '/mmfs1/data/scratch/peb002/cpflueger/plasmidSeq_2026-02-02/220786/MossX_222026/PL18930_pCDS_FlpO_ERT2_B/na'
[2026-02-02 17:19:39] [WARN] PL=PL18931 : Reference fasta not found for 'pCDS_FlpO_ERT2.fa' in 'Fasta_Reference_Files/'. Creating '/mmfs1/data/scratch/peb002/cpflueger/plasmidSeq_2026-02-02/220786/MossX_222026/PL18931_pCDS_FlpO_ERT2_C/na'
[2026-02-02 17:19:39] [WARN] PL=PL18932 : Reference fasta not found for 'pCDS_MELT_FlpO.fa' in 'Fasta_Reference_Files/'. Creating '/mmfs1/data/scratch/peb002/cpflueger/plasmidSeq_2026-02-02/220786/MossX_222026/PL18932_pCDS_MELT_FlpO_A/na'
[2026-02-02 17:19:39] [WARN] PL=PL18933 : Reference fasta not found for 'pCDS_MELT_FlpO.fa' in 'Fasta_Reference_Files/'. Creating '/mmfs1/data/scratch/peb002/cpflueger/plasmidSeq_2026-02-02/220786/MossX_222026/PL18933_pCDS_MELT_FlpO_B/na'
[2026-02-02 17:19:39] [WARN] PL=PL18934 : Reference fasta not found for 'pCDS_MELT_FlpO.fa' in 'Fasta_Reference_Files/'. Creating '/mmfs1/data/scratch/peb002/cpflueger/plasmidSeq_2026-02-02/220786/MossX_222026/PL18934_pCDS_MELT_FlpO_C/na'
[2026-02-02 17:19:39] [INFO] PL=PL18935 : Copying ref='Fasta_Reference_Files/Gene_Circuits/pMP_276.fa' -> dest='/mmfs1/data/scratch/peb002/cpflueger/plasmidSeq_2026-02-02/220786/Gene_Circuits_222026/PL18935_pMP_276_6/'
[2026-02-02 17:19:39] [INFO] PL=PL18936 : Copying ref='Fasta_Reference_Files/Gene_Circuits/pMP_276.fa' -> dest='/mmfs1/data/scratch/peb002/cpflueger/plasmidSeq_2026-02-02/220786/Gene_Circuits_222026/PL18936_pMP_276_8/'
[2026-02-02 17:19:40] [INFO] PL=PL18937 : Copying ref='Fasta_Reference_Files/Gene_Circuits/pMP_277.fa' -> dest='/mmfs1/data/scratch/peb002/cpflueger/plasmidSeq_2026-02-02/220786/Gene_Circuits_222026/PL18937_pMP_277_3/'
[2026-02-02 17:19:40] [INFO] PL=PL18938 : Copying ref='Fasta_Reference_Files/Gene_Circuits/pMP_278.fa' -> dest='/mmfs1/data/scratch/peb002/cpflueger/plasmidSeq_2026-02-02/220786/Gene_Circuits_222026/PL18938_pMP_278_1/'
[2026-02-02 17:19:40] [INFO] PL=PL18939 : Copying ref='Fasta_Reference_Files/Gene_Circuits/pMP_278.fa' -> dest='/mmfs1/data/scratch/peb002/cpflueger/plasmidSeq_2026-02-02/220786/Gene_Circuits_222026/PL18939_pMP_278_2/'
[2026-02-02 17:19:40] [INFO] PL=PL18940 : Copying ref='Fasta_Reference_Files/Gene_Circuits/pMP_279.fa' -> dest='/mmfs1/data/scratch/peb002/cpflueger/plasmidSeq_2026-02-02/220786/Gene_Circuits_222026/PL18940_pMP_279_1/'
[2026-02-02 17:19:40] [INFO] PL=PL18941 : Copying ref='Fasta_Reference_Files/Gene_Circuits/pMP_279.fa' -> dest='/mmfs1/data/scratch/peb002/cpflueger/plasmidSeq_2026-02-02/220786/Gene_Circuits_222026/PL18941_pMP_279_2/'
[2026-02-02 17:19:40] [INFO] PL=PL18942 : Copying ref='Fasta_Reference_Files/Gene_Circuits/pMP_280.fa' -> dest='/mmfs1/data/scratch/peb002/cpflueger/plasmidSeq_2026-02-02/220786/Gene_Circuits_222026/PL18942_pMP_280_1/'
[2026-02-02 17:19:40] [INFO] PL=PL18943 : Copying ref='Fasta_Reference_Files/Gene_Circuits/pMP_280.fa' -> dest='/mmfs1/data/scratch/peb002/cpflueger/plasmidSeq_2026-02-02/220786/Gene_Circuits_222026/PL18943_pMP_280_2/'
[2026-02-02 17:19:40] [INFO] PL=PL18944 : Copying ref='Fasta_Reference_Files/Gene_Circuits/pMP_281.fa' -> dest='/mmfs1/data/scratch/peb002/cpflueger/plasmidSeq_2026-02-02/220786/Gene_Circuits_222026/PL18944_pMP_281_1/'
[2026-02-02 17:19:40] [INFO] PL=PL18945 : Copying ref='Fasta_Reference_Files/Gene_Circuits/pMP_281.fa' -> dest='/mmfs1/data/scratch/peb002/cpflueger/plasmidSeq_2026-02-02/220786/Gene_Circuits_222026/PL18945_pMP_281_2/'
[2026-02-02 17:19:40] [INFO] PL=PL18946 : Copying ref='Fasta_Reference_Files/Gene_Circuits/pMP_282.fa' -> dest='/mmfs1/data/scratch/peb002/cpflueger/plasmidSeq_2026-02-02/220786/Gene_Circuits_222026/PL18946_pMP_282_1/'
[2026-02-02 17:19:40] [INFO] PL=PL18947 : Copying ref='Fasta_Reference_Files/Gene_Circuits/pMP_282.fa' -> dest='/mmfs1/data/scratch/peb002/cpflueger/plasmidSeq_2026-02-02/220786/Gene_Circuits_222026/PL18947_pMP_282_2/'
[2026-02-02 17:19:40] [INFO] PL=PL18948 : Copying ref='Fasta_Reference_Files/Gene_Circuits/pMP_283.fa' -> dest='/mmfs1/data/scratch/peb002/cpflueger/plasmidSeq_2026-02-02/220786/Gene_Circuits_222026/PL18948_pMP_283_1/'
[2026-02-02 17:19:40] [INFO] PL=PL18949 : Copying ref='Fasta_Reference_Files/Gene_Circuits/pMP_283.fa' -> dest='/mmfs1/data/scratch/peb002/cpflueger/plasmidSeq_2026-02-02/220786/Gene_Circuits_222026/PL18949_pMP_283_2/'
[2026-02-02 17:19:40] [INFO] PL=PL18950 : Copying ref='Fasta_Reference_Files/Gene_Circuits/pMP_284.fa' -> dest='/mmfs1/data/scratch/peb002/cpflueger/plasmidSeq_2026-02-02/220786/Gene_Circuits_222026/PL18950_pMP_284_1/'
[2026-02-02 17:19:40] [INFO] PL=PL18951 : Copying ref='Fasta_Reference_Files/Gene_Circuits/pMP_284.fa' -> dest='/mmfs1/data/scratch/peb002/cpflueger/plasmidSeq_2026-02-02/220786/Gene_Circuits_222026/PL18951_pMP_284_2/'
[2026-02-02 17:19:40] [INFO] PL=PL18952 : Copying ref='Fasta_Reference_Files/Gene_Circuits/pMP_285.fa' -> dest='/mmfs1/data/scratch/peb002/cpflueger/plasmidSeq_2026-02-02/220786/Gene_Circuits_222026/PL18952_pMP_285_1/'
[2026-02-02 17:19:40] [INFO] PL=PL18953 : Copying ref='Fasta_Reference_Files/plasmidSeq_control/P107_pLVXG0_MAP2_Sun1_eGFP_Flag_sequenced.fa' -> dest='/mmfs1/data/scratch/peb002/cpflueger/plasmidSeq_2026-02-02/220786/plasmid-seq-ctrl_222026/PL18953_plasmid_seq_ctrl/'
[2026-02-02 17:19:40] [INFO] PL=PL18954 : Copying ref='Fasta_Reference_Files/3kb-20kb_plasmid-seq_test/pBluescript_II_SK.fa' -> dest='/mmfs1/data/scratch/peb002/cpflueger/plasmidSeq_2026-02-02/220786/600cycle_longInsert_PlasmidSeq_222026/PL18954_pBluescript/'
[2026-02-02 17:19:40] [ERROR] PL=PL18955 : Multiple EXACT reference matches for 'pCDS_B3o_IV2.fa' (2). Marking ambiguous.
[2026-02-02 17:19:40] [INFO] PL=PL18956 : Copying ref='Fasta_Reference_Files/3kb-20kb_plasmid-seq_test/pUBQ10-aGCN4-CENH3.fa' -> dest='/mmfs1/data/scratch/peb002/cpflueger/plasmidSeq_2026-02-02/220786/600cycle_longInsert_PlasmidSeq_222026/PL18956_pUBQ10_aGCN4_MIS12_LLP/'
[2026-02-02 17:19:40] [INFO] PL=PL18957 : Copying ref='Fasta_Reference_Files/3kb-20kb_plasmid-seq_test/pAct-dC9s-U6C_LLP920.fa' -> dest='/mmfs1/data/scratch/peb002/cpflueger/plasmidSeq_2026-02-02/220786/600cycle_longInsert_PlasmidSeq_222026/PL18957_pdC9s_U6C_LLP920/'
[2026-02-02 17:19:40] [INFO] PL=PL18958 : Copying ref='Fasta_Reference_Files/3kb-20kb_plasmid-seq_test/PAC2.6.1.fa' -> dest='/mmfs1/data/scratch/peb002/cpflueger/plasmidSeq_2026-02-02/220786/600cycle_longInsert_PlasmidSeq_222026/PL18958_PAC2_6_1_LLP923/'
[2026-02-02 17:19:40] [INFO] PL=PL18959 : Copying ref='Fasta_Reference_Files/3kb-20kb_plasmid-seq_test/pRS2-E_010_R2.fa' -> dest='/mmfs1/data/scratch/peb002/cpflueger/plasmidSeq_2026-02-02/220786/600cycle_longInsert_PlasmidSeq_222026/PL18959_pRS2_E_010/'
[2026-02-02 17:19:40] [INFO] PL=PL18960 : Copying ref='Fasta_Reference_Files/3kb-20kb_plasmid-seq_test/MH-CENH3_pXVE-NLSaGCN4-GFP-CENH3__pAct-dC9s-U6C.fa' -> dest='/mmfs1/data/scratch/peb002/cpflueger/plasmidSeq_2026-02-02/220786/600cycle_longInsert_PlasmidSeq_222026/PL18960_MH_CENH3/'
[2026-02-02 17:19:40] [INFO] PL=PL18961 : Copying ref='Fasta_Reference_Files/3kb-20kb_plasmid-seq_test/BEP014_p65-HSF1.fa' -> dest='/mmfs1/data/scratch/peb002/cpflueger/plasmidSeq_2026-02-02/220786/600cycle_longInsert_PlasmidSeq_222026/PL18961_BEP014/'
[prep] jobs: 200
